IQ-TREE multicore version 1.4.0 for Mac OS X 64-bit built Mar  4 2016
Copyright (c) 2011-2015 Nguyen Lam Tung, Olga Chernomor, Arndt von Haeseler and Bui Quang Minh.

Host:    vetmac06.vet.cam.ac.uk (AVX, 64 GB RAM)
Command: iqtree-omp -s Europe.fas -pre Europe -spp srd06.nex -nt 8
Seed:    62729 (Using SPRNG - Scalable Parallel Random Number Generator)
Time:    Wed Mar 30 15:55:48 2016
Kernel:  AVX - 8 threads (16 CPU cores detected)

Reading partition model file srd06.nex ...
Reading alignment file Europe.fas ... Fasta format detected
Alignment most likely contains DNA/RNA sequences
Alignment has 361 sequences with 1698 columns and 649 patterns (346 informative sites)
WARNING: Some sequence names are changed as follows:
A/Albania/250/2009_2009-02-26 -> A_Albania_250_2009_2009-02-26
A/Alexandroupolis/118/2005_2005-03-08 -> A_Alexandroupolis_118_2005_2005-03-08
A/Alexandroupolis/134/2006_2006-04-06 -> A_Alexandroupolis_134_2006_2006-04-06
A/Alexandroupolis/16/2005_2005-01-27 -> A_Alexandroupolis_16_2005_2005-01-27
A/Alexandroupolis/99/2007_2007-02-15 -> A_Alexandroupolis_99_2007_2007-02-15
A/Aragon/RR-3438/2008_2008-12-29 -> A_Aragon_RR-3438_2008_2008-12-29
A/Aragon/RR-3442/2009_2009-01-16 -> A_Aragon_RR-3442_2009_2009-01-16
A/Austria/134855/2004_2004-01-02 -> A_Austria_134855_2004_2004-01-02
A/Austria/135553/2004_2004-01-09 -> A_Austria_135553_2004_2004-01-09
A/Austria/135794/2004_2004-01-12 -> A_Austria_135794_2004_2004-01-12
A/Austria/136042/2004_2004-01-13 -> A_Austria_136042_2004_2004-01-13
A/Austria/136353/2004_2004-01-14 -> A_Austria_136353_2004_2004-01-14
A/Austria/137239/2004_2004-01-19 -> A_Austria_137239_2004_2004-01-19
A/Austria/137440/2004_2004-01-20 -> A_Austria_137440_2004_2004-01-20
A/Austria/137814/2004_2004-01-21 -> A_Austria_137814_2004_2004-01-21
A/Austria/138051/2004_2004-01-22 -> A_Austria_138051_2004_2004-01-22
A/Austria/138112/2004_2004-01-22 -> A_Austria_138112_2004_2004-01-22
A/Austria/138263/2004_2004-01-26 -> A_Austria_138263_2004_2004-01-26
A/Austria/138560/2004_2004-01-26 -> A_Austria_138560_2004_2004-01-26
A/Austria/138571/2004_2004-01-26 -> A_Austria_138571_2004_2004-01-26
A/Austria/138808/2004_2004-01-27 -> A_Austria_138808_2004_2004-01-27
A/Austria/139082/2004_2004-01-27 -> A_Austria_139082_2004_2004-01-27
A/Austria/140481/2004_2004-02-04 -> A_Austria_140481_2004_2004-02-04
A/Austria/140918/2004_2004-02-06 -> A_Austria_140918_2004_2004-02-06
A/Austria/140989/2004_2004-02-06 -> A_Austria_140989_2004_2004-02-06
A/Austria/141157/2004_2004-02-10 -> A_Austria_141157_2004_2004-02-10
A/Austria/141367/2004_2004-02-10 -> A_Austria_141367_2004_2004-02-10
A/Austria/142001/2004_2004-02-12 -> A_Austria_142001_2004_2004-02-12
A/Austria/142973/2004_2004-02-18 -> A_Austria_142973_2004_2004-02-18
A/Austria/144219/2004_2004-02-24 -> A_Austria_144219_2004_2004-02-24
A/Austria/202737/2005_2005-01-14 -> A_Austria_202737_2005_2005-01-14
A/Austria/205390/2005_2005-01-27 -> A_Austria_205390_2005_2005-01-27
A/Austria/205397/2005_2005-01-25 -> A_Austria_205397_2005_2005-01-25
A/Austria/205738/2005_2005-01-27 -> A_Austria_205738_2005_2005-01-27
A/Austria/206130/2005_2005-01-27 -> A_Austria_206130_2005_2005-01-27
A/Austria/206418/2005_2005-02-02 -> A_Austria_206418_2005_2005-02-02
A/Austria/207248/2005_2005-02-07 -> A_Austria_207248_2005_2005-02-07
A/Austria/207265/2005_2005-02-07 -> A_Austria_207265_2005_2005-02-07
A/Austria/207270/2005_2005-02-07 -> A_Austria_207270_2005_2005-02-07
A/Austria/207576/2005_2005-02-08 -> A_Austria_207576_2005_2005-02-08
A/Austria/208005/2005_2005-02-10 -> A_Austria_208005_2005_2005-02-10
A/Austria/208387/2005_2005-02-11 -> A_Austria_208387_2005_2005-02-11
A/Austria/208573/2005_2005-02-15 -> A_Austria_208573_2005_2005-02-15
A/Austria/208920/2005_2005-02-16 -> A_Austria_208920_2005_2005-02-16
A/Austria/209122/2005_2005-02-17 -> A_Austria_209122_2005_2005-02-17
A/Austria/209975/2005_2005-02-23 -> A_Austria_209975_2005_2005-02-23
A/Austria/211116/2005_2005-02-28 -> A_Austria_211116_2005_2005-02-28
A/Austria/211298/2005_2005-03-01 -> A_Austria_211298_2005_2005-03-01
A/Austria/211557/2005_2005-03-01 -> A_Austria_211557_2005_2005-03-01
A/Austria/211645/2005_2005-03-02 -> A_Austria_211645_2005_2005-03-02
A/Austria/212182/2005_2005-02-28 -> A_Austria_212182_2005_2005-02-28
A/Austria/212187/2005_2005-03-02 -> A_Austria_212187_2005_2005-03-02
A/Austria/76036/2003_2003-02-12 -> A_Austria_76036_2003_2003-02-12
A/Austria/76165/2003_2003-02-14 -> A_Austria_76165_2003_2003-02-14
A/Austria/76359/2003_2003-02-13 -> A_Austria_76359_2003_2003-02-13
A/Austria/79477/2003_2003-03-04 -> A_Austria_79477_2003_2003-03-04
A/Austria/79524/2003_2003-03-04 -> A_Austria_79524_2003_2003-03-04
A/Austria/79798/2003_2003-03-05 -> A_Austria_79798_2003_2003-03-05
A/Austria/80044/2003_2003-03-06 -> A_Austria_80044_2003_2003-03-06
A/Austria/85718/2003_2003-03-31 -> A_Austria_85718_2003_2003-03-31
A/BULGARIA/113/2000_2000-01-31 -> A_BULGARIA_113_2000_2000-01-31
A/BULGARIA/28/2001_2001-01-15 -> A_BULGARIA_28_2001_2001-01-15
A/BULGARIA/874/2000_2000-01-31 -> A_BULGARIA_874_2000_2000-01-31
A/Baden-Wuerttemburg/194/2008_2008-12-19 -> A_Baden-Wuerttemburg_194_2008_2008-12-19
A/Baden-Wuerttemburg/196/2008_2008-12-18 -> A_Baden-Wuerttemburg_196_2008_2008-12-18
A/Baleares/RR6848/2010_2010-10-26 -> A_Baleares_RR6848_2010_2010-10-26
A/Belgium/G254/2009_2009-01-04 -> A_Belgium_G254_2009_2009-01-04
A/Belgium/G308/2009_2009-01-12 -> A_Belgium_G308_2009_2009-01-12
A/Belgrade/WRAIR2379N/2010_2010-10-25 -> A_Belgrade_WRAIR2379N_2010_2010-10-25
A/Bordeaux/1942/2009_2009-09-18 -> A_Bordeaux_1942_2009_2009-09-18
A/Brandenburg/01/2010_2010-10-26 -> A_Brandenburg_01_2010_2010-10-26
A/Brandenburg/1/2010_2010-10-26 -> A_Brandenburg_1_2010_2010-10-26
A/Bratislava/144/2009_2009-01-19 -> A_Bratislava_144_2009_2009-01-19
A/Bremen/1/2010_2010-12-17 -> A_Bremen_1_2010_2010-12-17
A/Bretagne/2248/2010_2010-12-25 -> A_Bretagne_2248_2010_2010-12-25
A/Brussels/S0066/2010_2010-11-09 -> A_Brussels_S0066_2010_2010-11-09
A/Denmark/105/2010_2010-12-22 -> A_Denmark_105_2010_2010-12-22
A/Denmark/21/2011_2011-01-17 -> A_Denmark_21_2011_2011-01-17
A/Denmark/22/2011_2011-01-11 -> A_Denmark_22_2011_2011-01-11
A/Dnipropetrovsk/324/2007_2007-03-01 -> A_Dnipropetrovsk_324_2007_2007-03-01
A/Dnipropetrovsk/429/2007_2007-02-27 -> A_Dnipropetrovsk_429_2007_2007-02-27
A/Donetsk/248/2009_2009-04-04 -> A_Donetsk_248_2009_2009-04-04
A/England/122/2007_2007-01-13 -> A_England_122_2007_2007-01-13
A/England/123/2007_2007-01-13 -> A_England_123_2007_2007-01-13
A/England/168/2008_2008-02-12 -> A_England_168_2008_2008-02-12
A/England/174/2007_2007-01-26 -> A_England_174_2007_2007-01-26
A/England/184/2007_2007-02-05 -> A_England_184_2007_2007-02-05
A/England/22/2007_2007-01-08 -> A_England_22_2007_2007-01-08
A/England/264/2007_2007-02-23 -> A_England_264_2007_2007-02-23
A/England/270/2010_2010-12-06 -> A_England_270_2010_2010-12-06
A/England/293/2008_2008-04-11 -> A_England_293_2008_2008-04-11
A/England/350/2008_2008-05-01 -> A_England_350_2008_2008-05-01
A/England/359/2007_2007-02-12 -> A_England_359_2007_2007-02-12
A/England/36/2007_2007-01-11 -> A_England_36_2007_2007-01-11
A/England/3940462/2010_2010-09-27 -> A_England_3940462_2010_2010-09-27
A/England/422/2007_2007-02-23 -> A_England_422_2007_2007-02-23
A/England/438/2003_2003-11-12 -> A_England_438_2003_2003-11-12
A/England/4414681/2004_2004-10-05 -> A_England_4414681_2004_2004-10-05
A/England/445/2003_2003-11-03 -> A_England_445_2003_2003-11-03
A/England/446/2003_2003-10-27 -> A_England_446_2003_2003-10-27
A/England/446040/2004_2004-11-05 -> A_England_446040_2004_2004-11-05
A/England/46/2004_2004-11-05 -> A_England_46_2004_2004-11-05
A/England/47/2004_2004-11-03 -> A_England_47_2004_2004-11-03
A/England/470/2007_2007-03-07 -> A_England_470_2007_2007-03-07
A/England/472/2005_2005-12-20 -> A_England_472_2005_2005-12-20
A/England/475/2003_2003-11-03 -> A_England_475_2003_2003-11-03
A/England/4820166/2010_2010-11-26 -> A_England_4820166_2010_2010-11-26
A/England/484/2003_2003-11-26 -> A_England_484_2003_2003-11-26
A/England/485/2003_2003-12-05 -> A_England_485_2003_2003-12-05
A/England/487/2003_2003-11-24 -> A_England_487_2003_2003-11-24
A/England/49/2004_2004-11-23 -> A_England_49_2004_2004-11-23
A/England/493/2003_2003-11-23 -> A_England_493_2003_2003-11-23
A/England/5014715/2004_2004-12-23 -> A_England_5014715_2004_2004-12-23
A/England/502689/2005_2005-01-10 -> A_England_502689_2005_2005-01-10
A/England/5070214/2005_2005-02-02 -> A_England_5070214_2005_2005-02-02
A/England/51/2004_2004-11-15 -> A_England_51_2004_2004-11-15
A/England/512060/2005_2005-03-11 -> A_England_512060_2005_2005-03-11
A/England/5134761/2005_2005-03-18 -> A_England_5134761_2005_2005-03-18
A/England/516/2003_2003-11-20 -> A_England_516_2003_2003-11-20
A/England/518/2003_2003-11-05 -> A_England_518_2003_2003-11-05
A/England/528/2003_2003-12-04 -> A_England_528_2003_2003-12-04
A/England/53/2004_2004-12-12 -> A_England_53_2004_2004-12-12
A/England/531/2003_2003-11-20 -> A_England_531_2003_2003-11-20
A/England/532/2003_2003-11-27 -> A_England_532_2003_2003-11-27
A/England/543/2007_2007-07-28 -> A_England_543_2007_2007-07-28
A/England/547/2003_2003-12-18 -> A_England_547_2003_2003-12-18
A/England/552/2003_2003-12-18 -> A_England_552_2003_2003-12-18
A/England/55243/2005_2005-12-23 -> A_England_55243_2005_2005-12-23
A/England/55281/2005_2005-12-29 -> A_England_55281_2005_2005-12-29
A/England/556/2006_2006-11-07 -> A_England_556_2006_2006-11-07
A/England/557/2006_2006-11-29 -> A_England_557_2006_2006-11-29
A/England/558/2006_2006-11-28 -> A_England_558_2006_2006-11-28
A/England/560/2006_2006-11-22 -> A_England_560_2006_2006-11-22
A/England/585/2003_2003-11-25 -> A_England_585_2003_2003-11-25
A/England/602213/2006_2006-01-09 -> A_England_602213_2006_2006-01-09
A/England/60384/2006_2006-01-18 -> A_England_60384_2006_2006-01-18
A/England/60385/2006_2006-01-19 -> A_England_60385_2006_2006-01-19
A/England/61007/2006_2006-03-03 -> A_England_61007_2006_2006-03-03
A/England/611/2007_2007-12-14 -> A_England_611_2007_2007-12-14
A/England/613446/2006_2006-03-28 -> A_England_613446_2006_2006-03-28
A/England/61762/2006_2006-04-26 -> A_England_61762_2006_2006-04-26
A/England/642/2003_2003-11-17 -> A_England_642_2003_2003-11-17
A/England/646836/2006_2006-11-07 -> A_England_646836_2006_2006-11-07
A/England/652/2008_2008-12-09 -> A_England_652_2008_2008-12-09
A/England/669/2008_2008-12-30 -> A_England_669_2008_2008-12-30
A/England/687/2008_2008-12-30 -> A_England_687_2008_2008-12-30
A/England/691/2010_2010-12-13 -> A_England_691_2010_2010-12-13
A/England/695/2008_2008-12-10 -> A_England_695_2008_2008-12-10
A/England/699/2008_2008-12-19 -> A_England_699_2008_2008-12-19
A/England/70/2007_2007-01-18 -> A_England_70_2007_2007-01-18
A/England/700/2009_2009-09-08 -> A_England_700_2009_2009-09-08
A/England/706649/2007_2007-02-07 -> A_England_706649_2007_2007-02-07
A/England/749016/2007_2007-11-30 -> A_England_749016_2007_2007-11-30
A/England/749411/2007_2007-12-03 -> A_England_749411_2007_2007-12-03
A/England/7518559/2007_2007-12-16 -> A_England_7518559_2007_2007-12-16
A/England/754/2003_2003-11-06 -> A_England_754_2003_2003-11-06
A/England/79/2007_2007-01-19 -> A_England_79_2007_2007-01-19
A/England/8036384/2008_2008-01-15 -> A_England_8036384_2008_2008-01-15
A/England/815/2009_2009-09-15 -> A_England_815_2009_2009-09-15
A/England/917/2003_2003-12-02 -> A_England_917_2003_2003-12-02
A/Evros/17/2007_2007-01-12 -> A_Evros_17_2007_2007-01-12
A/Finland/40/2010_2010-12-22 -> A_Finland_40_2010_2010-12-22
A/Finland/638/2009_2009-10-20 -> A_Finland_638_2009_2009-10-20
A/Finland/640/2009_2009-10-26 -> A_Finland_640_2009_2009-10-26
A/Finland/9/2008_2008-01-07 -> A_Finland_9_2008_2008-01-07
A/Firenze/24/08_2008-12-22 -> A_Firenze_24_08_2008-12-22
A/Galati/47519/2011_2010-12-29 -> A_Galati_47519_2011_2010-12-29
A/Geneva/1479911/2009_2009-01-21 -> A_Geneva_1479911_2009_2009-01-21
A/Geneva/1491091/2009_2009-01-23 -> A_Geneva_1491091_2009_2009-01-23
A/Geneva/1514818/2009_2009-01-30 -> A_Geneva_1514818_2009_2009-01-30
A/Geneva/1570509/2009_2009-02-14 -> A_Geneva_1570509_2009_2009-02-14
A/Geneva/4149722/2010_2010-07-02 -> A_Geneva_4149722_2010_2010-07-02
A/Genoa/1/2002_2002-12-02 -> A_Genoa_1_2002_2002-12-02
A/Germany/AF1850/2008_2008-03-24 -> A_Germany_AF1850_2008_2008-03-24
A/Germany/AF1851/2008_2008-03-24 -> A_Germany_AF1851_2008_2008-03-24
A/Germany/AF1855/2008_2008-01-22 -> A_Germany_AF1855_2008_2008-01-22
A/Germany/AF1860/2008_2008-03-24 -> A_Germany_AF1860_2008_2008-03-24
A/Germany/AF1861/2008_2008-03-24 -> A_Germany_AF1861_2008_2008-03-24
A/Germany/AF1862/2008_2008-03-24 -> A_Germany_AF1862_2008_2008-03-24
A/Germany/AF1863/2008_2008-03-24 -> A_Germany_AF1863_2008_2008-03-24
A/Germany/AF1864/2008_2008-03-24 -> A_Germany_AF1864_2008_2008-03-24
A/Germany/AF1868/2008_2008-02-27 -> A_Germany_AF1868_2008_2008-02-27
A/Germany/AF1882/2008_2008-02-25 -> A_Germany_AF1882_2008_2008-02-25
A/Gibraltar/SB226/2009_2009-09-22 -> A_Gibraltar_SB226_2009_2009-09-22
A/Gibraltar/SB252/2009_2009-10-07 -> A_Gibraltar_SB252_2009_2009-10-07
A/H3N2Genoa/01/2010_2010-12-31 -> A_H3N2Genoa_01_2010_2010-12-31
A/Hessen/4/2010_2010-10-22 -> A_Hessen_4_2010_2010-10-22
A/Hessen/5/2010_2010-12-13 -> A_Hessen_5_2010_2010-12-13
A/Hungary/AF1072/2007_2007-01-08 -> A_Hungary_AF1072_2007_2007-01-08
A/Hungary/AF1073/2007_2007-02-11 -> A_Hungary_AF1073_2007_2007-02-11
A/Hungary/AF1079/2007_2007-02-20 -> A_Hungary_AF1079_2007_2007-02-20
A/Iasi/47326/2010_2010-12-24 -> A_Iasi_47326_2010_2010-12-24
A/Italy/540/2010_2010-05-18 -> A_Italy_540_2010_2010-05-18
A/Italy/AF2157/2010_2010-05-18 -> A_Italy_AF2157_2010_2010-05-18
A/Ivacevichi/115/2007_2007-02-28 -> A_Ivacevichi_115_2007_2007-02-28
A/KIEV/633/2000_2000-02-15 -> A_KIEV_633_2000_2000-02-15
A/Kastoria/45/2005_2005-02-04 -> A_Kastoria_45_2005_2005-02-04
A/Kiev/67/2009_2009-03-12 -> A_Kiev_67_2009_2009-03-12
A/Kilkis/85/2006_2006-02-23 -> A_Kilkis_85_2006_2006-02-23
A/LYON/1407/2001_2001-12-26 -> A_LYON_1407_2001_2001-12-26
A/LYON/476/2003_2003-02-05 -> A_LYON_476_2003_2003-02-05
A/Latvia/1-41/2009_2009-01-02 -> A_Latvia_1-41_2009_2009-01-02
A/Latvia/12-817/2008_2008-12-27 -> A_Latvia_12-817_2008_2008-12-27
A/Latvia/2-1047/2009_2009-02-20 -> A_Latvia_2-1047_2009_2009-02-20
A/Latvia/2-1192/2009_2009-02-24 -> A_Latvia_2-1192_2009_2009-02-24
A/Leiden/49293/2005_2005-07-18 -> A_Leiden_49293_2005_2005-07-18
A/Leiden/63616/2005_2005-09-19 -> A_Leiden_63616_2005_2005-09-19
A/Leiden/68689/2005_2005-10-10 -> A_Leiden_68689_2005_2005-10-10
A/Leiden/87509/2005_2005-12-20 -> A_Leiden_87509_2005_2005-12-20
A/Leon/5/2009_2009-01-13 -> A_Leon_5_2009_2009-01-13
A/Lisboa/01/2009_2009-01-05 -> A_Lisboa_01_2009_2009-01-05
A/Lisboa/34/2008_2008-12-01 -> A_Lisboa_34_2008_2008-12-01
A/Lisboa/SU17+/2010_2010-11-06 -> A_Lisboa_SU17__2010_2010-11-06
A/Lyon/1135/2010_2010-12-19 -> A_Lyon_1135_2010_2010-12-19
A/Lyon/1381/2007_2007-12-18 -> A_Lyon_1381_2007_2007-12-18
A/Lyon/1715/2009_2009-09-17 -> A_Lyon_1715_2009_2009-09-17
A/Lyon/22/2007_2007-01-03 -> A_Lyon_22_2007_2007-01-03
A/Lyon/27/2007_2007-01-04 -> A_Lyon_27_2007_2007-01-04
A/Lyon/CHU/20.526/2009_2009-05-14 -> A_Lyon_CHU_20.526_2009_2009-05-14
A/Minsk/137/2007_2007-02-26 -> A_Minsk_137_2007_2007-02-26
A/Moldova/167/2009_2009-03-04 -> A_Moldova_167_2009_2009-03-04
A/Moldova/169/2009_2009-03-04 -> A_Moldova_169_2009_2009-03-04
A/Murcia/RR6923/2010_2010-11-23 -> A_Murcia_RR6923_2010_2010-11-23
A/Netherlands/009/2010_2010-04-21 -> A_Netherlands_009_2010_2010-04-21
A/Netherlands/034/2010_2010-12-23 -> A_Netherlands_034_2010_2010-12-23
A/Netherlands/063/2011_2011-01-05 -> A_Netherlands_063_2011_2011-01-05
A/Netherlands/1/2002_2002-01-07 -> A_Netherlands_1_2002_2002-01-07
A/Netherlands/109/2003_2003-03-17 -> A_Netherlands_109_2003_2003-03-17
A/Netherlands/118/2001_2001-03-14 -> A_Netherlands_118_2001_2001-03-14
A/Netherlands/120/2002_2002-02-26 -> A_Netherlands_120_2002_2002-02-26
A/Netherlands/124/2001_2001-03-20 -> A_Netherlands_124_2001_2001-03-20
A/Netherlands/126/2001_2001-03-21 -> A_Netherlands_126_2001_2001-03-21
A/Netherlands/132/2004_2004-12-04 -> A_Netherlands_132_2004_2004-12-04
A/Netherlands/22/2003_2003-02-23 -> A_Netherlands_22_2003_2003-02-23
A/Netherlands/3/2000_2000-01-06 -> A_Netherlands_3_2000_2000-01-06
A/Netherlands/312/2003_2003-09-25 -> A_Netherlands_312_2003_2003-09-25
A/Netherlands/34/2010_2010-12-23 -> A_Netherlands_34_2010_2010-12-23
A/Netherlands/348/2007_2007-11-06 -> A_Netherlands_348_2007_2007-11-06
A/Netherlands/363/2006_2006-12-24 -> A_Netherlands_363_2006_2006-12-24
A/Netherlands/377/2008_2008-09-27 -> A_Netherlands_377_2008_2008-09-27
A/Netherlands/42/2006_2006-02-25 -> A_Netherlands_42_2006_2006-02-25
A/Netherlands/548/2005_2005-12-26 -> A_Netherlands_548_2005_2005-12-26
A/Netherlands/69/2007_2007-02-19 -> A_Netherlands_69_2007_2007-02-19
A/Netherlands/69/2009_2009-01-12 -> A_Netherlands_69_2009_2009-01-12
A/Netherlands/761/2009_2009-06-25 -> A_Netherlands_761_2009_2009-06-25
A/Netherlands/88/2003_2003-03-05 -> A_Netherlands_88_2003_2003-03-05
A/Nordrhein-Westfalen/1/2010_2010-01-05 -> A_Nordrhein-Westfalen_1_2010_2010-01-05
A/Norway/1/2009_2008-12-30 -> A_Norway_1_2009_2008-12-30
A/Norway/1141/2009_2009-03-24 -> A_Norway_1141_2009_2009-03-24
A/Norway/1330/2010_2010-12-03 -> A_Norway_1330_2010_2010-12-03
A/Norway/1759/2009_2009-06-10 -> A_Norway_1759_2009_2009-06-10
A/Norway/2235/2008_2008-12-17 -> A_Norway_2235_2008_2008-12-17
A/Norway/2314/2008_2008-12-18 -> A_Norway_2314_2008_2008-12-18
A/Norway/4916/2009_2009-12-10 -> A_Norway_4916_2009_2009-12-10
A/Norway/602/2009_2009-02-26 -> A_Norway_602_2009_2009-02-26
A/Norway/88/2003_2003-10-17 -> A_Norway_88_2003_2003-10-17
A/Oslo/398/2002_2002-01-17 -> A_Oslo_398_2002_2002-01-17
A/Oslo/6391/2000_2000-02-12 -> A_Oslo_6391_2000_2000-02-12
A/Padova/3/09_2009-01-19 -> A_Padova_3_09_2009-01-19
A/Padova/4/09_2009-01-20 -> A_Padova_4_09_2009-01-20
A/Paris/1751/2009_2009-02-02 -> A_Paris_1751_2009_2009-02-02
A/Paris/1753/2009_2009-02-02 -> A_Paris_1753_2009_2009-02-02
A/Paris/288/2008_2008-11-10 -> A_Paris_288_2008_2008-11-10
A/Paris/458/2008_2008-12-01 -> A_Paris_458_2008_2008-12-01
A/Paris/777/2008_2008-12-15 -> A_Paris_777_2008_2008-12-15
A/Paris/817/2008_2008-12-15 -> A_Paris_817_2008_2008-12-15
A/Parma/53/2008_2008-12-31 -> A_Parma_53_2008_2008-12-31
A/Peloponnese/4043/2010_2010-10-11 -> A_Peloponnese_4043_2010_2010-10-11
A/Perugia/1/09_2009-01-07 -> A_Perugia_1_09_2009-01-07
A/Perugia/5/09_2009-01-13 -> A_Perugia_5_09_2009-01-13
A/Poitiers/1341/2008_2008-11-04 -> A_Poitiers_1341_2008_2008-11-04
A/Poitiers1071/2010_2010-11-19 -> A_Poitiers1071_2010_2010-11-19
A/Prague/63/2009_2009-01-28 -> A_Prague_63_2009_2009-01-28
A/ROMANIA/175/2000_2000-01-19 -> A_ROMANIA_175_2000_2000-01-19
A/ROMANIA/387/2000_2000-02-18 -> A_ROMANIA_387_2000_2000-02-18
A/ROMANIA/427/2000_2000-03-06 -> A_ROMANIA_427_2000_2000-03-06
A/Rheinland-Pfalz/7/2010_2010-12-20 -> A_Rheinland-Pfalz_7_2010_2010-12-20
A/Scotland/3/2004_2004-12-08 -> A_Scotland_3_2004_2004-12-08
A/Scotland/4/2007_2006-12-12 -> A_Scotland_4_2007_2006-12-12
A/Scotland/60380627/2006_2005-10-19 -> A_Scotland_60380627_2006_2005-10-19
A/Scotland/60380634/2006_2006-01-18 -> A_Scotland_60380634_2006_2006-01-18
A/Scotland/61/2003_2003-10-26 -> A_Scotland_61_2003_2003-10-26
A/Scotland/70480684/2007_2006-12-11 -> A_Scotland_70480684_2007_2006-12-11
A/Scotland/71/2003_2003-11-04 -> A_Scotland_71_2003_2003-11-04
A/Scotland/72/2003_2003-10-28 -> A_Scotland_72_2003_2003-10-28
A/Scotland/78/2003_2003-11-07 -> A_Scotland_78_2003_2003-11-07
A/Scotland/81/2003_2003-11-12 -> A_Scotland_81_2003_2003-11-12
A/Slovenia/55/2009_2009-01-07 -> A_Slovenia_55_2009_2009-01-07
A/Slovenia/60/2009_2009-01-06 -> A_Slovenia_60_2009_2009-01-06
A/Stockholm/1/2010_2010-04-29 -> A_Stockholm_1_2010_2010-04-29
A/Stockholm/2/2010_2010-04-30 -> A_Stockholm_2_2010_2010-04-30
A/Stockholm/25/2008_2008-10-24 -> A_Stockholm_25_2008_2008-10-24
A/Stockholm/4/2010_2010-07-08 -> A_Stockholm_4_2010_2010-07-08
A/Sweden/5/2008_2008-12-02 -> A_Sweden_5_2008_2008-12-02
A/Switzerland/1397477/2008_2008-12-26 -> A_Switzerland_1397477_2008_2008-12-26
A/Switzerland/1409281/2008_2008-12-31 -> A_Switzerland_1409281_2008_2008-12-31
A/Thessaloniki/16/2009_2009-01-15 -> A_Thessaloniki_16_2009_2009-01-15
A/Thessaloniki/19/2009_2009-01-15 -> A_Thessaloniki_19_2009_2009-01-15
A/Thessaloniki/40/2007_2007-01-25 -> A_Thessaloniki_40_2007_2007-01-25
A/Thessaloniki/43/2005_2005-02-04 -> A_Thessaloniki_43_2005_2005-02-04
A/Thessaloniki/90/2006_2006-02-27 -> A_Thessaloniki_90_2006_2006-02-27
A/Thuringen/75/2008_2008-11-13 -> A_Thuringen_75_2008_2008-11-13
A/Torino/14/2008_2008-12-12 -> A_Torino_14_2008_2008-12-12
A/Ukraine/110/2009_2009-04-02 -> A_Ukraine_110_2009_2009-04-02
A/Ukraine/96/2009_2009-03-25 -> A_Ukraine_96_2009_2009-03-25
A/Wallonia/G827/2009_2009-02-11 -> A_Wallonia_G827_2009_2009-02-11
A/Zrenjanin/580/2009_2009-02-05 -> A_Zrenjanin_580_2009_2009-02-05
BADEN-WURTTEMBERG/38/2005_2005-02-09 -> BADEN-WURTTEMBERG_38_2005_2005-02-09
BARCELONA/104/2005_2005-01-17 -> BARCELONA_104_2005_2005-01-17
BERLIN/35/2003_2003-02-27 -> BERLIN_35_2003_2003-02-27
BERLIN/4/2005_2005-01-20 -> BERLIN_4_2005_2005-01-20
DENMARK/9/2003_2003-01-17 -> DENMARK_9_2003_2003-01-17
EUSKADI/1428/2003_2003-10-20 -> EUSKADI_1428_2003_2003-10-20
FINLAND/170/2003_2003-01-14 -> FINLAND_170_2003_2003-01-14
FINLAND/487/2004_2004-12-21 -> FINLAND_487_2004_2004-12-21
FINLAND/618/2005_2005-03-12 -> FINLAND_618_2005_2005-03-12
ICELAND/22/2003_2003-03-19 -> ICELAND_22_2003_2003-03-19
ICELAND/6/2005_2005-01-07 -> ICELAND_6_2005_2005-01-07
IRELAND/9742/2003_2003-09-04 -> IRELAND_9742_2003_2003-09-04
LATVIA/13794/2002_2002-12-23 -> LATVIA_13794_2002_2002-12-23
LATVIA/1506/2003_2003-02-10 -> LATVIA_1506_2003_2003-02-10
LYON/108/2005_2005-01-12 -> LYON_108_2005_2005-01-12
LYON/1292/2006_2006-12-18 -> LYON_1292_2006_2006-12-18
LYON/1313/2006_2006-12-20 -> LYON_1313_2006_2006-12-20
LYON/1324/2006_2006-12-20 -> LYON_1324_2006_2006-12-20
LYON/1331/2006_2006-12-22 -> LYON_1331_2006_2006-12-22
LYON/1359/2006_2006-12-27 -> LYON_1359_2006_2006-12-27
LYON/19989/2002_2002-10-15 -> LYON_19989_2002_2002-10-15
LYON/21/2004_2004-01-04 -> LYON_21_2004_2004-01-04
LYON/52-339/2006_2006-12-30 -> LYON_52-339_2006_2006-12-30
LYON/52-58/2006_2006-12-25 -> LYON_52-58_2006_2006-12-25
LYON/636/2006_2006-02-27 -> LYON_636_2006_2006-02-27
MARSEILLE/1215/2006_2006-11-22 -> MARSEILLE_1215_2006_2006-11-22
NETHERLANDS/368/2002_2002-12-10 -> NETHERLANDS_368_2002_2002-12-10
NICE/938/2004_2004-12-06 -> NICE_938_2004_2004-12-06
NORWAY/2250/2006_2006-12-01 -> NORWAY_2250_2006_2006-12-01
NORWAY/566-1/2006_2006-02-16 -> NORWAY_566-1_2006_2006-02-16
NORWAY/621/2006_2006-02-22 -> NORWAY_621_2006_2006-02-22
NORWAY/622/2006_2006-02-27 -> NORWAY_622_2006_2006-02-27
NORWAY/883/2005_2005-04-04 -> NORWAY_883_2005_2005-04-04
OSLO/3385/2003_2003-04-13 -> OSLO_3385_2003_2003-04-13
PARIS/207/2002_2002-12-01 -> PARIS_207_2002_2002-12-01
PARMA/7/2003_2003-03-02 -> PARMA_7_2003_2003-03-02
POITIERS/719/2004_2004-10-26 -> POITIERS_719_2004_2004-10-26
ROMANIA/751/2005_2005-03-29 -> ROMANIA_751_2005_2005-03-29
ROMANIA/810/2005_2005-03-30 -> ROMANIA_810_2005_2005-03-30
SLOVENIA/146/2005_2005-01-18 -> SLOVENIA_146_2005_2005-01-18
SOFIA/682/2005_2004-12-16 -> SOFIA_682_2005_2004-12-16
STOCKHOLM/20/2006_2006-12-05 -> STOCKHOLM_20_2006_2006-12-05
STOCKHOLM/21/2006_2006-12-08 -> STOCKHOLM_21_2006_2006-12-08
SWITZERLAND/5732/2004_2004-12-29 -> SWITZERLAND_5732_2004_2004-12-29
THURINGEN/36/2003_2003-02-17 -> THURINGEN_36_2003_2003-02-17
TOULON/1244/2006_2006-12-06 -> TOULON_1244_2006_2006-12-06
TRIESTE/55/2005_2005-02-15 -> TRIESTE_55_2005_2005-02-15
UKRAINE/13/2006_2006-03-20 -> UKRAINE_13_2006_2006-03-20
UMEA/6/2006_2006-11-15 -> UMEA_6_2006_2006-11-15
UMEA/7/2006_2006-11-15 -> UMEA_7_2006_2006-11-15
ZAGREB/4274/2006_2006-04-15 -> ZAGREB_4274_2006_2006-04-15

                                          Gap/Ambiguity  Composition  p-value
   1  A_Albania_250_2009_2009-02-26               0.00%    passed     77.97%
   2  A_Alexandroupolis_118_2005_2005-03-08      43.29%    passed     79.81%
   3  A_Alexandroupolis_134_2006_2006-04-06      41.34%    passed     56.33%
   4  A_Alexandroupolis_16_2005_2005-01-27       43.93%    passed     73.42%
   5  A_Alexandroupolis_99_2007_2007-02-15       43.23%    passed     62.31%
   6  A_Aragon_RR-3438_2008_2008-12-29            0.00%    passed     68.77%
   7  A_Aragon_RR-3442_2009_2009-01-16            0.00%    passed     74.87%
   8  A_Austria_134855_2004_2004-01-02           41.87%    passed     76.52%
   9  A_Austria_135553_2004_2004-01-09           41.87%    passed     81.78%
  10  A_Austria_135794_2004_2004-01-12           41.87%    passed     75.11%
  11  A_Austria_136042_2004_2004-01-13           41.87%    passed     79.62%
  12  A_Austria_136353_2004_2004-01-14           41.87%    passed     85.14%
  13  A_Austria_137239_2004_2004-01-19           41.87%    passed     79.69%
  14  A_Austria_137440_2004_2004-01-20           41.87%    passed     75.11%
  15  A_Austria_137814_2004_2004-01-21           41.87%    passed     80.98%
  16  A_Austria_138051_2004_2004-01-22           41.87%    passed     79.71%
  17  A_Austria_138112_2004_2004-01-22           41.87%    passed     76.52%
  18  A_Austria_138263_2004_2004-01-26           41.87%    passed     75.47%
  19  A_Austria_138560_2004_2004-01-26           41.87%    passed     73.72%
  20  A_Austria_138571_2004_2004-01-26           41.87%    passed     77.11%
  21  A_Austria_138808_2004_2004-01-27           41.87%    passed     75.11%
  22  A_Austria_139082_2004_2004-01-27           41.87%    passed     77.09%
  23  A_Austria_140481_2004_2004-02-04           41.87%    passed     84.97%
  24  A_Austria_140918_2004_2004-02-06           41.93%    passed     80.17%
  25  A_Austria_140989_2004_2004-02-06           41.87%    passed     75.11%
  26  A_Austria_141157_2004_2004-02-10           41.87%    passed     73.72%
  27  A_Austria_141367_2004_2004-02-10           41.87%    passed     79.42%
  28  A_Austria_142001_2004_2004-02-12           41.87%    passed     77.57%
  29  A_Austria_142973_2004_2004-02-18           41.87%    passed     75.11%
  30  A_Austria_144219_2004_2004-02-24           41.87%    passed     79.62%
  31  A_Austria_202737_2005_2005-01-14           41.87%    passed     72.59%
  32  A_Austria_205390_2005_2005-01-27           41.87%    passed     80.77%
  33  A_Austria_205397_2005_2005-01-25           41.87%    passed     70.62%
  34  A_Austria_205738_2005_2005-01-27           41.87%    passed     78.15%
  35  A_Austria_206130_2005_2005-01-27           41.87%    passed     75.31%
  36  A_Austria_206418_2005_2005-02-02           41.87%    passed     64.60%
  37  A_Austria_207248_2005_2005-02-07           41.87%    passed     75.31%
  38  A_Austria_207265_2005_2005-02-07           41.87%    passed     73.11%
  39  A_Austria_207270_2005_2005-02-07           41.87%    passed     70.62%
  40  A_Austria_207576_2005_2005-02-08           41.87%    passed     75.39%
  41  A_Austria_208005_2005_2005-02-10           41.87%    passed     84.87%
  42  A_Austria_208387_2005_2005-02-11           41.87%    passed     77.18%
  43  A_Austria_208573_2005_2005-02-15           41.87%    passed     74.58%
  44  A_Austria_208920_2005_2005-02-16           41.87%    passed     70.62%
  45  A_Austria_209122_2005_2005-02-17           41.87%    passed     75.39%
  46  A_Austria_209975_2005_2005-02-23           41.87%    passed     85.36%
  47  A_Austria_211116_2005_2005-02-28           41.87%    passed     70.28%
  48  A_Austria_211298_2005_2005-03-01           41.87%    passed     77.18%
  49  A_Austria_211557_2005_2005-03-01           41.93%    passed     85.24%
  50  A_Austria_211645_2005_2005-03-02           41.87%    passed     66.34%
  51  A_Austria_212182_2005_2005-02-28           41.87%    passed     73.18%
  52  A_Austria_212187_2005_2005-03-02           41.87%    passed     81.49%
  53  A_Austria_76036_2003_2003-02-12            42.46%    passed     89.38%
  54  A_Austria_76165_2003_2003-02-14            41.87%    passed     85.21%
  55  A_Austria_76359_2003_2003-02-13            42.05%    passed     88.17%
  56  A_Austria_79477_2003_2003-03-04            41.87%    passed     81.25%
  57  A_Austria_79524_2003_2003-03-04            41.87%    passed     81.68%
  58  A_Austria_79798_2003_2003-03-05            41.87%    passed     90.14%
  59  A_Austria_80044_2003_2003-03-06            41.87%    passed     95.29%
  60  A_Austria_85718_2003_2003-03-31            41.87%    passed     95.07%
  61  A_BULGARIA_113_2000_2000-01-31             41.05%    passed     61.74%
  62  A_BULGARIA_28_2001_2001-01-15              33.92%    passed     48.90%
  63  A_BULGARIA_874_2000_2000-01-31             44.82%    passed     81.51%
  64  A_Baden-Wuerttemburg_194_2008_2008-12-19    2.94%    passed     78.76%
  65  A_Baden-Wuerttemburg_196_2008_2008-12-18    2.83%    passed     76.67%
  66  A_Baleares_RR6848_2010_2010-10-26           0.00%    passed     66.08%
  67  A_Belgium_G254_2009_2009-01-04              2.83%    passed     81.83%
  68  A_Belgium_G308_2009_2009-01-12              2.83%    passed     81.83%
  69  A_Belgrade_WRAIR2379N_2010_2010-10-25       0.00%    passed     58.88%
  70  A_Bordeaux_1942_2009_2009-09-18             0.00%    passed     74.04%
  71  A_Brandenburg_01_2010_2010-10-26            0.06%    passed     69.56%
  72  A_Brandenburg_1_2010_2010-10-26             0.00%    passed     58.73%
  73  A_Bratislava_144_2009_2009-01-19           40.16%    passed     73.08%
  74  A_Bremen_1_2010_2010-12-17                  0.00%    passed     67.85%
  75  A_Bretagne_2248_2010_2010-12-25             0.00%    passed     62.04%
  76  A_Brussels_S0066_2010_2010-11-09            0.00%    passed     69.23%
  77  A_Denmark_105_2010_2010-12-22               0.00%    passed     72.84%
  78  A_Denmark_21_2011_2011-01-17                0.00%    passed     56.86%
  79  A_Denmark_22_2011_2011-01-11                0.00%    passed     70.71%
  80  A_Dnipropetrovsk_324_2007_2007-03-01        0.06%    passed     71.00%
  81  A_Dnipropetrovsk_429_2007_2007-02-27        0.00%    passed     68.23%
  82  A_Donetsk_248_2009_2009-04-04               0.00%    passed     74.27%
  83  A_England_122_2007_2007-01-13              41.93%    passed     69.19%
  84  A_England_123_2007_2007-01-13              41.93%    passed     65.78%
  85  A_England_168_2008_2008-02-12              41.93%    passed     75.49%
  86  A_England_174_2007_2007-01-26              41.93%    passed     69.19%
  87  A_England_184_2007_2007-02-05              41.93%    passed     72.68%
  88  A_England_22_2007_2007-01-08               41.93%    passed     75.11%
  89  A_England_264_2007_2007-02-23              41.93%    passed     75.86%
  90  A_England_270_2010_2010-12-06               0.00%    passed     59.52%
  91  A_England_293_2008_2008-04-11              41.93%    passed     67.22%
  92  A_England_350_2008_2008-05-01              41.93%    passed     69.15%
  93  A_England_359_2007_2007-02-12              41.93%    passed     72.31%
  94  A_England_36_2007_2007-01-11               41.93%    passed     74.07%
  95  A_England_3940462_2010_2010-09-27           0.00%    passed     64.04%
  96  A_England_422_2007_2007-02-23              41.93%    passed     70.94%
  97  A_England_438_2003_2003-11-12               0.00%    passed     77.10%
  98  A_England_4414681_2004_2004-10-05          41.93%    passed     81.35%
  99  A_England_445_2003_2003-11-03               0.00%    passed     67.95%
 100  A_England_446_2003_2003-10-27               0.00%    passed     67.95%
 101  A_England_446040_2004_2004-11-05           41.93%    passed     77.41%
 102  A_England_46_2004_2004-11-05               41.93%    passed     71.08%
 103  A_England_47_2004_2004-11-03               41.93%    passed     78.58%
 104  A_England_470_2007_2007-03-07              41.93%    passed     65.78%
 105  A_England_472_2005_2005-12-20              41.93%    passed     66.84%
 106  A_England_475_2003_2003-11-03               0.00%    passed     71.50%
 107  A_England_4820166_2010_2010-11-26           0.00%    passed     77.49%
 108  A_England_484_2003_2003-11-26               0.00%    passed     73.78%
 109  A_England_485_2003_2003-12-05               0.00%    passed     62.55%
 110  A_England_487_2003_2003-11-24               0.00%    passed     65.27%
 111  A_England_49_2004_2004-11-23               41.93%    passed     75.85%
 112  A_England_493_2003_2003-11-23               0.00%    passed     69.82%
 113  A_England_5014715_2004_2004-12-23          41.93%    passed     75.65%
 114  A_England_502689_2005_2005-01-10           41.93%    passed     80.17%
 115  A_England_5070214_2005_2005-02-02          41.93%    passed     87.11%
 116  A_England_51_2004_2004-11-15               41.93%    passed     74.07%
 117  A_England_512060_2005_2005-03-11           41.93%    passed     81.90%
 118  A_England_5134761_2005_2005-03-18          41.93%    passed     79.65%
 119  A_England_516_2003_2003-11-20               0.00%    passed     77.49%
 120  A_England_518_2003_2003-11-05               0.00%    passed     64.14%
 121  A_England_528_2003_2003-12-04               0.00%    passed     69.82%
 122  A_England_53_2004_2004-12-12               41.87%    passed     76.35%
 123  A_England_531_2003_2003-11-20               0.00%    passed     69.11%
 124  A_England_532_2003_2003-11-27               0.00%    passed     63.69%
 125  A_England_543_2007_2007-07-28              41.93%    passed     65.36%
 126  A_England_547_2003_2003-12-18               0.00%    passed     73.78%
 127  A_England_552_2003_2003-12-18               0.00%    passed     67.95%
 128  A_England_55243_2005_2005-12-23            41.93%    passed     74.07%
 129  A_England_55281_2005_2005-12-29            41.93%    passed     77.41%
 130  A_England_556_2006_2006-11-07              41.93%    passed     83.31%
 131  A_England_557_2006_2006-11-29              41.93%    passed     65.36%
 132  A_England_558_2006_2006-11-28              41.93%    passed     63.64%
 133  A_England_560_2006_2006-11-22              41.93%    passed     67.19%
 134  A_England_585_2003_2003-11-25               0.00%    passed     69.16%
 135  A_England_602213_2006_2006-01-09           41.93%    passed     68.40%
 136  A_England_60384_2006_2006-01-18            41.93%    passed     61.95%
 137  A_England_60385_2006_2006-01-19            41.93%    passed     73.27%
 138  A_England_61007_2006_2006-03-03            41.93%    passed     56.43%
 139  A_England_611_2007_2007-12-14              41.93%    passed     65.44%
 140  A_England_613446_2006_2006-03-28           41.93%    passed     77.03%
 141  A_England_61762_2006_2006-04-26            41.93%    passed     68.42%
 142  A_England_642_2003_2003-11-17               0.00%    passed     62.55%
 143  A_England_646836_2006_2006-11-07           41.93%    passed     74.07%
 144  A_England_652_2008_2008-12-09               2.83%    passed     79.34%
 145  A_England_669_2008_2008-12-30               2.83%    passed     84.06%
 146  A_England_687_2008_2008-12-30               2.83%    passed     84.03%
 147  A_England_691_2010_2010-12-13               0.00%    passed     60.49%
 148  A_England_695_2008_2008-12-10               2.83%    passed     78.20%
 149  A_England_699_2008_2008-12-19               2.89%    passed     82.96%
 150  A_England_70_2007_2007-01-18               41.93%    passed     70.77%
 151  A_England_700_2009_2009-09-08              35.57%    passed     88.07%
 152  A_England_706649_2007_2007-02-07           41.93%    passed     77.58%
 153  A_England_749016_2007_2007-11-30           41.93%    passed     78.50%
 154  A_England_749411_2007_2007-12-03           41.93%    passed     75.79%
 155  A_England_7518559_2007_2007-12-16          41.93%    passed     70.34%
 156  A_England_754_2003_2003-11-06               0.00%    passed     71.82%
 157  A_England_79_2007_2007-01-19               41.93%    passed     67.12%
 158  A_England_8036384_2008_2008-01-15          41.93%    passed     59.73%
 159  A_England_815_2009_2009-09-15              35.22%    passed     97.43%
 160  A_England_917_2003_2003-12-02               0.00%    passed     69.82%
 161  A_Evros_17_2007_2007-01-12                 43.23%    passed     74.56%
 162  A_Finland_40_2010_2010-12-22               36.04%    passed     98.20%
 163  A_Finland_638_2009_2009-10-20              35.10%    passed     96.13%
 164  A_Finland_640_2009_2009-10-26              35.16%    passed     95.61%
 165  A_Finland_9_2008_2008-01-07                 0.00%    passed     87.93%
 166  A_Firenze_24_08_2008-12-22                  2.83%    passed     84.03%
 167  A_Galati_47519_2011_2010-12-29              0.00%    passed     74.27%
 168  A_Geneva_1479911_2009_2009-01-21           35.69%    passed     96.35%
 169  A_Geneva_1491091_2009_2009-01-23            0.00%    passed     65.74%
 170  A_Geneva_1514818_2009_2009-01-30           35.51%    passed     92.54%
 171  A_Geneva_1570509_2009_2009-02-14            0.00%    passed     74.87%
 172  A_Geneva_4149722_2010_2010-07-02            0.06%    passed     60.36%
 173  A_Genoa_1_2002_2002-12-02                   0.06%    passed     48.95%
 174  A_Germany_AF1850_2008_2008-03-24           38.75%    passed     95.27%
 175  A_Germany_AF1851_2008_2008-03-24           38.75%    passed     97.32%
 176  A_Germany_AF1855_2008_2008-01-22           38.75%    passed     95.84%
 177  A_Germany_AF1860_2008_2008-03-24           38.75%    passed     93.86%
 178  A_Germany_AF1861_2008_2008-03-24           38.75%    passed     97.89%
 179  A_Germany_AF1862_2008_2008-03-24           38.87%    passed     93.90%
 180  A_Germany_AF1863_2008_2008-03-24           38.75%    passed     96.32%
 181  A_Germany_AF1864_2008_2008-03-24           40.11%    passed     72.11%
 182  A_Germany_AF1868_2008_2008-02-27           38.75%    passed     90.79%
 183  A_Germany_AF1882_2008_2008-02-25           39.75%    passed     97.40%
 184  A_Gibraltar_SB226_2009_2009-09-22          35.22%    passed     96.88%
 185  A_Gibraltar_SB252_2009_2009-10-07          35.22%    passed     96.88%
 186  A_H3N2Genoa_01_2010_2010-12-31              0.00%    passed     65.84%
 187  A_Hessen_4_2010_2010-10-22                  0.00%    passed     63.38%
 188  A_Hessen_5_2010_2010-12-13                  0.00%    passed     62.86%
 189  A_Hungary_AF1072_2007_2007-01-08           37.22%    passed     93.97%
 190  A_Hungary_AF1073_2007_2007-02-11           37.22%    passed     93.33%
 191  A_Hungary_AF1079_2007_2007-02-20           37.28%    passed     93.04%
 192  A_Iasi_47326_2010_2010-12-24               39.58%    passed     73.82%
 193  A_Italy_540_2010_2010-05-18                 0.00%    passed     58.32%
 194  A_Italy_AF2157_2010_2010-05-18             29.33%    passed     99.28%
 195  A_Ivacevichi_115_2007_2007-02-28            0.00%    passed     62.34%
 196  A_KIEV_633_2000_2000-02-15                 39.58%    passed     81.87%
 197  A_Kastoria_45_2005_2005-02-04              44.17%    passed     73.52%
 198  A_Kiev_67_2009_2009-03-12                   0.00%    passed     69.45%
 199  A_Kilkis_85_2006_2006-02-23                41.22%    passed     48.74%
 200  A_LYON_1407_2001_2001-12-26                33.92%    passed     68.75%
 201  A_LYON_476_2003_2003-02-05                 41.87%    passed     79.52%
 202  A_Latvia_1-41_2009_2009-01-02               2.83%    passed     87.55%
 203  A_Latvia_12-817_2008_2008-12-27             2.83%    passed     79.34%
 204  A_Latvia_2-1047_2009_2009-02-20            40.52%    passed     80.51%
 205  A_Latvia_2-1192_2009_2009-02-24            40.52%    passed     77.94%
 206  A_Leiden_49293_2005_2005-07-18             30.92%    passed     69.81%
 207  A_Leiden_63616_2005_2005-09-19             31.45%    passed     72.92%
 208  A_Leiden_68689_2005_2005-10-10             31.15%    passed     69.50%
 209  A_Leiden_87509_2005_2005-12-20             31.57%    passed     74.18%
 210  A_Leon_5_2009_2009-01-13                    2.83%    passed     88.24%
 211  A_Lisboa_01_2009_2009-01-05                40.40%    passed     65.91%
 212  A_Lisboa_34_2008_2008-12-01                 2.83%    passed     78.20%
 213  A_Lisboa_SU17__2010_2010-11-06              0.00%    passed     67.85%
 214  A_Lyon_1135_2010_2010-12-19                35.75%    passed     97.41%
 215  A_Lyon_1381_2007_2007-12-18                40.99%    passed     81.60%
 216  A_Lyon_1715_2009_2009-09-17                 0.00%    passed     67.19%
 217  A_Lyon_22_2007_2007-01-03                   0.00%    passed     58.02%
 218  A_Lyon_27_2007_2007-01-04                  34.39%    passed     94.44%
 219  A_Lyon_CHU_20.526_2009_2009-05-14          35.51%    passed     91.52%
 220  A_Minsk_137_2007_2007-02-26                 0.00%    passed     73.19%
 221  A_Moldova_167_2009_2009-03-04               0.00%    passed     82.57%
 222  A_Moldova_169_2009_2009-03-04               0.00%    passed     82.57%
 223  A_Murcia_RR6923_2010_2010-11-23             0.00%    passed     57.28%
 224  A_Netherlands_009_2010_2010-04-21           0.00%    passed     58.12%
 225  A_Netherlands_034_2010_2010-12-23           0.00%    passed     60.27%
 226  A_Netherlands_063_2011_2011-01-05           0.00%    passed     62.36%
 227  A_Netherlands_1_2002_2002-01-07             0.00%    passed     50.01%
 228  A_Netherlands_109_2003_2003-03-17           0.00%    passed     68.31%
 229  A_Netherlands_118_2001_2001-03-14           0.00%    passed     45.83%
 230  A_Netherlands_120_2002_2002-02-26           0.00%    passed     50.01%
 231  A_Netherlands_124_2001_2001-03-20           0.00%    passed     76.63%
 232  A_Netherlands_126_2001_2001-03-21           0.00%    passed     55.81%
 233  A_Netherlands_132_2004_2004-12-04           0.06%    passed     55.53%
 234  A_Netherlands_22_2003_2003-02-23            0.00%    passed     67.19%
 235  A_Netherlands_3_2000_2000-01-06             0.00%    passed     70.39%
 236  A_Netherlands_312_2003_2003-09-25           0.00%    passed     73.78%
 237  A_Netherlands_34_2010_2010-12-23            0.00%    passed     61.51%
 238  A_Netherlands_348_2007_2007-11-06           0.00%    passed     79.87%
 239  A_Netherlands_363_2006_2006-12-24           0.00%    passed     60.88%
 240  A_Netherlands_377_2008_2008-09-27           0.00%    passed     73.19%
 241  A_Netherlands_42_2006_2006-02-25            0.00%    passed     64.20%
 242  A_Netherlands_548_2005_2005-12-26           0.06%    passed     66.38%
 243  A_Netherlands_69_2007_2007-02-19            0.00%    passed     68.07%
 244  A_Netherlands_69_2009_2009-01-12            0.00%    passed     71.53%
 245  A_Netherlands_761_2009_2009-06-25           0.00%    passed     69.45%
 246  A_Netherlands_88_2003_2003-03-05            0.00%    passed     55.52%
 247  A_Nordrhein-Westfalen_1_2010_2010-01-05    35.22%    passed     95.60%
 248  A_Norway_1_2009_2008-12-30                  2.83%    passed     79.34%
 249  A_Norway_1141_2009_2009-03-24              41.05%    passed     73.42%
 250  A_Norway_1330_2010_2010-12-03               0.00%    passed     70.81%
 251  A_Norway_1759_2009_2009-06-10              40.28%    passed     70.86%
 252  A_Norway_2235_2008_2008-12-17               2.83%    passed     82.75%
 253  A_Norway_2314_2008_2008-12-18               2.83%    passed     81.83%
 254  A_Norway_4916_2009_2009-12-10               0.00%    passed     62.13%
 255  A_Norway_602_2009_2009-02-26               39.93%    passed     69.27%
 256  A_Norway_88_2003_2003-10-17                34.16%    passed     89.24%
 257  A_Oslo_398_2002_2002-01-17                 33.92%    passed     77.67%
 258  A_Oslo_6391_2000_2000-02-12                33.92%    passed     67.10%
 259  A_Padova_3_09_2009-01-19                    2.83%    passed     86.87%
 260  A_Padova_4_09_2009-01-20                    2.83%    passed     81.71%
 261  A_Paris_1751_2009_2009-02-02                0.00%    passed     72.53%
 262  A_Paris_1753_2009_2009-02-02                0.00%    passed     78.21%
 263  A_Paris_288_2008_2008-11-10                 2.83%    passed     85.64%
 264  A_Paris_458_2008_2008-12-01                38.75%    passed     93.86%
 265  A_Paris_777_2008_2008-12-15                 2.83%    passed     83.80%
 266  A_Paris_817_2008_2008-12-15                 2.83%    passed     84.03%
 267  A_Parma_53_2008_2008-12-31                  2.83%    passed     79.34%
 268  A_Peloponnese_4043_2010_2010-10-11          0.00%    passed     72.00%
 269  A_Perugia_1_09_2009-01-07                   2.83%    passed     78.20%
 270  A_Perugia_5_09_2009-01-13                   2.83%    passed     75.46%
 271  A_Poitiers_1341_2008_2008-11-04             2.89%    passed     71.26%
 272  A_Poitiers1071_2010_2010-11-19             35.75%    passed     98.08%
 273  A_Prague_63_2009_2009-01-28                35.57%    passed     98.05%
 274  A_ROMANIA_175_2000_2000-01-19               2.83%    passed     75.78%
 275  A_ROMANIA_387_2000_2000-02-18               2.89%    passed     74.39%
 276  A_ROMANIA_427_2000_2000-03-06              41.87%    passed     81.05%
 277  A_Rheinland-Pfalz_7_2010_2010-12-20         0.00%    passed     62.59%
 278  A_Scotland_3_2004_2004-12-08               41.87%    passed     84.84%
 279  A_Scotland_4_2007_2006-12-12               41.87%    passed     63.28%
 280  A_Scotland_60380627_2006_2005-10-19        41.87%    passed     81.30%
 281  A_Scotland_60380634_2006_2006-01-18        42.29%    passed     82.49%
 282  A_Scotland_61_2003_2003-10-26               0.00%    passed     65.90%
 283  A_Scotland_70480684_2007_2006-12-11        41.87%    passed     66.62%
 284  A_Scotland_71_2003_2003-11-04               0.00%    passed     61.33%
 285  A_Scotland_72_2003_2003-10-28               0.00%    passed     64.34%
 286  A_Scotland_78_2003_2003-11-07               0.00%    passed     61.84%
 287  A_Scotland_81_2003_2003-11-12               0.00%    passed     69.97%
 288  A_Slovenia_55_2009_2009-01-07               2.83%    passed     81.83%
 289  A_Slovenia_60_2009_2009-01-06               2.83%    passed     80.13%
 290  A_Stockholm_1_2010_2010-04-29               0.00%    passed     60.27%
 291  A_Stockholm_2_2010_2010-04-30               0.00%    passed     65.84%
 292  A_Stockholm_25_2008_2008-10-24              2.89%    passed     79.36%
 293  A_Stockholm_4_2010_2010-07-08               0.00%    passed     59.16%
 294  A_Sweden_5_2008_2008-12-02                  2.83%    passed     81.73%
 295  A_Switzerland_1397477_2008_2008-12-26       2.83%    passed     84.03%
 296  A_Switzerland_1409281_2008_2008-12-31       3.59%    passed     74.93%
 297  A_Thessaloniki_16_2009_2009-01-15           0.00%    passed     73.41%
 298  A_Thessaloniki_19_2009_2009-01-15          38.81%    passed     92.41%
 299  A_Thessaloniki_40_2007_2007-01-25          42.87%    passed     63.55%
 300  A_Thessaloniki_43_2005_2005-02-04          43.23%    passed     72.93%
 301  A_Thessaloniki_90_2006_2006-02-27          43.93%    passed     61.13%
 302  A_Thuringen_75_2008_2008-11-13             35.92%    passed     91.93%
 303  A_Torino_14_2008_2008-12-12                39.10%    passed     77.44%
 304  A_Ukraine_110_2009_2009-04-02               0.00%    passed     69.45%
 305  A_Ukraine_96_2009_2009-03-25                0.00%    passed     69.97%
 306  A_Wallonia_G827_2009_2009-02-11            40.99%    passed     75.45%
 307  A_Zrenjanin_580_2009_2009-02-05            39.93%    passed     80.49%
 308  BADEN-WURTTEMBERG_38_2005_2005-02-09       41.87%    passed     77.69%
 309  BARCELONA_104_2005_2005-01-17              41.87%    passed     73.11%
 310  BERLIN_35_2003_2003-02-27                  41.87%    passed     88.36%
 311  BERLIN_4_2005_2005-01-20                   41.87%    passed     79.42%
 312  DENMARK_9_2003_2003-01-17                  41.87%    passed     84.76%
 313  EUSKADI_1428_2003_2003-10-20               41.87%    passed     75.48%
 314  FINLAND_170_2003_2003-01-14                41.87%    passed     86.92%
 315  FINLAND_487_2004_2004-12-21                41.87%    passed     75.31%
 316  FINLAND_618_2005_2005-03-12                41.87%    passed     65.51%
 317  ICELAND_22_2003_2003-03-19                 41.87%    passed     86.54%
 318  ICELAND_6_2005_2005-01-07                  41.87%    passed     73.18%
 319  IRELAND_9742_2003_2003-09-04               41.87%    passed     85.14%
 320  IT-RSP-03-1997_2003-03-14                  41.87%    passed     78.27%
 321  LATVIA_13794_2002_2002-12-23               41.87%    passed     87.17%
 322  LATVIA_1506_2003_2003-02-10                41.87%    passed     90.99%
 323  LYON_108_2005_2005-01-12                   41.87%    passed     80.77%
 324  LYON_1292_2006_2006-12-18                  41.87%    passed     74.88%
 325  LYON_1313_2006_2006-12-20                  41.87%    passed     76.97%
 326  LYON_1324_2006_2006-12-20                  41.87%    passed     66.62%
 327  LYON_1331_2006_2006-12-22                  41.87%    passed     64.51%
 328  LYON_1359_2006_2006-12-27                  41.87%    passed     66.62%
 329  LYON_19989_2002_2002-10-15                 41.87%    passed     94.53%
 330  LYON_21_2004_2004-01-04                    41.87%    passed     75.48%
 331  LYON_52-339_2006_2006-12-30                41.87%    passed     71.87%
 332  LYON_52-58_2006_2006-12-25                 41.87%    passed     68.40%
 333  LYON_636_2006_2006-02-27                   41.87%    passed     56.73%
 334  MARSEILLE_1215_2006_2006-11-22             41.87%    passed     71.64%
 335  NETHERLANDS_368_2002_2002-12-10            41.87%    passed     86.45%
 336  NICE_938_2004_2004-12-06                   41.87%    passed     73.48%
 337  NORWAY_2250_2006_2006-12-01                41.87%    passed     65.63%
 338  NORWAY_566-1_2006_2006-02-16               41.87%    passed     69.34%
 339  NORWAY_621_2006_2006-02-22                 41.87%    passed     69.34%
 340  NORWAY_622_2006_2006-02-27                 41.87%    passed     69.34%
 341  NORWAY_883_2005_2005-04-04                 41.87%    passed     77.69%
 342  OSLO_3385_2003_2003-04-13                  41.87%    passed     89.99%
 343  PARIS_207_2002_2002-12-01                  41.87%    passed     96.39%
 344  PARMA_7_2003_2003-03-02                    41.87%    passed     89.91%
 345  POITIERS_719_2004_2004-10-26               41.87%    passed     78.20%
 346  ROMANIA_751_2005_2005-03-29                41.87%    passed     82.46%
 347  ROMANIA_810_2005_2005-03-30                41.87%    passed     85.36%
 348  SLOVENIA_146_2005_2005-01-18               41.87%    passed     75.31%
 349  SOFIA_682_2005_2004-12-16                  41.87%    passed     67.49%
 350  STOCKHOLM_20_2006_2006-12-05               41.87%    passed     67.49%
 351  STOCKHOLM_21_2006_2006-12-08               41.87%    passed     77.18%
 352  SWITZERLAND_5732_2004_2004-12-29           41.87%    passed     73.18%
 353  THURINGEN_36_2003_2003-02-17               41.87%    passed     92.95%
 354  TOULON_1244_2006_2006-12-06                41.87%    passed     78.69%
 355  TRIESTE_55_2005_2005-02-15                 41.87%    passed     73.11%
 356  UA-2003918069_2003-12-12                   41.87%    passed     79.62%
 357  UA-218_2006-04-20                          41.87%    passed     68.84%
 358  UKRAINE_13_2006_2006-03-20                 41.87%    passed     56.12%
 359  UMEA_6_2006_2006-11-15                     41.87%    passed     74.58%
 360  UMEA_7_2006_2006-11-15                     41.87%    passed     74.58%
 361  ZAGREB_4274_2006_2006-04-15                41.87%    passed     67.75%
****  TOTAL                                      26.02%  0 sequences failed composition chi2 test (p-value<5%; df=3)

Reading partition pos12 (model=HKY+G+F, aln=, seq=DNA, pos=1-1698\1,1-1698\2) ...
361 sequences and 2547 sites extracted

Reading partition pos3 (model=HKY+G+F, aln=, seq=DNA, pos=1-1698\3) ...
361 sequences and 566 sites extracted
Degree of missing data: 0.000
WARNING: More threads (8) than number of partitions (2) might not be necessary.
WARNING: You are recommended to rerun with '-nt 2' and see if this is faster

NOTE: 13 identical sequences (see below) will be ignored for subsequent analysis
NOTE: UA-2003918069_2003-12-12 (identical to A_Austria_136042_2004_2004-01-13) is ignored but added at the end
NOTE: IRELAND_9742_2003_2003-09-04 (identical to A_Austria_136353_2004_2004-01-14) is ignored but added at the end
NOTE: SLOVENIA_146_2005_2005-01-18 (identical to A_Austria_206130_2005_2005-01-27) is ignored but added at the end
NOTE: BARCELONA_104_2005_2005-01-17 (identical to A_Austria_207265_2005_2005-02-07) is ignored but added at the end
NOTE: TRIESTE_55_2005_2005-02-15 (identical to A_Austria_207265_2005_2005-02-07) is ignored but added at the end
NOTE: A_Paris_458_2008_2008-12-01 (identical to A_Germany_AF1860_2008_2008-03-24) is ignored but added at the end
NOTE: A_Gibraltar_SB252_2009_2009-10-07 (identical to A_Gibraltar_SB226_2009_2009-09-22) is ignored but added at the end
NOTE: A_Moldova_169_2009_2009-03-04 (identical to A_Moldova_167_2009_2009-03-04) is ignored but added at the end
NOTE: A_Slovenia_55_2009_2009-01-07 (identical to A_Norway_2314_2008_2008-12-18) is ignored but added at the end
NOTE: A_Switzerland_1397477_2008_2008-12-26 (identical to A_Paris_817_2008_2008-12-15) is ignored but added at the end
NOTE: NORWAY_883_2005_2005-04-04 (identical to BADEN-WURTTEMBERG_38_2005_2005-02-09) is ignored but added at the end
NOTE: NORWAY_622_2006_2006-02-27 (identical to NORWAY_566-1_2006_2006-02-16) is ignored but added at the end
NOTE: UMEA_7_2006_2006-11-15 (identical to UMEA_6_2006_2006-11-15) is ignored but added at the end

Create initial parsimony tree by phylogenetic likelihood library (PLL)... 0.077 seconds

NOTE: 37 MB RAM is required!
Estimate model parameters (epsilon = 0.100)
Initial log-likelihood: -18140.705
Current log-likelihood at step 1: -17998.203
Current log-likelihood at step 2: -17997.609
Current log-likelihood at step 3: -17997.600
Partition-specific rates:  1.051 0.770
Parameters optimization took 2 rounds (0.951 sec)

--------------------------------------------------------------------
|             INITIALIZING CANDIDATE TREE SET                      |
--------------------------------------------------------------------
Computing ML distances based on estimated model parameters... 1.853 sec
Computing BIONJ tree...
0.124 seconds
Log-likelihood of BIONJ tree: -18114.924
Generating 98 parsimony trees... 8.973 seconds 100 distinct starting trees
Computing log-likelihood of 100 initial trees ... 20.426 seconds
Optimizing top 20 initial trees with NNI...
Iteration 1 / LogL: -17971.651 / Time: 0h:0m:32s
Estimate model parameters (epsilon = 0.100)
Initial log-likelihood: -17971.651
Current log-likelihood at step 1: -17971.631
Parameters optimization took 0 rounds (0.202 sec)

BETTER TREE FOUND at iteration 1: -17971.631
Iteration 2 / LogL: -17971.876 / Time: 0h:0m:34s
Iteration 3 / LogL: -17974.486 / Time: 0h:0m:35s
Iteration 4 / LogL: -17981.993 / Time: 0h:0m:36s
Iteration 5 / LogL: -17984.192 / Time: 0h:0m:36s
Iteration 6 / LogL: -17977.568 / Time: 0h:0m:37s
Iteration 7 / LogL: -17983.919 / Time: 0h:0m:38s
Iteration 8 / LogL: -17980.205 / Time: 0h:0m:39s
Iteration 9 / LogL: -17988.204 / Time: 0h:0m:40s
Iteration 10 / LogL: -17985.408 / Time: 0h:0m:41s
Iteration 11 / LogL: -17987.175 / Time: 0h:0m:42s
Iteration 12 / LogL: -17987.156 / Time: 0h:0m:43s
Iteration 13 / LogL: -17977.236 / Time: 0h:0m:44s
Iteration 14 / LogL: -17990.761 / Time: 0h:0m:45s
Iteration 15 / LogL: -17983.103 / Time: 0h:0m:46s
Iteration 16 / LogL: -17988.595 / Time: 0h:0m:47s
Iteration 17 / LogL: -17980.779 / Time: 0h:0m:48s
Iteration 18 / LogL: -17980.610 / Time: 0h:0m:49s
Iteration 19 / LogL: -17990.751 / Time: 0h:0m:50s
Iteration 20 / LogL: -17994.424 / Time: 0h:0m:51s
Average CPU time for 1 NNI search: 7.172
Finish initializing candidate tree set. Number of distinct locally optimal trees: 20
Current best tree score: -17971.631 / CPU time: 300.032
--------------------------------------------------------------------
|               OPTIMIZING CANDIDATE TREE SET                      |
--------------------------------------------------------------------
Iteration 30 / LogL: -18114.719 / Time: 0h:1m:7s (0h:2m:44s left)
Iteration 40 / LogL: -18022.917 / Time: 0h:1m:22s (0h:2m:8s left)
Iteration 50 / LogL: -18063.759 / Time: 0h:1m:37s (0h:1m:41s left)
Iteration 60 / LogL: -18035.521 / Time: 0h:1m:53s (0h:1m:18s left)
Iteration 70 / LogL: -18089.658 / Time: 0h:2m:8s (0h:0m:57s left)
Iteration 80 / LogL: -18075.109 / Time: 0h:2m:23s (0h:0m:37s left)
Iteration 90 / LogL: -18093.197 / Time: 0h:2m:37s (0h:0m:19s left)
Iteration 100 / LogL: -18036.095 / Time: 0h:2m:53s (0h:0m:1s left)
TREE SEARCH COMPLETED AFTER 101 ITERATIONS / Time: 0h:2m:55s

--------------------------------------------------------------------
|                    FINALIZING TREE SEARCH                        |
--------------------------------------------------------------------
Performs final model parameters optimization
Estimate model parameters (epsilon = 0.010)
Initial log-likelihood: -17971.631
Current log-likelihood at step 1: -17971.630
Partition-specific rates:  1.051 0.769
Parameters optimization took 0 rounds (0.196 sec)

BEST SCORE FOUND : -17971.630
Total tree length: 0.809

Total number of iterations: 101
CPU time used for tree search: 1220.258 sec (0h:20m:20s)
Wall-clock time used for tree search: 172.529 sec (0h:2m:52s)
Total CPU time used: 1238.448 sec (0h:20m:38s)
Total wall-clock time used: 175.380 sec (0h:2m:55s)

Analysis results written to: 
  IQ-TREE report:                Europe.iqtree
  Maximum-likelihood tree:       Europe.treefile
  Likelihood distances:          Europe.mldist
  Screen log file:               Europe.log

Date and Time: Wed Mar 30 15:58:43 2016
