IQ-TREE multicore version 1.4.0 for Mac OS X 64-bit built Mar  4 2016
Copyright (c) 2011-2015 Nguyen Lam Tung, Olga Chernomor, Arndt von Haeseler and Bui Quang Minh.

Host:    vetmac06.vet.cam.ac.uk (AVX, 64 GB RAM)
Command: iqtree-omp -s India.fas -pre India -spp srd06.nex -nt 2
Seed:    214664 (Using SPRNG - Scalable Parallel Random Number Generator)
Time:    Wed Mar 30 16:11:30 2016
Kernel:  AVX - 2 threads (16 CPU cores detected)

Reading partition model file srd06.nex ...
Reading alignment file India.fas ... Fasta format detected
Alignment most likely contains DNA/RNA sequences
Alignment has 233 sequences with 1698 columns and 411 patterns (195 informative sites)
WARNING: Some sequence names are changed as follows:
A/Andaman/071559/021107_2007-11-02 -> A_Andaman_071559_021107_2007-11-02
A/Bangladesh/1695/2007_2007-06-06 -> A_Bangladesh_1695_2007_2007-06-06
A/Bangladesh/2009/2008_2008-07-15 -> A_Bangladesh_2009_2008_2008-07-15
A/Bangladesh/2012/2010_2010-08-19 -> A_Bangladesh_2012_2010_2010-08-19
A/Bangladesh/2363/2009_2009-05-06 -> A_Bangladesh_2363_2009_2009-05-06
A/Bangladesh/2425/2009_2009-06-06 -> A_Bangladesh_2425_2009_2009-06-06
A/Bangladesh/3012/2009_2009-04-16 -> A_Bangladesh_3012_2009_2009-04-16
A/Bangladesh/3017/2008_2008-07-09 -> A_Bangladesh_3017_2008_2008-07-09
A/Bangladesh/30376/2007_2007-06-07 -> A_Bangladesh_30376_2007_2007-06-07
A/Bangladesh/3161/2010_2010-09-16 -> A_Bangladesh_3161_2010_2010-09-16
A/Bangladesh/4699/2007_2007-04-26 -> A_Bangladesh_4699_2007_2007-04-26
A/Bangladesh/483/2009_2009-05-01 -> A_Bangladesh_483_2009_2009-05-01
A/Bangladesh/5004/2010_2010-07-10 -> A_Bangladesh_5004_2010_2010-07-10
A/Bangladesh/5014/2009_2009-05-17 -> A_Bangladesh_5014_2009_2009-05-17
A/Bangladesh/7772/2009_2009-05-08 -> A_Bangladesh_7772_2009_2009-05-08
A/Bangladesh/8004/2010_2010-09-16 -> A_Bangladesh_8004_2010_2010-09-16
A/Bangladesh/9745/2007_2007-05-02 -> A_Bangladesh_9745_2007_2007-05-02
A/Bangladesh/9890/2008_2008-07-02 -> A_Bangladesh_9890_2008_2008-07-02
A/Bhutan/151/2009_2009-06-16 -> A_Bhutan_151_2009_2009-06-16
A/Bhutan/154/2009_2009-06-17 -> A_Bhutan_154_2009_2009-06-17
A/Chennai/0634982/091106_2006-11-09 -> A_Chennai_0634982_091106_2006-11-09
A/Chennai/0634983/091106_2006-11-09 -> A_Chennai_0634983_091106_2006-11-09
A/Chennai/0634985/141106_2006-11-14 -> A_Chennai_0634985_141106_2006-11-14
A/Chennai/0817271/131008_2008-10-13 -> A_Chennai_0817271_131008_2008-10-13
A/Chennai/0817294/101108_2008-11-10 -> A_Chennai_0817294_101108_2008-11-10
A/Chennai/0817297/141108_2008-11-14 -> A_Chennai_0817297_141108_2008-11-14
A/Chennai/0817302/181108_2008-11-18 -> A_Chennai_0817302_181108_2008-11-18
A/Chennai/087867/260208_2008-02-26 -> A_Chennai_087867_260208_2008-02-26
A/Chennai/087868/260208_2008-02-26 -> A_Chennai_087868_260208_2008-02-26
A/Chennai/087875/260308_2008-03-26 -> A_Chennai_087875_260308_2008-03-26
A/Chennai/087876/250308_2008-03-25 -> A_Chennai_087876_250308_2008-03-25
A/Chennai/087878/280308_2008-03-28 -> A_Chennai_087878_280308_2008-03-28
A/Chennai/087879/310308_2008-03-31 -> A_Chennai_087879_310308_2008-03-31
A/Chennai/087880/310308_2008-03-31 -> A_Chennai_087880_310308_2008-03-31
A/Chennai/087881/310308_2008-03-31 -> A_Chennai_087881_310308_2008-03-31
A/Chennai/091335/151208_2008-12-15 -> A_Chennai_091335_151208_2008-12-15
A/Chennai/091336/231208_2008-12-23 -> A_Chennai_091336_231208_2008-12-23
A/Chennai/091337/231208_2008-12-23 -> A_Chennai_091337_231208_2008-12-23
A/Delhi/0512581/200106_2006-01-20 -> A_Delhi_0512581_200106_2006-01-20
A/Delhi/0612421/230106_2006-01-23 -> A_Delhi_0612421_230106_2006-01-23
A/Delhi/0612424/300106_2006-01-30 -> A_Delhi_0612424_300106_2006-01-30
A/Delhi/0612425/300106_2006-01-30 -> A_Delhi_0612425_300106_2006-01-30
A/Delhi/0612426/010206_2006-02-01 -> A_Delhi_0612426_010206_2006-02-01
A/Delhi/0635421/140106_2006-01-14 -> A_Delhi_0635421_140106_2006-01-14
A/Delhi/0635422/140106_2006-01-14 -> A_Delhi_0635422_140106_2006-01-14
A/Delhi/0635425/240206_2006-02-24 -> A_Delhi_0635425_240206_2006-02-24
A/Delhi/0635427/100506_2006-05-10 -> A_Delhi_0635427_100506_2006-05-10
A/Delhi/0635428/090606_2006-06-09 -> A_Delhi_0635428_090606_2006-06-09
A/Delhi/0635431/190706_2006-07-19 -> A_Delhi_0635431_190706_2006-07-19
A/Delhi/0811474/140708_2008-07-14 -> A_Delhi_0811474_140708_2008-07-14
A/Delhi/0811477/150708_2008-07-15 -> A_Delhi_0811477_150708_2008-07-15
A/Delhi/0914867/300309_2009-03-30 -> A_Delhi_0914867_300309_2009-03-30
A/Delhi/0914868/290409_2009-04-29 -> A_Delhi_0914868_290409_2009-04-29
A/Delhi/0914870/300409_2009-04-30 -> A_Delhi_0914870_300409_2009-04-30
A/Delhi/0914871/040509_2009-05-04 -> A_Delhi_0914871_040509_2009-05-04
A/Delhi/0914874/210509_2009-05-21 -> A_Delhi_0914874_210509_2009-05-21
A/Delhi/0920481/060709_2009-07-06 -> A_Delhi_0920481_060709_2009-07-06
A/Delhi/0920486/130709_2009-07-13 -> A_Delhi_0920486_130709_2009-07-13
A/Delhi/0920487/140709_2009-07-14 -> A_Delhi_0920487_140709_2009-07-14
A/Delhi/0942707/040509_2009-05-04 -> A_Delhi_0942707_040509_2009-05-04
A/Delhi/0942709/190609_2009-06-19 -> A_Delhi_0942709_190609_2009-06-19
A/Delhi/0942712/160709_2009-07-16 -> A_Delhi_0942712_160709_2009-07-16
A/Delhi/0942715/160709_2009-07-16 -> A_Delhi_0942715_160709_2009-07-16
A/Delhi/0942716/160709_2009-07-16 -> A_Delhi_0942716_160709_2009-07-16
A/Delhi/0942723/230709_2009-07-23 -> A_Delhi_0942723_230709_2009-07-23
A/Delhi/0942726/270709_2009-07-27 -> A_Delhi_0942726_270709_2009-07-27
A/Delhi/0942728/310709_2009-07-31 -> A_Delhi_0942728_310709_2009-07-31
A/Delhi/0942735/040809_2009-08-04 -> A_Delhi_0942735_040809_2009-08-04
A/Delhi/0942739/060809_2009-08-06 -> A_Delhi_0942739_060809_2009-08-06
A/Delhi/0942743/080809_2009-08-08 -> A_Delhi_0942743_080809_2009-08-08
A/Delhi/0942750/180809_2009-08-18 -> A_Delhi_0942750_180809_2009-08-18
A/Delhi/0942751/180809_2009-08-18 -> A_Delhi_0942751_180809_2009-08-18
A/Delhi/0942754/200809_2009-08-20 -> A_Delhi_0942754_200809_2009-08-20
A/Delhi/0942756/200809_2009-08-20 -> A_Delhi_0942756_200809_2009-08-20
A/Dibrugarh/0622566/060606_2006-06-06 -> A_Dibrugarh_0622566_060606_2006-06-06
A/Dibrugarh/0622569/270606_2006-06-27 -> A_Dibrugarh_0622569_270606_2006-06-27
A/INDIA/2701/2000_2000-06-12 -> A_INDIA_2701_2000_2000-06-12
A/INDIA/3783/2000_2000-07-31 -> A_INDIA_3783_2000_2000-07-31
A/India/0483/2009_2009-07-06 -> A_India_0483_2009_2009-07-06
A/India/0484/2009_2009-07-07 -> A_India_0484_2009_2009-07-07
A/India/25502/2002_2002-08-16 -> A_India_25502_2002_2002-08-16
A/India/2710/2009_2009-09-19 -> A_India_2710_2009_2009-09-19
A/India/2751/2009_2009-08-18 -> A_India_2751_2009_2009-08-18
A/India/3041/2010_2010-09-06 -> A_India_3041_2010_2010-09-06
A/India/3254/2010_2010-10-18 -> A_India_3254_2010_2010-10-18
A/India/3260/2010_2010-10-18 -> A_India_3260_2010_2010-10-18
A/India/3489/2010_2010-10-25 -> A_India_3489_2010_2010-10-25
A/India/7881/2008_2008-03-31 -> A_India_7881_2008_2008-03-31
A/India/7882/2008_2008-04-29 -> A_India_7882_2008_2008-04-29
A/India/7886/2008_2008-05-15 -> A_India_7886_2008_2008-05-15
A/India/AF1082/2007_2007-02-11 -> A_India_AF1082_2007_2007-02-11
A/India/C0511131/2005_2005-09-28 -> A_India_C0511131_2005_2005-09-28
A/India/C0511132/2005_2005-10-03 -> A_India_C0511132_2005_2005-10-03
A/India/C053375/2004_2004-09-24 -> A_India_C053375_2004_2004-09-24
A/India/C058665/2004_2004-11-09 -> A_India_C058665_2004_2004-11-09
A/India/C058666/2004_2004-12-24 -> A_India_C058666_2004_2004-12-24
A/India/C058668/2005_2005-04-11 -> A_India_C058668_2005_2005-04-11
A/India/C058669/2005_2005-04-13 -> A_India_C058669_2005_2005-04-13
A/India/C058671/2005_2005-07-25 -> A_India_C058671_2005_2005-07-25
A/India/C0817268/2008_2008-10-06 -> A_India_C0817268_2008_2008-10-06
A/India/C0817285/2008_2008-11-03 -> A_India_C0817285_2008_2008-11-03
A/India/C0817292/2008_2008-11-06 -> A_India_C0817292_2008_2008-11-06
A/India/C087863/2008_2008-01-07 -> A_India_C087863_2008_2008-01-07
A/India/C087866/2008_2008-02-07 -> A_India_C087866_2008_2008-02-07
A/India/D0512578/2005_2005-07-01 -> A_India_D0512578_2005_2005-07-01
A/India/D0512580/2005_2005-01-20 -> A_India_D0512580_2005_2005-01-20
A/India/D0512584/2005_2005-03-23 -> A_India_D0512584_2005_2005-03-23
A/India/D0512591/2005_2005-09-02 -> A_India_D0512591_2005_2005-09-02
A/India/D057066/2004_2004-12-17 -> A_India_D057066_2004_2004-12-17
A/India/D057068/2005_2005-01-15 -> A_India_D057068_2005_2005-01-15
A/India/D058687/2005_2005-02-22 -> A_India_D058687_2005_2005-02-22
A/India/D058690/2005_2005-03-15 -> A_India_D058690_2005_2005-03-15
A/India/D058691/2005_2005-03-16 -> A_India_D058691_2005_2005-03-16
A/India/D0612410/2004_2004-12-30 -> A_India_D0612410_2004_2004-12-30
A/India/D0612416/2005_2005-12-07 -> A_India_D0612416_2005_2005-12-07
A/India/D0635419/2005_2005-12-19 -> A_India_D0635419_2005_2005-12-19
A/India/D0635426/2006_2006-03-03 -> A_India_D0635426_2006_2006-03-03
A/India/D0635433/2006_2006-08-30 -> A_India_D0635433_2006_2006-08-30
A/India/Dib0622567/2006_2006-06-27 -> A_India_Dib0622567_2006_2006-06-27
A/India/Dib0622568/2006_2006-06-27 -> A_India_Dib0622568_2006_2006-06-27
A/India/K0615330/2005_2005-10-06 -> A_India_K0615330_2005_2005-10-06
A/India/K0713778/2007_2007-07-23 -> A_India_K0713778_2007_2007-07-23
A/India/N075663/2007_2007-03-06 -> A_India_N075663_2007_2007-03-06
A/India/P05142/2005_2005-01-10 -> A_India_P05142_2005_2005-01-10
A/India/P055172/2005_2005-07-19 -> A_India_P055172_2005_2005-07-19
A/India/P055208/2005_2005-07-19 -> A_India_P055208_2005_2005-07-19
A/India/P056135/2005_2005-08-08 -> A_India_P056135_2005_2005-08-08
A/India/P057475/2005_2005-08-29 -> A_India_P057475_2005_2005-08-29
A/India/P059124/2005_2005-10-03 -> A_India_P059124_2005_2005-10-03
A/India/P064830/2006_2006-03-13 -> A_India_P064830_2006_2006-03-13
A/KL/1053114/150710_2010-07-15 -> A_KL_1053114_150710_2010-07-15
A/Kolkutta/0713780/240707_2007-07-24 -> A_Kolkutta_0713780_240707_2007-07-24
A/Kolkutta/072142/070706_2006-07-07 -> A_Kolkutta_072142_070706_2006-07-07
A/Kolkutta/075440/031106_2006-11-03 -> A_Kolkutta_075440_031106_2006-11-03
A/Kolkutta/076499/040706_2006-07-04 -> A_Kolkutta_076499_040706_2006-07-04
A/Kolkutta/0810433/020708_2008-07-02 -> A_Kolkutta_0810433_020708_2008-07-02
A/Kolkutta/0810434/020708_2008-07-02 -> A_Kolkutta_0810434_020708_2008-07-02
A/Kolkutta/0810436/020708_2008-07-02 -> A_Kolkutta_0810436_020708_2008-07-02
A/Kolkutta/0810437/090708_2008-07-09 -> A_Kolkutta_0810437_090708_2008-07-09
A/Kolkutta/089048/210508_2008-05-21 -> A_Kolkutta_089048_210508_2008-05-21
A/Kolkutta/089051/110608_2008-06-11 -> A_Kolkutta_089051_110608_2008-06-11
A/Kolkutta/089056/190608_2008-06-19 -> A_Kolkutta_089056_190608_2008-06-19
A/Kolkutta/089059/230608_2008-06-23 -> A_Kolkutta_089059_230608_2008-06-23
A/Kolkutta/089060/300608_2008-06-30 -> A_Kolkutta_089060_300608_2008-06-30
A/Kolkutta/089062/010708_2008-07-01 -> A_Kolkutta_089062_010708_2008-07-01
A/Kolkutta/089063/010708_2008-07-01 -> A_Kolkutta_089063_010708_2008-07-01
A/Kolkutta/089064/030708_2008-07-03 -> A_Kolkutta_089064_030708_2008-07-03
A/Kolkutta/0914851/020609_2009-06-02 -> A_Kolkutta_0914851_020609_2009-06-02
A/Kolkutta/0914854/030609_2009-06-03 -> A_Kolkutta_0914854_030609_2009-06-03
A/Kolkutta/0914859/090809_2009-08-09 -> A_Kolkutta_0914859_090809_2009-08-09
A/Kolkutta/0914860/090609_2009-06-09 -> A_Kolkutta_0914860_090609_2009-06-09
A/Kolkutta/0914862/100609_2009-06-10 -> A_Kolkutta_0914862_100609_2009-06-10
A/Kolkutta/0954407/220609_2009-06-22 -> A_Kolkutta_0954407_220609_2009-06-22
A/Kolkutta/0954413/120809_2009-08-12 -> A_Kolkutta_0954413_120809_2009-08-12
A/Latur/1020759/090810_2010-08-09 -> A_Latur_1020759_090810_2010-08-09
A/NEPAL/g-2079/2001_2001-02-20 -> A_NEPAL_g-2079_2001_2001-02-20
A/Nanded/190809/040810_2010-08-04 -> A_Nanded_190809_040810_2010-08-04
A/Nashik/1034078/251010_2010-10-25 -> A_Nashik_1034078_251010_2010-10-25
A/Nepal/398/2009_2009-08-08 -> A_Nepal_398_2009_2009-08-08
A/Nepal/439/2009_2009-08-14 -> A_Nepal_439_2009_2009-08-14
A/Nepal/AF1106/2007_2007-08-19 -> A_Nepal_AF1106_2007_2007-08-19
A/Pach/083644/080308_2008-03-08 -> A_Pach_083644_080308_2008-03-08
A/Pach/083665/080308_2008-03-08 -> A_Pach_083665_080308_2008-03-08
A/Pach/083698/080308_2008-03-08 -> A_Pach_083698_080308_2008-03-08
A/Pandharpur/20055172/2005_2005-07-19 -> A_Pandharpur_20055172_2005_2005-07-19
A/Pandharpur/20055208/2005_2005-07-19 -> A_Pandharpur_20055208_2005_2005-07-19
A/Pune/025502/160802_2002-08-16 -> A_Pune_025502_160802_2002-08-16
A/Pune/025506/160802_2002-08-16 -> A_Pune_025506_160802_2002-08-16
A/Pune/031741/030303_2003-03-03 -> A_Pune_031741_030303_2003-03-03
A/Pune/032699/110403_2003-04-11 -> A_Pune_032699_110403_2003-04-11
A/Pune/038072/220803_2003-08-22 -> A_Pune_038072_220803_2003-08-22
A/Pune/038254/220803_2003-08-22 -> A_Pune_038254_220803_2003-08-22
A/Pune/0614474/150606_2006-06-15 -> A_Pune_0614474_150606_2006-06-15
A/Pune/0618457/240706_2006-07-24 -> A_Pune_0618457_240706_2006-07-24
A/Pune/0618976/230806_2006-08-23 -> A_Pune_0618976_230806_2006-08-23
A/Pune/0622622/190906_2006-09-19 -> A_Pune_0622622_190906_2006-09-19
A/Pune/063078/040306_2006-03-04 -> A_Pune_063078_040306_2006-03-04
A/Pune/0713435/051007_2007-10-05 -> A_Pune_0713435_051007_2007-10-05
A/Pune/0715484/021107_2007-11-02 -> A_Pune_0715484_021107_2007-11-02
A/Pune/0715485/021107_2007-11-02 -> A_Pune_0715485_021107_2007-11-02
A/Pune/076064/110607_2007-06-11 -> A_Pune_076064_110607_2007-06-11
A/Pune/076175/180607_2007-06-18 -> A_Pune_076175_180607_2007-06-18
A/Pune/076176/180607_2007-06-18 -> A_Pune_076176_180607_2007-06-18
A/Pune/076178/180607_2007-06-18 -> A_Pune_076178_180607_2007-06-18
A/Pune/077594/230707_2007-07-23 -> A_Pune_077594_230707_2007-07-23
A/Pune/077595/230707_2007-07-23 -> A_Pune_077595_230707_2007-07-23
A/Pune/077597/230707_2007-07-23 -> A_Pune_077597_230707_2007-07-23
A/Pune/083571/290208_2008-02-29 -> A_Pune_083571_290208_2008-02-29
A/Pune/1019850/050810_2010-08-05 -> A_Pune_1019850_050810_2010-08-05
A/Pune/1019858/060810_2010-08-06 -> A_Pune_1019858_060810_2010-08-06
A/Pune/1025246/300810_2010-08-30 -> A_Pune_1025246_300810_2010-08-30
A/Pune/1033310/181010_2010-10-18 -> A_Pune_1033310_181010_2010-10-18
A/Pune/1033404/181010_2010-10-18 -> A_Pune_1033404_181010_2010-10-18
A/Ratnagiri/0929644/021009_2009-10-02 -> A_Ratnagiri_0929644_021009_2009-10-02
A/SRI-LANKA/3/2010_2010-07-17 -> A_SRI-LANKA_3_2010_2010-07-17
A/SRI-LANKA/7/2010_2010-05-25 -> A_SRI-LANKA_7_2010_2010-05-25
A/SRI-LANKA/9/2009_2009-07-07 -> A_SRI-LANKA_9_2009_2009-07-07
A/SRI-LANKA/9/2010_2010-05-19 -> A_SRI-LANKA_9_2010_2010-05-19
A/Sri-Lanka/14/2008_2008-05-06 -> A_Sri-Lanka_14_2008_2008-05-06
A/Sri-Lanka/22/2008_2008-06-03 -> A_Sri-Lanka_22_2008_2008-06-03
A/Sri_Lanka/146/2005_2005-11-09 -> A_Sri_Lanka_146_2005_2005-11-09
A/Sri_Lanka/23/2007_2007-05-30 -> A_Sri_Lanka_23_2007_2007-05-30
A/VD/0916133/100809_2009-08-10 -> A_VD_0916133_100809_2009-08-10
A/VD/0923277/150909_2009-09-15 -> A_VD_0923277_150909_2009-09-15
A/Vellore/0713786/200107_2007-01-20 -> A_Vellore_0713786_200107_2007-01-20
A/Vellore/0713788/300107_2007-01-30 -> A_Vellore_0713788_300107_2007-01-30
A/Vellore/0713789/310107_2007-01-31 -> A_Vellore_0713789_310107_2007-01-31
A/Vellore/0713790/010207_2007-02-01 -> A_Vellore_0713790_010207_2007-02-01
A/Vellore/0713791/020207_2007-02-02 -> A_Vellore_0713791_020207_2007-02-02
A/Vellore/0713793/140607_2007-06-14 -> A_Vellore_0713793_140607_2007-06-14
A/Vellore/0810737/060308_2008-03-06 -> A_Vellore_0810737_060308_2008-03-06
A/Vellore/0810738/100408_2008-04-10 -> A_Vellore_0810738_100408_2008-04-10
A/Vellore/083883/110208_2008-02-11 -> A_Vellore_083883_110208_2008-02-11
A/Vellore/094402/061008_2008-10-06 -> A_Vellore_094402_061008_2008-10-06
A/Vellore/1039869/310809_2009-08-31 -> A_Vellore_1039869_310809_2009-08-31
A/Vellore/1039878/170909_2009-09-17 -> A_Vellore_1039878_170909_2009-09-17
BANGLADESH/1999/2006_2006-10-21 -> BANGLADESH_1999_2006_2006-10-21
NEPAL/1646/2004_2004-07-01 -> NEPAL_1646_2004_2004-07-01
NEPAL/1659/2004_2004-07-02 -> NEPAL_1659_2004_2004-07-02
NEPAL/1660/2004_2004-07-02 -> NEPAL_1660_2004_2004-07-02
NEPAL/1670/2004_2004-07-02 -> NEPAL_1670_2004_2004-07-02
NEPAL/1675/2004_2004-07-02 -> NEPAL_1675_2004_2004-07-02
NEPAL/1678/2004_2004-07-02 -> NEPAL_1678_2004_2004-07-02
NEPAL/1680/2004_2004-07-02 -> NEPAL_1680_2004_2004-07-02
NEPAL/1702/2004_2004-07-03 -> NEPAL_1702_2004_2004-07-03
NEPAL/921/2006_2006-07-11 -> NEPAL_921_2006_2006-07-11

                                       Gap/Ambiguity  Composition  p-value
   1  A_Andaman_071559_021107_2007-11-02      42.05%    passed     87.57%
   2  A_Bangladesh_1695_2007_2007-06-06        0.00%    passed     21.69%
   3  A_Bangladesh_2009_2008_2008-07-15        0.12%    passed     30.54%
   4  A_Bangladesh_2012_2010_2010-08-19        0.00%    passed     25.78%
   5  A_Bangladesh_2363_2009_2009-05-06        0.00%    passed     23.82%
   6  A_Bangladesh_2425_2009_2009-06-06        0.12%    passed     25.53%
   7  A_Bangladesh_3012_2009_2009-04-16        0.12%    passed     23.21%
   8  A_Bangladesh_3017_2008_2008-07-09        0.12%    passed     36.45%
   9  A_Bangladesh_30376_2007_2007-06-07       0.00%    passed     40.66%
  10  A_Bangladesh_3161_2010_2010-09-16        0.00%    passed     23.82%
  11  A_Bangladesh_4699_2007_2007-04-26        0.00%    passed     44.17%
  12  A_Bangladesh_483_2009_2009-05-01         0.06%    passed     23.57%
  13  A_Bangladesh_5004_2010_2010-07-10        0.00%    passed     27.34%
  14  A_Bangladesh_5014_2009_2009-05-17        0.00%    passed     25.08%
  15  A_Bangladesh_7772_2009_2009-05-08        0.06%    passed     38.68%
  16  A_Bangladesh_8004_2010_2010-09-16        0.00%    passed     28.34%
  17  A_Bangladesh_9745_2007_2007-05-02        0.00%    passed     45.79%
  18  A_Bangladesh_9890_2008_2008-07-02        0.00%    passed     29.65%
  19  A_Bhutan_151_2009_2009-06-16             0.12%    passed     35.41%
  20  A_Bhutan_154_2009_2009-06-17             0.06%    passed     36.78%
  21  A_Chennai_0634982_091106_2006-11-09     42.05%    passed     96.64%
  22  A_Chennai_0634983_091106_2006-11-09     42.05%    passed     96.64%
  23  A_Chennai_0634985_141106_2006-11-14     42.05%    passed     95.88%
  24  A_Chennai_0817271_131008_2008-10-13     42.05%    passed     94.27%
  25  A_Chennai_0817294_101108_2008-11-10     42.05%    passed     80.12%
  26  A_Chennai_0817297_141108_2008-11-14     42.05%    passed     92.95%
  27  A_Chennai_0817302_181108_2008-11-18     42.05%    passed     94.27%
  28  A_Chennai_087867_260208_2008-02-26      42.05%    passed     92.95%
  29  A_Chennai_087868_260208_2008-02-26      42.05%    passed     92.34%
  30  A_Chennai_087875_260308_2008-03-26      42.05%    passed     92.34%
  31  A_Chennai_087876_250308_2008-03-25      42.05%    passed     92.95%
  32  A_Chennai_087878_280308_2008-03-28      42.05%    passed     92.95%
  33  A_Chennai_087879_310308_2008-03-31      42.05%    passed     92.95%
  34  A_Chennai_087880_310308_2008-03-31      42.05%    passed     92.95%
  35  A_Chennai_087881_310308_2008-03-31      42.05%    passed     92.95%
  36  A_Chennai_091335_151208_2008-12-15      42.05%    passed     88.96%
  37  A_Chennai_091336_231208_2008-12-23      42.05%    passed     88.96%
  38  A_Chennai_091337_231208_2008-12-23      42.05%    passed     88.96%
  39  A_Delhi_0512581_200106_2006-01-20       42.05%    passed     93.01%
  40  A_Delhi_0612421_230106_2006-01-23       42.05%    passed     88.19%
  41  A_Delhi_0612424_300106_2006-01-30       42.05%    passed     87.57%
  42  A_Delhi_0612425_300106_2006-01-30       42.05%    passed     91.97%
  43  A_Delhi_0612426_010206_2006-02-01       42.05%    passed     90.76%
  44  A_Delhi_0635421_140106_2006-01-14       42.05%    passed     92.59%
  45  A_Delhi_0635422_140106_2006-01-14       42.05%    passed     90.76%
  46  A_Delhi_0635425_240206_2006-02-24       42.05%    passed     98.50%
  47  A_Delhi_0635427_100506_2006-05-10       42.05%    passed     90.79%
  48  A_Delhi_0635428_090606_2006-06-09       42.05%    passed     90.79%
  49  A_Delhi_0635431_190706_2006-07-19       42.05%    passed     84.26%
  50  A_Delhi_0811474_140708_2008-07-14       42.05%    passed     88.82%
  51  A_Delhi_0811477_150708_2008-07-15       42.05%    passed     92.04%
  52  A_Delhi_0914867_300309_2009-03-30       42.05%    passed     83.95%
  53  A_Delhi_0914868_290409_2009-04-29       42.05%    passed     97.57%
  54  A_Delhi_0914870_300409_2009-04-30       42.05%    passed     97.57%
  55  A_Delhi_0914871_040509_2009-05-04       42.05%    passed     95.35%
  56  A_Delhi_0914874_210509_2009-05-21       42.05%    passed     95.35%
  57  A_Delhi_0920481_060709_2009-07-06       42.05%    passed     97.57%
  58  A_Delhi_0920486_130709_2009-07-13       42.05%    passed     96.64%
  59  A_Delhi_0920487_140709_2009-07-14       42.05%    passed     95.35%
  60  A_Delhi_0942707_040509_2009-05-04       42.05%    passed     93.64%
  61  A_Delhi_0942709_190609_2009-06-19       42.05%    passed     96.30%
  62  A_Delhi_0942712_160709_2009-07-16       42.05%    passed     94.50%
  63  A_Delhi_0942715_160709_2009-07-16       42.05%    passed     95.35%
  64  A_Delhi_0942716_160709_2009-07-16       42.05%    passed     95.35%
  65  A_Delhi_0942723_230709_2009-07-23       42.05%    passed     94.74%
  66  A_Delhi_0942726_270709_2009-07-27       42.05%    passed     95.35%
  67  A_Delhi_0942728_310709_2009-07-31       42.05%    passed     95.35%
  68  A_Delhi_0942735_040809_2009-08-04       42.05%    passed     95.35%
  69  A_Delhi_0942739_060809_2009-08-06       42.05%    passed     95.97%
  70  A_Delhi_0942743_080809_2009-08-08       42.05%    passed     95.74%
  71  A_Delhi_0942750_180809_2009-08-18       42.05%    passed     95.35%
  72  A_Delhi_0942751_180809_2009-08-18       42.05%    passed     97.57%
  73  A_Delhi_0942754_200809_2009-08-20       42.05%    passed     97.03%
  74  A_Delhi_0942756_200809_2009-08-20       42.05%    passed     95.35%
  75  A_Dibrugarh_0622566_060606_2006-06-06   42.05%    passed     98.17%
  76  A_Dibrugarh_0622569_270606_2006-06-27   42.05%    passed     98.32%
  77  A_INDIA_2701_2000_2000-06-12            41.87%    passed     95.07%
  78  A_INDIA_3783_2000_2000-07-31            41.87%    passed     98.94%
  79  A_India_0483_2009_2009-07-06             0.00%    passed     27.68%
  80  A_India_0484_2009_2009-07-07             0.00%    passed     22.17%
  81  A_India_25502_2002_2002-08-16           37.04%    passed     80.23%
  82  A_India_2710_2009_2009-09-19             0.06%    passed     26.81%
  83  A_India_2751_2009_2009-08-18             0.00%    passed     21.46%
  84  A_India_3041_2010_2010-09-06             0.00%    passed     21.46%
  85  A_India_3254_2010_2010-10-18             0.00%    passed     25.28%
  86  A_India_3260_2010_2010-10-18             0.00%    passed     23.82%
  87  A_India_3489_2010_2010-10-25             0.00%    passed     25.28%
  88  A_India_7881_2008_2008-03-31             0.00%    passed     34.13%
  89  A_India_7882_2008_2008-04-29             0.00%    passed     35.95%
  90  A_India_7886_2008_2008-05-15             0.06%    passed     37.17%
  91  A_India_AF1082_2007_2007-02-11          37.22%    passed     94.01%
  92  A_India_C0511131_2005_2005-09-28        42.05%    passed     91.37%
  93  A_India_C0511132_2005_2005-10-03        42.05%    passed     91.22%
  94  A_India_C053375_2004_2004-09-24         42.05%    passed     95.56%
  95  A_India_C058665_2004_2004-11-09         42.05%    passed     94.38%
  96  A_India_C058666_2004_2004-12-24         42.05%    passed     94.46%
  97  A_India_C058668_2005_2005-04-11         42.05%    passed     95.47%
  98  A_India_C058669_2005_2005-04-13         42.05%    passed     94.46%
  99  A_India_C058671_2005_2005-07-25         42.05%    passed     96.41%
 100  A_India_C0817268_2008_2008-10-06        42.05%    passed     94.27%
 101  A_India_C0817285_2008_2008-11-03        42.05%    passed     94.77%
 102  A_India_C0817292_2008_2008-11-06        42.05%    passed     95.35%
 103  A_India_C087863_2008_2008-01-07         42.05%    passed     92.95%
 104  A_India_C087866_2008_2008-02-07         42.05%    passed     89.35%
 105  A_India_D0512578_2005_2005-07-01        42.05%    passed     93.64%
 106  A_India_D0512580_2005_2005-01-20        42.05%    passed     97.72%
 107  A_India_D0512584_2005_2005-03-23        42.05%    passed     96.61%
 108  A_India_D0512591_2005_2005-09-02        42.05%    passed     95.41%
 109  A_India_D057066_2004_2004-12-17         42.05%    passed     91.97%
 110  A_India_D057068_2005_2005-01-15         42.05%    passed     98.26%
 111  A_India_D058687_2005_2005-02-22         42.05%    passed     97.11%
 112  A_India_D058690_2005_2005-03-15         42.05%    passed     91.97%
 113  A_India_D058691_2005_2005-03-16         42.05%    passed     93.45%
 114  A_India_D0612410_2004_2004-12-30        42.05%    passed     97.04%
 115  A_India_D0612416_2005_2005-12-07        42.05%    passed     90.79%
 116  A_India_D0635419_2005_2005-12-19        42.05%    passed     94.27%
 117  A_India_D0635426_2006_2006-03-03        42.05%    passed     93.63%
 118  A_India_D0635433_2006_2006-08-30        42.05%    passed     95.31%
 119  A_India_Dib0622567_2006_2006-06-27      42.05%    passed     98.32%
 120  A_India_Dib0622568_2006_2006-06-27      42.05%    passed     88.08%
 121  A_India_K0615330_2005_2005-10-06        37.22%    passed     92.39%
 122  A_India_K0713778_2007_2007-07-23        42.05%    passed     86.76%
 123  A_India_N075663_2007_2007-03-06         42.11%    passed     86.45%
 124  A_India_P05142_2005_2005-01-10          42.05%    passed     97.30%
 125  A_India_P055172_2005_2005-07-19         42.05%    passed     87.91%
 126  A_India_P055208_2005_2005-07-19         42.05%    passed     89.39%
 127  A_India_P056135_2005_2005-08-08         42.05%    passed     86.04%
 128  A_India_P057475_2005_2005-08-29         42.05%    passed     92.27%
 129  A_India_P059124_2005_2005-10-03         42.05%    passed     97.21%
 130  A_India_P064830_2006_2006-03-13         42.05%    passed     93.90%
 131  A_KL_1053114_150710_2010-07-15          42.05%    passed     98.50%
 132  A_Kolkutta_0713780_240707_2007-07-24    42.05%    passed     98.55%
 133  A_Kolkutta_072142_070706_2006-07-07     42.05%    passed     93.45%
 134  A_Kolkutta_075440_031106_2006-11-03     42.05%    passed     91.47%
 135  A_Kolkutta_076499_040706_2006-07-04     42.05%    passed     78.01%
 136  A_Kolkutta_0810433_020708_2008-07-02    37.99%    passed     95.22%
 137  A_Kolkutta_0810434_020708_2008-07-02    37.10%    passed     98.42%
 138  A_Kolkutta_0810436_020708_2008-07-02    37.99%    passed     94.61%
 139  A_Kolkutta_0810437_090708_2008-07-09    37.99%    passed     99.01%
 140  A_Kolkutta_089048_210508_2008-05-21     42.05%    passed     89.51%
 141  A_Kolkutta_089051_110608_2008-06-11     42.05%    passed     90.06%
 142  A_Kolkutta_089056_190608_2008-06-19     39.99%    passed     97.18%
 143  A_Kolkutta_089059_230608_2008-06-23     37.99%    passed     96.32%
 144  A_Kolkutta_089060_300608_2008-06-30     37.75%    passed     96.46%
 145  A_Kolkutta_089062_010708_2008-07-01     37.75%    passed     92.38%
 146  A_Kolkutta_089063_010708_2008-07-01     40.93%    passed     96.95%
 147  A_Kolkutta_089064_030708_2008-07-03     37.10%    passed     95.06%
 148  A_Kolkutta_0914851_020609_2009-06-02    42.05%    passed     94.74%
 149  A_Kolkutta_0914854_030609_2009-06-03    42.05%    passed     90.47%
 150  A_Kolkutta_0914859_090809_2009-08-09    42.05%    passed     87.16%
 151  A_Kolkutta_0914860_090609_2009-06-09    42.05%    passed     98.73%
 152  A_Kolkutta_0914862_100609_2009-06-10    42.11%    passed     94.94%
 153  A_Kolkutta_0954407_220609_2009-06-22    42.05%    passed     95.35%
 154  A_Kolkutta_0954413_120809_2009-08-12    42.05%    passed     95.35%
 155  A_Latur_1020759_090810_2010-08-09       42.05%    passed     98.17%
 156  A_NEPAL_g-2079_2001_2001-02-20          34.51%    passed     65.58%
 157  A_Nanded_190809_040810_2010-08-04       42.05%    passed     98.17%
 158  A_Nashik_1034078_251010_2010-10-25      42.05%    passed     97.82%
 159  A_Nepal_398_2009_2009-08-08              0.00%    passed     30.99%
 160  A_Nepal_439_2009_2009-08-14              0.06%    passed     33.72%
 161  A_Nepal_AF1106_2007_2007-08-19          38.16%    passed     95.95%
 162  A_Pach_083644_080308_2008-03-08         42.05%    passed     95.83%
 163  A_Pach_083665_080308_2008-03-08         42.05%    passed     94.29%
 164  A_Pach_083698_080308_2008-03-08         42.05%    passed     94.29%
 165  A_Pandharpur_20055172_2005_2005-07-19   41.87%    passed     88.11%
 166  A_Pandharpur_20055208_2005_2005-07-19   41.87%    passed     89.32%
 167  A_Pune_025502_160802_2002-08-16         38.52%    passed     86.24%
 168  A_Pune_025506_160802_2002-08-16         41.46%    passed     99.78%
 169  A_Pune_031741_030303_2003-03-03         37.99%    passed     86.18%
 170  A_Pune_032699_110403_2003-04-11         38.22%    passed     65.80%
 171  A_Pune_038072_220803_2003-08-22         38.22%    passed     91.96%
 172  A_Pune_038254_220803_2003-08-22         37.46%    passed     81.58%
 173  A_Pune_0614474_150606_2006-06-15        42.05%    passed     92.09%
 174  A_Pune_0618457_240706_2006-07-24        42.05%    passed     94.64%
 175  A_Pune_0618976_230806_2006-08-23        42.05%    passed     84.26%
 176  A_Pune_0622622_190906_2006-09-19        42.05%    passed     96.64%
 177  A_Pune_063078_040306_2006-03-04         42.05%    passed     93.55%
 178  A_Pune_0713435_051007_2007-10-05        42.05%    passed     84.13%
 179  A_Pune_0715484_021107_2007-11-02        42.05%    passed     83.95%
 180  A_Pune_0715485_021107_2007-11-02        42.05%    passed     83.95%
 181  A_Pune_076064_110607_2007-06-11         42.05%    passed     87.57%
 182  A_Pune_076175_180607_2007-06-18         42.05%    passed     87.57%
 183  A_Pune_076176_180607_2007-06-18         42.05%    passed     87.57%
 184  A_Pune_076178_180607_2007-06-18         42.05%    passed     87.57%
 185  A_Pune_077594_230707_2007-07-23         42.11%    passed     81.90%
 186  A_Pune_077595_230707_2007-07-23         42.11%    passed     84.46%
 187  A_Pune_077597_230707_2007-07-23         42.11%    passed     86.45%
 188  A_Pune_083571_290208_2008-02-29         42.05%    passed     88.05%
 189  A_Pune_1019850_050810_2010-08-05        42.05%    passed     98.17%
 190  A_Pune_1019858_060810_2010-08-06        42.05%    passed     98.17%
 191  A_Pune_1025246_300810_2010-08-30        42.05%    passed     98.17%
 192  A_Pune_1033310_181010_2010-10-18        42.05%    passed     97.82%
 193  A_Pune_1033404_181010_2010-10-18        42.05%    passed     97.82%
 194  A_Ratnagiri_0929644_021009_2009-10-02   42.05%    passed     98.55%
 195  A_SRI-LANKA_3_2010_2010-07-17            0.00%    passed     28.20%
 196  A_SRI-LANKA_7_2010_2010-05-25            0.00%    passed     27.68%
 197  A_SRI-LANKA_9_2009_2009-07-07            0.00%    passed     23.46%
 198  A_SRI-LANKA_9_2010_2010-05-19            0.00%    passed     26.29%
 199  A_Sri-Lanka_14_2008_2008-05-06           0.00%    passed     37.58%
 200  A_Sri-Lanka_22_2008_2008-06-03           0.00%    passed     37.13%
 201  A_Sri_Lanka_146_2005_2005-11-09         41.87%    passed     95.65%
 202  A_Sri_Lanka_23_2007_2007-05-30          41.17%    passed     98.53%
 203  A_VD_0916133_100809_2009-08-10          42.05%    passed     95.35%
 204  A_VD_0923277_150909_2009-09-15          42.05%    passed     94.33%
 205  A_Vellore_0713786_200107_2007-01-20     42.05%    passed     86.76%
 206  A_Vellore_0713788_300107_2007-01-30     42.05%    passed     86.76%
 207  A_Vellore_0713789_310107_2007-01-31     42.05%    passed     86.76%
 208  A_Vellore_0713790_010207_2007-02-01     42.05%    passed     86.76%
 209  A_Vellore_0713791_020207_2007-02-02     42.05%    passed     87.97%
 210  A_Vellore_0713793_140607_2007-06-14     42.05%    passed     86.76%
 211  A_Vellore_0810737_060308_2008-03-06     42.05%    passed     94.77%
 212  A_Vellore_0810738_100408_2008-04-10     42.05%    passed     92.34%
 213  A_Vellore_083883_110208_2008-02-11      42.05%    passed     90.00%
 214  A_Vellore_094402_061008_2008-10-06      47.53%    passed     87.07%
 215  A_Vellore_1039869_310809_2009-08-31     42.05%    passed     82.89%
 216  A_Vellore_1039878_170909_2009-09-17     42.05%    passed     92.61%
 217  BA-1164729_2003-05-06                   41.87%    passed     98.96%
 218  BA-141817-ORIGINAL_2005-05-30           41.87%    passed     96.62%
 219  BA-167113_2005-05-29                    41.87%    passed     98.31%
 220  BANGLADESH_1999_2006_2006-10-21         41.87%    passed     99.03%
 221  II-511132_2005-10-03                    41.87%    passed     92.90%
 222  NEPAL_1646_2004_2004-07-01              41.87%    passed     93.82%
 223  NEPAL_1659_2004_2004-07-02              41.87%    passed     96.66%
 224  NEPAL_1660_2004_2004-07-02              41.87%    passed     93.73%
 225  NEPAL_1670_2004_2004-07-02              41.87%    passed     97.88%
 226  NEPAL_1675_2004_2004-07-02              41.87%    passed     96.66%
 227  NEPAL_1678_2004_2004-07-02              41.87%    passed     94.95%
 228  NEPAL_1680_2004_2004-07-02              41.87%    passed     97.18%
 229  NEPAL_1702_2004_2004-07-03              41.87%    passed     96.66%
 230  NEPAL_921_2006_2006-07-11               41.87%    passed     97.53%
 231  NP-HC90997-ORIGINAL_2006-07-10          41.87%    passed     98.29%
 232  NP-HC91440-ORIGINAL_2006-07-10          41.87%    passed     95.83%
 233  NP-HC91445-ORIGINAL_2006-07-10          41.87%    passed     95.83%
****  TOTAL                                   34.84%  0 sequences failed composition chi2 test (p-value<5%; df=3)

Reading partition pos12 (model=HKY+G+F, aln=, seq=DNA, pos=1-1698\1,1-1698\2) ...
233 sequences and 2547 sites extracted

Reading partition pos3 (model=HKY+G+F, aln=, seq=DNA, pos=1-1698\3) ...
233 sequences and 566 sites extracted
Degree of missing data: 0.000

NOTE: 48 identical sequences (see below) will be ignored for subsequent analysis
NOTE: A_Pune_076064_110607_2007-06-11 (identical to A_Andaman_071559_021107_2007-11-02) is ignored but added at the end
NOTE: A_Pune_076175_180607_2007-06-18 (identical to A_Andaman_071559_021107_2007-11-02) is ignored but added at the end
NOTE: A_Pune_076176_180607_2007-06-18 (identical to A_Andaman_071559_021107_2007-11-02) is ignored but added at the end
NOTE: A_Pune_076178_180607_2007-06-18 (identical to A_Andaman_071559_021107_2007-11-02) is ignored but added at the end
NOTE: A_Chennai_0634983_091106_2006-11-09 (identical to A_Chennai_0634982_091106_2006-11-09) is ignored but added at the end
NOTE: A_Chennai_0817302_181108_2008-11-18 (identical to A_Chennai_0817271_131008_2008-10-13) is ignored but added at the end
NOTE: A_India_C0817268_2008_2008-10-06 (identical to A_Chennai_0817271_131008_2008-10-13) is ignored but added at the end
NOTE: A_Chennai_087876_250308_2008-03-25 (identical to A_Chennai_087867_260208_2008-02-26) is ignored but added at the end
NOTE: A_Chennai_087878_280308_2008-03-28 (identical to A_Chennai_087867_260208_2008-02-26) is ignored but added at the end
NOTE: A_Chennai_087879_310308_2008-03-31 (identical to A_Chennai_087867_260208_2008-02-26) is ignored but added at the end
NOTE: A_Chennai_087881_310308_2008-03-31 (identical to A_Chennai_087867_260208_2008-02-26) is ignored but added at the end
NOTE: A_India_C087863_2008_2008-01-07 (identical to A_Chennai_087867_260208_2008-02-26) is ignored but added at the end
NOTE: A_Chennai_087875_260308_2008-03-26 (identical to A_Chennai_087868_260208_2008-02-26) is ignored but added at the end
NOTE: A_Vellore_0810738_100408_2008-04-10 (identical to A_Chennai_087868_260208_2008-02-26) is ignored but added at the end
NOTE: A_Chennai_091336_231208_2008-12-23 (identical to A_Chennai_091335_151208_2008-12-15) is ignored but added at the end
NOTE: A_Chennai_091337_231208_2008-12-23 (identical to A_Chennai_091335_151208_2008-12-15) is ignored but added at the end
NOTE: A_India_D057066_2004_2004-12-17 (identical to A_Delhi_0612425_300106_2006-01-30) is ignored but added at the end
NOTE: A_Delhi_0635428_090606_2006-06-09 (identical to A_Delhi_0635427_100506_2006-05-10) is ignored but added at the end
NOTE: A_India_D0612416_2005_2005-12-07 (identical to A_Delhi_0635427_100506_2006-05-10) is ignored but added at the end
NOTE: A_Pune_0618976_230806_2006-08-23 (identical to A_Delhi_0635431_190706_2006-07-19) is ignored but added at the end
NOTE: A_Delhi_0914870_300409_2009-04-30 (identical to A_Delhi_0914868_290409_2009-04-29) is ignored but added at the end
NOTE: A_Delhi_0942715_160709_2009-07-16 (identical to A_Delhi_0920487_140709_2009-07-14) is ignored but added at the end
NOTE: A_Delhi_0942716_160709_2009-07-16 (identical to A_Delhi_0920487_140709_2009-07-14) is ignored but added at the end
NOTE: A_Delhi_0942726_270709_2009-07-27 (identical to A_Delhi_0920487_140709_2009-07-14) is ignored but added at the end
NOTE: A_Delhi_0942728_310709_2009-07-31 (identical to A_Delhi_0920487_140709_2009-07-14) is ignored but added at the end
NOTE: A_Delhi_0942735_040809_2009-08-04 (identical to A_Delhi_0920487_140709_2009-07-14) is ignored but added at the end
NOTE: A_Delhi_0942750_180809_2009-08-18 (identical to A_Delhi_0920487_140709_2009-07-14) is ignored but added at the end
NOTE: A_Delhi_0942756_200809_2009-08-20 (identical to A_Delhi_0920487_140709_2009-07-14) is ignored but added at the end
NOTE: A_Kolkutta_0954407_220609_2009-06-22 (identical to A_Delhi_0920487_140709_2009-07-14) is ignored but added at the end
NOTE: A_Kolkutta_0954413_120809_2009-08-12 (identical to A_Delhi_0920487_140709_2009-07-14) is ignored but added at the end
NOTE: A_VD_0916133_100809_2009-08-10 (identical to A_Delhi_0920487_140709_2009-07-14) is ignored but added at the end
NOTE: A_India_3489_2010_2010-10-25 (identical to A_India_3254_2010_2010-10-18) is ignored but added at the end
NOTE: A_Vellore_0713786_200107_2007-01-20 (identical to A_India_K0713778_2007_2007-07-23) is ignored but added at the end
NOTE: A_Vellore_0713788_300107_2007-01-30 (identical to A_India_K0713778_2007_2007-07-23) is ignored but added at the end
NOTE: A_Vellore_0713789_310107_2007-01-31 (identical to A_India_K0713778_2007_2007-07-23) is ignored but added at the end
NOTE: A_Vellore_0713790_010207_2007-02-01 (identical to A_India_K0713778_2007_2007-07-23) is ignored but added at the end
NOTE: A_Vellore_0713793_140607_2007-06-14 (identical to A_India_K0713778_2007_2007-07-23) is ignored but added at the end
NOTE: A_Pune_077597_230707_2007-07-23 (identical to A_India_N075663_2007_2007-03-06) is ignored but added at the end
NOTE: A_Nanded_190809_040810_2010-08-04 (identical to A_Latur_1020759_090810_2010-08-09) is ignored but added at the end
NOTE: A_Pune_1019850_050810_2010-08-05 (identical to A_Latur_1020759_090810_2010-08-09) is ignored but added at the end
NOTE: A_Pune_1019858_060810_2010-08-06 (identical to A_Latur_1020759_090810_2010-08-09) is ignored but added at the end
NOTE: A_Pune_1025246_300810_2010-08-30 (identical to A_Latur_1020759_090810_2010-08-09) is ignored but added at the end
NOTE: A_Pune_1033310_181010_2010-10-18 (identical to A_Nashik_1034078_251010_2010-10-25) is ignored but added at the end
NOTE: A_Pune_1033404_181010_2010-10-18 (identical to A_Nashik_1034078_251010_2010-10-25) is ignored but added at the end
NOTE: A_Pach_083698_080308_2008-03-08 (identical to A_Pach_083665_080308_2008-03-08) is ignored but added at the end
NOTE: NEPAL_1675_2004_2004-07-02 (identical to NEPAL_1659_2004_2004-07-02) is ignored but added at the end
NOTE: NEPAL_1702_2004_2004-07-03 (identical to NEPAL_1659_2004_2004-07-02) is ignored but added at the end
NOTE: NP-HC91445-ORIGINAL_2006-07-10 (identical to NP-HC91440-ORIGINAL_2006-07-10) is ignored but added at the end

Create initial parsimony tree by phylogenetic likelihood library (PLL)... 0.020 seconds

NOTE: 13 MB RAM is required!
Estimate model parameters (epsilon = 0.100)
Initial log-likelihood: -11880.008
Current log-likelihood at step 1: -11856.894
Current log-likelihood at step 2: -11856.843
Partition-specific rates:  1.043 0.805
Parameters optimization took 1 rounds (0.258 sec)

--------------------------------------------------------------------
|             INITIALIZING CANDIDATE TREE SET                      |
--------------------------------------------------------------------
Computing ML distances based on estimated model parameters... 0.328 sec
Computing BIONJ tree...
0.025 seconds
Log-likelihood of BIONJ tree: -11894.234
Generating 98 parsimony trees... 2.791 seconds 100 distinct starting trees
Computing log-likelihood of 100 initial trees ... 6.214 seconds
Optimizing top 20 initial trees with NNI...
Iteration 1 / LogL: -11841.893 / Time: 0h:0m:10s
Estimate model parameters (epsilon = 0.100)
Initial log-likelihood: -11841.893
Current log-likelihood at step 1: -11841.878
Parameters optimization took 0 rounds (0.074 sec)

BETTER TREE FOUND at iteration 1: -11841.878
Iteration 2 / LogL: -11840.294 / Time: 0h:0m:10s
Estimate model parameters (epsilon = 0.100)
Initial log-likelihood: -11840.294
Current log-likelihood at step 1: -11840.292
Parameters optimization took 0 rounds (0.074 sec)

BETTER TREE FOUND at iteration 2: -11840.292
Iteration 3 / LogL: -11842.145 / Time: 0h:0m:10s
Iteration 4 / LogL: -11844.269 / Time: 0h:0m:11s
Iteration 5 / LogL: -11844.820 / Time: 0h:0m:11s
Iteration 6 / LogL: -11842.978 / Time: 0h:0m:11s
Iteration 7 / LogL: -11842.115 / Time: 0h:0m:11s
Iteration 8 / LogL: -11842.353 / Time: 0h:0m:12s
Iteration 9 / LogL: -11843.094 / Time: 0h:0m:12s
Iteration 10 / LogL: -11844.812 / Time: 0h:0m:12s
Iteration 11 / LogL: -11845.792 / Time: 0h:0m:12s
Iteration 12 / LogL: -11842.782 / Time: 0h:0m:12s
Iteration 13 / LogL: -11843.288 / Time: 0h:0m:13s
Iteration 14 / LogL: -11846.084 / Time: 0h:0m:13s
Iteration 15 / LogL: -11845.730 / Time: 0h:0m:13s
Iteration 16 / LogL: -11845.257 / Time: 0h:0m:13s
Iteration 17 / LogL: -11842.132 / Time: 0h:0m:14s
Iteration 18 / LogL: -11847.265 / Time: 0h:0m:14s
Iteration 19 / LogL: -11843.854 / Time: 0h:0m:14s
Iteration 20 / LogL: -11844.190 / Time: 0h:0m:14s
Average CPU time for 1 NNI search: 0.491
Finish initializing candidate tree set. Number of distinct locally optimal trees: 20
Current best tree score: -11840.292 / CPU time: 25.296
--------------------------------------------------------------------
|               OPTIMIZING CANDIDATE TREE SET                      |
--------------------------------------------------------------------
Estimate model parameters (epsilon = 0.010)
Initial log-likelihood: -11839.984
Current log-likelihood at step 1: -11839.983
Parameters optimization took 0 rounds (0.080 sec)

BETTER TREE FOUND at iteration 25: -11839.983
Iteration 30 / LogL: -11872.098 / Time: 0h:0m:19s (0h:1m:4s left)
Iteration 40 / LogL: -11877.212 / Time: 0h:0m:24s (0h:0m:53s left)
Iteration 50 / LogL: -11864.460 / Time: 0h:0m:29s (0h:0m:45s left)
Iteration 60 / LogL: -11880.587 / Time: 0h:0m:34s (0h:0m:38s left)
Iteration 70 / LogL: -11892.538 / Time: 0h:0m:40s (0h:0m:31s left)
Iteration 80 / LogL: -11879.179 / Time: 0h:0m:45s (0h:0m:25s left)
Iteration 90 / LogL: -11872.285 / Time: 0h:0m:50s (0h:0m:19s left)
Iteration 100 / LogL: -12004.918 / Time: 0h:0m:55s (0h:0m:13s left)
Iteration 110 / LogL: -11862.834 / Time: 0h:1m:0s (0h:0m:8s left)
Iteration 120 / LogL: -11867.590 / Time: 0h:1m:5s (0h:0m:2s left)
TREE SEARCH COMPLETED AFTER 125 ITERATIONS / Time: 0h:1m:8s

--------------------------------------------------------------------
|                    FINALIZING TREE SEARCH                        |
--------------------------------------------------------------------
Performs final model parameters optimization
Estimate model parameters (epsilon = 0.010)
Initial log-likelihood: -11839.982
Current log-likelihood at step 1: -11839.982
Partition-specific rates:  1.043 0.805
Parameters optimization took 0 rounds (0.082 sec)

BEST SCORE FOUND : -11839.982
Total tree length: 0.509

Total number of iterations: 125
CPU time used for tree search: 131.045 sec (0h:2m:11s)
Wall-clock time used for tree search: 67.627 sec (0h:1m:7s)
Total CPU time used: 132.666 sec (0h:2m:12s)
Total wall-clock time used: 68.545 sec (0h:1m:8s)

Analysis results written to: 
  IQ-TREE report:                India.iqtree
  Maximum-likelihood tree:       India.treefile
  Likelihood distances:          India.mldist
  Screen log file:               India.log

Date and Time: Wed Mar 30 16:12:38 2016
