IQ-TREE multicore version 1.4.0 for Mac OS X 64-bit built Mar  4 2016
Copyright (c) 2011-2015 Nguyen Lam Tung, Olga Chernomor, Arndt von Haeseler and Bui Quang Minh.

Host:    vetmac06.vet.cam.ac.uk (AVX, 64 GB RAM)
Command: iqtree-omp -s JapanKorea.fas -pre JapanKorea -spp srd06.nex -nt 2
Seed:    712919 (Using SPRNG - Scalable Parallel Random Number Generator)
Time:    Wed Mar 30 16:14:04 2016
Kernel:  AVX - 2 threads (16 CPU cores detected)

Reading partition model file srd06.nex ...
Reading alignment file JapanKorea.fas ... Fasta format detected
Alignment most likely contains DNA/RNA sequences
Alignment has 444 sequences with 1698 columns and 629 patterns (337 informative sites)
WARNING: Some sequence names are changed as follows:
A/AKITA/69/2002_2002-02-12 -> A_AKITA_69_2002_2002-02-12
A/Aichi/101/2008_2008-05-12 -> A_Aichi_101_2008_2008-05-12
A/Aichi/103/2008_2008-05-20 -> A_Aichi_103_2008_2008-05-20
A/Aichi/106/2008_2008-05-20 -> A_Aichi_106_2008_2008-05-20
A/Aichi/107/2008_2008-06-11 -> A_Aichi_107_2008_2008-06-11
A/Aichi/114/2008_2008-05-24 -> A_Aichi_114_2008_2008-05-24
A/Aichi/145/2005_2005-04-13 -> A_Aichi_145_2005_2005-04-13
A/Aichi/164/2005_2005-04-22 -> A_Aichi_164_2005_2005-04-22
A/Aichi/26/2007_2007-02-07 -> A_Aichi_26_2007_2007-02-07
A/Aichi/3/2007_2007-01-06 -> A_Aichi_3_2007_2007-01-06
A/Aichi/32/2008_2008-01-12 -> A_Aichi_32_2008_2008-01-12
A/Aichi/49/2007_2007-03-17 -> A_Aichi_49_2007_2007-03-17
A/Aichi/64/2007_2007-04-07 -> A_Aichi_64_2007_2007-04-07
A/Aichi/66/2007_2007-03-25 -> A_Aichi_66_2007_2007-03-25
A/Aichi/67/2007_2007-03-29 -> A_Aichi_67_2007_2007-03-29
A/Aichi/68/2007_2007-04-11 -> A_Aichi_68_2007_2007-04-11
A/Aichi/69/2007_2007-04-27 -> A_Aichi_69_2007_2007-04-27
A/Aichi/70/2007_2007-05-03 -> A_Aichi_70_2007_2007-05-03
A/Aichi/72/2007_2007-05-04 -> A_Aichi_72_2007_2007-05-04
A/Aichi/73/2008_2008-02-29 -> A_Aichi_73_2008_2008-02-29
A/Aichi/75/2008_2008-02-18 -> A_Aichi_75_2008_2008-02-18
A/Aichi/77/2008_2008-02-28 -> A_Aichi_77_2008_2008-02-28
A/Aichi/78/2007_2007-05-14 -> A_Aichi_78_2007_2007-05-14
A/Aichi/8/2007_2007-01-15 -> A_Aichi_8_2007_2007-01-15
A/Aichi/80/2007_2007-09-13 -> A_Aichi_80_2007_2007-09-13
A/Aichi/91/2008_2008-03-12 -> A_Aichi_91_2008_2008-03-12
A/Aichi/97/2008_2008-04-17 -> A_Aichi_97_2008_2008-04-17
A/Busan/11/2001_2001-01-22 -> A_Busan_11_2001_2001-01-22
A/Busan/16/2001_2001-02-08 -> A_Busan_16_2001_2001-02-08
A/Busan/2368/2010_2010-09-14 -> A_Busan_2368_2010_2010-09-14
A/Busan/283/2008_2008-01-09 -> A_Busan_283_2008_2008-01-09
A/Busan/4297/2008_2008-05-22 -> A_Busan_4297_2008_2008-05-22
A/Busan/44/2001_2001-02-22 -> A_Busan_44_2001_2001-02-22
A/Busan/71/2001_2001-02-22 -> A_Busan_71_2001_2001-02-22
A/Busan/805/2004_2004-03-31 -> A_Busan_805_2004_2004-03-31
A/Cheongju/H380/2007_2007-09-19 -> A_Cheongju_H380_2007_2007-09-19
A/Cheongju/H393/2007_2007-11-21 -> A_Cheongju_H393_2007_2007-11-21
A/Cheongju/H397/2008_2008-01-10 -> A_Cheongju_H397_2008_2008-01-10
A/Cheongju/H412/2008_2008-02-19 -> A_Cheongju_H412_2008_2008-02-19
A/Cheongju/H471/2008_2008-02-28 -> A_Cheongju_H471_2008_2008-02-28
A/Chungbuk/1469/2007_2007-01-02 -> A_Chungbuk_1469_2007_2007-01-02
A/Chungbuk/1471/2007_2007-01-02 -> A_Chungbuk_1471_2007_2007-01-02
A/Chungbuk/4137/2008_2008-04-12 -> A_Chungbuk_4137_2008_2008-04-12
A/Chungnam/1463/2007_2007-01-02 -> A_Chungnam_1463_2007_2007-01-02
A/Chungnam/1902/2007_2007-01-16 -> A_Chungnam_1902_2007_2007-01-16
A/Chungnam/1929/2007_2007-01-20 -> A_Chungnam_1929_2007_2007-01-20
A/Chungnam/2288/2007_2007-01-22 -> A_Chungnam_2288_2007_2007-01-22
A/Chungnam/2377/2010_2010-09-29 -> A_Chungnam_2377_2010_2010-09-29
A/Chungnam/271/2002_2002-11-22 -> A_Chungnam_271_2002_2002-11-22
A/Daegu/1755/2007_2007-01-09 -> A_Daegu_1755_2007_2007-01-09
A/Daegu/1771/2004_2004-12-02 -> A_Daegu_1771_2004_2004-12-02
A/Daegu/1783/2007_2007-01-12 -> A_Daegu_1783_2007_2007-01-12
A/Daegu/1857/2004_2004-12-20 -> A_Daegu_1857_2004_2004-12-20
A/Daegu/24/2001_2001-02-12 -> A_Daegu_24_2001_2001-02-12
A/Daegu/24/2005_2005-01-04 -> A_Daegu_24_2005_2005-01-04
A/Daegu/277/2004_2004-03-08 -> A_Daegu_277_2004_2004-03-08
A/Daegu/4165/2008_2008-04-10 -> A_Daegu_4165_2008_2008-04-10
A/Daegu/56/2001_2001-03-10 -> A_Daegu_56_2001_2001-03-10
A/Daegu/58/2001_2001-03-06 -> A_Daegu_58_2001_2001-03-06
A/Daegu/626/2004_2004-03-22 -> A_Daegu_626_2004_2004-03-22
A/Daegu/826/2004_2004-04-03 -> A_Daegu_826_2004_2004-04-03
A/Daejeon/2419/2007_2007-02-01 -> A_Daejeon_2419_2007_2007-02-01
A/Deajeon/2943/2010_2010-12-15 -> A_Deajeon_2943_2010_2010-12-15
A/EHIME/39/2010_2010-11-01 -> A_EHIME_39_2010_2010-11-01
A/EHIME/47/2002_2002-01-24 -> A_EHIME_47_2002_2002-01-24
A/FUKUOKA/15/2002_2002-02-23 -> A_FUKUOKA_15_2002_2002-02-23
A/FUKUSHIMA/127/2001_2001-03-14 -> A_FUKUSHIMA_127_2001_2001-03-14
A/FUKUSHIMA/129/2010_2010-11-29 -> A_FUKUSHIMA_129_2010_2010-11-29
A/FUKUSHIMA/180/2001_2001-12-12 -> A_FUKUSHIMA_180_2001_2001-12-12
A/Fukuoka/F16/2006_2006-01-20 -> A_Fukuoka_F16_2006_2006-01-20
A/Fukuoka/F17/2006_2006-01-20 -> A_Fukuoka_F17_2006_2006-01-20
A/Fukuoka/F19/2006_2006-01-21 -> A_Fukuoka_F19_2006_2006-01-21
A/Fukuoka/F20/2006_2006-01-24 -> A_Fukuoka_F20_2006_2006-01-24
A/Fukuoka/F220/2006_2006-02-18 -> A_Fukuoka_F220_2006_2006-02-18
A/Fukuoka/F23/2006_2006-01-24 -> A_Fukuoka_F23_2006_2006-01-24
A/Fukuoka/F257/2006_2006-03-09 -> A_Fukuoka_F257_2006_2006-03-09
A/Fukuoka/F269/2006_2006-03-10 -> A_Fukuoka_F269_2006_2006-03-10
A/Fukuoka/F44/2006_2006-02-06 -> A_Fukuoka_F44_2006_2006-02-06
A/Fukuoka/F484/2005_2005-12-15 -> A_Fukuoka_F484_2005_2005-12-15
A/Fukuoka/F488/2005_2005-12-21 -> A_Fukuoka_F488_2005_2005-12-21
A/Fukuoka/F489/2005_2005-12-20 -> A_Fukuoka_F489_2005_2005-12-20
A/Fukuoka/F49/2006_2006-02-07 -> A_Fukuoka_F49_2006_2006-02-07
A/Fukuoka/F52/2006_2006-02-10 -> A_Fukuoka_F52_2006_2006-02-10
A/GUNMA/178/2001_2001-12-26 -> A_GUNMA_178_2001_2001-12-26
A/Gangwon/1954/2007_2007-01-17 -> A_Gangwon_1954_2007_2007-01-17
A/Gangwon/2342/2008_2008-03-05 -> A_Gangwon_2342_2008_2008-03-05
A/Gangwon/2365/2010_2010-09-04 -> A_Gangwon_2365_2010_2010-09-04
A/Gunma/10G001/2011_2011-01-12 -> A_Gunma_10G001_2011_2011-01-12
A/Gunma/10G009/2011_2011-01-24 -> A_Gunma_10G009_2011_2011-01-24
A/Gunma/10G024/2011_2011-02-05 -> A_Gunma_10G024_2011_2011-02-05
A/Gunma/10G028/2011_2011-02-09 -> A_Gunma_10G028_2011_2011-02-09
A/Gunma/10G041/2011_2011-02-26 -> A_Gunma_10G041_2011_2011-02-26
A/Gunma/10G045/2011_2011-03-11 -> A_Gunma_10G045_2011_2011-03-11
A/Gunma/K1/2006_2006-03-02 -> A_Gunma_K1_2006_2006-03-02
A/Gunma/K3/2006_2006-03-03 -> A_Gunma_K3_2006_2006-03-03
A/Gunma/K7/2006_2006-03-11 -> A_Gunma_K7_2006_2006-03-11
A/Gunma/K8/2006_2006-03-13 -> A_Gunma_K8_2006_2006-03-13
A/Gwangju/2698/2007_2007-02-12 -> A_Gwangju_2698_2007_2007-02-12
A/Gwangju/560/2004_2004-03-22 -> A_Gwangju_560_2004_2004-03-22
A/Gyeongbuk/1258/2007_2007-01-02 -> A_Gyeongbuk_1258_2007_2007-01-02
A/Gyeonggi/1272/2005_2005-12-28 -> A_Gyeonggi_1272_2005_2005-12-28
A/Gyeonggi/1995/2007_2007-01-15 -> A_Gyeonggi_1995_2007_2007-01-15
A/Gyeongnam/1861/2004_2004-12-27 -> A_Gyeongnam_1861_2004_2004-12-27
A/Gyeongnam/199/2005_2005-01-31 -> A_Gyeongnam_199_2005_2005-01-31
A/Gyeongnam/2406/2008_2008-03-05 -> A_Gyeongnam_2406_2008_2008-03-05
A/Gyeongnam/4506/2007_2007-11-19 -> A_Gyeongnam_4506_2007_2007-11-19
A/Gyeongnam/588/2008_2008-01-14 -> A_Gyeongnam_588_2008_2008-01-14
A/Gyeongnam/7/2005_2005-01-06 -> A_Gyeongnam_7_2005_2005-01-06
A/Gyeongnam/717/2004_2004-03-22 -> A_Gyeongnam_717_2004_2004-03-22
A/Gyeongnam/795/2005_2005-12-02 -> A_Gyeongnam_795_2005_2005-12-02
A/HIROSHIMA-C/1/2001_2001-01-23 -> A_HIROSHIMA-C_1_2001_2001-01-23
A/HIROSHIMA/253/2000_2000-09-04 -> A_HIROSHIMA_253_2000_2000-09-04
A/HIROSHIMA/54/2010_2010-12-15 -> A_HIROSHIMA_54_2010_2010-12-15
A/HIROSHIMA/56/2010_2010-12-22 -> A_HIROSHIMA_56_2010_2010-12-22
A/HIROSHIMA/66/2002_2002-01-07 -> A_HIROSHIMA_66_2002_2002-01-07
A/HOKKAIDO/19416/2010_2010-11-01 -> A_HOKKAIDO_19416_2010_2010-11-01
A/HYOGO/3/2002_2002-01-09 -> A_HYOGO_3_2002_2002-01-09
A/HYOGO/4004/2010_2010-12-14 -> A_HYOGO_4004_2010_2010-12-14
A/Hokkaido/10H007/2010_2010-12-20 -> A_Hokkaido_10H007_2010_2010-12-20
A/Hokkaido/10H014/2010_2010-12-21 -> A_Hokkaido_10H014_2010_2010-12-21
A/Hokkaido/10H019/2010_2010-12-24 -> A_Hokkaido_10H019_2010_2010-12-24
A/Hokkaido/10H029/2011_2011-01-11 -> A_Hokkaido_10H029_2011_2011-01-11
A/Hokkaido/10H039/2011_2011-01-31 -> A_Hokkaido_10H039_2011_2011-01-31
A/Hokkaido/10H060/2011_2011-02-07 -> A_Hokkaido_10H060_2011_2011-02-07
A/Hokkaido/10H079/2011_2011-02-21 -> A_Hokkaido_10H079_2011_2011-02-21
A/Hyogo/10K026/2011_2011-01-12 -> A_Hyogo_10K026_2011_2011-01-12
A/Hyogo/10K034/2011_2011-01-17 -> A_Hyogo_10K034_2011_2011-01-17
A/Hyogo/10K300/2011_2011-02-10 -> A_Hyogo_10K300_2011_2011-02-10
A/Hyogo/10K311/2011_2011-02-14 -> A_Hyogo_10K311_2011_2011-02-14
A/IWATE/37/2010_2010-10-05 -> A_IWATE_37_2010_2010-10-05
A/Incheon/1356/2007_2007-01-02 -> A_Incheon_1356_2007_2007-01-02
A/Incheon/1591/2007_2007-01-12 -> A_Incheon_1591_2007_2007-01-12
A/Incheon/1598/2007_2007-01-13 -> A_Incheon_1598_2007_2007-01-13
A/Incheon/2384/2010_2010-12-20 -> A_Incheon_2384_2010_2010-12-20
A/Incheon/241/2006_2006-02-06 -> A_Incheon_241_2006_2006-02-06
A/Incheon/4274/2008_2008-05-13 -> A_Incheon_4274_2008_2008-05-13
A/Incheon/707/2004_2004-03-27 -> A_Incheon_707_2004_2004-03-27
A/Incheon/97/2005_2005-01-15 -> A_Incheon_97_2005_2005-01-15
A/Japan/26/2009_2009-02-06 -> A_Japan_26_2009_2009-02-06
A/Japan/2974/2012_2012-03-21 -> A_Japan_2974_2012_2012-03-21
A/Japan/2981/2012_2012-03-13 -> A_Japan_2981_2012_2012-03-13
A/Japan/3003/2012_2012-04-02 -> A_Japan_3003_2012_2012-04-02
A/Japan/3004/2012_2012-03-30 -> A_Japan_3004_2012_2012-03-30
A/Japan/3018/2012_2012-04-16 -> A_Japan_3018_2012_2012-04-16
A/Japan/3021/2012_2012-02-28 -> A_Japan_3021_2012_2012-02-28
A/Japan/3025/2012_2012-03-02 -> A_Japan_3025_2012_2012-03-02
A/Japan/51/2009_2009-02-09 -> A_Japan_51_2009_2009-02-09
A/Japan/688/2007_2007-02-25 -> A_Japan_688_2007_2007-02-25
A/Japan/7626/2007_2007-02-25 -> A_Japan_7626_2007_2007-02-25
A/Japan/765/2008_2008-01-28 -> A_Japan_765_2008_2008-01-28
A/Japan/7743/2007_2007-03-04 -> A_Japan_7743_2007_2007-03-04
A/Japan/7814/2007_2007-03-04 -> A_Japan_7814_2007_2007-03-04
A/Japan/AF1456/2008_2008-03-17 -> A_Japan_AF1456_2008_2008-03-17
A/Japan/AF1459/2008_2008-04-01 -> A_Japan_AF1459_2008_2008-04-01
A/Japan/AF2158/2009_2009-11-13 -> A_Japan_AF2158_2009_2009-11-13
A/Japan/AF2772/2011_2011-12-20 -> A_Japan_AF2772_2011_2011-12-20
A/Japan/AF2777/2012_2012-01-21 -> A_Japan_AF2777_2012_2012-01-21
A/Japan/AF2778/2012_2012-01-12 -> A_Japan_AF2778_2012_2012-01-12
A/Japan/AF2779/2012_2012-01-13 -> A_Japan_AF2779_2012_2012-01-13
A/Japan/AF2813/2012_2012-01-31 -> A_Japan_AF2813_2012_2012-01-31
A/Japan/AF2817/2012_2012-01-31 -> A_Japan_AF2817_2012_2012-01-31
A/Japan/AF2818/2012_2012-01-17 -> A_Japan_AF2818_2012_2012-01-17
A/Japan/AF2826/2012_2012-02-06 -> A_Japan_AF2826_2012_2012-02-06
A/Japan/AF2846/2012_2012-02-14 -> A_Japan_AF2846_2012_2012-02-14
A/Japan/AF2847/2012_2012-02-15 -> A_Japan_AF2847_2012_2012-02-15
A/Japan/AF2849/2012_2012-02-20 -> A_Japan_AF2849_2012_2012-02-20
A/Japan/AF2850/2012_2012-02-26 -> A_Japan_AF2850_2012_2012-02-26
A/Japan/WRAIR1037P/2009_2009-01-09 -> A_Japan_WRAIR1037P_2009_2009-01-09
A/Japan/WRAIR1059P/2008_2008-05-11 -> A_Japan_WRAIR1059P_2008_2008-05-11
A/Japan/WRAIR1140P/2009_2009-02-09 -> A_Japan_WRAIR1140P_2009_2009-02-09
A/Jeju/1965/2007_2007-01-15 -> A_Jeju_1965_2007_2007-01-15
A/Jeju/1984/2007_2007-01-19 -> A_Jeju_1984_2007_2007-01-19
A/Jeonbuk/1165/2004_2004-11-03 -> A_Jeonbuk_1165_2004_2004-11-03
A/Jeonbuk/1657/2007_2007-01-13 -> A_Jeonbuk_1657_2007_2007-01-13
A/Jeonbuk/1713/2004_2004-11-02 -> A_Jeonbuk_1713_2004_2004-11-02
A/Jeonbuk/2165/2007_2007-01-18 -> A_Jeonbuk_2165_2007_2007-01-18
A/Jeonbuk/2214/2007_2007-01-25 -> A_Jeonbuk_2214_2007_2007-01-25
A/Jeonbuk/2217/2007_2007-01-21 -> A_Jeonbuk_2217_2007_2007-01-21
A/Jeonbuk/445/2005_2005-04-04 -> A_Jeonbuk_445_2005_2005-04-04
A/Jochiwon/04/2001_2001-01-26 -> A_Jochiwon_04_2001_2001-01-26
A/KANAGAWA/79/2010_2010-11-17 -> A_KANAGAWA_79_2010_2010-11-17
A/KOBE/419/2010_2010-12-20 -> A_KOBE_419_2010_2010-12-20
A/KOCHI/160/2002_2002-04-01 -> A_KOCHI_160_2002_2002-04-01
A/KOCHI/3/2002_2002-01-07 -> A_KOCHI_3_2002_2002-01-07
A/KOCHI/499/2001_2001-12-20 -> A_KOCHI_499_2001_2001-12-20
A/KOCHI/59/2010_2010-10-20 -> A_KOCHI_59_2010_2010-10-20
A/KOREA/2623/2000_2000-05-10 -> A_KOREA_2623_2000_2000-05-10
A/KOREA/320/2000_2000-01-09 -> A_KOREA_320_2000_2000-01-09
A/KUMAMOTO/34/2010_2010-11-29 -> A_KUMAMOTO_34_2010_2010-11-29
A/KUMAMOTO/40/2010_2010-12-13 -> A_KUMAMOTO_40_2010_2010-12-13
A/KUMAMOTO/9/2002_2002-01-29 -> A_KUMAMOTO_9_2002_2002-01-29
A/Korea/122/2007_2007-01-07 -> A_Korea_122_2007_2007-01-07
A/Korea/2970/2012_2012-03-01 -> A_Korea_2970_2012_2012-03-01
A/Korea/5991/2009_2009-05-11 -> A_Korea_5991_2009_2009-05-11
A/Korea/770/2002_2002-12-02 -> A_Korea_770_2002_2002-12-02
A/Korea/7719/2008_2008-12-08 -> A_Korea_7719_2008_2008-12-08
A/Korea/7723/2008_2008-12-09 -> A_Korea_7723_2008_2008-12-09
A/Korea/7858/2008_2008-12-13 -> A_Korea_7858_2008_2008-12-13
A/Korea/AF05/2008_2008-02-19 -> A_Korea_AF05_2008_2008-02-19
A/Korea/AF1588/2008_2008-02-11 -> A_Korea_AF1588_2008_2008-02-11
A/Korea/AF1589/2008_2008-02-19 -> A_Korea_AF1589_2008_2008-02-19
A/Korea/AF1590/2008_2008-02-25 -> A_Korea_AF1590_2008_2008-02-25
A/Korea/AF1591/2008_2008-03-18 -> A_Korea_AF1591_2008_2008-03-18
A/Korea/AF1592/2008_2008-03-22 -> A_Korea_AF1592_2008_2008-03-22
A/Korea/AF1698/2008_2008-02-12 -> A_Korea_AF1698_2008_2008-02-12
A/Korea/AF1728/2008_2008-02-27 -> A_Korea_AF1728_2008_2008-02-27
A/Korea/AF1803/2008_2008-02-11 -> A_Korea_AF1803_2008_2008-02-11
A/Korea/AF1826/2008_2008-05-13 -> A_Korea_AF1826_2008_2008-05-13
A/Korea/AF2686/2010_2010-10-08 -> A_Korea_AF2686_2010_2010-10-08
A/Korea/AF2706/2010_2010-12-21 -> A_Korea_AF2706_2010_2010-12-21
A/Korea/AF2707/2011_2011-01-02 -> A_Korea_AF2707_2011_2011-01-02
A/Korea/AF2708/2011_2011-01-07 -> A_Korea_AF2708_2011_2011-01-07
A/Korea/AF2709/2011_2011-01-07 -> A_Korea_AF2709_2011_2011-01-07
A/Korea/AF2781/2012_2012-01-24 -> A_Korea_AF2781_2012_2012-01-24
A/Korea/AF2782/2012_2012-01-11 -> A_Korea_AF2782_2012_2012-01-11
A/Korea/AF2784/2012_2012-01-19 -> A_Korea_AF2784_2012_2012-01-19
A/Korea/AF2785/2012_2012-01-20 -> A_Korea_AF2785_2012_2012-01-20
A/Korea/AF2808/2012_2012-01-24 -> A_Korea_AF2808_2012_2012-01-24
A/Korea/AF2827/2012_2012-02-09 -> A_Korea_AF2827_2012_2012-02-09
A/Korea/AF2835/2012_2012-01-31 -> A_Korea_AF2835_2012_2012-01-31
A/Korea/AF2836/2012_2012-01-24 -> A_Korea_AF2836_2012_2012-01-24
A/Korea/AF2856/2012_2012-02-21 -> A_Korea_AF2856_2012_2012-02-21
A/Korea/WRAIR1038P/2009_2009-04-09 -> A_Korea_WRAIR1038P_2009_2009-04-09
A/Kyoto/10K207/2011_2011-01-31 -> A_Kyoto_10K207_2011_2011-01-31
A/Kyoto/10K379/2011_2011-02-18 -> A_Kyoto_10K379_2011_2011-02-18
A/Kyoto/10K384/2011_2011-02-22 -> A_Kyoto_10K384_2011_2011-02-22
A/Kyoto/10K464/2011_2011-02-09 -> A_Kyoto_10K464_2011_2011-02-09
A/Kyoto/10K467/2011_2011-02-17 -> A_Kyoto_10K467_2011_2011-02-17
A/Kyoto/10K468/2011_2011-02-19 -> A_Kyoto_10K468_2011_2011-02-19
A/Kyoto/10K471/2011_2011-02-26 -> A_Kyoto_10K471_2011_2011-02-26
A/Kyoto/10K473/2011_2011-03-04 -> A_Kyoto_10K473_2011_2011-03-04
A/MIYAZAKI/27/2010_2010-10-20 -> A_MIYAZAKI_27_2010_2010-10-20
A/Miyagi/N1220/2005_2005-12-07 -> A_Miyagi_N1220_2005_2005-12-07
A/Miyagi/N1269/2005_2005-12-16 -> A_Miyagi_N1269_2005_2005-12-16
A/Miyagi/N1289/2005_2005-12-20 -> A_Miyagi_N1289_2005_2005-12-20
A/Miyagi/S125/2006_2006-01-14 -> A_Miyagi_S125_2006_2006-01-14
A/Miyagi/S127/2006_2006-01-14 -> A_Miyagi_S127_2006_2006-01-14
A/Miyagi/S129/2006_2006-01-14 -> A_Miyagi_S129_2006_2006-01-14
A/Miyagi/S130/2006_2006-01-14 -> A_Miyagi_S130_2006_2006-01-14
A/Miyagi/S131/2006_2006-01-14 -> A_Miyagi_S131_2006_2006-01-14
A/Miyagi/S516/2006_2006-02-07 -> A_Miyagi_S516_2006_2006-02-07
A/Miyagi/S520/2006_2006-02-08 -> A_Miyagi_S520_2006_2006-02-08
A/Miyagi/S521/2006_2006-02-08 -> A_Miyagi_S521_2006_2006-02-08
A/Miyagi/S523/2006_2006-02-08 -> A_Miyagi_S523_2006_2006-02-08
A/Miyagi/S524/2006_2006-02-08 -> A_Miyagi_S524_2006_2006-02-08
A/Miyagi/S704/2006_2006-03-01 -> A_Miyagi_S704_2006_2006-03-01
A/Miyagi/S707/2006_2006-03-02 -> A_Miyagi_S707_2006_2006-03-02
A/Miyagi/S709/2006_2006-03-06 -> A_Miyagi_S709_2006_2006-03-06
A/Miyagi/S736/2006_2006-03-09 -> A_Miyagi_S736_2006_2006-03-09
A/Miyagi/S793/2006_2006-03-22 -> A_Miyagi_S793_2006_2006-03-22
A/Morioka/17/2006_2006-02-03 -> A_Morioka_17_2006_2006-02-03
A/Morioka/18/2006_2006-02-06 -> A_Morioka_18_2006_2006-02-06
A/Morioka/22/2006_2006-02-08 -> A_Morioka_22_2006_2006-02-08
A/Morioka/34/2002_2002-02-25 -> A_Morioka_34_2002_2002-02-25
A/Morioka/35/2005_2005-03-16 -> A_Morioka_35_2005_2005-03-16
A/Morioka/52/2002_2002-03-01 -> A_Morioka_52_2002_2002-03-01
A/NARA/3/2001_2001-01-10 -> A_NARA_3_2001_2001-01-10
A/NIIGATA/1204/2004_2004-07-12 -> A_NIIGATA_1204_2004_2004-07-12
A/NIIGATA/2743/2000_2000-12-13 -> A_NIIGATA_2743_2000_2000-12-13
A/Nagasaki/10N001/2010_2010-12-14 -> A_Nagasaki_10N001_2010_2010-12-14
A/Nagasaki/10N004/2010_2010-12-28 -> A_Nagasaki_10N004_2010_2010-12-28
A/Nagasaki/10N033/2011_2011-01-22 -> A_Nagasaki_10N033_2011_2011-01-22
A/Nagasaki/10N035/2011_2011-01-24 -> A_Nagasaki_10N035_2011_2011-01-24
A/Nagasaki/10N053/2011_2011-02-04 -> A_Nagasaki_10N053_2011_2011-02-04
A/Nagasaki/10N080/2011_2011-02-15 -> A_Nagasaki_10N080_2011_2011-02-15
A/Nagasaki/10N090/2011_2011-02-25 -> A_Nagasaki_10N090_2011_2011-02-25
A/Nagasaki/N01/2005_2005-09-17 -> A_Nagasaki_N01_2005_2005-09-17
A/Nagasaki/N07/2005_2005-12-27 -> A_Nagasaki_N07_2005_2005-12-27
A/Nagasaki/N131/2006_2006-02-07 -> A_Nagasaki_N131_2006_2006-02-07
A/Nagasaki/N44/2006_2006-01-07 -> A_Nagasaki_N44_2006_2006-01-07
A/Niigata/10F004/2011_2011-01-14 -> A_Niigata_10F004_2011_2011-01-14
A/Niigata/10F079/2011_2011-01-24 -> A_Niigata_10F079_2011_2011-01-24
A/Niigata/10F271/2011_2011-02-03 -> A_Niigata_10F271_2011_2011-02-03
A/Niigata/10F492/2011_2011-02-22 -> A_Niigata_10F492_2011_2011-02-22
A/Niigata/1143/2010_2010-08-03 -> A_Niigata_1143_2010_2010-08-03
A/Niigata/1144/2010_2010-08-03 -> A_Niigata_1144_2010_2010-08-03
A/Niigata/1147/2010_2010-08-03 -> A_Niigata_1147_2010_2010-08-03
A/Niigata/1148/2010_2010-08-03 -> A_Niigata_1148_2010_2010-08-03
A/Niigata/1150/2010_2010-08-03 -> A_Niigata_1150_2010_2010-08-03
A/Niigata/F206/2006_2006-02-17 -> A_Niigata_F206_2006_2006-02-17
A/Niigata/F5/2006_2006-01-18 -> A_Niigata_F5_2006_2006-01-18
A/Niigata/F90/2006_2006-01-30 -> A_Niigata_F90_2006_2006-01-30
A/OKINAWA/207/2001_2001-10-22 -> A_OKINAWA_207_2001_2001-10-22
A/OSAKA/125/2001_2001-02-01 -> A_OSAKA_125_2001_2001-02-01
A/OSAKA/1803/2001_2001-12-08 -> A_OSAKA_1803_2001_2001-12-08
A/OSAKA/68/2001_2001-01-10 -> A_OSAKA_68_2001_2001-01-10
A/Okinawa/1/2007_2007-01-25 -> A_Okinawa_1_2007_2007-01-25
A/Okinawa/10/2003_2003-01-09 -> A_Okinawa_10_2003_2003-01-09
A/Okinawa/101/2007_2007-02-15 -> A_Okinawa_101_2007_2007-02-15
A/Okinawa/102/2007_2007-03-01 -> A_Okinawa_102_2007_2007-03-01
A/Okinawa/11/2007_2007-02-08 -> A_Okinawa_11_2007_2007-02-08
A/Okinawa/12/2005_2005-03-29 -> A_Okinawa_12_2005_2005-03-29
A/Okinawa/12/2007_2007-02-20 -> A_Okinawa_12_2007_2007-02-20
A/Okinawa/13/2006_2006-01-24 -> A_Okinawa_13_2006_2006-01-24
A/Okinawa/14/2005_2005-05-24 -> A_Okinawa_14_2005_2005-05-24
A/Okinawa/15/2003_2003-01-16 -> A_Okinawa_15_2003_2003-01-16
A/Okinawa/16/2002_2002-01-30 -> A_Okinawa_16_2002_2002-01-30
A/Okinawa/17/2003_2003-01-15 -> A_Okinawa_17_2003_2003-01-15
A/Okinawa/17/2007_2007-03-07 -> A_Okinawa_17_2007_2007-03-07
A/Okinawa/184/2001_2001-07-11 -> A_Okinawa_184_2001_2001-07-11
A/Okinawa/2/2004_2004-01-27 -> A_Okinawa_2_2004_2004-01-27
A/Okinawa/20/2005_2005-07-05 -> A_Okinawa_20_2005_2005-07-05
A/Okinawa/208/2001_2001-10-23 -> A_Okinawa_208_2001_2001-10-23
A/Okinawa/21/2007_2007-03-07 -> A_Okinawa_21_2007_2007-03-07
A/Okinawa/24/2004_2004-02-13 -> A_Okinawa_24_2004_2004-02-13
A/Okinawa/24/2005_2005-07-20 -> A_Okinawa_24_2005_2005-07-20
A/Okinawa/28/2003_2003-01-15 -> A_Okinawa_28_2003_2003-01-15
A/Okinawa/31/2002_2002-02-16 -> A_Okinawa_31_2002_2002-02-16
A/Okinawa/40/2002_2002-03-12 -> A_Okinawa_40_2002_2002-03-12
A/Okinawa/45/2002_2002-08-22 -> A_Okinawa_45_2002_2002-08-22
A/Okinawa/47/2002_2002-12-04 -> A_Okinawa_47_2002_2002-12-04
A/Okinawa/49/2003_2003-01-31 -> A_Okinawa_49_2003_2003-01-31
A/Okinawa/5/2001_2001-01-11 -> A_Okinawa_5_2001_2001-01-11
A/Okinawa/5/2003_2003-01-08 -> A_Okinawa_5_2003_2003-01-08
A/Okinawa/51/2003_2003-12-10 -> A_Okinawa_51_2003_2003-12-10
A/Okinawa/9/2004_2004-02-04 -> A_Okinawa_9_2004_2004-02-04
A/Okinawa/92/2001_2001-03-27 -> A_Okinawa_92_2001_2001-03-27
A/Osaka/10K337/2011_2011-02-01 -> A_Osaka_10K337_2011_2011-02-01
A/Osaka/10K357/2011_2011-02-10 -> A_Osaka_10K357_2011_2011-02-10
A/Osaka/10K359/2011_2011-02-14 -> A_Osaka_10K359_2011_2011-02-14
A/Osaka/10K361/2011_2011-02-15 -> A_Osaka_10K361_2011_2011-02-15
A/Osaka/72/2010_2010-10-18 -> A_Osaka_72_2010_2010-10-18
A/PUSAN/66/2001_2001-02-08 -> A_PUSAN_66_2001_2001-02-08
A/SAGA/1012/2010_2010-11-29 -> A_SAGA_1012_2010_2010-11-29
A/SAKAI/36/2010_2010-11-06 -> A_SAKAI_36_2010_2010-11-06
A/SAPPORO/110/2010_2010-12-09 -> A_SAPPORO_110_2010_2010-12-09
A/SAPPORO/32/2002_2002-01-30 -> A_SAPPORO_32_2002_2002-01-30
A/SAPPORO/50/2010_2010-10-19 -> A_SAPPORO_50_2010_2010-10-19
A/SENDAI/161/2001_2001-03-16 -> A_SENDAI_161_2001_2001-03-16
A/SHIGA/2/2001_2001-03-15 -> A_SHIGA_2_2001_2001-03-15
A/SHIMANE/133/2001_2001-05-28 -> A_SHIMANE_133_2001_2001-05-28
A/SHIMANE/57/2010_2010-11-15 -> A_SHIMANE_57_2010_2010-11-15
A/SHIMANE/69/2010_2010-12-06 -> A_SHIMANE_69_2010_2010-12-06
A/SHIZUOKA/29/2010_2010-10-27 -> A_SHIZUOKA_29_2010_2010-10-27
A/Seoul/230/2004_2004-03-06 -> A_Seoul_230_2004_2004-03-06
A/Seoul/2373/2010_2010-09-28 -> A_Seoul_2373_2010_2010-09-28
A/Seoul/323/2004_2004-03-09 -> A_Seoul_323_2004_2004-03-09
A/Seoul/398/2008_2008-01-07 -> A_Seoul_398_2008_2008-01-07
A/Seoul/4295/2008_2008-05-10 -> A_Seoul_4295_2008_2008-05-10
A/Seoul/4436/2008_2008-12-05 -> A_Seoul_4436_2008_2008-12-05
A/Shizuoka/736/2009_2009-05-23 -> A_Shizuoka_736_2009_2009-05-23
A/South_Korea/AF1159/2008_2008-02-06 -> A_South_Korea_AF1159_2008_2008-02-06
A/TOCHIGI/111/2010_2010-12-20 -> A_TOCHIGI_111_2010_2010-12-20
A/TOKUSHIMA/5/2010_2010-11-08 -> A_TOKUSHIMA_5_2010_2010-11-08
A/TOKYO/51033/2010_2010-11-29 -> A_TOKYO_51033_2010_2010-11-29
A/TOYAMA/123/2008_2008-04-03 -> A_TOYAMA_123_2008_2008-04-03
A/TOYAMA/95/2010_2010-09-28 -> A_TOYAMA_95_2010_2010-09-28
A/YAMAGATA/592/2001_2001-04-06 -> A_YAMAGATA_592_2001_2001-04-06
A/YAMANASHI/195/2010_2010-10-23 -> A_YAMANASHI_195_2010_2010-10-23
A/YOKOHAMA/111/2000_2000-12-25 -> A_YOKOHAMA_111_2000_2000-12-25
A/YOKOHAMA/97/2010_2010-12-03 -> A_YOKOHAMA_97_2010_2010-12-03
A/Yamagata/K16/2006_2006-01-14 -> A_Yamagata_K16_2006_2006-01-14
A/Yamagata/K22/2006_2006-01-20 -> A_Yamagata_K22_2006_2006-01-20
A/Yamagata/K32/2006_2006-01-26 -> A_Yamagata_K32_2006_2006-01-26
A/Yamagata/K34/2006_2006-01-26 -> A_Yamagata_K34_2006_2006-01-26
A/Yamagata/K38/2006_2006-01-28 -> A_Yamagata_K38_2006_2006-01-28
A/Yamagata/K46/2006_2006-02-03 -> A_Yamagata_K46_2006_2006-02-03
A/Yamagata/K55/2006_2006-02-13 -> A_Yamagata_K55_2006_2006-02-13
A/Yamagata/K58/2006_2006-02-13 -> A_Yamagata_K58_2006_2006-02-13
A/Yamagata/K74/2006_2006-02-24 -> A_Yamagata_K74_2006_2006-02-24
A/Yamagata/K83/2006_2006-03-03 -> A_Yamagata_K83_2006_2006-03-03
A/Yokohama/96/2010_2010-12-06 -> A_Yokohama_96_2010_2010-12-06
AICHI/181/2004_2004-06-16 -> AICHI_181_2004_2004-06-16
AICHI/183/2004_2004-08-13 -> AICHI_183_2004_2004-08-13
AKITA/29/2005_2005-12-03 -> AKITA_29_2005_2005-12-03
AOMORI/43/2004_2004-02-25 -> AOMORI_43_2004_2004-02-25
CHEJU/1845/2004_2004-12-24 -> CHEJU_1845_2004_2004-12-24
CHEJU/274/2002_2002-11-29 -> CHEJU_274_2002_2002-11-29
CHEONNAM/432/2002_2002-11-26 -> CHEONNAM_432_2002_2002-11-26
CHIBA/113/2003_2003-12-23 -> CHIBA_113_2003_2003-12-23
CHIBA/143/2004_2004-11-29 -> CHIBA_143_2004_2004-11-29
CHIBA/8/2005_2005-01-24 -> CHIBA_8_2005_2005-01-24
DAEJEON/390/2002_2002-11-27 -> DAEJEON_390_2002_2002-11-27
EHIME/4/2004_2004-01-20 -> EHIME_4_2004_2004-01-20
EHIME/55/2005_2005-04-20 -> EHIME_55_2005_2005-04-20
FUKUI/44/2004_2004-03-08 -> FUKUI_44_2004_2004-03-08
FUKUOKA/4/2005_2005-02-12 -> FUKUOKA_4_2005_2005-02-12
FUKUOKA/7/2004_2004-01-15 -> FUKUOKA_7_2004_2004-01-15
FUKUSHIMA/173/2003_2003-12-03 -> FUKUSHIMA_173_2003_2003-12-03
GIFU/19/2004_2004-01-27 -> GIFU_19_2004_2004-01-27
GUNMA/508/2004_2004-12-07 -> GUNMA_508_2004_2004-12-07
GUNMA/59/2005_2005-03-07 -> GUNMA_59_2005_2005-03-07
HAMAMATU/8/2005_2005-01-25 -> HAMAMATU_8_2005_2005-01-25
HIROSHIMA/26/2005_2005-03-29 -> HIROSHIMA_26_2005_2005-03-29
HIROSHIMA/29/2005_2005-03-29 -> HIROSHIMA_29_2005_2005-03-29
HIROSHIMA/39/2004_2004-01-26 -> HIROSHIMA_39_2004_2004-01-26
HOKKAIDO/79/2005_2005-04-09 -> HOKKAIDO_79_2005_2005-04-09
HOKKAIDO/85/2005_2005-12-11 -> HOKKAIDO_85_2005_2005-12-11
HYOGO/113/2003_2003-12-15 -> HYOGO_113_2003_2003-12-15
HYOGO/36/2005_2005-12-08 -> HYOGO_36_2005_2005-12-08
HYOGO/39/2005_2005-12-12 -> HYOGO_39_2005_2005-12-12
INCHEON/243/2005_2005-02-07 -> INCHEON_243_2005_2005-02-07
ISHIKAWA/102/2002_2002-11-26 -> ISHIKAWA_102_2002_2002-11-26
JAPAN/727/2003_2003-01-30 -> JAPAN_727_2003_2003-01-30
KAGAWA/15/2005_2005-12-12 -> KAGAWA_15_2005_2005-12-12
KAGOSHIMA/37/2005_2005-12-03 -> KAGOSHIMA_37_2005_2005-12-03
KANAGAWA/75/2005_2005-12-06 -> KANAGAWA_75_2005_2005-12-06
KANAGAWA/88/2003_2003-12-18 -> KANAGAWA_88_2003_2003-12-18
KAWASAKI/502/2005_2005-11-17 -> KAWASAKI_502_2005_2005-11-17
KITAKYUSHU/2/2004_2004-01-19 -> KITAKYUSHU_2_2004_2004-01-19
KOBE/186/2004_2004-03-23 -> KOBE_186_2004_2004-03-23
KOBE/187/2004_2004-11-15 -> KOBE_187_2004_2004-11-15
KOBE/73/2005_2005-09-29 -> KOBE_73_2005_2005-09-29
KOBE/74/2005_2005-10-26 -> KOBE_74_2005_2005-10-26
KOREA/124/2003_2003-12-30 -> KOREA_124_2003_2003-12-30
KUMAMOTO/102/2002_2002-12-25 -> KUMAMOTO_102_2002_2002-12-25
KUMAMOTO/2/2004_2004-01-20 -> KUMAMOTO_2_2004_2004-01-20
KUMAMOTO/36/2004_2004-02-09 -> KUMAMOTO_36_2004_2004-02-09
KWANGJU/219/2002_2002-10-31 -> KWANGJU_219_2002_2002-10-31
MIYAGI/123/2005_2005-12-18 -> MIYAGI_123_2005_2005-12-18
NAGASAKI/59/2004_2004-02-02 -> NAGASAKI_59_2004_2004-02-02
NAGOYA/49/2004_2004-03-08 -> NAGOYA_49_2004_2004-03-08
NARA/64/2003_2003-12-08 -> NARA_64_2003_2003-12-08
NIIGATA/2/2004_2004-01-09 -> NIIGATA_2_2004_2004-01-09
NIIGATA/234/2004_2004-01-17 -> NIIGATA_234_2004_2004-01-17
NIIGATA/528/2004_2004-03-08 -> NIIGATA_528_2004_2004-03-08
NIIGATA/533/2005_2005-02-17 -> NIIGATA_533_2005_2005-02-17
NIIGATA/620/2005_2005-03-01 -> NIIGATA_620_2005_2005-03-01
OKAYAMA/34/2005_2005-12-09 -> OKAYAMA_34_2005_2005-12-09
OKAYAMA/52/2004_2004-11-02 -> OKAYAMA_52_2004_2004-11-02
OKAYAMA/9/2004_2004-01-13 -> OKAYAMA_9_2004_2004-01-13
OKINAWA/34/2005_2005-11-24 -> OKINAWA_34_2005_2005-11-24
OKINAWA/41/2004_2004-03-15 -> OKINAWA_41_2004_2004-03-15
OSAKA/25/2003_2003-12-01 -> OSAKA_25_2003_2003-12-01
OSAKA/56/2004_2004-09-21 -> OSAKA_56_2004_2004-09-21
PUSAN/504/2002_2002-11-20 -> PUSAN_504_2002_2002-11-20
SAGA/19/2004_2004-01-26 -> SAGA_19_2004_2004-01-26
SAITAMA/43/2004_2004-12-21 -> SAITAMA_43_2004_2004-12-21
SAPPORO/193/2003_2003-12-09 -> SAPPORO_193_2003_2003-12-09
SENDAI/126/2003_2003-12-16 -> SENDAI_126_2003_2003-12-16
SHIGA/25/2004_2004-12-07 -> SHIGA_25_2004_2004-12-07
SHIGA/26/2005_2005-12-28 -> SHIGA_26_2005_2005-12-28
SHIMANE/2/2004_2004-01-13 -> SHIMANE_2_2004_2004-01-13
SHIZUOKA/383/2003_2003-12-22 -> SHIZUOKA_383_2003_2003-12-22
TOCHIGI/55/2003_2003-12-12 -> TOCHIGI_55_2003_2003-12-12
YAMAGUCHI/25/2005_2005-12-15 -> YAMAGUCHI_25_2005_2005-12-15
YAMAGUCHI/45/2004_2004-02-09 -> YAMAGUCHI_45_2004_2004-02-09
YAMANASHI/1/2004_2004-01-05 -> YAMANASHI_1_2004_2004-01-05
YAMANASHI/73/2005_2005-12-06 -> YAMANASHI_73_2005_2005-12-06
YAMANASHI/81/2005_2005-12-09 -> YAMANASHI_81_2005_2005-12-09
YOKOHAMA/24/2004_2004-01-15 -> YOKOHAMA_24_2004_2004-01-15

                                      Gap/Ambiguity  Composition  p-value
   1  A_AKITA_69_2002_2002-02-12             41.87%    passed     94.87%
   2  A_Aichi_101_2008_2008-05-12            41.87%    passed     85.13%
   3  A_Aichi_103_2008_2008-05-20            41.87%    passed     94.75%
   4  A_Aichi_106_2008_2008-05-20            41.87%    passed     95.11%
   5  A_Aichi_107_2008_2008-06-11            41.87%    passed     91.20%
   6  A_Aichi_114_2008_2008-05-24            41.87%    passed     87.76%
   7  A_Aichi_145_2005_2005-04-13            41.87%    passed     92.16%
   8  A_Aichi_164_2005_2005-04-22            41.87%    passed     87.91%
   9  A_Aichi_26_2007_2007-02-07             41.87%    passed     87.16%
  10  A_Aichi_3_2007_2007-01-06              41.87%    passed     97.74%
  11  A_Aichi_32_2008_2008-01-12             41.87%    passed     93.09%
  12  A_Aichi_49_2007_2007-03-17             41.87%    passed     89.74%
  13  A_Aichi_64_2007_2007-04-07             41.87%    passed     97.27%
  14  A_Aichi_66_2007_2007-03-25             41.87%    passed     95.86%
  15  A_Aichi_67_2007_2007-03-29             41.87%    passed     89.57%
  16  A_Aichi_68_2007_2007-04-11             41.87%    passed     90.05%
  17  A_Aichi_69_2007_2007-04-27             41.87%    passed     89.13%
  18  A_Aichi_70_2007_2007-05-03             41.87%    passed     89.74%
  19  A_Aichi_72_2007_2007-05-04             41.87%    passed     93.60%
  20  A_Aichi_73_2008_2008-02-29             41.87%    passed     92.98%
  21  A_Aichi_75_2008_2008-02-18             41.87%    passed     94.08%
  22  A_Aichi_77_2008_2008-02-28             41.87%    passed     94.10%
  23  A_Aichi_78_2007_2007-05-14             41.87%    passed     98.06%
  24  A_Aichi_8_2007_2007-01-15              41.87%    passed     98.06%
  25  A_Aichi_80_2007_2007-09-13             41.87%    passed     99.26%
  26  A_Aichi_91_2008_2008-03-12             41.87%    passed     85.95%
  27  A_Aichi_97_2008_2008-04-17             41.87%    passed     90.55%
  28  A_Busan_11_2001_2001-01-22             41.87%    passed     97.87%
  29  A_Busan_16_2001_2001-02-08             41.87%    passed     96.72%
  30  A_Busan_2368_2010_2010-09-14           39.75%    passed     99.36%
  31  A_Busan_283_2008_2008-01-09            41.87%    passed     91.84%
  32  A_Busan_4297_2008_2008-05-22            0.00%    passed     36.91%
  33  A_Busan_44_2001_2001-02-22             41.87%    passed     95.64%
  34  A_Busan_71_2001_2001-02-22             41.87%    passed     89.77%
  35  A_Busan_805_2004_2004-03-31            41.87%    passed     96.68%
  36  A_Cheongju_H380_2007_2007-09-19         0.00%    passed     38.90%
  37  A_Cheongju_H393_2007_2007-11-21         0.00%    passed     30.37%
  38  A_Cheongju_H397_2008_2008-01-10         0.00%    passed     33.52%
  39  A_Cheongju_H412_2008_2008-02-19         0.00%    passed     30.50%
  40  A_Cheongju_H471_2008_2008-02-28         0.00%    passed     37.33%
  41  A_Chungbuk_1469_2007_2007-01-02        41.87%    passed     96.28%
  42  A_Chungbuk_1471_2007_2007-01-02        41.87%    passed     84.71%
  43  A_Chungbuk_4137_2008_2008-04-12         0.00%    passed     29.03%
  44  A_Chungnam_1463_2007_2007-01-02         0.12%    passed     30.78%
  45  A_Chungnam_1902_2007_2007-01-16        38.46%    passed     95.64%
  46  A_Chungnam_1929_2007_2007-01-20        41.87%    passed     94.14%
  47  A_Chungnam_2288_2007_2007-01-22        41.87%    passed     98.20%
  48  A_Chungnam_2377_2010_2010-09-29        39.75%    passed     99.10%
  49  A_Chungnam_271_2002_2002-11-22         41.87%    passed     98.89%
  50  A_Daegu_1755_2007_2007-01-09           41.87%    passed     88.63%
  51  A_Daegu_1771_2004_2004-12-02           41.87%    passed     92.59%
  52  A_Daegu_1783_2007_2007-01-12           41.87%    passed     96.58%
  53  A_Daegu_1857_2004_2004-12-20           41.87%    passed     95.66%
  54  A_Daegu_24_2001_2001-02-12             41.87%    passed     93.52%
  55  A_Daegu_24_2005_2005-01-04             41.87%    passed     91.88%
  56  A_Daegu_277_2004_2004-03-08            41.87%    passed     95.73%
  57  A_Daegu_4165_2008_2008-04-10            0.00%    passed     34.09%
  58  A_Daegu_56_2001_2001-03-10             41.87%    passed     89.99%
  59  A_Daegu_58_2001_2001-03-06             41.87%    passed     88.20%
  60  A_Daegu_626_2004_2004-03-22            41.87%    passed     95.88%
  61  A_Daegu_826_2004_2004-04-03            41.87%    passed     94.04%
  62  A_Daejeon_2419_2007_2007-02-01         37.99%    passed     94.04%
  63  A_Deajeon_2943_2010_2010-12-15          0.00%    passed     28.82%
  64  A_EHIME_39_2010_2010-11-01             39.75%    passed     98.31%
  65  A_EHIME_47_2002_2002-01-24             41.87%    passed     96.25%
  66  A_FUKUOKA_15_2002_2002-02-23           39.93%    passed     90.85%
  67  A_FUKUSHIMA_127_2001_2001-03-14        41.87%    passed     91.77%
  68  A_FUKUSHIMA_129_2010_2010-11-29        39.75%    passed     96.99%
  69  A_FUKUSHIMA_180_2001_2001-12-12        41.87%    passed     97.71%
  70  A_Fukuoka_F16_2006_2006-01-20          40.11%    passed     93.46%
  71  A_Fukuoka_F17_2006_2006-01-20          40.16%    passed     94.37%
  72  A_Fukuoka_F19_2006_2006-01-21          39.87%    passed     97.55%
  73  A_Fukuoka_F20_2006_2006-01-24          40.22%    passed     95.13%
  74  A_Fukuoka_F220_2006_2006-02-18         39.93%    passed     83.86%
  75  A_Fukuoka_F23_2006_2006-01-24          40.34%    passed     92.46%
  76  A_Fukuoka_F257_2006_2006-03-09         41.64%    passed     88.04%
  77  A_Fukuoka_F269_2006_2006-03-10         40.34%    passed     90.68%
  78  A_Fukuoka_F44_2006_2006-02-06          40.69%    passed     89.84%
  79  A_Fukuoka_F484_2005_2005-12-15         41.81%    passed     99.92%
  80  A_Fukuoka_F488_2005_2005-12-21         41.64%    passed     99.79%
  81  A_Fukuoka_F489_2005_2005-12-20         40.93%    passed     98.51%
  82  A_Fukuoka_F49_2006_2006-02-07          40.34%    passed     91.73%
  83  A_Fukuoka_F52_2006_2006-02-10          39.81%    passed     95.61%
  84  A_GUNMA_178_2001_2001-12-26            41.93%    passed     91.53%
  85  A_Gangwon_1954_2007_2007-01-17         41.87%    passed     95.42%
  86  A_Gangwon_2342_2008_2008-03-05         41.87%    passed     94.08%
  87  A_Gangwon_2365_2010_2010-09-04         39.93%    passed     98.96%
  88  A_Gunma_10G001_2011_2011-01-12         41.87%    passed     93.16%
  89  A_Gunma_10G009_2011_2011-01-24         41.87%    passed     91.20%
  90  A_Gunma_10G024_2011_2011-02-05         41.87%    passed     88.13%
  91  A_Gunma_10G028_2011_2011-02-09         41.87%    passed     90.41%
  92  A_Gunma_10G041_2011_2011-02-26         41.87%    passed     90.02%
  93  A_Gunma_10G045_2011_2011-03-11         41.87%    passed     95.64%
  94  A_Gunma_K1_2006_2006-03-02             40.22%    passed     96.09%
  95  A_Gunma_K3_2006_2006-03-03             40.11%    passed     94.83%
  96  A_Gunma_K7_2006_2006-03-11             40.34%    passed     91.25%
  97  A_Gunma_K8_2006_2006-03-13             40.22%    passed     93.45%
  98  A_Gwangju_2698_2007_2007-02-12         41.87%    passed     94.14%
  99  A_Gwangju_560_2004_2004-03-22          41.87%    passed     94.41%
 100  A_Gyeongbuk_1258_2007_2007-01-02       41.87%    passed     95.42%
 101  A_Gyeonggi_1272_2005_2005-12-28        41.87%    passed     89.10%
 102  A_Gyeonggi_1995_2007_2007-01-15        41.87%    passed     92.16%
 103  A_Gyeongnam_1861_2004_2004-12-27       41.87%    passed     92.59%
 104  A_Gyeongnam_199_2005_2005-01-31        41.87%    passed     96.54%
 105  A_Gyeongnam_2406_2008_2008-03-05       41.87%    passed     93.09%
 106  A_Gyeongnam_4506_2007_2007-11-19        0.06%    passed     32.60%
 107  A_Gyeongnam_588_2008_2008-01-14        41.87%    passed     89.11%
 108  A_Gyeongnam_7_2005_2005-01-06          41.87%    passed     89.97%
 109  A_Gyeongnam_717_2004_2004-03-22        41.87%    passed     97.31%
 110  A_Gyeongnam_795_2005_2005-12-02        41.87%    passed     92.16%
 111  A_HIROSHIMA-C_1_2001_2001-01-23        41.93%    passed     97.22%
 112  A_HIROSHIMA_253_2000_2000-09-04        41.87%    passed     90.48%
 113  A_HIROSHIMA_54_2010_2010-12-15         39.81%    passed     98.79%
 114  A_HIROSHIMA_56_2010_2010-12-22         39.81%    passed     98.41%
 115  A_HIROSHIMA_66_2002_2002-01-07         41.87%    passed     94.87%
 116  A_HOKKAIDO_19416_2010_2010-11-01       39.75%    passed     98.89%
 117  A_HYOGO_3_2002_2002-01-09              41.87%    passed     96.25%
 118  A_HYOGO_4004_2010_2010-12-14           39.81%    passed     95.94%
 119  A_Hokkaido_10H007_2010_2010-12-20      41.87%    passed     94.69%
 120  A_Hokkaido_10H014_2010_2010-12-21      41.87%    passed     98.73%
 121  A_Hokkaido_10H019_2010_2010-12-24      41.87%    passed     95.45%
 122  A_Hokkaido_10H029_2011_2011-01-11      41.87%    passed     97.74%
 123  A_Hokkaido_10H039_2011_2011-01-31      41.87%    passed     98.20%
 124  A_Hokkaido_10H060_2011_2011-02-07      41.87%    passed     97.74%
 125  A_Hokkaido_10H079_2011_2011-02-21      41.87%    passed     97.31%
 126  A_Hyogo_10K026_2011_2011-01-12         41.87%    passed     91.88%
 127  A_Hyogo_10K034_2011_2011-01-17         41.87%    passed     90.05%
 128  A_Hyogo_10K300_2011_2011-02-10         41.87%    passed     93.66%
 129  A_Hyogo_10K311_2011_2011-02-14         41.87%    passed     91.25%
 130  A_IWATE_37_2010_2010-10-05             39.75%    passed     98.63%
 131  A_Incheon_1356_2007_2007-01-02         41.87%    passed     97.74%
 132  A_Incheon_1591_2007_2007-01-12         41.87%    passed     90.33%
 133  A_Incheon_1598_2007_2007-01-13         41.87%    passed     97.91%
 134  A_Incheon_2384_2010_2010-12-20         39.81%    passed     99.46%
 135  A_Incheon_241_2006_2006-02-06          41.87%    passed     92.98%
 136  A_Incheon_4274_2008_2008-05-13          0.00%    passed     36.91%
 137  A_Incheon_707_2004_2004-03-27          41.87%    passed     93.17%
 138  A_Incheon_97_2005_2005-01-15           41.87%    passed     96.55%
 139  A_Japan_26_2009_2009-02-06              0.00%    passed     37.84%
 140  A_Japan_2974_2012_2012-03-21           29.33%    passed     79.36%
 141  A_Japan_2981_2012_2012-03-13           29.33%    passed     85.49%
 142  A_Japan_3003_2012_2012-04-02           29.33%    passed     82.75%
 143  A_Japan_3004_2012_2012-03-30            0.00%    passed     21.18%
 144  A_Japan_3018_2012_2012-04-16           29.33%    passed     74.98%
 145  A_Japan_3021_2012_2012-02-28           29.33%    passed     90.34%
 146  A_Japan_3025_2012_2012-03-02           29.33%    passed     80.20%
 147  A_Japan_51_2009_2009-02-09              0.06%    passed     37.12%
 148  A_Japan_688_2007_2007-02-25             0.00%    passed     26.08%
 149  A_Japan_7626_2007_2007-02-25            0.00%    passed     27.28%
 150  A_Japan_765_2008_2008-01-28             0.00%    passed     38.90%
 151  A_Japan_7743_2007_2007-03-04            0.18%    passed     34.71%
 152  A_Japan_7814_2007_2007-03-04            0.35%    passed     26.76%
 153  A_Japan_AF1456_2008_2008-03-17         38.75%    passed     99.95%
 154  A_Japan_AF1459_2008_2008-04-01         38.75%    passed     99.95%
 155  A_Japan_AF2158_2009_2009-11-13         29.33%    passed     92.55%
 156  A_Japan_AF2772_2011_2011-12-20         29.33%    passed     73.90%
 157  A_Japan_AF2777_2012_2012-01-21         29.33%    passed     87.83%
 158  A_Japan_AF2778_2012_2012-01-12         29.33%    passed     90.33%
 159  A_Japan_AF2779_2012_2012-01-13         29.33%    passed     92.55%
 160  A_Japan_AF2813_2012_2012-01-31         29.33%    passed     89.36%
 161  A_Japan_AF2817_2012_2012-01-31         29.33%    passed     92.55%
 162  A_Japan_AF2818_2012_2012-01-17         29.33%    passed     91.02%
 163  A_Japan_AF2826_2012_2012-02-06         29.33%    passed     81.06%
 164  A_Japan_AF2846_2012_2012-02-14         29.33%    passed     83.28%
 165  A_Japan_AF2847_2012_2012-02-15         29.33%    passed     87.73%
 166  A_Japan_AF2849_2012_2012-02-20         29.33%    passed     84.51%
 167  A_Japan_AF2850_2012_2012-02-26         29.33%    passed     89.78%
 168  A_Japan_WRAIR1037P_2009_2009-01-09      0.00%    passed     30.85%
 169  A_Japan_WRAIR1059P_2008_2008-05-11      0.00%    passed     27.54%
 170  A_Japan_WRAIR1140P_2009_2009-02-09      0.00%    passed     36.06%
 171  A_Jeju_1965_2007_2007-01-15            38.57%    passed     96.75%
 172  A_Jeju_1984_2007_2007-01-19            41.87%    passed     97.74%
 173  A_Jeonbuk_1165_2004_2004-11-03         41.87%    passed     91.38%
 174  A_Jeonbuk_1657_2007_2007-01-13         41.87%    passed     95.86%
 175  A_Jeonbuk_1713_2004_2004-11-02         41.87%    passed     93.66%
 176  A_Jeonbuk_2165_2007_2007-01-18         41.87%    passed     92.32%
 177  A_Jeonbuk_2214_2007_2007-01-25         41.87%    passed     90.33%
 178  A_Jeonbuk_2217_2007_2007-01-21         41.87%    passed     96.58%
 179  A_Jeonbuk_445_2005_2005-04-04          41.87%    passed     97.27%
 180  A_Jochiwon_04_2001_2001-01-26          41.87%    passed     94.47%
 181  A_KANAGAWA_79_2010_2010-11-17          39.75%    passed     92.40%
 182  A_KOBE_419_2010_2010-12-20             39.75%    passed     98.12%
 183  A_KOCHI_160_2002_2002-04-01            41.87%    passed     93.16%
 184  A_KOCHI_3_2002_2002-01-07              41.87%    passed     94.52%
 185  A_KOCHI_499_2001_2001-12-20            41.87%    passed     97.62%
 186  A_KOCHI_59_2010_2010-10-20             39.75%    passed     98.89%
 187  A_KOREA_2623_2000_2000-05-10           41.87%    passed     97.54%
 188  A_KOREA_320_2000_2000-01-09            41.87%    passed     96.86%
 189  A_KUMAMOTO_34_2010_2010-11-29          39.75%    passed     99.76%
 190  A_KUMAMOTO_40_2010_2010-12-13          39.81%    passed     99.81%
 191  A_KUMAMOTO_9_2002_2002-01-29           41.87%    passed     98.69%
 192  A_Korea_122_2007_2007-01-07             0.06%    passed     27.03%
 193  A_Korea_2970_2012_2012-03-01           29.33%    passed     82.66%
 194  A_Korea_5991_2009_2009-05-11            0.00%    passed     43.63%
 195  A_Korea_770_2002_2002-12-02            39.22%    passed     96.77%
 196  A_Korea_7719_2008_2008-12-08            0.00%    passed     29.39%
 197  A_Korea_7723_2008_2008-12-09            0.06%    passed     27.26%
 198  A_Korea_7858_2008_2008-12-13            0.06%    passed     28.92%
 199  A_Korea_AF05_2008_2008-02-19            0.00%    passed     40.38%
 200  A_Korea_AF1588_2008_2008-02-11         40.22%    passed     98.08%
 201  A_Korea_AF1589_2008_2008-02-19         38.75%    passed     99.83%
 202  A_Korea_AF1590_2008_2008-02-25         41.11%    passed     96.89%
 203  A_Korea_AF1591_2008_2008-03-18         38.99%    passed     99.68%
 204  A_Korea_AF1592_2008_2008-03-22         39.16%    passed     99.95%
 205  A_Korea_AF1698_2008_2008-02-12         38.75%    passed     99.87%
 206  A_Korea_AF1728_2008_2008-02-27         38.75%    passed     99.69%
 207  A_Korea_AF1803_2008_2008-02-11         38.75%    passed     99.98%
 208  A_Korea_AF1826_2008_2008-05-13         38.75%    passed     99.92%
 209  A_Korea_AF2686_2010_2010-10-08         29.33%    passed     77.33%
 210  A_Korea_AF2706_2010_2010-12-21         29.33%    passed     90.33%
 211  A_Korea_AF2707_2011_2011-01-02         29.33%    passed     83.49%
 212  A_Korea_AF2708_2011_2011-01-07         29.33%    passed     82.01%
 213  A_Korea_AF2709_2011_2011-01-07         29.33%    passed     80.03%
 214  A_Korea_AF2781_2012_2012-01-24         29.33%    passed     84.94%
 215  A_Korea_AF2782_2012_2012-01-11         29.33%    passed     77.33%
 216  A_Korea_AF2784_2012_2012-01-19         29.33%    passed     84.52%
 217  A_Korea_AF2785_2012_2012-01-20         29.33%    passed     83.28%
 218  A_Korea_AF2808_2012_2012-01-24         29.33%    passed     83.09%
 219  A_Korea_AF2827_2012_2012-02-09         29.33%    passed     82.76%
 220  A_Korea_AF2835_2012_2012-01-31         29.33%    passed     79.73%
 221  A_Korea_AF2836_2012_2012-01-24         29.33%    passed     80.36%
 222  A_Korea_AF2856_2012_2012-02-21         29.33%    passed     84.94%
 223  A_Korea_WRAIR1038P_2009_2009-04-09      0.00%    passed     34.28%
 224  A_Kyoto_10K207_2011_2011-01-31         41.87%    passed     93.16%
 225  A_Kyoto_10K379_2011_2011-02-18         41.87%    passed     94.73%
 226  A_Kyoto_10K384_2011_2011-02-22         41.87%    passed     95.32%
 227  A_Kyoto_10K464_2011_2011-02-09         41.87%    passed     93.70%
 228  A_Kyoto_10K467_2011_2011-02-17         41.87%    passed     91.56%
 229  A_Kyoto_10K468_2011_2011-02-19         41.87%    passed     91.96%
 230  A_Kyoto_10K471_2011_2011-02-26         41.87%    passed     93.83%
 231  A_Kyoto_10K473_2011_2011-03-04         41.87%    passed     93.83%
 232  A_MIYAZAKI_27_2010_2010-10-20          39.81%    passed     99.52%
 233  A_Miyagi_N1220_2005_2005-12-07         40.87%    passed     98.30%
 234  A_Miyagi_N1269_2005_2005-12-16         40.16%    passed     99.74%
 235  A_Miyagi_N1289_2005_2005-12-20         41.28%    passed     99.13%
 236  A_Miyagi_S125_2006_2006-01-14          40.05%    passed     93.97%
 237  A_Miyagi_S127_2006_2006-01-14          39.99%    passed     91.26%
 238  A_Miyagi_S129_2006_2006-01-14          39.99%    passed     94.14%
 239  A_Miyagi_S130_2006_2006-01-14          40.22%    passed     94.46%
 240  A_Miyagi_S131_2006_2006-01-14          40.16%    passed     93.47%
 241  A_Miyagi_S516_2006_2006-02-07          41.11%    passed     93.21%
 242  A_Miyagi_S520_2006_2006-02-08          40.16%    passed     92.22%
 243  A_Miyagi_S521_2006_2006-02-08          39.93%    passed     92.05%
 244  A_Miyagi_S523_2006_2006-02-08          39.99%    passed     93.10%
 245  A_Miyagi_S524_2006_2006-02-08          39.93%    passed     93.58%
 246  A_Miyagi_S704_2006_2006-03-01          40.16%    passed     94.37%
 247  A_Miyagi_S707_2006_2006-03-02          39.81%    passed     88.64%
 248  A_Miyagi_S709_2006_2006-03-06          39.40%    passed     96.49%
 249  A_Miyagi_S736_2006_2006-03-09          41.46%    passed     88.96%
 250  A_Miyagi_S793_2006_2006-03-22          40.11%    passed     92.68%
 251  A_Morioka_17_2006_2006-02-03            0.00%    passed     33.65%
 252  A_Morioka_18_2006_2006-02-06            0.00%    passed     27.54%
 253  A_Morioka_22_2006_2006-02-08            0.00%    passed     30.85%
 254  A_Morioka_34_2002_2002-02-25            0.00%    passed     17.15%
 255  A_Morioka_35_2005_2005-03-16            0.00%    passed     42.57%
 256  A_Morioka_52_2002_2002-03-01            0.00%    passed     20.11%
 257  A_NARA_3_2001_2001-01-10               41.87%    passed     91.77%
 258  A_NIIGATA_1204_2004_2004-07-12         41.87%    passed     97.86%
 259  A_NIIGATA_2743_2000_2000-12-13         41.87%    passed     91.77%
 260  A_Nagasaki_10N001_2010_2010-12-14      41.87%    passed     91.20%
 261  A_Nagasaki_10N004_2010_2010-12-28      41.87%    passed     85.98%
 262  A_Nagasaki_10N033_2011_2011-01-22      41.87%    passed     92.31%
 263  A_Nagasaki_10N035_2011_2011-01-24      41.87%    passed     91.20%
 264  A_Nagasaki_10N053_2011_2011-02-04      41.87%    passed     91.64%
 265  A_Nagasaki_10N080_2011_2011-02-15      41.87%    passed     89.74%
 266  A_Nagasaki_10N090_2011_2011-02-25      41.87%    passed     85.51%
 267  A_Nagasaki_N01_2005_2005-09-17         45.76%    passed     96.51%
 268  A_Nagasaki_N07_2005_2005-12-27         41.58%    passed     99.38%
 269  A_Nagasaki_N131_2006_2006-02-07        40.99%    passed     96.46%
 270  A_Nagasaki_N44_2006_2006-01-07         46.29%    passed     91.87%
 271  A_Niigata_10F004_2011_2011-01-14       41.87%    passed     97.21%
 272  A_Niigata_10F079_2011_2011-01-24       41.87%    passed     96.64%
 273  A_Niigata_10F271_2011_2011-02-03       41.87%    passed     95.84%
 274  A_Niigata_10F492_2011_2011-02-22       41.87%    passed     96.54%
 275  A_Niigata_1143_2010_2010-08-03          0.35%    passed     29.29%
 276  A_Niigata_1144_2010_2010-08-03          0.41%    passed     30.09%
 277  A_Niigata_1147_2010_2010-08-03          0.00%    passed     27.65%
 278  A_Niigata_1148_2010_2010-08-03          0.00%    passed     27.65%
 279  A_Niigata_1150_2010_2010-08-03          0.29%    passed     28.47%
 280  A_Niigata_F206_2006_2006-02-17         41.22%    passed     93.20%
 281  A_Niigata_F5_2006_2006-01-18           45.35%    passed     95.18%
 282  A_Niigata_F90_2006_2006-01-30          46.58%    passed     94.72%
 283  A_OKINAWA_207_2001_2001-10-22          41.93%    passed     94.43%
 284  A_OSAKA_125_2001_2001-02-01            41.87%    passed     96.25%
 285  A_OSAKA_1803_2001_2001-12-08           41.87%    passed     96.99%
 286  A_OSAKA_68_2001_2001-01-10             41.87%    passed     96.72%
 287  A_Okinawa_1_2007_2007-01-25            44.52%    passed     81.49%
 288  A_Okinawa_10_2003_2003-01-09           44.52%    passed     92.23%
 289  A_Okinawa_101_2007_2007-02-15          44.52%    passed     82.28%
 290  A_Okinawa_102_2007_2007-03-01          44.52%    passed     85.40%
 291  A_Okinawa_11_2007_2007-02-08           46.53%    passed     95.75%
 292  A_Okinawa_12_2005_2005-03-29           44.52%    passed     89.05%
 293  A_Okinawa_12_2007_2007-02-20           44.52%    passed     82.65%
 294  A_Okinawa_13_2006_2006-01-24           45.70%    passed     95.28%
 295  A_Okinawa_14_2005_2005-05-24           44.52%    passed     87.29%
 296  A_Okinawa_15_2003_2003-01-16           44.52%    passed     93.10%
 297  A_Okinawa_16_2002_2002-01-30           44.52%    passed     82.02%
 298  A_Okinawa_17_2003_2003-01-15           44.52%    passed     93.02%
 299  A_Okinawa_17_2007_2007-03-07           44.52%    passed     89.61%
 300  A_Okinawa_184_2001_2001-07-11          44.52%    passed     85.02%
 301  A_Okinawa_2_2004_2004-01-27            44.52%    passed     90.45%
 302  A_Okinawa_20_2005_2005-07-05           44.52%    passed     87.30%
 303  A_Okinawa_208_2001_2001-10-23          44.52%    passed     78.31%
 304  A_Okinawa_21_2007_2007-03-07           44.52%    passed     87.00%
 305  A_Okinawa_24_2004_2004-02-13           44.52%    passed     92.23%
 306  A_Okinawa_24_2005_2005-07-20           44.52%    passed     87.29%
 307  A_Okinawa_28_2003_2003-01-15           44.52%    passed     92.42%
 308  A_Okinawa_31_2002_2002-02-16           44.52%    passed     91.53%
 309  A_Okinawa_40_2002_2002-03-12           44.52%    passed     85.05%
 310  A_Okinawa_45_2002_2002-08-22           44.52%    passed     95.09%
 311  A_Okinawa_47_2002_2002-12-04           44.52%    passed     89.98%
 312  A_Okinawa_49_2003_2003-01-31           44.52%    passed     90.62%
 313  A_Okinawa_5_2001_2001-01-11            44.52%    passed     89.56%
 314  A_Okinawa_5_2003_2003-01-08            44.52%    passed     91.62%
 315  A_Okinawa_51_2003_2003-12-10           44.52%    passed     87.39%
 316  A_Okinawa_9_2004_2004-02-04            44.52%    passed     91.60%
 317  A_Okinawa_92_2001_2001-03-27           44.52%    passed     78.08%
 318  A_Osaka_10K337_2011_2011-02-01         41.87%    passed     94.14%
 319  A_Osaka_10K357_2011_2011-02-10         41.87%    passed     92.32%
 320  A_Osaka_10K359_2011_2011-02-14         41.87%    passed     91.25%
 321  A_Osaka_10K361_2011_2011-02-15         41.87%    passed     94.14%
 322  A_Osaka_72_2010_2010-10-18              0.00%    passed     26.22%
 323  A_PUSAN_66_2001_2001-02-08             33.92%    passed     81.08%
 324  A_SAGA_1012_2010_2010-11-29            39.75%    passed     97.34%
 325  A_SAKAI_36_2010_2010-11-06             39.81%    passed     98.79%
 326  A_SAPPORO_110_2010_2010-12-09          39.75%    passed     99.76%
 327  A_SAPPORO_32_2002_2002-01-30           41.93%    passed     96.60%
 328  A_SAPPORO_50_2010_2010-10-19           39.75%    passed     99.88%
 329  A_SENDAI_161_2001_2001-03-16           41.87%    passed     91.77%
 330  A_SHIGA_2_2001_2001-03-15              41.87%    passed     89.77%
 331  A_SHIMANE_133_2001_2001-05-28          41.87%    passed     91.77%
 332  A_SHIMANE_57_2010_2010-11-15           39.75%    passed     97.50%
 333  A_SHIMANE_69_2010_2010-12-06           39.81%    passed     95.77%
 334  A_SHIZUOKA_29_2010_2010-10-27          36.93%    passed     97.78%
 335  A_Seoul_230_2004_2004-03-06            41.87%    passed     95.88%
 336  A_Seoul_2373_2010_2010-09-28           39.81%    passed     96.61%
 337  A_Seoul_323_2004_2004-03-09            41.87%    passed     96.68%
 338  A_Seoul_398_2008_2008-01-07            41.87%    passed     94.89%
 339  A_Seoul_4295_2008_2008-05-10            0.00%    passed     40.03%
 340  A_Seoul_4436_2008_2008-12-05            2.83%    passed     40.26%
 341  A_Shizuoka_736_2009_2009-05-23          0.00%    passed     26.57%
 342  A_South_Korea_AF1159_2008_2008-02-06   37.87%    passed     97.18%
 343  A_TOCHIGI_111_2010_2010-12-20          39.75%    passed     99.64%
 344  A_TOKUSHIMA_5_2010_2010-11-08          39.81%    passed     97.41%
 345  A_TOKYO_51033_2010_2010-11-29          39.75%    passed     98.89%
 346  A_TOYAMA_123_2008_2008-04-03            0.00%    passed     30.11%
 347  A_TOYAMA_95_2010_2010-09-28            39.75%    passed     98.79%
 348  A_YAMAGATA_592_2001_2001-04-06         41.87%    passed     93.35%
 349  A_YAMANASHI_195_2010_2010-10-23        39.75%    passed     95.87%
 350  A_YOKOHAMA_111_2000_2000-12-25         41.87%    passed     96.25%
 351  A_YOKOHAMA_97_2010_2010-12-03          39.75%    passed     99.68%
 352  A_Yamagata_K16_2006_2006-01-14         39.52%    passed     95.78%
 353  A_Yamagata_K22_2006_2006-01-20         39.46%    passed     96.29%
 354  A_Yamagata_K32_2006_2006-01-26         39.46%    passed     95.38%
 355  A_Yamagata_K34_2006_2006-01-26         40.46%    passed     95.27%
 356  A_Yamagata_K38_2006_2006-01-28         40.16%    passed     93.64%
 357  A_Yamagata_K46_2006_2006-02-03         40.69%    passed     90.59%
 358  A_Yamagata_K55_2006_2006-02-13         40.34%    passed     95.48%
 359  A_Yamagata_K58_2006_2006-02-13         40.16%    passed     92.98%
 360  A_Yamagata_K74_2006_2006-02-24         40.05%    passed     93.79%
 361  A_Yamagata_K83_2006_2006-03-03         40.40%    passed     91.17%
 362  A_Yokohama_96_2010_2010-12-06           0.06%    passed     29.95%
 363  AICHI_181_2004_2004-06-16              41.87%    passed     91.93%
 364  AICHI_183_2004_2004-08-13              41.87%    passed     89.64%
 365  AKITA_29_2005_2005-12-03               41.87%    passed     96.55%
 366  AOMORI_43_2004_2004-02-25              41.87%    passed     97.74%
 367  CHEJU_1845_2004_2004-12-24             41.87%    passed     94.20%
 368  CHEJU_274_2002_2002-11-29              41.87%    passed     98.89%
 369  CHEONNAM_432_2002_2002-11-26           41.87%    passed     99.46%
 370  CHIBA_113_2003_2003-12-23              41.87%    passed     94.92%
 371  CHIBA_143_2004_2004-11-29              41.87%    passed     93.66%
 372  CHIBA_8_2005_2005-01-24                41.87%    passed     95.86%
 373  DAEJEON_390_2002_2002-11-27            41.87%    passed     98.89%
 374  EHIME_4_2004_2004-01-20                41.87%    passed     95.73%
 375  EHIME_55_2005_2005-04-20               41.87%    passed     95.55%
 376  FUKUI_44_2004_2004-03-08               41.87%    passed     96.68%
 377  FUKUOKA_4_2005_2005-02-12              41.87%    passed     93.60%
 378  FUKUOKA_7_2004_2004-01-15              41.87%    passed     95.73%
 379  FUKUSHIMA_173_2003_2003-12-03          41.87%    passed     94.92%
 380  GIFU_19_2004_2004-01-27                41.87%    passed     95.73%
 381  GUNMA_508_2004_2004-12-07              41.87%    passed     93.34%
 382  GUNMA_59_2005_2005-03-07               41.87%    passed     89.33%
 383  HAMAMATU_8_2005_2005-01-25             41.87%    passed     94.20%
 384  HIROSHIMA_26_2005_2005-03-29           41.87%    passed     94.20%
 385  HIROSHIMA_29_2005_2005-03-29           41.87%    passed     97.06%
 386  HIROSHIMA_39_2004_2004-01-26           41.87%    passed     96.68%
 387  HOKKAIDO_79_2005_2005-04-09            41.87%    passed     92.03%
 388  HOKKAIDO_85_2005_2005-12-11            41.87%    passed     92.32%
 389  HYOGO_113_2003_2003-12-15              41.87%    passed     94.28%
 390  HYOGO_36_2005_2005-12-08               41.87%    passed     89.10%
 391  HYOGO_39_2005_2005-12-12               41.87%    passed     89.10%
 392  INCHEON_243_2005_2005-02-07            41.87%    passed     96.55%
 393  ISHIKAWA_102_2002_2002-11-26           41.87%    passed     98.03%
 394  JA-RSP-02-910_2002-12-09               41.87%    passed     97.95%
 395  JA-RSP-03-493_2003-01-23               41.87%    passed     98.11%
 396  JAPAN_727_2003_2003-01-30              41.87%    passed     98.11%
 397  KAGAWA_15_2005_2005-12-12              41.87%    passed     95.64%
 398  KAGOSHIMA_37_2005_2005-12-03           41.87%    passed     93.92%
 399  KANAGAWA_75_2005_2005-12-06            41.87%    passed     94.35%
 400  KANAGAWA_88_2003_2003-12-18            41.87%    passed     92.46%
 401  KAWASAKI_502_2005_2005-11-17           41.87%    passed     92.42%
 402  KITAKYUSHU_2_2004_2004-01-19           41.87%    passed     96.28%
 403  KO-RSP-02-770_2002-12-02               41.93%    passed     97.90%
 404  KOBE_186_2004_2004-03-23               41.87%    passed     95.73%
 405  KOBE_187_2004_2004-11-15               41.87%    passed     95.86%
 406  KOBE_73_2005_2005-09-29                41.87%    passed     95.86%
 407  KOBE_74_2005_2005-10-26                41.87%    passed     92.18%
 408  KOREA_124_2003_2003-12-30              41.87%    passed     97.06%
 409  KUMAMOTO_102_2002_2002-12-25           41.87%    passed     97.62%
 410  KUMAMOTO_2_2004_2004-01-20             41.87%    passed     96.68%
 411  KUMAMOTO_36_2004_2004-02-09            41.87%    passed     96.68%
 412  KWANGJU_219_2002_2002-10-31            41.87%    passed     96.18%
 413  MIYAGI_123_2005_2005-12-18             41.87%    passed     97.06%
 414  NAGASAKI_59_2004_2004-02-02            41.87%    passed     90.64%
 415  NAGOYA_49_2004_2004-03-08              41.87%    passed     91.93%
 416  NARA_64_2003_2003-12-08                41.87%    passed     95.62%
 417  NIIGATA_2_2004_2004-01-09              41.87%    passed     90.31%
 418  NIIGATA_234_2004_2004-01-17            41.87%    passed     96.68%
 419  NIIGATA_528_2004_2004-03-08            41.87%    passed     95.62%
 420  NIIGATA_533_2005_2005-02-17            41.87%    passed     95.73%
 421  NIIGATA_620_2005_2005-03-01            41.87%    passed     95.55%
 422  OKAYAMA_34_2005_2005-12-09             41.87%    passed     91.74%
 423  OKAYAMA_52_2004_2004-11-02             41.87%    passed     93.34%
 424  OKAYAMA_9_2004_2004-01-13              41.87%    passed     93.88%
 425  OKINAWA_34_2005_2005-11-24             41.87%    passed     94.14%
 426  OKINAWA_41_2004_2004-03-15             41.87%    passed     94.92%
 427  OSAKA_25_2003_2003-12-01               41.87%    passed     97.52%
 428  OSAKA_56_2004_2004-09-21               41.87%    passed     89.66%
 429  PUSAN_504_2002_2002-11-20              41.87%    passed     96.05%
 430  SAGA_19_2004_2004-01-26                41.87%    passed     94.92%
 431  SAITAMA_43_2004_2004-12-21             41.87%    passed     94.28%
 432  SAPPORO_193_2003_2003-12-09            41.87%    passed     98.20%
 433  SENDAI_126_2003_2003-12-16             41.87%    passed     94.92%
 434  SHIGA_25_2004_2004-12-07               41.87%    passed     96.94%
 435  SHIGA_26_2005_2005-12-28               41.87%    passed     85.98%
 436  SHIMANE_2_2004_2004-01-13              41.87%    passed     93.88%
 437  SHIZUOKA_383_2003_2003-12-22           41.87%    passed     96.68%
 438  TOCHIGI_55_2003_2003-12-12             41.87%    passed     93.88%
 439  YAMAGUCHI_25_2005_2005-12-15           41.87%    passed     95.64%
 440  YAMAGUCHI_45_2004_2004-02-09           41.87%    passed     94.92%
 441  YAMANASHI_1_2004_2004-01-05            41.87%    passed     92.56%
 442  YAMANASHI_73_2005_2005-12-06           41.87%    passed     97.38%
 443  YAMANASHI_81_2005_2005-12-09           41.87%    passed     97.73%
 444  YOKOHAMA_24_2004_2004-01-15            41.87%    passed     94.92%
****  TOTAL                                  36.27%  0 sequences failed composition chi2 test (p-value<5%; df=3)

Reading partition pos12 (model=HKY+G+F, aln=, seq=DNA, pos=1-1698\1,1-1698\2) ...
444 sequences and 2547 sites extracted

Reading partition pos3 (model=HKY+G+F, aln=, seq=DNA, pos=1-1698\3) ...
444 sequences and 566 sites extracted
Degree of missing data: 0.000

NOTE: 21 identical sequences (see below) will be ignored for subsequent analysis
NOTE: A_OSAKA_68_2001_2001-01-10 (identical to A_Busan_16_2001_2001-02-08) is ignored but added at the end
NOTE: A_Incheon_4274_2008_2008-05-13 (identical to A_Busan_4297_2008_2008-05-22) is ignored but added at the end
NOTE: A_HYOGO_3_2002_2002-01-09 (identical to A_EHIME_47_2002_2002-01-24) is ignored but added at the end
NOTE: A_NARA_3_2001_2001-01-10 (identical to A_FUKUSHIMA_127_2001_2001-03-14) is ignored but added at the end
NOTE: A_NIIGATA_2743_2000_2000-12-13 (identical to A_FUKUSHIMA_127_2001_2001-03-14) is ignored but added at the end
NOTE: A_SENDAI_161_2001_2001-03-16 (identical to A_FUKUSHIMA_127_2001_2001-03-14) is ignored but added at the end
NOTE: A_SAKAI_36_2010_2010-11-06 (identical to A_HIROSHIMA_54_2010_2010-12-15) is ignored but added at the end
NOTE: A_TOKYO_51033_2010_2010-11-29 (identical to A_HOKKAIDO_19416_2010_2010-11-01) is ignored but added at the end
NOTE: A_Niigata_1148_2010_2010-08-03 (identical to A_Niigata_1147_2010_2010-08-03) is ignored but added at the end
NOTE: A_YOKOHAMA_111_2000_2000-12-25 (identical to A_OSAKA_125_2001_2001-02-01) is ignored but added at the end
NOTE: NAGOYA_49_2004_2004-03-08 (identical to AICHI_181_2004_2004-06-16) is ignored but added at the end
NOTE: DAEJEON_390_2002_2002-11-27 (identical to CHEJU_274_2002_2002-11-29) is ignored but added at the end
NOTE: FUKUSHIMA_173_2003_2003-12-03 (identical to CHIBA_113_2003_2003-12-23) is ignored but added at the end
NOTE: OKINAWA_41_2004_2004-03-15 (identical to CHIBA_113_2003_2003-12-23) is ignored but added at the end
NOTE: SENDAI_126_2003_2003-12-16 (identical to CHIBA_113_2003_2003-12-23) is ignored but added at the end
NOTE: YAMAGUCHI_45_2004_2004-02-09 (identical to CHIBA_113_2003_2003-12-23) is ignored but added at the end
NOTE: HIROSHIMA_39_2004_2004-01-26 (identical to FUKUI_44_2004_2004-03-08) is ignored but added at the end
NOTE: KUMAMOTO_2_2004_2004-01-20 (identical to FUKUI_44_2004_2004-03-08) is ignored but added at the end
NOTE: KUMAMOTO_36_2004_2004-02-09 (identical to FUKUI_44_2004_2004-03-08) is ignored but added at the end
NOTE: HYOGO_39_2005_2005-12-12 (identical to HYOGO_36_2005_2005-12-08) is ignored but added at the end
NOTE: TOCHIGI_55_2003_2003-12-12 (identical to OKAYAMA_9_2004_2004-01-13) is ignored but added at the end

Create initial parsimony tree by phylogenetic likelihood library (PLL)... 0.096 seconds

NOTE: 44 MB RAM is required!
Estimate model parameters (epsilon = 0.100)
Initial log-likelihood: -18324.547
Current log-likelihood at step 1: -18195.699
Current log-likelihood at step 2: -18194.658
Current log-likelihood at step 3: -18194.636
Partition-specific rates:  1.049 0.780
Parameters optimization took 2 rounds (1.643 sec)

--------------------------------------------------------------------
|             INITIALIZING CANDIDATE TREE SET                      |
--------------------------------------------------------------------
Computing ML distances based on estimated model parameters... 2.171 sec
Computing BIONJ tree...
0.237 seconds
Log-likelihood of BIONJ tree: -18318.489
Generating 98 parsimony trees... 12.397 seconds 100 distinct starting trees
Computing log-likelihood of 100 initial trees ... 24.275 seconds
Optimizing top 20 initial trees with NNI...
Iteration 1 / LogL: -18138.735 / Time: 0h:0m:42s
Estimate model parameters (epsilon = 0.100)
Initial log-likelihood: -18138.720
Current log-likelihood at step 1: -18138.675
Parameters optimization took 0 rounds (0.289 sec)

BETTER TREE FOUND at iteration 1: -18138.675
Iteration 2 / LogL: -18143.843 / Time: 0h:0m:44s
Iteration 3 / LogL: -18139.236 / Time: 0h:0m:46s
Iteration 4 / LogL: -18156.819 / Time: 0h:0m:47s
Iteration 5 / LogL: -18155.545 / Time: 0h:0m:49s
Iteration 6 / LogL: -18151.596 / Time: 0h:0m:51s
Iteration 7 / LogL: -18150.856 / Time: 0h:0m:53s
Iteration 8 / LogL: -18158.226 / Time: 0h:0m:54s
Iteration 9 / LogL: -18152.088 / Time: 0h:0m:56s
Iteration 10 / LogL: -18152.364 / Time: 0h:0m:58s
Iteration 11 / LogL: -18147.845 / Time: 0h:1m:0s
Iteration 12 / LogL: -18160.477 / Time: 0h:1m:1s
Iteration 13 / LogL: -18161.295 / Time: 0h:1m:3s
Iteration 14 / LogL: -18160.377 / Time: 0h:1m:5s
Iteration 15 / LogL: -18167.030 / Time: 0h:1m:6s
Iteration 16 / LogL: -18167.134 / Time: 0h:1m:7s
Iteration 17 / LogL: -18165.123 / Time: 0h:1m:9s
Iteration 18 / LogL: -18160.049 / Time: 0h:1m:10s
Iteration 19 / LogL: -18168.995 / Time: 0h:1m:12s
Iteration 20 / LogL: -18169.424 / Time: 0h:1m:14s
Average CPU time for 1 NNI search: 3.252
Finish initializing candidate tree set. Number of distinct locally optimal trees: 20
Current best tree score: -18138.675 / CPU time: 125.516
--------------------------------------------------------------------
|               OPTIMIZING CANDIDATE TREE SET                      |
--------------------------------------------------------------------
Iteration 30 / LogL: -18179.120 / Time: 0h:1m:37s (0h:3m:57s left)
Estimate model parameters (epsilon = 0.010)
Initial log-likelihood: -18130.204
Current log-likelihood at step 1: -18130.189
Current log-likelihood at step 2: -18130.187
Parameters optimization took 1 rounds (0.664 sec)

BETTER TREE FOUND at iteration 31: -18130.187
Iteration 40 / LogL: -18146.685 / Time: 0h:2m:0s (0h:4m:39s left)
Iteration 50 / LogL: -18216.426 / Time: 0h:2m:22s (0h:3m:55s left)
Iteration 60 / LogL: -18184.011 / Time: 0h:2m:44s (0h:3m:17s left)
Iteration 70 / LogL: -18156.676 / Time: 0h:3m:6s (0h:2m:44s left)
Iteration 80 / LogL: -18140.246 / Time: 0h:3m:28s (0h:2m:14s left)
Iteration 90 / LogL: -18245.209 / Time: 0h:3m:50s (0h:1m:46s left)
Iteration 100 / LogL: -18228.135 / Time: 0h:4m:12s (0h:1m:18s left)
Iteration 110 / LogL: -18205.547 / Time: 0h:4m:34s (0h:0m:52s left)
Iteration 120 / LogL: -18166.747 / Time: 0h:4m:56s (0h:0m:27s left)
Iteration 130 / LogL: -18138.886 / Time: 0h:5m:19s (0h:0m:2s left)
TREE SEARCH COMPLETED AFTER 131 ITERATIONS / Time: 0h:5m:21s

--------------------------------------------------------------------
|                    FINALIZING TREE SEARCH                        |
--------------------------------------------------------------------
Performs final model parameters optimization
Estimate model parameters (epsilon = 0.010)
Initial log-likelihood: -18130.184
Current log-likelihood at step 1: -18130.183
Partition-specific rates:  1.051 0.770
Parameters optimization took 0 rounds (0.352 sec)

BEST SCORE FOUND : -18130.183
Total tree length: 0.914

Total number of iterations: 131
CPU time used for tree search: 613.110 sec (0h:10m:13s)
Wall-clock time used for tree search: 317.323 sec (0h:5m:17s)
Total CPU time used: 621.878 sec (0h:10m:21s)
Total wall-clock time used: 322.018 sec (0h:5m:22s)

Analysis results written to: 
  IQ-TREE report:                JapanKorea.iqtree
  Maximum-likelihood tree:       JapanKorea.treefile
  Likelihood distances:          JapanKorea.mldist
  Screen log file:               JapanKorea.log

Date and Time: Wed Mar 30 16:19:26 2016
