IQ-TREE multicore version 1.4.0 for Mac OS X 64-bit built Mar  4 2016
Copyright (c) 2011-2015 Nguyen Lam Tung, Olga Chernomor, Arndt von Haeseler and Bui Quang Minh.

Host:    vetmac06.vet.cam.ac.uk (AVX, 64 GB RAM)
Command: iqtree-omp -s NorthChina.fas -pre NorthChina -spp srd06.nex -nt 2
Seed:    447350 (Using SPRNG - Scalable Parallel Random Number Generator)
Time:    Wed Mar 30 16:37:23 2016
Kernel:  AVX - 2 threads (16 CPU cores detected)

Reading partition model file srd06.nex ...
Reading alignment file NorthChina.fas ... Fasta format detected
Alignment most likely contains DNA/RNA sequences
Alignment has 384 sequences with 1698 columns and 687 patterns (318 informative sites)
WARNING: Some sequence names are changed as follows:
A/Anhui/1229/2005_2005-08-19 -> A_Anhui_1229_2005_2005-08-19
A/Anhui/318/2003_2003-08-01 -> A_Anhui_318_2003_2003-08-01
A/Anhui/538/2003_2003-11-02 -> A_Anhui_538_2003_2003-11-02
A/Anhui/550/2002_2002-10-01 -> A_Anhui_550_2002_2002-10-01
A/Anhui/77/2003_2003-01-22 -> A_Anhui_77_2003_2003-01-22
A/Anhui/789/2004_2004-03-16 -> A_Anhui_789_2004_2004-03-16
A/Anhui_Baohe/10/2005_2005-10-12 -> A_Anhui_Baohe_10_2005_2005-10-12
A/Anhui_Baohe/1884/2006_2006-12-07 -> A_Anhui_Baohe_1884_2006_2006-12-07
A/Anhui_Luyang/1113/2006_2006-11-09 -> A_Anhui_Luyang_1113_2006_2006-11-09
A/BEIJING/114/2001_2001-12-13 -> A_BEIJING_114_2001_2001-12-13
A/BEIJING/144/2001_2001-11-30 -> A_BEIJING_144_2001_2001-11-30
A/BEIJING/157/2001_2001-11-20 -> A_BEIJING_157_2001_2001-11-20
A/BEIJING/159/2001_2001-11-30 -> A_BEIJING_159_2001_2001-11-30
A/BEIJING/161/2001_2001-11-30 -> A_BEIJING_161_2001_2001-11-30
A/BEIJING/188/2001_2001-12-13 -> A_BEIJING_188_2001_2001-12-13
A/Beijing-Huairou/11088/2009_2009-11-25 -> A_Beijing-Huairou_11088_2009_2009-11-25
A/Beijing-Huairou/1569/2010_2010-10-03 -> A_Beijing-Huairou_1569_2010_2010-10-03
A/Beijing-Xicheng/12611/2010_2010-11-01 -> A_Beijing-Xicheng_12611_2010_2010-11-01
A/Beijing/17/2001_2001-12-06 -> A_Beijing_17_2001_2001-12-06
A/Beijing/20/2002_2002-01-07 -> A_Beijing_20_2002_2002-01-07
A/Beijing/273/2004_2004-10-29 -> A_Beijing_273_2004_2004-10-29
A/Beijing/284/2004_2004-10-29 -> A_Beijing_284_2004_2004-10-29
A/Beijing/305/2004_2004-11-11 -> A_Beijing_305_2004_2004-11-11
A/Beijing/313/2003_2003-12-25 -> A_Beijing_313_2003_2003-12-25
A/Beijing/317/2004_2004-11-19 -> A_Beijing_317_2004_2004-11-19
A/Beijing/324/2004_2004-11-19 -> A_Beijing_324_2004_2004-11-19
A/Beijing/332/2004_2004-11-25 -> A_Beijing_332_2004_2004-11-25
A/Beijing/344/2004_2004-11-26 -> A_Beijing_344_2004_2004-11-26
A/Beijing/35/2002_2002-01-11 -> A_Beijing_35_2002_2002-01-11
A/Beijing/352/2004_2004-11-26 -> A_Beijing_352_2004_2004-11-26
A/Beijing/44/2002_2002-01-10 -> A_Beijing_44_2002_2002-01-10
A/Beijing/51/2002_2002-12-20 -> A_Beijing_51_2002_2002-12-20
A/Beijing/68/2003_2003-02-12 -> A_Beijing_68_2003_2003-02-12
A/Beijing/Xicheng51/2007_2007-01-10 -> A_Beijing_Xicheng51_2007_2007-01-10
A/Beijing_Xicheng/1283/2006_2006-12-18 -> A_Beijing_Xicheng_1283_2006_2006-12-18
A/Beijing_Xicheng/134/2007_2007-01-08 -> A_Beijing_Xicheng_134_2007_2007-01-08
A/Beijing_Xicheng/140/2007_2007-01-08 -> A_Beijing_Xicheng_140_2007_2007-01-08
A/Beijing_Xicheng/148/2007_2007-01-15 -> A_Beijing_Xicheng_148_2007_2007-01-15
A/Beijing_Xicheng/185/2007_2007-01-21 -> A_Beijing_Xicheng_185_2007_2007-01-21
A/Beijing_Xuanwu/1359/2006_2006-12-21 -> A_Beijing_Xuanwu_1359_2006_2006-12-21
A/Beijing_Xuanwu/1363/2006_2006-12-22 -> A_Beijing_Xuanwu_1363_2006_2006-12-22
A/Beijing_Xuanwu/1367/2006_2006-12-21 -> A_Beijing_Xuanwu_1367_2006_2006-12-21
A/Beijing_Xuanwu/1379/2006_2006-12-29 -> A_Beijing_Xuanwu_1379_2006_2006-12-29
A/Beijng-Xicheng/1108/2009_2009-02-10 -> A_Beijng-Xicheng_1108_2009_2009-02-10
A/Chongqing-Banan/1286/2010_2010-06-25 -> A_Chongqing-Banan_1286_2010_2010-06-25
A/Chongqing/1162/2005_2005-04-20 -> A_Chongqing_1162_2005_2005-04-20
A/Chongqing/1166/2005_2005-04-20 -> A_Chongqing_1166_2005_2005-04-20
A/Chongqing/257/2003_2003-12-18 -> A_Chongqing_257_2003_2003-12-18
A/Chongqing/Yuzhong169/2007_2007-02-27 -> A_Chongqing_Yuzhong169_2007_2007-02-27
A/Gansu/205/2003_2003-12-21 -> A_Gansu_205_2003_2003-12-21
A/Gansu/250/2003_2003-12-24 -> A_Gansu_250_2003_2003-12-24
A/Gansu/257/2003_2003-12-10 -> A_Gansu_257_2003_2003-12-10
A/Gansu/271/2003_2003-12-17 -> A_Gansu_271_2003_2003-12-17
A/Gansu/44/2004_2004-02-08 -> A_Gansu_44_2004_2004-02-08
A/Gansu/Baiyin39/2007_2007-01-08 -> A_Gansu_Baiyin39_2007_2007-01-08
A/Gansu/Chengguan11/2007_2007-01-04 -> A_Gansu_Chengguan11_2007_2007-01-04
A/Gansu_Chengguan/1242/2007_2007-02-09 -> A_Gansu_Chengguan_1242_2007_2007-02-09
A/Gansu_Qingshui/316/2008_2008-12-26 -> A_Gansu_Qingshui_316_2008_2008-12-26
A/HUBEI/61/2002_2002-01-12 -> A_HUBEI_61_2002_2002-01-12
A/Hebei-Xinhua/1193/2009_2009-06-29 -> A_Hebei-Xinhua_1193_2009_2009-06-29
A/Hebei/22/2002_2002-01-10 -> A_Hebei_22_2002_2002-01-10
A/Hebei/Qiaodong51/2007_2007-01-10 -> A_Hebei_Qiaodong51_2007_2007-01-10
A/Hebei/Yunhe33/2007_2007-01-13 -> A_Hebei_Yunhe33_2007_2007-01-13
A/Hebei_Nanshi/1137/2008_2008-12-13 -> A_Hebei_Nanshi_1137_2008_2008-12-13
A/Hebei_Nanshi/123/2007_2007-01-12 -> A_Hebei_Nanshi_123_2007_2007-01-12
A/Hebei_Nanshi/15/2007_2007-01-03 -> A_Hebei_Nanshi_15_2007_2007-01-03
A/Hebei_Qiaodong/324/2006_2006-12-22 -> A_Hebei_Qiaodong_324_2006_2006-12-22
A/Hebei_Qiaodong/512/2006_2006-12-29 -> A_Hebei_Qiaodong_512_2006_2006-12-29
A/Hebei_Yunhe/36/2007_2007-01-12 -> A_Hebei_Yunhe_36_2007_2007-01-12
A/Heilongjiang-Nangang/134/2009_2009-02-01 -> A_Heilongjiang-Nangang_134_2009_2009-02-01
A/Heilongjiang-Xiangfang/163/2009_2009-02-10 -> A_Heilongjiang-Xiangfang_163_2009_2009-02-10
A/Heilongjiang_Xiangfang/147/2006_2006-12-19 -> A_Heilongjiang_Xiangfang_147_2006_2006-12-19
A/Henan/316/2002_2002-11-21 -> A_Henan_316_2002_2002-11-21
A/Henan/7/2002_2002-01-06 -> A_Henan_7_2002_2002-01-06
A/Hubei-Jiangan/1737/2010_2010-09-09 -> A_Hubei-Jiangan_1737_2010_2010-09-09
A/Hubei/270/2005_2005-08-22 -> A_Hubei_270_2005_2005-08-22
A/Hubei/389/2004_2004-09-09 -> A_Hubei_389_2004_2004-09-09
A/Hubei/48/2002_2002-01-08 -> A_Hubei_48_2002_2002-01-08
A/Hubei/56/2002_2002-01-08 -> A_Hubei_56_2002_2002-01-08
A/Hubei/62/2002_2002-01-12 -> A_Hubei_62_2002_2002-01-12
A/Hubei_Jiangan/127/2007_2007-01-22 -> A_Hubei_Jiangan_127_2007_2007-01-22
A/Hubei_Maojian/130/2007_2007-01-22 -> A_Hubei_Maojian_130_2007_2007-01-22
A/Hubei_Maojian/33/2007_2007-01-18 -> A_Hubei_Maojian_33_2007_2007-01-18
A/Hubei_Shashi/121/2007_2007-02-06 -> A_Hubei_Shashi_121_2007_2007-02-06
A/Hubei_Wujiagang/1464/2008_2008-11-18 -> A_Hubei_Wujiagang_1464_2008_2008-11-18
A/JILIN/14/2003_2003-02-01 -> A_JILIN_14_2003_2003-02-01
A/JILIN/17/2003_2003-02-15 -> A_JILIN_17_2003_2003-02-15
A/Jiangsu-Quanshan/114/2009_2009-03-12 -> A_Jiangsu-Quanshan_114_2009_2009-03-12
A/Jiangsu/Beitang18/2008_2008-01-15 -> A_Jiangsu_Beitang18_2008_2008-01-15
A/Jiangsu/Xuzhougulou149/2007_2007-01-23 -> A_Jiangsu_Xuzhougulou149_2007_2007-01-23
A/Jiangsu_Beitang/1269/2008_2008-10-08 -> A_Jiangsu_Beitang_1269_2008_2008-10-08
A/Jiangsu_Changshu/327/2007_2007-03-16 -> A_Jiangsu_Changshu_327_2007_2007-03-16
A/Jiangsu_Gaoyou/5259/2008_2008-10-04 -> A_Jiangsu_Gaoyou_5259_2008_2008-10-04
A/Jiangsu_Gulou/1312/2008_2008-11-10 -> A_Jiangsu_Gulou_1312_2008_2008-11-10
A/Jiangsu_Nanjinggulou/1500/2008_2008-12-01 -> A_Jiangsu_Nanjinggulou_1500_2008_2008-12-01
A/Jiangsu_Nanjinggulou/1603/2008_2008-11-24 -> A_Jiangsu_Nanjinggulou_1603_2008_2008-11-24
A/Jiangsu_Nanjinggulou/1626/2008_2008-12-29 -> A_Jiangsu_Nanjinggulou_1626_2008_2008-12-29
A/Jiangsu_Pingjiang/51/2007_2007-02-03 -> A_Jiangsu_Pingjiang_51_2007_2007-02-03
A/Jiangsu_Pingjiang/52/2007_2007-02-03 -> A_Jiangsu_Pingjiang_52_2007_2007-02-03
A/Jiangsu_Xuanwu/31/2007_2007-01-11 -> A_Jiangsu_Xuanwu_31_2007_2007-01-11
A/Jilin/Chaoyang1124/2007_2007-10-07 -> A_Jilin_Chaoyang1124_2007_2007-10-07
A/Jilin/Chaoyang1125/2007_2007-10-12 -> A_Jilin_Chaoyang1125_2007_2007-10-12
A/Jilin/Chuanying164/2008_2008-01-09 -> A_Jilin_Chuanying164_2008_2008-01-09
A/Jilin/Nanguan112/2007_2007-01-08 -> A_Jilin_Nanguan112_2007_2007-01-08
A/Jilin_Chaoyang/1198/2006_2006-12-13 -> A_Jilin_Chaoyang_1198_2006_2006-12-13
A/Jilin_Chaoyang/1293/2006_2006-12-26 -> A_Jilin_Chaoyang_1293_2006_2006-12-26
A/LIAONING/34/2001_2001-12-28 -> A_LIAONING_34_2001_2001-12-28
A/Liaoning-Tiedong/14/2008_2008-12-04 -> A_Liaoning-Tiedong_14_2008_2008-12-04
A/Liaoning/10/2003_2003-01-20 -> A_Liaoning_10_2003_2003-01-20
A/Liaoning/12/2003_2003-12-10 -> A_Liaoning_12_2003_2003-12-10
A/Liaoning/23/2003_2003-12-10 -> A_Liaoning_23_2003_2003-12-10
A/Liaoning/32/2003_2003-01-06 -> A_Liaoning_32_2003_2003-01-06
A/Liaoning/38/2001_2001-12-17 -> A_Liaoning_38_2001_2001-12-17
A/Liaoning/43/2002_2002-12-25 -> A_Liaoning_43_2002_2002-12-25
A/Nanjing/1/2009_2009-04-10 -> A_Nanjing_1_2009_2009-04-10
A/Nanjing/1654/2010_2010-09-10 -> A_Nanjing_1654_2010_2010-09-10
A/Nanjing/1655/2010_2010-09-10 -> A_Nanjing_1655_2010_2010-09-10
A/Nanjing/1663/2010_2010-09-10 -> A_Nanjing_1663_2010_2010-09-10
A/Ningxia/12/2003_2003-11-24 -> A_Ningxia_12_2003_2003-11-24
A/Ningxia/6/2000_2000-01-19 -> A_Ningxia_6_2000_2000-01-19
A/Ningxia/78/2003_2003-12-10 -> A_Ningxia_78_2003_2003-12-10
A/Ningxia_Dawukou/121/2007_2007-01-10 -> A_Ningxia_Dawukou_121_2007_2007-01-10
A/Qingdao/1045/2009_2009-09-03 -> A_Qingdao_1045_2009_2009-09-03
A/Qingdao/1046/2009_2009-09-03 -> A_Qingdao_1046_2009_2009-09-03
A/Qingdao/1115/2009_2009-09-06 -> A_Qingdao_1115_2009_2009-09-06
A/Qingdao/1116/2009_2009-09-06 -> A_Qingdao_1116_2009_2009-09-06
A/Qingdao/1118/2009_2009-09-06 -> A_Qingdao_1118_2009_2009-09-06
A/Qingdao/1157/2009_2009-09-09 -> A_Qingdao_1157_2009_2009-09-09
A/Qingdao/1158/2009_2009-09-09 -> A_Qingdao_1158_2009_2009-09-09
A/Qingdao/1167/2009_2009-09-09 -> A_Qingdao_1167_2009_2009-09-09
A/Qingdao/1231/2009_2009-09-14 -> A_Qingdao_1231_2009_2009-09-14
A/Qingdao/1295/2009_2009-09-16 -> A_Qingdao_1295_2009_2009-09-16
A/Qingdao/1329/2009_2009-09-17 -> A_Qingdao_1329_2009_2009-09-17
A/Qingdao/1341/2009_2009-09-17 -> A_Qingdao_1341_2009_2009-09-17
A/Qingdao/1346/2009_2009-09-17 -> A_Qingdao_1346_2009_2009-09-17
A/Qingdao/2144/2009_2009-09-17 -> A_Qingdao_2144_2009_2009-09-17
A/Qingdao/2157/2009_2009-09-18 -> A_Qingdao_2157_2009_2009-09-18
A/Qingdao/2162/2009_2009-09-18 -> A_Qingdao_2162_2009_2009-09-18
A/Qingdao/2181/2009_2009-09-22 -> A_Qingdao_2181_2009_2009-09-22
A/Qingdao/2199/2009_2009-09-22 -> A_Qingdao_2199_2009_2009-09-22
A/Qingdao/2200/2009_2009-09-22 -> A_Qingdao_2200_2009_2009-09-22
A/Qingdao/505/2009_2009-08-26 -> A_Qingdao_505_2009_2009-08-26
A/Qingdao/522/2009_2009-09-01 -> A_Qingdao_522_2009_2009-09-01
A/Qinghai_Gangcha/112/2007_2007-03-15 -> A_Qinghai_Gangcha_112_2007_2007-03-15
A/Qinghai_Gangcha/1126/2007_2007-04-12 -> A_Qinghai_Gangcha_1126_2007_2007-04-12
A/SHANDONG/27/2001_2001-12-24 -> A_SHANDONG_27_2001_2001-12-24
A/SHANGHAI/369/2003_2003-04-15 -> A_SHANGHAI_369_2003_2003-04-15
A/Shaanxi/27/2003_2003-12-11 -> A_Shaanxi_27_2003_2003-12-11
A/Shaanxi/43/2003_2003-12-09 -> A_Shaanxi_43_2003_2003-12-09
A/Shaanxi/54/2003_2003-12-22 -> A_Shaanxi_54_2003_2003-12-22
A/Shaanxi/77/2003_2003-12-30 -> A_Shaanxi_77_2003_2003-12-30
A/Shandong-Lanshan/1371/2010_2010-10-01 -> A_Shandong-Lanshan_1371_2010_2010-10-01
A/Shanghai-Baoshan/1607/2010_2010-10-07 -> A_Shanghai-Baoshan_1607_2010_2010-10-07
A/Shanghai-Luwan/1541/2010_2010-09-08 -> A_Shanghai-Luwan_1541_2010_2010-09-08
A/Shanghai-Luwan/1568/2010_2010-09-19 -> A_Shanghai-Luwan_1568_2010_2010-09-19
A/Shanghai-Luwan/1573/2010_2010-09-17 -> A_Shanghai-Luwan_1573_2010_2010-09-17
A/Shanghai-Nanhui/1208/2009_2009-07-13 -> A_Shanghai-Nanhui_1208_2009_2009-07-13
A/Shanghai-Nanhui/146/2009_2009-02-22 -> A_Shanghai-Nanhui_146_2009_2009-02-22
A/Shanghai-Nanhui/190/2009_2009-03-12 -> A_Shanghai-Nanhui_190_2009_2009-03-12
A/Shanghai/159/2001_2001-09-09 -> A_Shanghai_159_2001_2001-09-09
A/Shanghai/236/2004_2004-02-25 -> A_Shanghai_236_2004_2004-02-25
A/Shanghai/370/2003_2003-04-15 -> A_Shanghai_370_2003_2003-04-15
A/Shanghai/N03/2007_2007-06-14 -> A_Shanghai_N03_2007_2007-06-14
A/Shanghai/N04/2007_2007-07-12 -> A_Shanghai_N04_2007_2007-07-12
A/Shanghai/N05/2007_2007-08-20 -> A_Shanghai_N05_2007_2007-08-20
A/Shanghai/N06/2007_2007-08-23 -> A_Shanghai_N06_2007_2007-08-23
A/Shanghai/N07/2007_2007-08-27 -> A_Shanghai_N07_2007_2007-08-27
A/Shanghai/N08/2007_2007-08-30 -> A_Shanghai_N08_2007_2007-08-30
A/Shanghai/N10/2007_2007-09-06 -> A_Shanghai_N10_2007_2007-09-06
A/Shanghai/N11/2007_2007-09-06 -> A_Shanghai_N11_2007_2007-09-06
A/Shanghai/N12/2007_2007-09-20 -> A_Shanghai_N12_2007_2007-09-20
A/Shanghai/N13/2007_2007-11-12 -> A_Shanghai_N13_2007_2007-11-12
A/Shanghai/N14/2008_2008-02-18 -> A_Shanghai_N14_2008_2008-02-18
A/Shanghai/N15/2008_2008-02-18 -> A_Shanghai_N15_2008_2008-02-18
A/Shanghai/N17/2008_2008-02-28 -> A_Shanghai_N17_2008_2008-02-28
A/Shanghai/N18/2008_2008-03-13 -> A_Shanghai_N18_2008_2008-03-13
A/Shanghai/N38/2008_2008-09-01 -> A_Shanghai_N38_2008_2008-09-01
A/Shanghai/Pudongxin237/2008_2008-03-12 -> A_Shanghai_Pudongxin237_2008_2008-03-12
A/Shanghai_Pudongxin/2164/2008_2008-10-23 -> A_Shanghai_Pudongxin_2164_2008_2008-10-23
A/Shanghai_Pudongxin/2181/2008_2008-12-09 -> A_Shanghai_Pudongxin_2181_2008_2008-12-09
A/Shanxi/Yingze511/2007_2007-01-12 -> A_Shanxi_Yingze511_2007_2007-01-12
A/Shanxi_Beilin/187/2007_2007-01-12 -> A_Shanxi_Beilin_187_2007_2007-01-12
A/Shanxi_Chengqu/1156/2007_2007-03-28 -> A_Shanxi_Chengqu_1156_2007_2007-03-28
A/Shanxi_Chengqu/145/2007_2007-01-16 -> A_Shanxi_Chengqu_145_2007_2007-01-16
A/Shanxi_Chengqu/151/2007_2007-01-17 -> A_Shanxi_Chengqu_151_2007_2007-01-17
A/Shanxi_Xinghualing/129/2007_2007-01-15 -> A_Shanxi_Xinghualing_129_2007_2007-01-15
A/Shanxi_Xinghualing/141/2007_2007-01-16 -> A_Shanxi_Xinghualing_141_2007_2007-01-16
A/Shanxi_Yaodu/276/2008_2008-12-19 -> A_Shanxi_Yaodu_276_2008_2008-12-19
A/Shanxi_Yingze/112/2007_2007-01-18 -> A_Shanxi_Yingze_112_2007_2007-01-18
A/Shanxi_Yingze/511/2007_2007-01-12 -> A_Shanxi_Yingze_511_2007_2007-01-12
A/Sichuan-Qingyang/1396/2008_2008-11-04 -> A_Sichuan-Qingyang_1396_2008_2008-11-04
A/Sichuan-Qingyang/1410/2010_2010-09-27 -> A_Sichuan-Qingyang_1410_2010_2010-09-27
A/Sichuan-Yucheng/1272/2010_2010-09-06 -> A_Sichuan-Yucheng_1272_2010_2010-09-06
A/Sichuan/1000/2005_2005-09-02 -> A_Sichuan_1000_2005_2005-09-02
A/Sichuan/163/2004_2004-03-11 -> A_Sichuan_163_2004_2004-03-11
A/Sichuan/57/2004_2004-02-21 -> A_Sichuan_57_2004_2004-02-21
A/Sichuan/7/2002_2002-01-11 -> A_Sichuan_7_2002_2002-01-11
A/Sichuan/740/2004_2004-07-05 -> A_Sichuan_740_2004_2004-07-05
A/Sichuan/865/2005_2005-07-08 -> A_Sichuan_865_2005_2005-07-08
A/Sichuan/878/2005_2005-07-15 -> A_Sichuan_878_2005_2005-07-15
A/Sichuan/888/2005_2005-07-22 -> A_Sichuan_888_2005_2005-07-22
A/Sichuan/926/2004_2004-09-06 -> A_Sichuan_926_2004_2004-09-06
A/Sichuan_Jingyang/2165/2008_2008-10-13 -> A_Sichuan_Jingyang_2165_2008_2008-10-13
A/Sichuan_Jingyang/2253/2008_2008-12-12 -> A_Sichuan_Jingyang_2253_2008_2008-12-12
A/Sichuan_Jinjiang/2102/2008_2008-10-24 -> A_Sichuan_Jinjiang_2102_2008_2008-10-24
A/TIANJING/13/2002_2002-01-08 -> A_TIANJING_13_2002_2002-01-08
A/Tianjin-Hexi/1399/2010_2010-10-07 -> A_Tianjin-Hexi_1399_2010_2010-10-07
A/Tianjin-Hexi/1404/2010_2010-10-10 -> A_Tianjin-Hexi_1404_2010_2010-10-10
A/Tianjin-Hexi/1471/2009_2009-11-23 -> A_Tianjin-Hexi_1471_2009_2009-11-23
A/Tianjin-Hongqiao/141/2009_2009-03-03 -> A_Tianjin-Hongqiao_141_2009_2009-03-03
A/Tianjin-Nankai/1211/2008_2008-12-30 -> A_Tianjin-Nankai_1211_2008_2008-12-30
A/Tianjin-Nankai/1687/2010_2010-01-11 -> A_Tianjin-Nankai_1687_2010_2010-01-11
A/Tianjin-Ninghe/312/2009_2009-10-27 -> A_Tianjin-Ninghe_312_2009_2009-10-27
A/Tianjin-Ninghe/39/2009_2009-10-27 -> A_Tianjin-Ninghe_39_2009_2009-10-27
A/Tianjin-Tanggu/1193/2009_2009-11-10 -> A_Tianjin-Tanggu_1193_2009_2009-11-10
A/Tianjin/132/2002_2002-11-23 -> A_Tianjin_132_2002_2002-11-23
A/Tianjin/147/2002_2002-11-30 -> A_Tianjin_147_2002_2002-11-30
A/Tianjin/217/2001_2001-12-18 -> A_Tianjin_217_2001_2001-12-18
A/Tianjin/221/2001_2001-12-19 -> A_Tianjin_221_2001_2001-12-19
A/Tianjin/228/2003_2003-12-08 -> A_Tianjin_228_2003_2003-12-08
A/Tianjin/245/2001_2001-12-25 -> A_Tianjin_245_2001_2001-12-25
A/Tianjin/252/2001_2001-12-25 -> A_Tianjin_252_2001_2001-12-25
A/Tianjin/316/2003_2003-12-23 -> A_Tianjin_316_2003_2003-12-23
A/Tianjin/327/2003_2003-12-24 -> A_Tianjin_327_2003_2003-12-24
A/Tianjin/Hedong112/2008_2008-01-06 -> A_Tianjin_Hedong112_2008_2008-01-06
A/Tianjin/Hongqiao148/2008_2008-04-01 -> A_Tianjin_Hongqiao148_2008_2008-04-01
A/Tianjin/Jinnan15/2007_2007-01-03 -> A_Tianjin_Jinnan15_2007_2007-01-03
A/Tianjin/Jinnan166/2008_2008-04-02 -> A_Tianjin_Jinnan166_2008_2008-04-02
A/Tianjin/Jinnan173/2008_2008-04-14 -> A_Tianjin_Jinnan173_2008_2008-04-14
A/Tianjin/Nankai110/2008_2008-01-07 -> A_Tianjin_Nankai110_2008_2008-01-07
A/Tianjin_Hedong/114/2007_2007-01-02 -> A_Tianjin_Hedong_114_2007_2007-01-02
A/Tianjin_Hedong/1206/2008_2008-10-19 -> A_Tianjin_Hedong_1206_2008_2008-10-19
A/Tianjin_Tangu/328/2006_2006-12-29 -> A_Tianjin_Tangu_328_2006_2006-12-29
A/WUHAN/295/2005_2005-08-20 -> A_WUHAN_295_2005_2005-08-20
A/WUHAN/374/2001_2001-11-15 -> A_WUHAN_374_2001_2001-11-15
A/WUHAN/396/2001_2001-11-29 -> A_WUHAN_396_2001_2001-11-29
A/WUHAN/401/2001_2001-12-06 -> A_WUHAN_401_2001_2001-12-06
A/Wuhan/12/2002_2002-01-10 -> A_Wuhan_12_2002_2002-01-10
A/Wuhan/144/2003_2003-05-07 -> A_Wuhan_144_2003_2003-05-07
A/Wuhan/154/2003_2003-05-14 -> A_Wuhan_154_2003_2003-05-14
A/Wuhan/16/2002_2002-01-17 -> A_Wuhan_16_2002_2002-01-17
A/Wuhan/206/2004_2004-07-05 -> A_Wuhan_206_2004_2004-07-05
A/Wuhan/278/2003_2003-08-17 -> A_Wuhan_278_2003_2003-08-17
A/Wuhan/289/2005_2005-08-15 -> A_Wuhan_289_2005_2005-08-15
A/Wuhan/29/2004_2004-02-09 -> A_Wuhan_29_2004_2004-02-09
A/Wuhan/375/2001_2001-11-14 -> A_Wuhan_375_2001_2001-11-14
A/Wuhan/388/2001_2001-11-20 -> A_Wuhan_388_2001_2001-11-20
A/Wuhan/397/2001_2001-12-05 -> A_Wuhan_397_2001_2001-12-05
A/Wuhan/428/2001_2001-12-25 -> A_Wuhan_428_2001_2001-12-25
A/Wuhan/433/2001_2001-12-26 -> A_Wuhan_433_2001_2001-12-26
A/Wuhan/9/2002_2002-01-09 -> A_Wuhan_9_2002_2002-01-09
A/Wulumuqi/203/2008_2008-10-20 -> A_Wulumuqi_203_2008_2008-10-20
A/Xinjiang_Hutubi/1228/2008_2008-12-23 -> A_Xinjiang_Hutubi_1228_2008_2008-12-23
A/Xinjing/Tulufan540/2008_2008-01-13 -> A_Xinjing_Tulufan540_2008_2008-01-13
ANHUI-FUYANG-YINGZHOU/1273/2009_2009-09-03 -> ANHUI-FUYANG-YINGZHOU_1273_2009_2009-09-03
ANHUI/1179/2005_2005-08-09 -> ANHUI_1179_2005_2005-08-09
ANHUI/1220/2005_2005-08-17 -> ANHUI_1220_2005_2005-08-17
ANHUI/1238/2005_2005-08-23 -> ANHUI_1238_2005_2005-08-23
ANHUI/1239/2005_2005-08-23 -> ANHUI_1239_2005_2005-08-23
ANHUI/1247/2005_2005-08-23 -> ANHUI_1247_2005_2005-08-23
ANHUI/544/2005_2005-03-30 -> ANHUI_544_2005_2005-03-30
ANHUI/563/2005_2005-03-31 -> ANHUI_563_2005_2005-03-31
BEIJING-CHAOYANG/11482/2009_2009-11-12 -> BEIJING-CHAOYANG_11482_2009_2009-11-12
BEIJING-CHAOYANG/138/2010_2010-01-05 -> BEIJING-CHAOYANG_138_2010_2010-01-05
BEIJING-CHAOYANG/152/2010_2010-01-06 -> BEIJING-CHAOYANG_152_2010_2010-01-06
BEIJING-CHAOYANG/158/2010_2010-01-05 -> BEIJING-CHAOYANG_158_2010_2010-01-05
BEIJING-CHAOYANG/181/2010_2010-01-11 -> BEIJING-CHAOYANG_181_2010_2010-01-11
BEIJING-HUAIROU/1155/2011_2011-01-30 -> BEIJING-HUAIROU_1155_2011_2011-01-30
BEIJING-HUAIROU/1891/2010_2010-12-14 -> BEIJING-HUAIROU_1891_2010_2010-12-14
BEIJING-XICHENG/1293/2011_2011-02-08 -> BEIJING-XICHENG_1293_2011_2011-02-08
BEIJING-XICHENG/130/2010_2010-01-03 -> BEIJING-XICHENG_130_2010_2010-01-03
BEIJING-XICHENG/1409/2011_2011-02-22 -> BEIJING-XICHENG_1409_2011_2011-02-22
BEIJING/170/2003_2003-12-05 -> BEIJING_170_2003_2003-12-05
BEIJING/178-NEW-AGN/2002_2002-11-21 -> BEIJING_178-NEW-AGN_2002_2002-11-21
BEIJING/209/2006_2006-03-17 -> BEIJING_209_2006_2006-03-17
BEIJING/27/2006_2006-01-12 -> BEIJING_27_2006_2006-01-12
BEIJING/301/2002_2002-12-20 -> BEIJING_301_2002_2002-12-20
BEIJING/37/2006_2006-01-12 -> BEIJING_37_2006_2006-01-12
BEIJING/47/2006_2006-01-20 -> BEIJING_47_2006_2006-01-20
BEIJING/58/2006_2006-01-19 -> BEIJING_58_2006_2006-01-19
BEIJING/XICHENG1272/2006_2006-12-11 -> BEIJING_XICHENG1272_2006_2006-12-11
BEIJINGXICHENG/313/2006_2006-12-08 -> BEIJINGXICHENG_313_2006_2006-12-08
BEIJINGXICHENG/315/2006_2006-12-08 -> BEIJINGXICHENG_315_2006_2006-12-08
BEIJINGXICHENG/318/2006_2006-12-07 -> BEIJINGXICHENG_318_2006_2006-12-07
CHONGQING-WANZHOU/182/2011_2011-02-20 -> CHONGQING-WANZHOU_182_2011_2011-02-20
CHONGQING-YONGCHUAN/1108/2008_2008-04-01 -> CHONGQING-YONGCHUAN_1108_2008_2008-04-01
CHONGQING-YUZHONG/334/2010_2010-07-20 -> CHONGQING-YUZHONG_334_2010_2010-07-20
CHONGQING-YUZHONG/335/2010_2010-07-20 -> CHONGQING-YUZHONG_335_2010_2010-07-20
CHONGQING/1096/2005_2005-04-01 -> CHONGQING_1096_2005_2005-04-01
CHONGQING/1167/2005_2005-04-20 -> CHONGQING_1167_2005_2005-04-20
CHONGQING/560/2005_2005-03-11 -> CHONGQING_560_2005_2005-03-11
CHONGQING/618/2005_2005-04-08 -> CHONGQING_618_2005_2005-04-08
CHONGQING/628/2005_2005-04-08 -> CHONGQING_628_2005_2005-04-08
CHONGQING/650/2005_2005-04-22 -> CHONGQING_650_2005_2005-04-22
CHONGQING/652/2005_2005-04-25 -> CHONGQING_652_2005_2005-04-25
GANSU-LANZHOU-CHENGGUAN/1448/2008_2008-05-07 -> GANSU-LANZHOU-CHENGGUAN_1448_2008_2008-05-07
GANSU-TIANSHUI-MAIJI/1314/2008_2008-04-05 -> GANSU-TIANSHUI-MAIJI_1314_2008_2008-04-05
GANSU/30/2004_2004-01-15 -> GANSU_30_2004_2004-01-15
GANSUCHENGGUAN/97/2006_2006-01-10 -> GANSUCHENGGUAN_97_2006_2006-01-10
HEBEI-BAODING-ANGUO/51/2010_2010-01-12 -> HEBEI-BAODING-ANGUO_51_2010_2010-01-12
HEBEI-SHIJIAZHUANG-XINHUA/1583/2009_2009-09-29 -> HEBEI-SHIJIAZHUANG-XINHUA_1583_2009_2009-09-29
HEBEI-SHIJIAZHUANG-YUHUA/133/2011_2011-01-12 -> HEBEI-SHIJIAZHUANG-YUHUA_133_2011_2011-01-12
HEBEI/196/2003_2003-11-28 -> HEBEI_196_2003_2003-11-28
HEILONGJIANG-HARBIN-NANGANG/124/2011_2011-03-08 -> HEILONGJIANG-HARBIN-NANGANG_124_2011_2011-03-08
HEILONGJIANG-HARBIN-NANGANG/1403/2009_2009-09-15 -> HEILONGJIANG-HARBIN-NANGANG_1403_2009_2009-09-15
HEILONGJIANG-HARBIN-XIANGFANG/1117/2010_2010-01-15 -> HEILONGJIANG-HARBIN-XIANGFANG_1117_2010_2010-01-15
HEILONGJIANG-HARBIN-XIANGFANG/129/2010_2010-01-05 -> HEILONGJIANG-HARBIN-XIANGFANG_129_2010_2010-01-05
HEILONGJIANG-HEGANG-XIANGYANG/1125/2011_2011-03-09 -> HEILONGJIANG-HEGANG-XIANGYANG_1125_2011_2011-03-09
HEILONGJIANG-MUDANJIANG-LONGSHA/160/2010_2010-04-09 -> HEILONGJIANG-MUDANJIANG-LONGSHA_160_2010_2010-04-09
HEILONGJIANG-QIQIHAR-JIANHUA/1496/2009_2009-11-12 -> HEILONGJIANG-QIQIHAR-JIANHUA_1496_2009_2009-11-12
HEILONGJIANG-QIQIHAR-JIANHUA/1593/2009_2009-12-26 -> HEILONGJIANG-QIQIHAR-JIANHUA_1593_2009_2009-12-26
HEILONGJIANG-QIQIHAR-JIANHUA/172/2010_2010-03-01 -> HEILONGJIANG-QIQIHAR-JIANHUA_172_2010_2010-03-01
HEILONGJIANG-QITAIHE-TAOSHAN/147/2011_2011-04-15 -> HEILONGJIANG-QITAIHE-TAOSHAN_147_2011_2011-04-15
HUBEI-ENSHI-TUJIA-AND-MIAO-ENSHI/1250/2010_2010-07-14 -> HUBEI-ENSHI-TUJIA-AND-MIAO-ENSHI_1250_2010_2010-07-14
HUBEI-JINGZHOU-SONGZI/198/2008_2008-05-14 -> HUBEI-JINGZHOU-SONGZI_198_2008_2008-05-14
HUBEI-WUHAN-JIANGAN/1327/2008_2008-09-08 -> HUBEI-WUHAN-JIANGAN_1327_2008_2008-09-08
HUBEI-WUHAN-JIANGAN/1730/2010_2010-09-06 -> HUBEI-WUHAN-JIANGAN_1730_2010_2010-09-06
HUBEI-WUHAN-QIAOKOU/1268/2010_2010-09-06 -> HUBEI-WUHAN-QIAOKOU_1268_2010_2010-09-06
HUBEI-XIANNING-SHASHI/1121/2008_2008-06-17 -> HUBEI-XIANNING-SHASHI_1121_2008_2008-06-17
HUBEI-XIANNING-SHASHI/1154/2008_2008-08-06 -> HUBEI-XIANNING-SHASHI_1154_2008_2008-08-06
HUBEI-YICHANG-WUJIAGANG/1358/2008_2008-07-31 -> HUBEI-YICHANG-WUJIAGANG_1358_2008_2008-07-31
HUBEI/276/2004_2004-06-11 -> HUBEI_276_2004_2004-06-11
HUBEI/412/2004_2004-09-10 -> HUBEI_412_2004_2004-09-10
HUBEIWUCHANG/1258/2006_2006-12-26 -> HUBEIWUCHANG_1258_2006_2006-12-26
HUBEIWUJIAGANG/1121/2006_2006-08-03 -> HUBEIWUJIAGANG_1121_2006_2006-08-03
JIANGSU-NANJING-GULOU/1659/2009_2009-09-23 -> JIANGSU-NANJING-GULOU_1659_2009_2009-09-23
JIANGSU-WUXI-BEITANG/1128/2008_2008-05-26 -> JIANGSU-WUXI-BEITANG_1128_2008_2008-05-26
JIANGSU-WUXI-BEITANG/1160/2008_2008-07-04 -> JIANGSU-WUXI-BEITANG_1160_2008_2008-07-04
JIANGSU-WUXI-NANCHANG/1629/2009_2009-10-19 -> JIANGSU-WUXI-NANCHANG_1629_2009_2009-10-19
JIANGSU-WUXI-NANCHANG/182/2008_2008-06-18 -> JIANGSU-WUXI-NANCHANG_182_2008_2008-06-18
JIANGSU-XUZHOU-QUANSHAN/11390/2010_2010-09-01 -> JIANGSU-XUZHOU-QUANSHAN_11390_2010_2010-09-01
JIANGSU/DY3/2004_2004-09-14 -> JIANGSU_DY3_2004_2004-09-14
JIANGSU/FU137/2004_2004-09-09 -> JIANGSU_FU137_2004_2004-09-09
JIANGSU/FU81/2004_2004-08-11 -> JIANGSU_FU81_2004_2004-08-11
JILIN-JILIN-CHUANYING/1156/2011_2011-03-03 -> JILIN-JILIN-CHUANYING_1156_2011_2011-03-03
JILIN-JILIN-CHUANYING/1488/2009_2009-11-14 -> JILIN-JILIN-CHUANYING_1488_2009_2009-11-14
JILIN/16/2003_2003-02-12 -> JILIN_16_2003_2003-02-12
JILIN/18/2003_2003-02-18 -> JILIN_18_2003_2003-02-18
JILINCHAOYANG/1178/2006_2006-12-11 -> JILINCHAOYANG_1178_2006_2006-12-11
JILINNANGUAN/1165/2006_2006-12-11 -> JILINNANGUAN_1165_2006_2006-12-11
LIAONING-DANDONG-XIGANG/1504/2010_2010-04-21 -> LIAONING-DANDONG-XIGANG_1504_2010_2010-04-21
LIAONING-FUXIN-HAIZHOU/1118/2011_2011-03-22 -> LIAONING-FUXIN-HAIZHOU_1118_2011_2011-03-22
SHAANXI/90/2005_2005-03-02 -> SHAANXI_90_2005_2005-03-02
SHANDONG-JINAN-HUAIYIN/1104/2008_2008-01-25 -> SHANDONG-JINAN-HUAIYIN_1104_2008_2008-01-25
SHANDONG-TAIAN-TAISHAN/1360/2009_2009-10-06 -> SHANDONG-TAIAN-TAISHAN_1360_2009_2009-10-06
SHANGHAI-FENGXIAN/154/2009_2009-09-14 -> SHANGHAI-FENGXIAN_154_2009_2009-09-14
SHANGHAI-JINSHAN/13/2011_2011-01-03 -> SHANGHAI-JINSHAN_13_2011_2011-01-03
SHANGHAI-LUWAN/1400/2010_2010-07-07 -> SHANGHAI-LUWAN_1400_2010_2010-07-07
SHANGHAI-LUWAN/1544/2010_2010-09-08 -> SHANGHAI-LUWAN_1544_2010_2010-09-08
SHANGHAI-LUWAN/1561/2010_2010-09-14 -> SHANGHAI-LUWAN_1561_2010_2010-09-14
SHANGHAI-LUWAN/188/2011_2011-02-14 -> SHANGHAI-LUWAN_188_2011_2011-02-14
SHANGHAI-PUDONG-XIN/1911/2010_2010-11-28 -> SHANGHAI-PUDONG-XIN_1911_2010_2010-11-28
SHANXI-TAIYUAN-XINGHUALING/1247/2009_2009-09-21 -> SHANXI-TAIYUAN-XINGHUALING_1247_2009_2009-09-21
SICHUAN-LIANGSHAN-YI-JINYANG/2212/2008_2008-10-17 -> SICHUAN-LIANGSHAN-YI-JINYANG_2212_2008_2008-10-17
SICHUAN/1017/2004_2004-09-24 -> SICHUAN_1017_2004_2004-09-24
SICHUAN/1025/2004_2004-09-24 -> SICHUAN_1025_2004_2004-09-24
TIANJIN-BAODI/1186/2009_2009-12-22 -> TIANJIN-BAODI_1186_2009_2009-12-22
TIANJIN-BINHAI/1216/2010_2010-03-30 -> TIANJIN-BINHAI_1216_2010_2010-03-30
TIANJIN-HEDONG/195/2011_2011-02-15 -> TIANJIN-HEDONG_195_2011_2011-02-15
TIANJIN-HEXI/1266/2010_2010-05-12 -> TIANJIN-HEXI_1266_2010_2010-05-12
TIANJIN-HEXI/15/2011_2011-01-10 -> TIANJIN-HEXI_15_2011_2011-01-10
TIANJIN-HEXI/1530/2009_2009-12-08 -> TIANJIN-HEXI_1530_2009_2009-12-08
TIANJIN-HEXI/18/2010_2010-01-05 -> TIANJIN-HEXI_18_2010_2010-01-05
TIANJIN-JINNAN/144/2011_2011-01-12 -> TIANJIN-JINNAN_144_2011_2011-01-12
TIANJIN-NANKAI/1842/2010_2010-03-01 -> TIANJIN-NANKAI_1842_2010_2010-03-01
TIANJIN-NANKAI/1912/2010_2010-03-24 -> TIANJIN-NANKAI_1912_2010_2010-03-24
TIANJIN/143/2003_2003-10-04 -> TIANJIN_143_2003_2003-10-04
TIANJIN/199/2003_2003-10-20 -> TIANJIN_199_2003_2003-10-20
TIANJIN/263/2004_2004-09-06 -> TIANJIN_263_2004_2004-09-06
TIANJIN/273/2004_2004-09-28 -> TIANJIN_273_2004_2004-09-28
TIANJIN/275/2005_2005-03-29 -> TIANJIN_275_2005_2005-03-29
TIANJIN/32/2004_2004-01-18 -> TIANJIN_32_2004_2004-01-18
TIANJIN/446/2005_2005-08-30 -> TIANJIN_446_2005_2005-08-30
TIANJIN/451/2005_2005-08-29 -> TIANJIN_451_2005_2005-08-29
TIANJIN/454/2005_2005-09-06 -> TIANJIN_454_2005_2005-09-06
TIANJIN/459/2005_2005-09-11 -> TIANJIN_459_2005_2005-09-11
WUHAN/101/2004_2004-04-05 -> WUHAN_101_2004_2004-04-05
WUHAN/158/2005_2005-05-23 -> WUHAN_158_2005_2005-05-23
WUHAN/211/2003_2003-06-30 -> WUHAN_211_2003_2003-06-30
WUHAN/214/2003_2003-06-30 -> WUHAN_214_2003_2003-06-30
WUHAN/269/2004_2004-08-23 -> WUHAN_269_2004_2004-08-23
WUHAN/271/2004_2004-08-23 -> WUHAN_271_2004_2004-08-23
WUHAN/283/2005_2005-08-15 -> WUHAN_283_2005_2005-08-15
WUHAN/68/2004_2004-04-07 -> WUHAN_68_2004_2004-04-07

                                                       Gap/Ambiguity  Composition  p-value
   1  A_Anhui_1229_2005_2005-08-19                            43.46%    passed     88.26%
   2  A_Anhui_318_2003_2003-08-01                             43.46%    passed     84.57%
   3  A_Anhui_538_2003_2003-11-02                             43.46%    passed     96.37%
   4  A_Anhui_550_2002_2002-10-01                             43.46%    passed     96.26%
   5  A_Anhui_77_2003_2003-01-22                              43.46%    passed     94.25%
   6  A_Anhui_789_2004_2004-03-16                             43.46%    passed     81.94%
   7  A_Anhui_Baohe_10_2005_2005-10-12                        43.46%    passed     80.12%
   8  A_Anhui_Baohe_1884_2006_2006-12-07                      43.46%    passed     94.76%
   9  A_Anhui_Luyang_1113_2006_2006-11-09                     43.46%    passed     91.84%
  10  A_BEIJING_114_2001_2001-12-13                           42.40%    passed     94.24%
  11  A_BEIJING_144_2001_2001-11-30                           34.10%    passed     71.18%
  12  A_BEIJING_157_2001_2001-11-20                           41.93%    passed     94.73%
  13  A_BEIJING_159_2001_2001-11-30                           34.39%    passed     72.33%
  14  A_BEIJING_161_2001_2001-11-30                           41.93%    passed     96.70%
  15  A_BEIJING_188_2001_2001-12-13                           38.22%    passed     78.97%
  16  A_Beijing-Huairou_11088_2009_2009-11-25                  0.06%    passed     61.12%
  17  A_Beijing-Huairou_1569_2010_2010-10-03                   0.06%    passed     49.85%
  18  A_Beijing-Xicheng_12611_2010_2010-11-01                  0.00%    passed     46.57%
  19  A_Beijing_17_2001_2001-12-06                            43.46%    passed     94.20%
  20  A_Beijing_20_2002_2002-01-07                            40.46%    passed     89.27%
  21  A_Beijing_273_2004_2004-10-29                           43.46%    passed     86.20%
  22  A_Beijing_284_2004_2004-10-29                           43.46%    passed     84.19%
  23  A_Beijing_305_2004_2004-11-11                           43.46%    passed     82.35%
  24  A_Beijing_313_2003_2003-12-25                           43.46%    passed     91.84%
  25  A_Beijing_317_2004_2004-11-19                           43.46%    passed     90.72%
  26  A_Beijing_324_2004_2004-11-19                           43.46%    passed     89.20%
  27  A_Beijing_332_2004_2004-11-25                           43.46%    passed     86.34%
  28  A_Beijing_344_2004_2004-11-26                           43.52%    passed     85.31%
  29  A_Beijing_35_2002_2002-01-11                            43.46%    passed     92.05%
  30  A_Beijing_352_2004_2004-11-26                           43.46%    passed     80.72%
  31  A_Beijing_44_2002_2002-01-10                            43.46%    passed     92.54%
  32  A_Beijing_51_2002_2002-12-20                            41.93%    passed     94.32%
  33  A_Beijing_68_2003_2003-02-12                            43.46%    passed     89.91%
  34  A_Beijing_Xicheng51_2007_2007-01-10                      0.00%    passed     67.56%
  35  A_Beijing_Xicheng_1283_2006_2006-12-18                  43.70%    passed     93.10%
  36  A_Beijing_Xicheng_134_2007_2007-01-08                   43.46%    passed     89.35%
  37  A_Beijing_Xicheng_140_2007_2007-01-08                   43.46%    passed     90.09%
  38  A_Beijing_Xicheng_148_2007_2007-01-15                   43.46%    passed     92.60%
  39  A_Beijing_Xicheng_185_2007_2007-01-21                   43.46%    passed     70.28%
  40  A_Beijing_Xuanwu_1359_2006_2006-12-21                   43.46%    passed     75.85%
  41  A_Beijing_Xuanwu_1363_2006_2006-12-22                   43.46%    passed     78.82%
  42  A_Beijing_Xuanwu_1367_2006_2006-12-21                   43.46%    passed     91.84%
  43  A_Beijing_Xuanwu_1379_2006_2006-12-29                   43.46%    passed     94.76%
  44  A_Beijng-Xicheng_1108_2009_2009-02-10                    0.00%    passed     54.15%
  45  A_Chongqing-Banan_1286_2010_2010-06-25                   0.06%    passed     42.91%
  46  A_Chongqing_1162_2005_2005-04-20                        43.46%    passed     88.20%
  47  A_Chongqing_1166_2005_2005-04-20                        43.46%    passed     88.20%
  48  A_Chongqing_257_2003_2003-12-18                         43.46%    passed     83.14%
  49  A_Chongqing_Yuzhong169_2007_2007-02-27                   0.12%    passed     47.06%
  50  A_Gansu_205_2003_2003-12-21                             43.46%    passed     86.34%
  51  A_Gansu_250_2003_2003-12-24                             43.46%    passed     93.32%
  52  A_Gansu_257_2003_2003-12-10                             43.46%    passed     88.05%
  53  A_Gansu_271_2003_2003-12-17                             43.46%    passed     89.20%
  54  A_Gansu_44_2004_2004-02-08                              43.46%    passed     95.58%
  55  A_Gansu_Baiyin39_2007_2007-01-08                         0.00%    passed     59.69%
  56  A_Gansu_Chengguan11_2007_2007-01-04                      2.89%    passed     69.51%
  57  A_Gansu_Chengguan_1242_2007_2007-02-09                  43.46%    passed     81.80%
  58  A_Gansu_Qingshui_316_2008_2008-12-26                    43.46%    passed     70.85%
  59  A_HUBEI_61_2002_2002-01-12                              40.58%    passed     86.24%
  60  A_Hebei-Xinhua_1193_2009_2009-06-29                      0.06%    passed     79.58%
  61  A_Hebei_22_2002_2002-01-10                              38.63%    passed     90.85%
  62  A_Hebei_Qiaodong51_2007_2007-01-10                       0.00%    passed     51.03%
  63  A_Hebei_Yunhe33_2007_2007-01-13                          0.00%    passed     64.90%
  64  A_Hebei_Nanshi_1137_2008_2008-12-13                     43.46%    passed     81.47%
  65  A_Hebei_Nanshi_123_2007_2007-01-12                      43.46%    passed     72.58%
  66  A_Hebei_Nanshi_15_2007_2007-01-03                       43.46%    passed     90.31%
  67  A_Hebei_Qiaodong_324_2006_2006-12-22                    43.46%    passed     72.58%
  68  A_Hebei_Qiaodong_512_2006_2006-12-29                    43.46%    passed     92.60%
  69  A_Hebei_Yunhe_36_2007_2007-01-12                        43.46%    passed     77.85%
  70  A_Heilongjiang-Nangang_134_2009_2009-02-01               0.12%    passed     54.22%
  71  A_Heilongjiang-Xiangfang_163_2009_2009-02-10             0.00%    passed     47.94%
  72  A_Heilongjiang_Xiangfang_147_2006_2006-12-19            43.46%    passed     92.60%
  73  A_Henan_316_2002_2002-11-21                             43.46%    passed     90.97%
  74  A_Henan_7_2002_2002-01-06                               43.46%    passed     84.67%
  75  A_Hubei-Jiangan_1737_2010_2010-09-09                     0.00%    passed     52.27%
  76  A_Hubei_270_2005_2005-08-22                             43.46%    passed     89.96%
  77  A_Hubei_389_2004_2004-09-09                             43.46%    passed     90.72%
  78  A_Hubei_48_2002_2002-01-08                              43.46%    passed     95.58%
  79  A_Hubei_56_2002_2002-01-08                              43.46%    passed     91.61%
  80  A_Hubei_62_2002_2002-01-12                              43.46%    passed     97.63%
  81  A_Hubei_Jiangan_127_2007_2007-01-22                     43.46%    passed     91.84%
  82  A_Hubei_Maojian_130_2007_2007-01-22                     43.46%    passed     92.30%
  83  A_Hubei_Maojian_33_2007_2007-01-18                      43.46%    passed     68.82%
  84  A_Hubei_Shashi_121_2007_2007-02-06                      43.46%    passed     90.41%
  85  A_Hubei_Wujiagang_1464_2008_2008-11-18                  43.64%    passed     79.69%
  86  A_JILIN_14_2003_2003-02-01                              43.46%    passed     97.20%
  87  A_JILIN_17_2003_2003-02-15                              43.46%    passed     96.62%
  88  A_Jiangsu-Quanshan_114_2009_2009-03-12                   0.18%    passed     47.90%
  89  A_Jiangsu_Beitang18_2008_2008-01-15                      0.12%    passed     61.18%
  90  A_Jiangsu_Xuzhougulou149_2007_2007-01-23                 0.12%    passed     50.46%
  91  A_Jiangsu_Beitang_1269_2008_2008-10-08                  43.46%    passed     83.50%
  92  A_Jiangsu_Changshu_327_2007_2007-03-16                  43.46%    passed     95.75%
  93  A_Jiangsu_Gaoyou_5259_2008_2008-10-04                   43.46%    passed     84.82%
  94  A_Jiangsu_Gulou_1312_2008_2008-11-10                    43.46%    passed     86.66%
  95  A_Jiangsu_Nanjinggulou_1500_2008_2008-12-01             43.46%    passed     75.59%
  96  A_Jiangsu_Nanjinggulou_1603_2008_2008-11-24             43.46%    passed     79.05%
  97  A_Jiangsu_Nanjinggulou_1626_2008_2008-12-29             43.46%    passed     82.14%
  98  A_Jiangsu_Pingjiang_51_2007_2007-02-03                  43.46%    passed     95.74%
  99  A_Jiangsu_Pingjiang_52_2007_2007-02-03                  43.46%    passed     94.75%
 100  A_Jiangsu_Xuanwu_31_2007_2007-01-11                     43.46%    passed     92.30%
 101  A_Jilin_Chaoyang1124_2007_2007-10-07                     0.00%    passed     59.29%
 102  A_Jilin_Chaoyang1125_2007_2007-10-12                     0.12%    passed     65.03%
 103  A_Jilin_Chuanying164_2008_2008-01-09                     0.06%    passed     52.03%
 104  A_Jilin_Nanguan112_2007_2007-01-08                       0.12%    passed     48.42%
 105  A_Jilin_Chaoyang_1198_2006_2006-12-13                   44.70%    passed     84.02%
 106  A_Jilin_Chaoyang_1293_2006_2006-12-26                   43.46%    passed     86.60%
 107  A_LIAONING_34_2001_2001-12-28                           38.22%    passed     87.05%
 108  A_Liaoning-Tiedong_14_2008_2008-12-04                    0.00%    passed     46.78%
 109  A_Liaoning_10_2003_2003-01-20                           43.46%    passed     94.85%
 110  A_Liaoning_12_2003_2003-12-10                           43.46%    passed     97.63%
 111  A_Liaoning_23_2003_2003-12-10                           43.46%    passed     82.97%
 112  A_Liaoning_32_2003_2003-01-06                           43.46%    passed     96.21%
 113  A_Liaoning_38_2001_2001-12-17                           43.46%    passed     93.66%
 114  A_Liaoning_43_2002_2002-12-25                           43.46%    passed     95.73%
 115  A_Nanjing_1_2009_2009-04-10                              0.00%    passed     47.74%
 116  A_Nanjing_1654_2010_2010-09-10                           0.00%    passed     55.82%
 117  A_Nanjing_1655_2010_2010-09-10                           0.00%    passed     55.09%
 118  A_Nanjing_1663_2010_2010-09-10                           0.00%    passed     56.29%
 119  A_Ningxia_12_2003_2003-11-24                            43.46%    passed     84.38%
 120  A_Ningxia_6_2000_2000-01-19                             43.46%    passed     94.54%
 121  A_Ningxia_78_2003_2003-12-10                            43.46%    passed     89.20%
 122  A_Ningxia_Dawukou_121_2007_2007-01-10                   43.46%    passed     89.88%
 123  A_Qingdao_1045_2009_2009-09-03                           0.00%    passed     65.39%
 124  A_Qingdao_1046_2009_2009-09-03                           0.00%    passed     67.33%
 125  A_Qingdao_1115_2009_2009-09-06                           0.00%    passed     63.25%
 126  A_Qingdao_1116_2009_2009-09-06                           0.00%    passed     63.25%
 127  A_Qingdao_1118_2009_2009-09-06                           0.00%    passed     60.28%
 128  A_Qingdao_1157_2009_2009-09-09                           0.00%    passed     55.99%
 129  A_Qingdao_1158_2009_2009-09-09                           0.00%    passed     63.69%
 130  A_Qingdao_1167_2009_2009-09-09                           0.00%    passed     68.47%
 131  A_Qingdao_1231_2009_2009-09-14                           0.00%    passed     61.52%
 132  A_Qingdao_1295_2009_2009-09-16                           0.00%    passed     61.52%
 133  A_Qingdao_1329_2009_2009-09-17                           0.00%    passed     71.65%
 134  A_Qingdao_1341_2009_2009-09-17                           0.00%    passed     71.65%
 135  A_Qingdao_1346_2009_2009-09-17                           0.00%    passed     66.01%
 136  A_Qingdao_2144_2009_2009-09-17                           0.00%    passed     58.36%
 137  A_Qingdao_2157_2009_2009-09-18                           0.00%    passed     61.87%
 138  A_Qingdao_2162_2009_2009-09-18                           0.00%    passed     64.32%
 139  A_Qingdao_2181_2009_2009-09-22                           0.00%    passed     67.74%
 140  A_Qingdao_2199_2009_2009-09-22                           0.00%    passed     62.35%
 141  A_Qingdao_2200_2009_2009-09-22                           0.00%    passed     76.55%
 142  A_Qingdao_505_2009_2009-08-26                            0.00%    passed     63.25%
 143  A_Qingdao_522_2009_2009-09-01                            0.00%    passed     62.48%
 144  A_Qinghai_Gangcha_112_2007_2007-03-15                   43.46%    passed     88.26%
 145  A_Qinghai_Gangcha_1126_2007_2007-04-12                  43.46%    passed     91.84%
 146  A_SHANDONG_27_2001_2001-12-24                           39.63%    passed     97.96%
 147  A_SHANGHAI_369_2003_2003-04-15                          43.46%    passed     92.28%
 148  A_Shaanxi_27_2003_2003-12-11                            43.46%    passed     92.61%
 149  A_Shaanxi_43_2003_2003-12-09                            43.46%    passed     87.91%
 150  A_Shaanxi_54_2003_2003-12-22                            43.46%    passed     89.08%
 151  A_Shaanxi_77_2003_2003-12-30                            43.46%    passed     86.34%
 152  A_Shandong-Lanshan_1371_2010_2010-10-01                  0.00%    passed     55.14%
 153  A_Shanghai-Baoshan_1607_2010_2010-10-07                 39.81%    passed     79.58%
 154  A_Shanghai-Luwan_1541_2010_2010-09-08                    0.00%    passed     50.88%
 155  A_Shanghai-Luwan_1568_2010_2010-09-19                   39.81%    passed     97.69%
 156  A_Shanghai-Luwan_1573_2010_2010-09-17                    0.06%    passed     51.86%
 157  A_Shanghai-Nanhui_1208_2009_2009-07-13                   0.00%    passed     71.65%
 158  A_Shanghai-Nanhui_146_2009_2009-02-22                    0.00%    passed     54.26%
 159  A_Shanghai-Nanhui_190_2009_2009-03-12                    0.00%    passed     46.78%
 160  A_Shanghai_159_2001_2001-09-09                          43.46%    passed     87.67%
 161  A_Shanghai_236_2004_2004-02-25                          43.46%    passed     85.78%
 162  A_Shanghai_370_2003_2003-04-15                          43.46%    passed     91.05%
 163  A_Shanghai_N03_2007_2007-06-14                          35.98%    passed     90.03%
 164  A_Shanghai_N04_2007_2007-07-12                          35.98%    passed     98.43%
 165  A_Shanghai_N05_2007_2007-08-20                          35.98%    passed     96.80%
 166  A_Shanghai_N06_2007_2007-08-23                          35.98%    passed     96.63%
 167  A_Shanghai_N07_2007_2007-08-27                          35.98%    passed     98.99%
 168  A_Shanghai_N08_2007_2007-08-30                          36.22%    passed     94.76%
 169  A_Shanghai_N10_2007_2007-09-06                          35.98%    passed     97.98%
 170  A_Shanghai_N11_2007_2007-09-06                          35.98%    passed     99.61%
 171  A_Shanghai_N12_2007_2007-09-20                          35.98%    passed     99.28%
 172  A_Shanghai_N13_2007_2007-11-12                          35.98%    passed     99.66%
 173  A_Shanghai_N14_2008_2008-02-18                          35.98%    passed     98.11%
 174  A_Shanghai_N15_2008_2008-02-18                          35.98%    passed     99.66%
 175  A_Shanghai_N17_2008_2008-02-28                          46.00%    passed     99.42%
 176  A_Shanghai_N18_2008_2008-03-13                          31.39%    passed     92.90%
 177  A_Shanghai_N38_2008_2008-09-01                          31.39%    passed     98.09%
 178  A_Shanghai_Pudongxin237_2008_2008-03-12                  0.00%    passed     55.46%
 179  A_Shanghai_Pudongxin_2164_2008_2008-10-23               43.46%    passed     86.66%
 180  A_Shanghai_Pudongxin_2181_2008_2008-12-09               43.46%    passed     85.52%
 181  A_Shanxi_Yingze511_2007_2007-01-12                       0.00%    passed     47.85%
 182  A_Shanxi_Beilin_187_2007_2007-01-12                     43.46%    passed     63.48%
 183  A_Shanxi_Chengqu_1156_2007_2007-03-28                   43.46%    passed     90.70%
 184  A_Shanxi_Chengqu_145_2007_2007-01-16                    43.46%    passed     94.76%
 185  A_Shanxi_Chengqu_151_2007_2007-01-17                    43.46%    passed     92.30%
 186  A_Shanxi_Xinghualing_129_2007_2007-01-15                43.46%    passed     93.00%
 187  A_Shanxi_Xinghualing_141_2007_2007-01-16                43.46%    passed     93.00%
 188  A_Shanxi_Yaodu_276_2008_2008-12-19                      43.46%    passed     82.52%
 189  A_Shanxi_Yingze_112_2007_2007-01-18                     43.46%    passed     95.13%
 190  A_Shanxi_Yingze_511_2007_2007-01-12                     43.46%    passed     93.00%
 191  A_Sichuan-Qingyang_1396_2008_2008-11-04                  0.00%    passed     60.51%
 192  A_Sichuan-Qingyang_1410_2010_2010-09-27                 39.75%    passed     91.32%
 193  A_Sichuan-Yucheng_1272_2010_2010-09-06                  39.93%    passed     90.32%
 194  A_Sichuan_1000_2005_2005-09-02                          43.46%    passed     88.76%
 195  A_Sichuan_163_2004_2004-03-11                           43.46%    passed     88.09%
 196  A_Sichuan_57_2004_2004-02-21                            43.46%    passed     93.50%
 197  A_Sichuan_7_2002_2002-01-11                             43.46%    passed     96.79%
 198  A_Sichuan_740_2004_2004-07-05                           43.46%    passed     88.09%
 199  A_Sichuan_865_2005_2005-07-08                           43.46%    passed     87.33%
 200  A_Sichuan_878_2005_2005-07-15                           43.46%    passed     90.72%
 201  A_Sichuan_888_2005_2005-07-22                           43.46%    passed     89.96%
 202  A_Sichuan_926_2004_2004-09-06                           43.46%    passed     90.72%
 203  A_Sichuan_Jingyang_2165_2008_2008-10-13                 43.46%    passed     73.30%
 204  A_Sichuan_Jingyang_2253_2008_2008-12-12                 43.46%    passed     72.34%
 205  A_Sichuan_Jinjiang_2102_2008_2008-10-24                 43.46%    passed     77.06%
 206  A_TIANJING_13_2002_2002-01-08                           41.87%    passed     90.94%
 207  A_Tianjin-Hexi_1399_2010_2010-10-07                     39.87%    passed     90.13%
 208  A_Tianjin-Hexi_1404_2010_2010-10-10                     39.81%    passed     92.20%
 209  A_Tianjin-Hexi_1471_2009_2009-11-23                      0.06%    passed     68.45%
 210  A_Tianjin-Hongqiao_141_2009_2009-03-03                   0.00%    passed     48.37%
 211  A_Tianjin-Nankai_1211_2008_2008-12-30                    0.00%    passed     60.14%
 212  A_Tianjin-Nankai_1687_2010_2010-01-11                    0.06%    passed     57.94%
 213  A_Tianjin-Ninghe_312_2009_2009-10-27                     0.12%    passed     66.42%
 214  A_Tianjin-Ninghe_39_2009_2009-10-27                      0.06%    passed     62.89%
 215  A_Tianjin-Tanggu_1193_2009_2009-11-10                    0.00%    passed     60.18%
 216  A_Tianjin_132_2002_2002-11-23                           43.46%    passed     93.61%
 217  A_Tianjin_147_2002_2002-11-30                           43.46%    passed     94.25%
 218  A_Tianjin_217_2001_2001-12-18                           43.46%    passed     96.46%
 219  A_Tianjin_221_2001_2001-12-19                           43.46%    passed     78.43%
 220  A_Tianjin_228_2003_2003-12-08                           43.46%    passed     83.08%
 221  A_Tianjin_245_2001_2001-12-25                           43.46%    passed     96.67%
 222  A_Tianjin_252_2001_2001-12-25                           43.46%    passed     96.63%
 223  A_Tianjin_316_2003_2003-12-23                           43.46%    passed     82.35%
 224  A_Tianjin_327_2003_2003-12-24                           43.46%    passed     87.11%
 225  A_Tianjin_Hedong112_2008_2008-01-06                      0.00%    passed     49.39%
 226  A_Tianjin_Hongqiao148_2008_2008-04-01                    0.06%    passed     67.23%
 227  A_Tianjin_Jinnan15_2007_2007-01-03                       0.06%    passed     49.53%
 228  A_Tianjin_Jinnan166_2008_2008-04-02                      0.12%    passed     62.92%
 229  A_Tianjin_Jinnan173_2008_2008-04-14                      0.00%    passed     61.40%
 230  A_Tianjin_Nankai110_2008_2008-01-07                      0.00%    passed     50.92%
 231  A_Tianjin_Hedong_114_2007_2007-01-02                    43.46%    passed     94.76%
 232  A_Tianjin_Hedong_1206_2008_2008-10-19                   43.52%    passed     87.13%
 233  A_Tianjin_Tangu_328_2006_2006-12-29                     43.46%    passed     94.34%
 234  A_WUHAN_295_2005_2005-08-20                             43.46%    passed     90.38%
 235  A_WUHAN_374_2001_2001-11-15                             41.93%    passed     92.17%
 236  A_WUHAN_396_2001_2001-11-29                             36.69%    passed     87.07%
 237  A_WUHAN_401_2001_2001-12-06                             41.93%    passed     92.46%
 238  A_Wuhan_12_2002_2002-01-10                              37.75%    passed     81.40%
 239  A_Wuhan_144_2003_2003-05-07                             43.46%    passed     94.56%
 240  A_Wuhan_154_2003_2003-05-14                             43.46%    passed     92.53%
 241  A_Wuhan_16_2002_2002-01-17                              34.33%    passed     80.52%
 242  A_Wuhan_206_2004_2004-07-05                             43.46%    passed     88.09%
 243  A_Wuhan_278_2003_2003-08-17                             43.46%    passed     92.99%
 244  A_Wuhan_289_2005_2005-08-15                             43.46%    passed     91.60%
 245  A_Wuhan_29_2004_2004-02-09                              43.46%    passed     85.52%
 246  A_Wuhan_375_2001_2001-11-14                             43.46%    passed     96.21%
 247  A_Wuhan_388_2001_2001-11-20                             43.46%    passed     94.89%
 248  A_Wuhan_397_2001_2001-12-05                             43.46%    passed     97.95%
 249  A_Wuhan_428_2001_2001-12-25                             43.46%    passed     94.25%
 250  A_Wuhan_433_2001_2001-12-26                             43.46%    passed     97.95%
 251  A_Wuhan_9_2002_2002-01-09                               43.46%    passed     93.52%
 252  A_Wulumuqi_203_2008_2008-10-20                          43.46%    passed     78.95%
 253  A_Xinjiang_Hutubi_1228_2008_2008-12-23                  43.46%    passed     82.34%
 254  A_Xinjing_Tulufan540_2008_2008-01-13                     0.06%    passed     56.18%
 255  ANHUI-FUYANG-YINGZHOU_1273_2009_2009-09-03              40.34%    passed     76.75%
 256  ANHUI_1179_2005_2005-08-09                              41.87%    passed     91.18%
 257  ANHUI_1220_2005_2005-08-17                              41.87%    passed     85.67%
 258  ANHUI_1238_2005_2005-08-23                              41.87%    passed     76.80%
 259  ANHUI_1239_2005_2005-08-23                              41.87%    passed     83.84%
 260  ANHUI_1247_2005_2005-08-23                              41.87%    passed     66.86%
 261  ANHUI_544_2005_2005-03-30                               41.87%    passed     80.77%
 262  ANHUI_563_2005_2005-03-31                               41.87%    passed     85.67%
 263  BEIJING-CHAOYANG_11482_2009_2009-11-12                  40.28%    passed     71.38%
 264  BEIJING-CHAOYANG_138_2010_2010-01-05                    38.93%    passed     72.54%
 265  BEIJING-CHAOYANG_152_2010_2010-01-06                     0.00%    passed     67.90%
 266  BEIJING-CHAOYANG_158_2010_2010-01-05                     0.00%    passed     67.90%
 267  BEIJING-CHAOYANG_181_2010_2010-01-11                    38.99%    passed     72.39%
 268  BEIJING-HUAIROU_1155_2011_2011-01-30                     0.00%    passed     45.06%
 269  BEIJING-HUAIROU_1891_2010_2010-12-14                     0.00%    passed     48.37%
 270  BEIJING-XICHENG_1293_2011_2011-02-08                     0.00%    passed     53.88%
 271  BEIJING-XICHENG_130_2010_2010-01-03                     38.81%    passed     79.38%
 272  BEIJING-XICHENG_1409_2011_2011-02-22                     0.00%    passed     50.58%
 273  BEIJING_170_2003_2003-12-05                             41.87%    passed     90.78%
 274  BEIJING_178-NEW-AGN_2002_2002-11-21                     41.87%    passed     90.96%
 275  BEIJING_209_2006_2006-03-17                             41.87%    passed     79.99%
 276  BEIJING_27_2006_2006-01-12                              41.87%    passed     83.03%
 277  BEIJING_301_2002_2002-12-20                             41.87%    passed     87.94%
 278  BEIJING_37_2006_2006-01-12                              41.87%    passed     83.03%
 279  BEIJING_47_2006_2006-01-20                              41.87%    passed     79.83%
 280  BEIJING_58_2006_2006-01-19                              41.87%    passed     85.76%
 281  BEIJING_XICHENG1272_2006_2006-12-11                     41.87%    passed     89.55%
 282  BEIJINGXICHENG_313_2006_2006-12-08                      41.87%    passed     92.29%
 283  BEIJINGXICHENG_315_2006_2006-12-08                      41.87%    passed     92.29%
 284  BEIJINGXICHENG_318_2006_2006-12-07                      41.87%    passed     92.29%
 285  CHONGQING-WANZHOU_182_2011_2011-02-20                    0.00%    passed     59.65%
 286  CHONGQING-YONGCHUAN_1108_2008_2008-04-01                40.81%    passed     69.60%
 287  CHONGQING-YUZHONG_334_2010_2010-07-20                    0.00%    passed     50.46%
 288  CHONGQING-YUZHONG_335_2010_2010-07-20                    0.06%    passed     48.11%
 289  CHONGQING_1096_2005_2005-04-01                          41.87%    passed     85.67%
 290  CHONGQING_1167_2005_2005-04-20                          41.87%    passed     83.03%
 291  CHONGQING_560_2005_2005-03-11                           41.87%    passed     84.77%
 292  CHONGQING_618_2005_2005-04-08                           41.87%    passed     83.03%
 293  CHONGQING_628_2005_2005-04-08                           41.87%    passed     83.03%
 294  CHONGQING_650_2005_2005-04-22                           41.87%    passed     83.03%
 295  CHONGQING_652_2005_2005-04-25                           41.87%    passed     82.09%
 296  GANSU-LANZHOU-CHENGGUAN_1448_2008_2008-05-07            40.28%    passed     75.06%
 297  GANSU-TIANSHUI-MAIJI_1314_2008_2008-04-05               41.22%    passed     82.93%
 298  GANSU_30_2004_2004-01-15                                41.87%    passed     81.15%
 299  GANSUCHENGGUAN_97_2006_2006-01-10                       41.87%    passed     83.03%
 300  HEBEI-BAODING-ANGUO_51_2010_2010-01-12                   0.00%    passed     65.33%
 301  HEBEI-SHIJIAZHUANG-XINHUA_1583_2009_2009-09-29          39.87%    passed     75.80%
 302  HEBEI-SHIJIAZHUANG-YUHUA_133_2011_2011-01-12             0.00%    passed     46.52%
 303  HEBEI_196_2003_2003-11-28                               41.87%    passed     81.15%
 304  HEILONGJIANG-HARBIN-NANGANG_124_2011_2011-03-08          0.00%    passed     53.10%
 305  HEILONGJIANG-HARBIN-NANGANG_1403_2009_2009-09-15        40.34%    passed     76.32%
 306  HEILONGJIANG-HARBIN-XIANGFANG_1117_2010_2010-01-15      40.28%    passed     81.17%
 307  HEILONGJIANG-HARBIN-XIANGFANG_129_2010_2010-01-05        0.00%    passed     52.27%
 308  HEILONGJIANG-HEGANG-XIANGYANG_1125_2011_2011-03-09       0.00%    passed     55.56%
 309  HEILONGJIANG-MUDANJIANG-LONGSHA_160_2010_2010-04-09      0.00%    passed     48.03%
 310  HEILONGJIANG-QIQIHAR-JIANHUA_1496_2009_2009-11-12       40.22%    passed     88.71%
 311  HEILONGJIANG-QIQIHAR-JIANHUA_1593_2009_2009-12-26       38.87%    passed     88.16%
 312  HEILONGJIANG-QIQIHAR-JIANHUA_172_2010_2010-03-01         0.00%    passed     48.03%
 313  HEILONGJIANG-QITAIHE-TAOSHAN_147_2011_2011-04-15         0.00%    passed     46.57%
 314  HUBEI-ENSHI-TUJIA-AND-MIAO-ENSHI_1250_2010_2010-07-14    0.06%    passed     42.91%
 315  HUBEI-JINGZHOU-SONGZI_198_2008_2008-05-14               52.12%    passed     79.58%
 316  HUBEI-WUHAN-JIANGAN_1327_2008_2008-09-08                43.35%    passed     64.98%
 317  HUBEI-WUHAN-JIANGAN_1730_2010_2010-09-06                41.99%    passed     92.64%
 318  HUBEI-WUHAN-QIAOKOU_1268_2010_2010-09-06                41.93%    passed     91.29%
 319  HUBEI-XIANNING-SHASHI_1121_2008_2008-06-17              55.95%    passed     69.81%
 320  HUBEI-XIANNING-SHASHI_1154_2008_2008-08-06              52.06%    passed     75.70%
 321  HUBEI-YICHANG-WUJIAGANG_1358_2008_2008-07-31            53.06%    passed     76.08%
 322  HUBEI_276_2004_2004-06-11                               41.87%    passed     81.15%
 323  HUBEI_412_2004_2004-09-10                               41.87%    passed     81.15%
 324  HUBEIWUCHANG_1258_2006_2006-12-26                       41.87%    passed     87.94%
 325  HUBEIWUJIAGANG_1121_2006_2006-08-03                     41.87%    passed     87.54%
 326  JIANGSU-NANJING-GULOU_1659_2009_2009-09-23              39.87%    passed     73.15%
 327  JIANGSU-WUXI-BEITANG_1128_2008_2008-05-26               55.24%    passed     76.17%
 328  JIANGSU-WUXI-BEITANG_1160_2008_2008-07-04               52.06%    passed     71.38%
 329  JIANGSU-WUXI-NANCHANG_1629_2009_2009-10-19              40.34%    passed     83.31%
 330  JIANGSU-WUXI-NANCHANG_182_2008_2008-06-18               53.47%    passed     80.94%
 331  JIANGSU-XUZHOU-QUANSHAN_11390_2010_2010-09-01           41.93%    passed     82.71%
 332  JIANGSU_DY3_2004_2004-09-14                             41.87%    passed     78.86%
 333  JIANGSU_FU137_2004_2004-09-09                           41.87%    passed     80.12%
 334  JIANGSU_FU81_2004_2004-08-11                            41.87%    passed     84.77%
 335  JILIN-JILIN-CHUANYING_1156_2011_2011-03-03               0.00%    passed     53.01%
 336  JILIN-JILIN-CHUANYING_1488_2009_2009-11-14              40.34%    passed     82.58%
 337  JILIN_16_2003_2003-02-12                                41.87%    passed     91.54%
 338  JILIN_18_2003_2003-02-18                                41.87%    passed     93.48%
 339  JILINCHAOYANG_1178_2006_2006-12-11                      41.87%    passed     89.55%
 340  JILINNANGUAN_1165_2006_2006-12-11                       41.87%    passed     89.55%
 341  LIAONING-DANDONG-XIGANG_1504_2010_2010-04-21             0.00%    passed     38.70%
 342  LIAONING-FUXIN-HAIZHOU_1118_2011_2011-03-22              0.06%    passed     52.00%
 343  SHAANXI_90_2005_2005-03-02                              41.87%    passed     81.01%
 344  SHANDONG-JINAN-HUAIYIN_1104_2008_2008-01-25             48.88%    passed     77.54%
 345  SHANDONG-TAIAN-TAISHAN_1360_2009_2009-10-06             40.34%    passed     77.34%
 346  SHANGHAI-FENGXIAN_154_2009_2009-09-14                   39.87%    passed     76.99%
 347  SHANGHAI-JINSHAN_13_2011_2011-01-03                      0.00%    passed     49.78%
 348  SHANGHAI-LUWAN_1400_2010_2010-07-07                      0.00%    passed     51.03%
 349  SHANGHAI-LUWAN_1544_2010_2010-09-08                     41.87%    passed     83.52%
 350  SHANGHAI-LUWAN_1561_2010_2010-09-14                     42.11%    passed     91.62%
 351  SHANGHAI-LUWAN_188_2011_2011-02-14                       0.00%    passed     64.96%
 352  SHANGHAI-PUDONG-XIN_1911_2010_2010-11-28                 0.00%    passed     49.54%
 353  SHANXI-TAIYUAN-XINGHUALING_1247_2009_2009-09-21         39.99%    passed     81.54%
 354  SICHUAN-LIANGSHAN-YI-JINYANG_2212_2008_2008-10-17       48.53%    passed     75.44%
 355  SICHUAN_1017_2004_2004-09-24                            41.87%    passed     84.17%
 356  SICHUAN_1025_2004_2004-09-24                            41.87%    passed     84.17%
 357  TIANJIN-BAODI_1186_2009_2009-12-22                      39.10%    passed     79.81%
 358  TIANJIN-BINHAI_1216_2010_2010-03-30                      0.00%    passed     53.84%
 359  TIANJIN-HEDONG_195_2011_2011-02-15                       0.00%    passed     50.46%
 360  TIANJIN-HEXI_1266_2010_2010-05-12                        0.00%    passed     57.62%
 361  TIANJIN-HEXI_15_2011_2011-01-10                          0.00%    passed     59.65%
 362  TIANJIN-HEXI_1530_2009_2009-12-08                       39.93%    passed     74.62%
 363  TIANJIN-HEXI_18_2010_2010-01-05                          0.00%    passed     61.76%
 364  TIANJIN-JINNAN_144_2011_2011-01-12                       0.00%    passed     57.11%
 365  TIANJIN-NANKAI_1842_2010_2010-03-01                      0.00%    passed     56.83%
 366  TIANJIN-NANKAI_1912_2010_2010-03-24                      0.00%    passed     61.55%
 367  TIANJIN_143_2003_2003-10-04                             41.87%    passed     70.03%
 368  TIANJIN_199_2003_2003-10-20                             41.87%    passed     81.09%
 369  TIANJIN_263_2004_2004-09-06                             41.87%    passed     82.55%
 370  TIANJIN_273_2004_2004-09-28                             41.87%    passed     82.55%
 371  TIANJIN_275_2005_2005-03-29                             41.87%    passed     83.03%
 372  TIANJIN_32_2004_2004-01-18                              41.87%    passed     83.75%
 373  TIANJIN_446_2005_2005-08-30                             41.87%    passed     84.97%
 374  TIANJIN_451_2005_2005-08-29                             41.87%    passed     77.91%
 375  TIANJIN_454_2005_2005-09-06                             41.87%    passed     86.87%
 376  TIANJIN_459_2005_2005-09-11                             41.87%    passed     84.97%
 377  WUHAN_101_2004_2004-04-05                               41.87%    passed     76.28%
 378  WUHAN_158_2005_2005-05-23                               41.87%    passed     83.03%
 379  WUHAN_211_2003_2003-06-30                               41.87%    passed     83.20%
 380  WUHAN_214_2003_2003-06-30                               41.87%    passed     89.97%
 381  WUHAN_269_2004_2004-08-23                               41.87%    passed     78.98%
 382  WUHAN_271_2004_2004-08-23                               41.87%    passed     84.77%
 383  WUHAN_283_2005_2005-08-15                               41.87%    passed     83.68%
 384  WUHAN_68_2004_2004-04-07                                41.87%    passed     77.07%
WARNING: 7 sequences contain more than 50% gaps/ambiguity
****  TOTAL                                                   30.91%  0 sequences failed composition chi2 test (p-value<5%; df=3)

Reading partition pos12 (model=HKY+G+F, aln=, seq=DNA, pos=1-1698\1,1-1698\2) ...
384 sequences and 2547 sites extracted

Reading partition pos3 (model=HKY+G+F, aln=, seq=DNA, pos=1-1698\3) ...
384 sequences and 566 sites extracted
Degree of missing data: 0.000

NOTE: 16 identical sequences (see below) will be ignored for subsequent analysis
NOTE: A_Qingdao_505_2009_2009-08-26 (identical to A_Qingdao_1115_2009_2009-09-06) is ignored but added at the end
NOTE: BEIJING-CHAOYANG_158_2010_2010-01-05 (identical to BEIJING-CHAOYANG_152_2010_2010-01-06) is ignored but added at the end
NOTE: JILINCHAOYANG_1178_2006_2006-12-11 (identical to BEIJING_XICHENG1272_2006_2006-12-11) is ignored but added at the end
NOTE: JILINNANGUAN_1165_2006_2006-12-11 (identical to BEIJING_XICHENG1272_2006_2006-12-11) is ignored but added at the end
NOTE: BEIJINGXICHENG_315_2006_2006-12-08 (identical to BEIJINGXICHENG_313_2006_2006-12-08) is ignored but added at the end
NOTE: BEIJINGXICHENG_318_2006_2006-12-07 (identical to BEIJINGXICHENG_313_2006_2006-12-08) is ignored but added at the end
NOTE: CHONGQING_618_2005_2005-04-08 (identical to CHONGQING_1167_2005_2005-04-20) is ignored but added at the end
NOTE: WUHAN_158_2005_2005-05-23 (identical to CHONGQING_1167_2005_2005-04-20) is ignored but added at the end
NOTE: CHONGQING_650_2005_2005-04-22 (identical to CHONGQING_628_2005_2005-04-08) is ignored but added at the end
NOTE: GANSUCHENGGUAN_97_2006_2006-01-10 (identical to CHONGQING_628_2005_2005-04-08) is ignored but added at the end
NOTE: TIANJIN_275_2005_2005-03-29 (identical to CHONGQING_628_2005_2005-04-08) is ignored but added at the end
NOTE: HEILONGJIANG-QIQIHAR-JIANHUA_172_2010_2010-03-01 (identical to HEILONGJIANG-MUDANJIANG-LONGSHA_160_2010_2010-04-09) is ignored but added at the end
NOTE: HUBEI_412_2004_2004-09-10 (identical to HUBEI_276_2004_2004-06-11) is ignored but added at the end
NOTE: SICHUAN_1025_2004_2004-09-24 (identical to SICHUAN_1017_2004_2004-09-24) is ignored but added at the end
NOTE: TIANJIN_273_2004_2004-09-28 (identical to TIANJIN_263_2004_2004-09-06) is ignored but added at the end
NOTE: TIANJIN_459_2005_2005-09-11 (identical to TIANJIN_446_2005_2005-08-30) is ignored but added at the end

Create initial parsimony tree by phylogenetic likelihood library (PLL)... 0.074 seconds

NOTE: 43 MB RAM is required!
Estimate model parameters (epsilon = 0.100)
Initial log-likelihood: -18110.792
Current log-likelihood at step 1: -18014.072
Current log-likelihood at step 2: -18013.912
Current log-likelihood at step 3: -18013.903
Partition-specific rates:  1.048 0.783
Parameters optimization took 2 rounds (1.313 sec)

--------------------------------------------------------------------
|             INITIALIZING CANDIDATE TREE SET                      |
--------------------------------------------------------------------
Computing ML distances based on estimated model parameters... 1.700 sec
Computing BIONJ tree...
0.134 seconds
Log-likelihood of BIONJ tree: -18190.149
Generating 98 parsimony trees... 9.655 seconds 100 distinct starting trees
Computing log-likelihood of 100 initial trees ... 21.198 seconds
Optimizing top 20 initial trees with NNI...
Iteration 1 / LogL: -17995.565 / Time: 0h:0m:35s
Estimate model parameters (epsilon = 0.100)
Initial log-likelihood: -17995.564
Current log-likelihood at step 1: -17995.479
Parameters optimization took 0 rounds (0.277 sec)

BETTER TREE FOUND at iteration 1: -17995.479
Iteration 2 / LogL: -18002.542 / Time: 0h:0m:36s
Iteration 3 / LogL: -18009.900 / Time: 0h:0m:37s
Iteration 4 / LogL: -18010.769 / Time: 0h:0m:38s
Iteration 5 / LogL: -18009.436 / Time: 0h:0m:39s
Iteration 6 / LogL: -18016.317 / Time: 0h:0m:40s
Iteration 7 / LogL: -18008.559 / Time: 0h:0m:41s
Iteration 8 / LogL: -18016.130 / Time: 0h:0m:42s
Iteration 9 / LogL: -18008.049 / Time: 0h:0m:43s
Iteration 10 / LogL: -18011.041 / Time: 0h:0m:44s
Iteration 11 / LogL: -18016.746 / Time: 0h:0m:45s
Iteration 12 / LogL: -18023.418 / Time: 0h:0m:46s
Iteration 13 / LogL: -18001.179 / Time: 0h:0m:47s
Iteration 14 / LogL: -18017.707 / Time: 0h:0m:48s
Iteration 15 / LogL: -18026.414 / Time: 0h:0m:49s
Iteration 16 / LogL: -18022.325 / Time: 0h:0m:50s
Iteration 17 / LogL: -18024.586 / Time: 0h:0m:51s
Iteration 18 / LogL: -18020.334 / Time: 0h:0m:52s
Iteration 19 / LogL: -18025.452 / Time: 0h:0m:53s
Iteration 20 / LogL: -18029.761 / Time: 0h:0m:53s
Average CPU time for 1 NNI search: 1.929
Finish initializing candidate tree set. Number of distinct locally optimal trees: 20
Current best tree score: -17995.479 / CPU time: 90.014
--------------------------------------------------------------------
|               OPTIMIZING CANDIDATE TREE SET                      |
--------------------------------------------------------------------
Iteration 30 / LogL: -18029.510 / Time: 0h:1m:11s (0h:2m:54s left)
Iteration 40 / LogL: -18083.574 / Time: 0h:1m:29s (0h:2m:18s left)
Iteration 50 / LogL: -18083.966 / Time: 0h:2m:6s (0h:2m:11s left)
Iteration 60 / LogL: -18102.508 / Time: 0h:2m:41s (0h:1m:51s left)
Iteration 70 / LogL: -18037.455 / Time: 0h:2m:58s (0h:1m:20s left)
Iteration 80 / LogL: -18087.818 / Time: 0h:3m:16s (0h:0m:52s left)
Iteration 90 / LogL: -18061.399 / Time: 0h:3m:34s (0h:0m:26s left)
Iteration 100 / LogL: -18131.060 / Time: 0h:3m:52s (0h:0m:2s left)
TREE SEARCH COMPLETED AFTER 101 ITERATIONS / Time: 0h:3m:53s

--------------------------------------------------------------------
|                    FINALIZING TREE SEARCH                        |
--------------------------------------------------------------------
Performs final model parameters optimization
Estimate model parameters (epsilon = 0.010)
Initial log-likelihood: -17995.477
Current log-likelihood at step 1: -17995.474
Partition-specific rates:  1.049 0.778
Parameters optimization took 0 rounds (0.272 sec)

BEST SCORE FOUND : -17995.474
Total tree length: 0.833

Total number of iterations: 101
CPU time used for tree search: 378.733 sec (0h:6m:18s)
Wall-clock time used for tree search: 230.500 sec (0h:3m:50s)
Total CPU time used: 385.453 sec (0h:6m:25s)
Total wall-clock time used: 234.139 sec (0h:3m:54s)

Analysis results written to: 
  IQ-TREE report:                NorthChina.iqtree
  Maximum-likelihood tree:       NorthChina.treefile
  Likelihood distances:          NorthChina.mldist
  Screen log file:               NorthChina.log

Date and Time: Wed Mar 30 16:41:17 2016
