IQ-TREE multicore version 1.4.0 for Mac OS X 64-bit built Mar  4 2016
Copyright (c) 2011-2015 Nguyen Lam Tung, Olga Chernomor, Arndt von Haeseler and Bui Quang Minh.

Host:    vetmac06.vet.cam.ac.uk (AVX, 64 GB RAM)
Command: iqtree-omp -s Oceania.fas -pre Oceania -spp srd06.nex -nt 2
Seed:    514596 (Using SPRNG - Scalable Parallel Random Number Generator)
Time:    Wed Mar 30 16:42:09 2016
Kernel:  AVX - 2 threads (16 CPU cores detected)

Reading partition model file srd06.nex ...
Reading alignment file Oceania.fas ... Fasta format detected
Alignment most likely contains DNA/RNA sequences
Alignment has 461 sequences with 1698 columns and 643 patterns (369 informative sites)
WARNING: Some sequence names are changed as follows:
A/Auckland/10/2008_2008-05-29 -> A_Auckland_10_2008_2008-05-29
A/Auckland/17/2008_2008-06-09 -> A_Auckland_17_2008_2008-06-09
A/Auckland/588/2000_2000-09-25 -> A_Auckland_588_2000_2000-09-25
A/Auckland/598/2000_2000-10-09 -> A_Auckland_598_2000_2000-10-09
A/Auckland/600/2000_2000-05-06 -> A_Auckland_600_2000_2000-05-06
A/Auckland/601/2000_2000-09-11 -> A_Auckland_601_2000_2000-09-11
A/Auckland/602/2001_2001-08-19 -> A_Auckland_602_2001_2001-08-19
A/Auckland/603/2001_2001-10-02 -> A_Auckland_603_2001_2001-10-02
A/Auckland/604/2001_2001-09-28 -> A_Auckland_604_2001_2001-09-28
A/Auckland/607/2001_2001-08-15 -> A_Auckland_607_2001_2001-08-15
A/Auckland/608/2002_2002-06-08 -> A_Auckland_608_2002_2002-06-08
A/Auckland/609/2002_2002-06-18 -> A_Auckland_609_2002_2002-06-18
A/Auckland/610/2002_2002-07-29 -> A_Auckland_610_2002_2002-07-29
A/Auckland/614/2002_2002-01-14 -> A_Auckland_614_2002_2002-01-14
A/Auckland/616/2005_2005-09-29 -> A_Auckland_616_2005_2005-09-29
A/Auckland/617/2005_2005-09-28 -> A_Auckland_617_2005_2005-09-28
A/Auckland/69/2008_2008-07-07 -> A_Auckland_69_2008_2008-07-07
A/Australia/18/2009_2009-07-21 -> A_Australia_18_2009_2009-07-21
A/Australia/19/2009_2009-07-21 -> A_Australia_19_2009_2009-07-21
A/Australia/2/2009_2009-07-16 -> A_Australia_2_2009_2009-07-16
A/Australia/22/2009_2009-07-21 -> A_Australia_22_2009_2009-07-21
A/Australia/30/2009_2009-07-23 -> A_Australia_30_2009_2009-07-23
A/Australia/34/2009_2009-07-24 -> A_Australia_34_2009_2009-07-24
A/Australia/46/2009_2009-07-27 -> A_Australia_46_2009_2009-07-27
A/Australia/55/2009_2009-07-30 -> A_Australia_55_2009_2009-07-30
A/Australia/NHRC0003/2003_2003-07-01 -> A_Australia_NHRC0003_2003_2003-07-01
A/Australia/NHRC0004/2003_2003-07-02 -> A_Australia_NHRC0004_2003_2003-07-02
A/Australia/NHRC0005/2005_2005-04-16 -> A_Australia_NHRC0005_2005_2005-04-16
A/Australia/NHRC0006/2003_2003-07-07 -> A_Australia_NHRC0006_2003_2003-07-07
A/Australia/NHRC0006/2005_2005-06-13 -> A_Australia_NHRC0006_2005_2005-06-13
A/Australia/NHRC0007/2005_2005-06-13 -> A_Australia_NHRC0007_2005_2005-06-13
A/Australia/NHRC0008/2003_2003-07-08 -> A_Australia_NHRC0008_2003_2003-07-08
A/Australia/NHRC0008/2005_2005-06-13 -> A_Australia_NHRC0008_2005_2005-06-13
A/Australia/NHRC0010/2003_2003-07-10 -> A_Australia_NHRC0010_2003_2003-07-10
A/BRISBANE/10/2000_2000-07-25 -> A_BRISBANE_10_2000_2000-07-25
A/BRISBANE/100/2009_2009-07-10 -> A_BRISBANE_100_2009_2009-07-10
A/BRISBANE/11/2000_2000-08-18 -> A_BRISBANE_11_2000_2000-08-18
A/BRISBANE/122/2010_2010-08-22 -> A_BRISBANE_122_2010_2010-08-22
A/BRISBANE/217/2010_2010-08-25 -> A_BRISBANE_217_2010_2010-08-25
A/BRISBANE/218/2010_2010-08-28 -> A_BRISBANE_218_2010_2010-08-28
A/BRISBANE/219/2010_2010-08-30 -> A_BRISBANE_219_2010_2010-08-30
A/BRISBANE/252/2010_2010-09-20 -> A_BRISBANE_252_2010_2010-09-20
A/BRISBANE/253/2010_2010-09-19 -> A_BRISBANE_253_2010_2010-09-19
A/BRISBANE/258/2010_2010-10-01 -> A_BRISBANE_258_2010_2010-10-01
A/BRISBANE/262/2010_2010-09-23 -> A_BRISBANE_262_2010_2010-09-23
A/BRISBANE/3/2000_2000-02-18 -> A_BRISBANE_3_2000_2000-02-18
A/BRISBANE/31/2010_2010-07-08 -> A_BRISBANE_31_2010_2010-07-08
A/BRISBANE/52/2009_2009-05-18 -> A_BRISBANE_52_2009_2009-05-18
A/BRISBANE/54/2009_2009-05-07 -> A_BRISBANE_54_2009_2009-05-07
A/BRISBANE/66/2009_2009-06-23 -> A_BRISBANE_66_2009_2009-06-23
A/Brisbane/02/2008_2008-01-15 -> A_Brisbane_02_2008_2008-01-15
A/Brisbane/04/2007_2007-01-18 -> A_Brisbane_04_2007_2007-01-18
A/Brisbane/10/2007_2007-02-06 -> A_Brisbane_10_2007_2007-02-06
A/Brisbane/10/2008_2008-02-24 -> A_Brisbane_10_2008_2008-02-24
A/Brisbane/11/2006_2006-06-18 -> A_Brisbane_11_2006_2006-06-18
A/Brisbane/11/2010_2010-05-26 -> A_Brisbane_11_2010_2010-05-26
A/Brisbane/2/2008_2008-01-15 -> A_Brisbane_2_2008_2008-01-15
A/Brisbane/210/2010_2010-08-19 -> A_Brisbane_210_2010_2010-08-19
A/Brisbane/220/2010_2010-09-09 -> A_Brisbane_220_2010_2010-09-09
A/Brisbane/233/2006_2006-09-09 -> A_Brisbane_233_2006_2006-09-09
A/Brisbane/24/2008_2008-06-23 -> A_Brisbane_24_2008_2008-06-23
A/Brisbane/53/2009_2009-04-28 -> A_Brisbane_53_2009_2009-04-28
A/Brisbane/602/2007_2007-08-11 -> A_Brisbane_602_2007_2007-08-11
A/Brisbane/9/2006_2006-06-22 -> A_Brisbane_9_2006_2006-06-22
A/CANBERRA/2/2010_2010-06-24 -> A_CANBERRA_2_2010_2010-06-24
A/CANBERRA/20/2009_2009-07-14 -> A_CANBERRA_20_2009_2009-07-14
A/CHRISTCHURCH/143/2001_2001-08-10 -> A_CHRISTCHURCH_143_2001_2001-08-10
A/CHRISTCHURCH/25/2010_2010-08-12 -> A_CHRISTCHURCH_25_2010_2010-08-12
A/CHRISTCHURCH/28/2001_2001-07-04 -> A_CHRISTCHURCH_28_2001_2001-07-04
A/CHRISTCHURCH/37/2001_2001-07-09 -> A_CHRISTCHURCH_37_2001_2001-07-09
A/CHRISTCHURCH/44/2001_2001-07-12 -> A_CHRISTCHURCH_44_2001_2001-07-12
A/CHRISTCHURCH/49/2010_2010-09-17 -> A_CHRISTCHURCH_49_2010_2010-09-17
A/CHRISTCHURCH/50/2010_2010-09-17 -> A_CHRISTCHURCH_50_2010_2010-09-17
A/CHRISTCHURCH/94/2000_2000-10-19 -> A_CHRISTCHURCH_94_2000_2000-10-19
A/Canberra/18/2009_2009-06-30 -> A_Canberra_18_2009_2009-06-30
A/Canterbury/04/2002_2002-04-12 -> A_Canterbury_04_2002_2002-04-12
A/Canterbury/06/2001_2001-04-17 -> A_Canterbury_06_2001_2001-04-17
A/Canterbury/06/2002_2002-04-19 -> A_Canterbury_06_2002_2002-04-19
A/Canterbury/07/2001_2001-05-09 -> A_Canterbury_07_2001_2001-05-09
A/Canterbury/10/2001_2001-06-07 -> A_Canterbury_10_2001_2001-06-07
A/Canterbury/101/2000_2000-10-31 -> A_Canterbury_101_2000_2000-10-31
A/Canterbury/101/2004_2004-09-09 -> A_Canterbury_101_2004_2004-09-09
A/Canterbury/103/2004_2004-09-09 -> A_Canterbury_103_2004_2004-09-09
A/Canterbury/104/2004_2004-09-07 -> A_Canterbury_104_2004_2004-09-07
A/Canterbury/104/2005_2005-06-27 -> A_Canterbury_104_2005_2005-06-27
A/Canterbury/105/2005_2005-06-27 -> A_Canterbury_105_2005_2005-06-27
A/Canterbury/107/2004_2004-09-12 -> A_Canterbury_107_2004_2004-09-12
A/Canterbury/108/2004_2004-09-12 -> A_Canterbury_108_2004_2004-09-12
A/Canterbury/11/2004_2004-08-04 -> A_Canterbury_11_2004_2004-08-04
A/Canterbury/127/2005_2005-07-02 -> A_Canterbury_127_2005_2005-07-02
A/Canterbury/13/2002_2002-04-19 -> A_Canterbury_13_2002_2002-04-19
A/Canterbury/14/2002_2002-05-02 -> A_Canterbury_14_2002_2002-05-02
A/Canterbury/140/2001_2001-08-10 -> A_Canterbury_140_2001_2001-08-10
A/Canterbury/149/2001_2001-08-13 -> A_Canterbury_149_2001_2001-08-13
A/Canterbury/16/2005_2005-05-20 -> A_Canterbury_16_2005_2005-05-20
A/Canterbury/166/2005_2005-07-08 -> A_Canterbury_166_2005_2005-07-08
A/Canterbury/19/2004_2004-08-17 -> A_Canterbury_19_2004_2004-08-17
A/Canterbury/2/2000_2000-01-20 -> A_Canterbury_2_2000_2000-01-20
A/Canterbury/200/2004_2004-09-16 -> A_Canterbury_200_2004_2004-09-16
A/Canterbury/207/2004_2004-09-21 -> A_Canterbury_207_2004_2004-09-21
A/Canterbury/210/2004_2004-09-22 -> A_Canterbury_210_2004_2004-09-22
A/Canterbury/235/2005_2005-07-28 -> A_Canterbury_235_2005_2005-07-28
A/Canterbury/24/2004_2004-08-11 -> A_Canterbury_24_2004_2004-08-11
A/Canterbury/24/2005_2005-05-04 -> A_Canterbury_24_2005_2005-05-04
A/Canterbury/248/2005_2005-08-03 -> A_Canterbury_248_2005_2005-08-03
A/Canterbury/253/2005_2005-08-22 -> A_Canterbury_253_2005_2005-08-22
A/Canterbury/256/2005_2005-08-31 -> A_Canterbury_256_2005_2005-08-31
A/Canterbury/258/2005_2005-08-16 -> A_Canterbury_258_2005_2005-08-16
A/Canterbury/259/2005_2005-08-01 -> A_Canterbury_259_2005_2005-08-01
A/Canterbury/260/2005_2005-09-02 -> A_Canterbury_260_2005_2005-09-02
A/Canterbury/29/2005_2005-05-27 -> A_Canterbury_29_2005_2005-05-27
A/Canterbury/303/2004_2004-09-25 -> A_Canterbury_303_2004_2004-09-25
A/Canterbury/308/2004_2004-10-06 -> A_Canterbury_308_2004_2004-10-06
A/Canterbury/313/2004_2004-10-12 -> A_Canterbury_313_2004_2004-10-12
A/Canterbury/315/2004_2004-09-28 -> A_Canterbury_315_2004_2004-09-28
A/Canterbury/386/2003_2003-07-16 -> A_Canterbury_386_2003_2003-07-16
A/Canterbury/390/2003_2003-07-08 -> A_Canterbury_390_2003_2003-07-08
A/Canterbury/391/2003_2003-08-19 -> A_Canterbury_391_2003_2003-08-19
A/Canterbury/392/2003_2003-08-17 -> A_Canterbury_392_2003_2003-08-17
A/Canterbury/397/2003_2003-08-18 -> A_Canterbury_397_2003_2003-08-18
A/Canterbury/398/2003_2003-08-14 -> A_Canterbury_398_2003_2003-08-14
A/Canterbury/400/2003_2003-07-05 -> A_Canterbury_400_2003_2003-07-05
A/Canterbury/401/2003_2003-07-05 -> A_Canterbury_401_2003_2003-07-05
A/Canterbury/428/2003_2003-07-16 -> A_Canterbury_428_2003_2003-07-16
A/Canterbury/430/2003_2003-07-28 -> A_Canterbury_430_2003_2003-07-28
A/Canterbury/432/2003_2003-07-18 -> A_Canterbury_432_2003_2003-07-18
A/Canterbury/435/2003_2003-07-16 -> A_Canterbury_435_2003_2003-07-16
A/Canterbury/437/2003_2003-07-16 -> A_Canterbury_437_2003_2003-07-16
A/Canterbury/441/2003_2003-08-05 -> A_Canterbury_441_2003_2003-08-05
A/Canterbury/442/2003_2003-08-15 -> A_Canterbury_442_2003_2003-08-15
A/Canterbury/444/2003_2003-08-17 -> A_Canterbury_444_2003_2003-08-17
A/Canterbury/47/2002_2002-06-08 -> A_Canterbury_47_2002_2002-06-08
A/Canterbury/50/2001_2001-07-12 -> A_Canterbury_50_2001_2001-07-12
A/Canterbury/53/2002_2002-06-10 -> A_Canterbury_53_2002_2002-06-10
A/Canterbury/56/2002_2002-06-25 -> A_Canterbury_56_2002_2002-06-25
A/Canterbury/57/2002_2002-06-27 -> A_Canterbury_57_2002_2002-06-27
A/Canterbury/58/2000_2000-09-05 -> A_Canterbury_58_2000_2000-09-05
A/Canterbury/59/2002_2002-07-02 -> A_Canterbury_59_2002_2002-07-02
A/Canterbury/62/2002_2002-07-01 -> A_Canterbury_62_2002_2002-07-01
A/Canterbury/64/2002_2002-07-02 -> A_Canterbury_64_2002_2002-07-02
A/Canterbury/64/2005_2005-06-18 -> A_Canterbury_64_2005_2005-06-18
A/Canterbury/68/2000_2000-09-08 -> A_Canterbury_68_2000_2000-09-08
A/Canterbury/68/2002_2002-07-05 -> A_Canterbury_68_2002_2002-07-05
A/Canterbury/69/2002_2002-07-06 -> A_Canterbury_69_2002_2002-07-06
A/Canterbury/72/2002_2002-07-06 -> A_Canterbury_72_2002_2002-07-06
A/Canterbury/75/2000_2000-09-14 -> A_Canterbury_75_2000_2000-09-14
A/Canterbury/79/2002_2002-07-09 -> A_Canterbury_79_2002_2002-07-09
A/Canterbury/80/2000_2000-09-21 -> A_Canterbury_80_2000_2000-09-21
A/Canterbury/80/2002_2002-07-11 -> A_Canterbury_80_2002_2002-07-11
A/Canterbury/81/2002_2002-07-09 -> A_Canterbury_81_2002_2002-07-09
A/Canterbury/85/2000_2000-09-22 -> A_Canterbury_85_2000_2000-09-22
A/Canterbury/87/2000_2000-08-31 -> A_Canterbury_87_2000_2000-08-31
A/Canterbury/89/2000_2000-10-03 -> A_Canterbury_89_2000_2000-10-03
A/Canterbury/90/2000_2000-10-07 -> A_Canterbury_90_2000_2000-10-07
A/Canterbury/92/2000_2000-10-12 -> A_Canterbury_92_2000_2000-10-12
A/Canterbury/93/2000_2000-10-16 -> A_Canterbury_93_2000_2000-10-16
A/Canterbury/96/2000_2000-10-25 -> A_Canterbury_96_2000_2000-10-25
A/Canterbury/97/2000_2000-10-25 -> A_Canterbury_97_2000_2000-10-25
A/Canterbury/98/2000_2000-10-20 -> A_Canterbury_98_2000_2000-10-20
A/Christchurch/05/2008_2008-08-05 -> A_Christchurch_05_2008_2008-08-05
A/Christchurch/1/2007_2007-05-23 -> A_Christchurch_1_2007_2007-05-23
A/Christchurch/13/2004_2004-07-20 -> A_Christchurch_13_2004_2004-07-20
A/Christchurch/15/2004_2004-08-12 -> A_Christchurch_15_2004_2004-08-12
A/Christchurch/184/2004_2004-09-22 -> A_Christchurch_184_2004_2004-09-22
A/Christchurch/19/2006_2006-06-30 -> A_Christchurch_19_2006_2006-06-30
A/Christchurch/19/2008_2008-08-22 -> A_Christchurch_19_2008_2008-08-22
A/Christchurch/89/2004_2004-09-03 -> A_Christchurch_89_2004_2004-09-03
A/DARWIN/1/2000_2000-05-05 -> A_DARWIN_1_2000_2000-05-05
A/DARWIN/17/2001_2001-09-26 -> A_DARWIN_17_2001_2001-09-26
A/DARWIN/6/2001_2001-08-07 -> A_DARWIN_6_2001_2001-08-07
A/Darwin/1/2008_2008-08-12 -> A_Darwin_1_2008_2008-08-12
A/Darwin/20/2007_2007-08-29 -> A_Darwin_20_2007_2007-08-29
A/Darwin/3/2007_2007-04-02 -> A_Darwin_3_2007_2007-04-02
A/Darwin/4/2007_2007-04-03 -> A_Darwin_4_2007_2007-04-03
A/Dunedin/1/2002_2002-06-07 -> A_Dunedin_1_2002_2002-06-07
A/Dunedin/10/2002_2002-07-09 -> A_Dunedin_10_2002_2002-07-09
A/Dunedin/3/2000_2000-02-21 -> A_Dunedin_3_2000_2000-02-21
A/Dunedin/3/2002_2002-06-07 -> A_Dunedin_3_2002_2002-06-07
A/Dunedin/38/2003_2003-08-02 -> A_Dunedin_38_2003_2003-08-02
A/Dunedin/8/2002_2002-07-01 -> A_Dunedin_8_2002_2002-07-01
A/FIJI/41/2010_2010-11-29 -> A_FIJI_41_2010_2010-11-29
A/FIJI/52/2010_2010-11-29 -> A_FIJI_52_2010_2010-11-29
A/Hutt/82/2000_2000-09-21 -> A_Hutt_82_2000_2000-09-21
A/MOROBE/10/2009_2009-08-27 -> A_MOROBE_10_2009_2009-08-27
A/MOROBE/2/2009_2009-08-27 -> A_MOROBE_2_2009_2009-08-27
A/NEWCASTLE/4/2010_2010-06-25 -> A_NEWCASTLE_4_2010_2010-06-25
A/Nelson_Marlborough/1/2000_2000-02-04 -> A_Nelson_Marlborough_1_2000_2000-02-04
A/Otago/1/2005_2005-07-01 -> A_Otago_1_2005_2005-07-01
A/PERTH/1/2000_2000-03-01 -> A_PERTH_1_2000_2000-03-01
A/PERTH/10/2000_2000-08-23 -> A_PERTH_10_2000_2000-08-23
A/PERTH/107/2009_2009-06-21 -> A_PERTH_107_2009_2009-06-21
A/PERTH/160/2009_2009-07-03 -> A_PERTH_160_2009_2009-07-03
A/PERTH/204/2001_2001-05-02 -> A_PERTH_204_2001_2001-05-02
A/PERTH/208/2001_2001-05-15 -> A_PERTH_208_2001_2001-05-15
A/PERTH/213/2000_2000-02-22 -> A_PERTH_213_2000_2000-02-22
A/PERTH/270/2001_2001-11-13 -> A_PERTH_270_2001_2001-11-13
A/PERTH/324/2009_2009-07-13 -> A_PERTH_324_2009_2009-07-13
A/PERTH/41/2000_2000-10-11 -> A_PERTH_41_2000_2000-10-11
A/PERTH/49/2010_2010-08-04 -> A_PERTH_49_2010_2010-08-04
A/PERTH/501/2010_2010-05-20 -> A_PERTH_501_2010_2010-05-20
A/PERTH/519/2010_2010-06-16 -> A_PERTH_519_2010_2010-06-16
A/PERTH/56/2010_2010-08-09 -> A_PERTH_56_2010_2010-08-09
A/Perth/10/2010_2010-05-25 -> A_Perth_10_2010_2010-05-25
A/Perth/12/2008_2008-05-28 -> A_Perth_12_2008_2008-05-28
A/Perth/142/2007_2007-08-23 -> A_Perth_142_2007_2007-08-23
A/Perth/15/2009_2009-04-07 -> A_Perth_15_2009_2009-04-07
A/Perth/16/2009_2009-04-07 -> A_Perth_16_2009_2009-04-07
A/Perth/201/2008_2008-07-15 -> A_Perth_201_2008_2008-07-15
A/Perth/4/2008_2008-03-27 -> A_Perth_4_2008_2008-03-27
A/Perth/5/2008_2008-03-20 -> A_Perth_5_2008_2008-03-20
A/Perth/673/2009_2009-11-04 -> A_Perth_673_2009_2009-11-04
A/Queensland/11/2001_2001-08-11 -> A_Queensland_11_2001_2001-08-11
A/Queensland/12/2001_2001-08-24 -> A_Queensland_12_2001_2001-08-24
A/Queensland/14/2001_2001-09-03 -> A_Queensland_14_2001_2001-09-03
A/Queensland/15/2001_2001-09-13 -> A_Queensland_15_2001_2001-09-13
A/Queensland/16/2001_2001-08-17 -> A_Queensland_16_2001_2001-08-17
A/Queensland/17/2001_2001-08-24 -> A_Queensland_17_2001_2001-08-24
A/Queensland/18/2001_2001-08-24 -> A_Queensland_18_2001_2001-08-24
A/Queensland/19/2001_2001-07-14 -> A_Queensland_19_2001_2001-07-14
A/Queensland/2/2000_2000-07-16 -> A_Queensland_2_2000_2000-07-16
A/Queensland/20/2001_2001-08-05 -> A_Queensland_20_2001_2001-08-05
A/Queensland/22/2002_2002-07-15 -> A_Queensland_22_2002_2002-07-15
A/Queensland/26/2002_2002-08-06 -> A_Queensland_26_2002_2002-08-06
A/Queensland/27/2002_2002-08-13 -> A_Queensland_27_2002_2002-08-13
A/Queensland/28/2002_2002-08-12 -> A_Queensland_28_2002_2002-08-12
A/Queensland/29/2002_2002-08-17 -> A_Queensland_29_2002_2002-08-17
A/Queensland/30/2002_2002-08-23 -> A_Queensland_30_2002_2002-08-23
A/Queensland/32/2003_2003-08-20 -> A_Queensland_32_2003_2003-08-20
A/Queensland/39/2003_2003-09-11 -> A_Queensland_39_2003_2003-09-11
A/Queensland/4/2000_2000-09-05 -> A_Queensland_4_2000_2000-09-05
A/Queensland/40/2003_2003-09-10 -> A_Queensland_40_2003_2003-09-10
A/Queensland/49/2004_2004-10-01 -> A_Queensland_49_2004_2004-10-01
A/Queensland/52/2005_2005-07-22 -> A_Queensland_52_2005_2005-07-22
A/Queensland/54/2005_2005-08-11 -> A_Queensland_54_2005_2005-08-11
A/Queensland/56/2005_2005-08-16 -> A_Queensland_56_2005_2005-08-16
A/Queensland/57/2005_2005-08-22 -> A_Queensland_57_2005_2005-08-22
A/Queensland/60/2005_2005-08-18 -> A_Queensland_60_2005_2005-08-18
A/Queensland/9/2000_2000-08-28 -> A_Queensland_9_2000_2000-08-28
A/SOUTH-AUCKLAND/15/2010_2010-07-12 -> A_SOUTH-AUCKLAND_15_2010_2010-07-12
A/SOUTH-AUSTRALIA/1/2000_2000-01-14 -> A_SOUTH-AUSTRALIA_1_2000_2000-01-14
A/SOUTH-AUSTRALIA/102/2001_2001-10-29 -> A_SOUTH-AUSTRALIA_102_2001_2001-10-29
A/SOUTH-AUSTRALIA/414/2010_2010-10-04 -> A_SOUTH-AUSTRALIA_414_2010_2010-10-04
A/SOUTH-AUSTRALIA/44/2001_2001-03-19 -> A_SOUTH-AUSTRALIA_44_2001_2001-03-19
A/SOUTH-AUSTRALIA/53/2001_2001-07-17 -> A_SOUTH-AUSTRALIA_53_2001_2001-07-17
A/SOUTH-AUSTRALIA/71/2001_2001-09-08 -> A_SOUTH-AUSTRALIA_71_2001_2001-09-08
A/SOUTH-AUSTRALIA/75/2001_2001-09-13 -> A_SOUTH-AUSTRALIA_75_2001_2001-09-13
A/SOUTH-AUSTRALIA/84/2001_2001-09-14 -> A_SOUTH-AUSTRALIA_84_2001_2001-09-14
A/SOUTH-AUSTRALIA/85/2001_2001-09-17 -> A_SOUTH-AUSTRALIA_85_2001_2001-09-17
A/SOUTH-AUSTRALIA/98/2001_2001-10-04 -> A_SOUTH-AUSTRALIA_98_2001_2001-10-04
A/SYDNEY/13/2010_2010-08-12 -> A_SYDNEY_13_2010_2010-08-12
A/SYDNEY/2/2001_2001-04-06 -> A_SYDNEY_2_2001_2001-04-06
A/SYDNEY/201/2000_2000-02-12 -> A_SYDNEY_201_2000_2000-02-12
A/SYDNEY/213/2000_2000-08-02 -> A_SYDNEY_213_2000_2000-08-02
A/SYDNEY/217/2000_2000-08-01 -> A_SYDNEY_217_2000_2000-08-01
A/SYDNEY/25/2009_2009-06-30 -> A_SYDNEY_25_2009_2009-06-30
A/SYDNEY/306/2002_2002-09-06 -> A_SYDNEY_306_2002_2002-09-06
A/SYDNEY/44/2001_2001-12-30 -> A_SYDNEY_44_2001_2001-12-30
A/SYDNEY/603/2009_2009-02-12 -> A_SYDNEY_603_2009_2009-02-12
A/South_Australia/355/2007_2007-08-12 -> A_South_Australia_355_2007_2007-08-12
A/South_Canterbury/433/2003_2003-08-22 -> A_South_Canterbury_433_2003_2003-08-22
A/Southland/5/2005_2005-08-08 -> A_Southland_5_2005_2005-08-08
A/Sydney/1/2009_2009-01-12 -> A_Sydney_1_2009_2009-01-12
A/Sydney/13/2008_2008-07-18 -> A_Sydney_13_2008_2008-07-18
A/Sydney/17/2008_2008-07-21 -> A_Sydney_17_2008_2008-07-21
A/Sydney/18/2008_2008-07-21 -> A_Sydney_18_2008_2008-07-21
A/Sydney/2/2008_2008-04-29 -> A_Sydney_2_2008_2008-04-29
A/Sydney/2001/2008_2008-05-24 -> A_Sydney_2001_2008_2008-05-24
A/Sydney/3/2008_2008-05-09 -> A_Sydney_3_2008_2008-05-09
A/Sydney/3/2009_2009-01-20 -> A_Sydney_3_2009_2009-01-20
A/Sydney/6/2008_2008-05-22 -> A_Sydney_6_2008_2008-05-22
A/Sydney/616/2009_2009-07-05 -> A_Sydney_616_2009_2009-07-05
A/Sydney/DD2_01/2010_2010-09-13 -> A_Sydney_DD2_01_2010_2010-09-13
A/Sydney/DD2_02/2010_2010-09-04 -> A_Sydney_DD2_02_2010_2010-09-04
A/TASMANIA/4/2010_2010-09-24 -> A_TASMANIA_4_2010_2010-09-24
A/TOWNSVILLE/100/2010_2010-12-06 -> A_TOWNSVILLE_100_2010_2010-12-06
A/TOWNSVILLE/102/2010_2010-12-07 -> A_TOWNSVILLE_102_2010_2010-12-07
A/TOWNSVILLE/104/2010_2010-12-06 -> A_TOWNSVILLE_104_2010_2010-12-06
A/TOWNSVILLE/105/2010_2010-12-03 -> A_TOWNSVILLE_105_2010_2010-12-03
A/TOWNSVILLE/106/2010_2010-12-07 -> A_TOWNSVILLE_106_2010_2010-12-07
A/TOWNSVILLE/117/2010_2010-12-16 -> A_TOWNSVILLE_117_2010_2010-12-16
A/TOWNSVILLE/122/2010_2010-12-19 -> A_TOWNSVILLE_122_2010_2010-12-19
A/TOWNSVILLE/24/2001_2001-09-18 -> A_TOWNSVILLE_24_2001_2001-09-18
A/TOWNSVILLE/4/2000_2000-08-21 -> A_TOWNSVILLE_4_2000_2000-08-21
A/TOWNSVILLE/60/2010_2010-10-25 -> A_TOWNSVILLE_60_2010_2010-10-25
A/TOWNSVILLE/86/2010_2010-11-23 -> A_TOWNSVILLE_86_2010_2010-11-23
A/TOWNSVILLE/87/2010_2010-11-26 -> A_TOWNSVILLE_87_2010_2010-11-26
A/TOWNSVILLE/92/2010_2010-12-09 -> A_TOWNSVILLE_92_2010_2010-12-09
A/TOWNSVILLE/93/2010_2010-12-05 -> A_TOWNSVILLE_93_2010_2010-12-05
A/TOWNSVILLE/97/2010_2010-12-06 -> A_TOWNSVILLE_97_2010_2010-12-06
A/TOWNSVILLE/98/2010_2010-12-13 -> A_TOWNSVILLE_98_2010_2010-12-13
A/Tairawhiti/369/2004_2004-09-10 -> A_Tairawhiti_369_2004_2004-09-10
A/Tasmania/1/2008_2008-06-19 -> A_Tasmania_1_2008_2008-06-19
A/Tasmania/4/2008_2008-06-18 -> A_Tasmania_4_2008_2008-06-18
A/VICTORIA/1034/2010_2010-10-30 -> A_VICTORIA_1034_2010_2010-10-30
A/VICTORIA/1035/2010_2010-10-05 -> A_VICTORIA_1035_2010_2010-10-05
A/VICTORIA/206/2009_2009-06-02 -> A_VICTORIA_206_2009_2009-06-02
A/VICTORIA/208/2009_2009-06-02 -> A_VICTORIA_208_2009_2009-06-02
A/VICTORIA/244/2009_2009-11-11 -> A_VICTORIA_244_2009_2009-11-11
A/VICTORIA/302/2001_2001-03-13 -> A_VICTORIA_302_2001_2001-03-13
A/VICTORIA/4/2010_2010-05-11 -> A_VICTORIA_4_2010_2010-05-11
A/VICTORIA/508/2001_2001-07-30 -> A_VICTORIA_508_2001_2001-07-30
A/VICTORIA/509/2001_2001-08-03 -> A_VICTORIA_509_2001_2001-08-03
A/VICTORIA/523/2000_2000-08-08 -> A_VICTORIA_523_2000_2000-08-08
A/VICTORIA/532/2000_2000-08-22 -> A_VICTORIA_532_2000_2000-08-22
A/VICTORIA/570/2000_2000-11-01 -> A_VICTORIA_570_2000_2000-11-01
A/VICTORIA/650/2010_2010-10-15 -> A_VICTORIA_650_2010_2010-10-15
A/VICTORIA/8/2010_2010-08-10 -> A_VICTORIA_8_2010_2010-08-10
A/Victoria/209/2009_2009-06-02 -> A_Victoria_209_2009_2009-06-02
A/Victoria/210/2009_2009-06-02 -> A_Victoria_210_2009_2009-06-02
A/Victoria/248/2007_2007-07-30 -> A_Victoria_248_2007_2007-07-30
A/Victoria/303/2006_2006-06-06 -> A_Victoria_303_2006_2006-06-06
A/Victoria/500/2008_2008-07-05 -> A_Victoria_500_2008_2008-07-05
A/Victoria/500/2009_2009-01-12 -> A_Victoria_500_2009_2009-01-12
A/Victoria/502/2009_2009-01-25 -> A_Victoria_502_2009_2009-01-25
A/Victoria/503/2006_2006-06-13 -> A_Victoria_503_2006_2006-06-13
A/Victoria/519/2006_2006-07-01 -> A_Victoria_519_2006_2006-07-01
A/Victoria/520/2006_2006-07-06 -> A_Victoria_520_2006_2006-07-06
A/Victoria/563/2010_2010-08-30 -> A_Victoria_563_2010_2010-08-30
A/WESTERN-SEPIK/12/2009_2009-08-28 -> A_WESTERN-SEPIK_12_2009_2009-08-28
A/WESTERN-SEPIK/20/2009_2009-09-07 -> A_WESTERN-SEPIK_20_2009_2009-09-07
A/Waikato/105/2001_2001-09-13 -> A_Waikato_105_2001_2001-09-13
A/Waikato/115/2003_2003-07-06 -> A_Waikato_115_2003_2003-07-06
A/Waikato/122/2003_2003-06-25 -> A_Waikato_122_2003_2003-06-25
A/Waikato/129/2003_2003-07-11 -> A_Waikato_129_2003_2003-07-11
A/Waikato/139/2003_2003-07-24 -> A_Waikato_139_2003_2003-07-24
A/Waikato/150/2003_2003-08-07 -> A_Waikato_150_2003_2003-08-07
A/Waikato/16/2004_2004-09-09 -> A_Waikato_16_2004_2004-09-09
A/Waikato/16/2005_2005-08-09 -> A_Waikato_16_2005_2005-08-09
A/Waikato/16/2008_2008-06-11 -> A_Waikato_16_2008_2008-06-11
A/Waikato/17/2000_2000-09-22 -> A_Waikato_17_2000_2000-09-22
A/Waikato/17/2008_2008-06-18 -> A_Waikato_17_2008_2008-06-18
A/Waikato/18/2005_2005-08-09 -> A_Waikato_18_2005_2005-08-09
A/Waikato/2/2002_2002-01-31 -> A_Waikato_2_2002_2002-01-31
A/Waikato/21/2004_2004-09-05 -> A_Waikato_21_2004_2004-09-05
A/Waikato/22/2004_2004-09-07 -> A_Waikato_22_2004_2004-09-07
A/Waikato/23/2002_2002-07-03 -> A_Waikato_23_2002_2002-07-03
A/Waikato/26/2004_2004-09-16 -> A_Waikato_26_2004_2004-09-16
A/Waikato/3/2003_2003-06-11 -> A_Waikato_3_2003_2003-06-11
A/Waikato/3/2004_2004-09-03 -> A_Waikato_3_2004_2004-09-03
A/Waikato/31/2002_2002-07-26 -> A_Waikato_31_2002_2002-07-26
A/Waikato/35/2004_2004-09-20 -> A_Waikato_35_2004_2004-09-20
A/Waikato/36/2002_2002-07-23 -> A_Waikato_36_2002_2002-07-23
A/Waikato/40/2004_2004-09-21 -> A_Waikato_40_2004_2004-09-21
A/Waikato/43/2004_2004-09-21 -> A_Waikato_43_2004_2004-09-21
A/Waikato/45/2004_2004-09-23 -> A_Waikato_45_2004_2004-09-23
A/Waikato/46/2003_2003-06-24 -> A_Waikato_46_2003_2003-06-24
A/Waikato/5/2000_2000-08-30 -> A_Waikato_5_2000_2000-08-30
A/Waikato/5/2001_2001-05-15 -> A_Waikato_5_2001_2001-05-15
A/Waikato/51/2002_2002-08-12 -> A_Waikato_51_2002_2002-08-12
A/Waikato/52/2002_2002-08-12 -> A_Waikato_52_2002_2002-08-12
A/Waikato/58/2006_2006-06-26 -> A_Waikato_58_2006_2006-06-26
A/Waikato/61/2003_2003-06-30 -> A_Waikato_61_2003_2003-06-30
A/Waikato/69/2004_2004-10-08 -> A_Waikato_69_2004_2004-10-08
A/Waikato/7/2005_2005-08-10 -> A_Waikato_7_2005_2005-08-10
A/Waikato/70/2004_2004-10-07 -> A_Waikato_70_2004_2004-10-07
A/Waikato/71/2004_2004-10-14 -> A_Waikato_71_2004_2004-10-14
A/Waikato/72/2004_2004-10-19 -> A_Waikato_72_2004_2004-10-19
A/Waikato/73/2004_2004-10-15 -> A_Waikato_73_2004_2004-10-15
A/Waikato/8/2000_2000-09-18 -> A_Waikato_8_2000_2000-09-18
A/Waikato/8/2005_2005-08-09 -> A_Waikato_8_2005_2005-08-09
A/Waikato/9/2005_2005-08-15 -> A_Waikato_9_2005_2005-08-15
A/Waikato/91/2003_2003-06-28 -> A_Waikato_91_2003_2003-06-28
A/Wellington/01/2004_2004-01-26 -> A_Wellington_01_2004_2004-01-26
A/Wellington/06/2008_2008-06-03 -> A_Wellington_06_2008_2008-06-03
A/Wellington/13/2008_2008-06-24 -> A_Wellington_13_2008_2008-06-24
A/Wellington/14/2004_2004-08-31 -> A_Wellington_14_2004_2004-08-31
A/Wellington/2/2005_2005-07-11 -> A_Wellington_2_2005_2005-07-11
A/Wellington/2/2008_2008-05-28 -> A_Wellington_2_2008_2008-05-28
A/Wellington/23/2004_2004-08-23 -> A_Wellington_23_2004_2004-08-23
A/Wellington/27/2004_2004-09-11 -> A_Wellington_27_2004_2004-09-11
A/Wellington/28/2003_2003-06-24 -> A_Wellington_28_2003_2003-06-24
A/Wellington/31/2008_2008-07-09 -> A_Wellington_31_2008_2008-07-09
A/Wellington/33/2006_2006-07-04 -> A_Wellington_33_2006_2006-07-04
A/Wellington/34/2001_2001-08-28 -> A_Wellington_34_2001_2001-08-28
A/Wellington/35/2004_2004-09-21 -> A_Wellington_35_2004_2004-09-21
A/Wellington/38/2002_2002-06-17 -> A_Wellington_38_2002_2002-06-17
A/Wellington/38/2006_2006-07-04 -> A_Wellington_38_2006_2006-07-04
A/Wellington/4/2005_2005-07-12 -> A_Wellington_4_2005_2005-07-12
A/Wellington/40/2008_2008-07-03 -> A_Wellington_40_2008_2008-07-03
A/Wellington/49/2003_2003-07-08 -> A_Wellington_49_2003_2003-07-08
A/Wellington/53/2003_2003-07-16 -> A_Wellington_53_2003_2003-07-16
A/Wellington/55/2004_2004-09-27 -> A_Wellington_55_2004_2004-09-27
A/Wellington/58/2004_2004-09-27 -> A_Wellington_58_2004_2004-09-27
A/Wellington/6/2002_2002-02-10 -> A_Wellington_6_2002_2002-02-10
A/Wellington/6/2004_2004-08-18 -> A_Wellington_6_2004_2004-08-18
A/Wellington/62/2004_2004-10-05 -> A_Wellington_62_2004_2004-10-05
A/Wellington/7/2005_2005-08-23 -> A_Wellington_7_2005_2005-08-23
A/Wellington/79/2002_2002-08-20 -> A_Wellington_79_2002_2002-08-20
A/Wellington/8/2005_2005-08-23 -> A_Wellington_8_2005_2005-08-23
A/Wellington/86/2002_2002-09-13 -> A_Wellington_86_2002_2002-09-13
A/Wellington/9/2003_2003-05-30 -> A_Wellington_9_2003_2003-05-30
A/West_Coast/32/2001_2001-07-03 -> A_West_Coast_32_2001_2001-07-03
A/Western_Australia/10/2000_2000-10-19 -> A_Western_Australia_10_2000_2000-10-19
A/Western_Australia/12/2000_2000-10-11 -> A_Western_Australia_12_2000_2000-10-11
A/Western_Australia/13/2001_2001-07-11 -> A_Western_Australia_13_2001_2001-07-11
A/Western_Australia/14/2001_2001-09-26 -> A_Western_Australia_14_2001_2001-09-26
A/Western_Australia/15/2001_2001-09-25 -> A_Western_Australia_15_2001_2001-09-25
A/Western_Australia/17/2001_2001-10-02 -> A_Western_Australia_17_2001_2001-10-02
A/Western_Australia/2/2000_2000-09-20 -> A_Western_Australia_2_2000_2000-09-20
A/Western_Australia/23/2002_2002-06-25 -> A_Western_Australia_23_2002_2002-06-25
A/Western_Australia/25/2002_2002-07-10 -> A_Western_Australia_25_2002_2002-07-10
A/Western_Australia/26/2002_2002-07-08 -> A_Western_Australia_26_2002_2002-07-08
A/Western_Australia/29/2002_2002-08-21 -> A_Western_Australia_29_2002_2002-08-21
A/Western_Australia/30/2002_2002-08-19 -> A_Western_Australia_30_2002_2002-08-19
A/Western_Australia/31/2002_2002-08-26 -> A_Western_Australia_31_2002_2002-08-26
A/Western_Australia/34/2002_2002-08-28 -> A_Western_Australia_34_2002_2002-08-28
A/Western_Australia/35/2002_2002-09-29 -> A_Western_Australia_35_2002_2002-09-29
A/Western_Australia/38/2003_2003-09-08 -> A_Western_Australia_38_2003_2003-09-08
A/Western_Australia/39/2003_2003-09-24 -> A_Western_Australia_39_2003_2003-09-24
A/Western_Australia/40/2003_2003-09-17 -> A_Western_Australia_40_2003_2003-09-17
A/Western_Australia/41/2003_2003-09-23 -> A_Western_Australia_41_2003_2003-09-23
A/Western_Australia/42/2003_2003-09-17 -> A_Western_Australia_42_2003_2003-09-17
A/Western_Australia/43/2003_2003-09-12 -> A_Western_Australia_43_2003_2003-09-12
A/Western_Australia/45/2003_2003-09-09 -> A_Western_Australia_45_2003_2003-09-09
A/Western_Australia/46/2003_2003-09-10 -> A_Western_Australia_46_2003_2003-09-10
A/Western_Australia/47/2003_2003-10-03 -> A_Western_Australia_47_2003_2003-10-03
A/Western_Australia/48/2003_2003-10-06 -> A_Western_Australia_48_2003_2003-10-06
A/Western_Australia/49/2003_2003-09-15 -> A_Western_Australia_49_2003_2003-09-15
A/Western_Australia/55/2004_2004-09-14 -> A_Western_Australia_55_2004_2004-09-14
A/Western_Australia/56/2004_2004-10-04 -> A_Western_Australia_56_2004_2004-10-04
A/Western_Australia/57/2004_2004-10-07 -> A_Western_Australia_57_2004_2004-10-07
A/Western_Australia/58/2004_2004-10-01 -> A_Western_Australia_58_2004_2004-10-01
A/Western_Australia/6/2000_2000-10-04 -> A_Western_Australia_6_2000_2000-10-04
A/Western_Australia/62/2004_2004-10-19 -> A_Western_Australia_62_2004_2004-10-19
A/Western_Australia/64/2004_2004-10-28 -> A_Western_Australia_64_2004_2004-10-28
A/Western_Australia/65/2005_2005-01-04 -> A_Western_Australia_65_2005_2005-01-04
A/Western_Australia/67/2005_2005-07-09 -> A_Western_Australia_67_2005_2005-07-09
A/Western_Australia/68/2005_2005-07-04 -> A_Western_Australia_68_2005_2005-07-04
A/Western_Australia/69/2005_2005-07-05 -> A_Western_Australia_69_2005_2005-07-05
A/Western_Australia/71/2005_2005-10-20 -> A_Western_Australia_71_2005_2005-10-20
A/Western_Australia/74/2005_2005-07-29 -> A_Western_Australia_74_2005_2005-07-29
A/Western_Australia/75/2005_2005-07-27 -> A_Western_Australia_75_2005_2005-07-27
A/Western_Australia/76/2005_2005-08-01 -> A_Western_Australia_76_2005_2005-08-01
A/Western_Australia/9/2000_2000-10-08 -> A_Western_Australia_9_2000_2000-10-08
AUCKLAND/23/2006_2006-06-27 -> AUCKLAND_23_2006_2006-06-27
AUCKLAND/47/2006_2006-07-09 -> AUCKLAND_47_2006_2006-07-09
AUCKLAND/78/2006_2006-07-15 -> AUCKLAND_78_2006_2006-07-15
BRISBANE/1/2006_2006-01-24 -> BRISBANE_1_2006_2006-01-24
BRISBANE/150/2006_2006-08-28 -> BRISBANE_150_2006_2006-08-28
BRISBANE/203/2006_2006-09-04 -> BRISBANE_203_2006_2006-09-04
BRISBANE/234/2005_2005-09-06 -> BRISBANE_234_2005_2005-09-06
BRISBANE/256/2006_2006-09-19 -> BRISBANE_256_2006_2006-09-19
BRISBANE/3/2006_2006-03-02 -> BRISBANE_3_2006_2006-03-02
BRISBANE/34/2006_2006-07-18 -> BRISBANE_34_2006_2006-07-18
BRISBANE/35/2006_2006-07-15 -> BRISBANE_35_2006_2006-07-15
BRISBANE/49/2006_2006-08-01 -> BRISBANE_49_2006_2006-08-01
BRISBANE/69/2006_2006-08-10 -> BRISBANE_69_2006_2006-08-10
CHRISTCHURCH/20/2006_2006-07-07 -> CHRISTCHURCH_20_2006_2006-07-07
CHRISTCHURCH/64/2005_2005-06-18 -> CHRISTCHURCH_64_2005_2005-06-18
DARWIN/1/2006_2006-09-12 -> DARWIN_1_2006_2006-09-12
NEWCALEDONIA/1/2006_2006-01-06 -> NEWCALEDONIA_1_2006_2006-01-06
NEWCALEDONIA/10/2006_2006-10-30 -> NEWCALEDONIA_10_2006_2006-10-30
OTAGO/1/2006_2006-04-06 -> OTAGO_1_2006_2006-04-06
SOUTHAUSTRALIA/3/2006_2006-07-03 -> SOUTHAUSTRALIA_3_2006_2006-07-03
SOUTHAUSTRALIA/9/2005_2005-06-19 -> SOUTHAUSTRALIA_9_2005_2005-06-19
SYDNEY/2/2005_2005-04-04 -> SYDNEY_2_2005_2005-04-04
VICTORIA/170/2006_2006-08-03 -> VICTORIA_170_2006_2006-08-03
VICTORIA/503/2005_2005-05-29 -> VICTORIA_503_2005_2005-05-29
WAIKATO/49/2006_2006-06-14 -> WAIKATO_49_2006_2006-06-14
WELLINGTON/43/2006_2006-07-06 -> WELLINGTON_43_2006_2006-07-06
WELLINGTON/5/2006_2006-06-06 -> WELLINGTON_5_2006_2006-06-06

                                        Gap/Ambiguity  Composition  p-value
   1  A_Auckland_10_2008_2008-05-29             0.00%    passed     99.37%
   2  A_Auckland_17_2008_2008-06-09             0.00%    passed     98.15%
   3  A_Auckland_588_2000_2000-09-25            0.00%    passed     94.01%
   4  A_Auckland_598_2000_2000-10-09            0.00%    passed     95.32%
   5  A_Auckland_600_2000_2000-05-06            0.00%    passed     99.02%
   6  A_Auckland_601_2000_2000-09-11            0.00%    passed     88.57%
   7  A_Auckland_602_2001_2001-08-19            0.00%    passed     96.46%
   8  A_Auckland_603_2001_2001-10-02            0.00%    passed     95.26%
   9  A_Auckland_604_2001_2001-09-28            0.00%    passed     96.46%
  10  A_Auckland_607_2001_2001-08-15            0.00%    passed     98.16%
  11  A_Auckland_608_2002_2002-06-08            0.00%    passed     95.32%
  12  A_Auckland_609_2002_2002-06-18            0.00%    passed     92.43%
  13  A_Auckland_610_2002_2002-07-29            0.00%    passed     91.60%
  14  A_Auckland_614_2002_2002-01-14            0.00%    passed     96.03%
  15  A_Auckland_616_2005_2005-09-29            0.00%    passed     98.27%
  16  A_Auckland_617_2005_2005-09-28            0.00%    passed     98.27%
  17  A_Auckland_69_2008_2008-07-07             0.00%    passed     97.25%
  18  A_Australia_18_2009_2009-07-21            0.00%    passed     99.18%
  19  A_Australia_19_2009_2009-07-21            0.00%    passed     97.01%
  20  A_Australia_2_2009_2009-07-16             0.00%    passed     99.71%
  21  A_Australia_22_2009_2009-07-21            0.00%    passed     99.18%
  22  A_Australia_30_2009_2009-07-23            0.00%    passed     98.22%
  23  A_Australia_34_2009_2009-07-24            0.00%    passed     99.53%
  24  A_Australia_46_2009_2009-07-27            0.00%    passed     97.22%
  25  A_Australia_55_2009_2009-07-30            0.00%    passed     98.73%
  26  A_Australia_NHRC0003_2003_2003-07-01      0.00%    passed     99.70%
  27  A_Australia_NHRC0004_2003_2003-07-02      0.00%    passed     99.70%
  28  A_Australia_NHRC0005_2005_2005-04-16      0.00%    passed     99.18%
  29  A_Australia_NHRC0006_2003_2003-07-07      0.00%    passed     99.70%
  30  A_Australia_NHRC0006_2005_2005-06-13      0.00%    passed     99.28%
  31  A_Australia_NHRC0007_2005_2005-06-13      0.00%    passed     99.28%
  32  A_Australia_NHRC0008_2003_2003-07-08      0.06%    passed     99.47%
  33  A_Australia_NHRC0008_2005_2005-06-13      0.00%    passed     98.70%
  34  A_Australia_NHRC0010_2003_2003-07-10      0.00%    passed     99.56%
  35  A_BRISBANE_10_2000_2000-07-25            40.46%    passed     40.48%
  36  A_BRISBANE_100_2009_2009-07-10            0.00%    passed     99.18%
  37  A_BRISBANE_11_2000_2000-08-18            40.22%    passed     43.25%
  38  A_BRISBANE_122_2010_2010-08-22            0.00%    passed     99.43%
  39  A_BRISBANE_217_2010_2010-08-25            0.00%    passed     98.94%
  40  A_BRISBANE_218_2010_2010-08-28            0.00%    passed     99.01%
  41  A_BRISBANE_219_2010_2010-08-30            0.00%    passed     99.40%
  42  A_BRISBANE_252_2010_2010-09-20            0.00%    passed     99.46%
  43  A_BRISBANE_253_2010_2010-09-19            0.00%    passed     98.96%
  44  A_BRISBANE_258_2010_2010-10-01            0.00%    passed     97.01%
  45  A_BRISBANE_262_2010_2010-09-23            0.00%    passed     99.46%
  46  A_BRISBANE_3_2000_2000-02-18             41.11%    passed     46.78%
  47  A_BRISBANE_31_2010_2010-07-08             0.00%    passed     97.70%
  48  A_BRISBANE_52_2009_2009-05-18             0.06%    passed     98.57%
  49  A_BRISBANE_54_2009_2009-05-07             0.00%    passed     99.53%
  50  A_BRISBANE_66_2009_2009-06-23             0.00%    passed     99.18%
  51  A_Brisbane_02_2008_2008-01-15             0.12%    passed     99.16%
  52  A_Brisbane_04_2007_2007-01-18             0.00%    passed     99.28%
  53  A_Brisbane_10_2007_2007-02-06             0.00%    passed     99.70%
  54  A_Brisbane_10_2008_2008-02-24             0.00%    passed     98.30%
  55  A_Brisbane_11_2006_2006-06-18            40.46%    passed     42.18%
  56  A_Brisbane_11_2010_2010-05-26             0.00%    passed     97.96%
  57  A_Brisbane_2_2008_2008-01-15              0.00%    passed     99.03%
  58  A_Brisbane_210_2010_2010-08-19            0.00%    passed     99.40%
  59  A_Brisbane_220_2010_2010-09-09            0.00%    passed     99.46%
  60  A_Brisbane_233_2006_2006-09-09           46.17%    passed     50.89%
  61  A_Brisbane_24_2008_2008-06-23             0.00%    passed     96.50%
  62  A_Brisbane_53_2009_2009-04-28             0.00%    passed     99.47%
  63  A_Brisbane_602_2007_2007-08-11           40.58%    passed     37.12%
  64  A_Brisbane_9_2006_2006-06-22             39.22%    passed     50.51%
  65  A_CANBERRA_2_2010_2010-06-24              0.00%    passed     99.46%
  66  A_CANBERRA_20_2009_2009-07-14             0.00%    passed     99.18%
  67  A_CHRISTCHURCH_143_2001_2001-08-10       39.58%    passed     49.13%
  68  A_CHRISTCHURCH_25_2010_2010-08-12         0.00%    passed     97.70%
  69  A_CHRISTCHURCH_28_2001_2001-07-04        39.22%    passed     48.64%
  70  A_CHRISTCHURCH_37_2001_2001-07-09        39.05%    passed     51.42%
  71  A_CHRISTCHURCH_44_2001_2001-07-12        39.52%    passed     43.55%
  72  A_CHRISTCHURCH_49_2010_2010-09-17         0.00%    passed     99.43%
  73  A_CHRISTCHURCH_50_2010_2010-09-17         2.59%    passed     97.65%
  74  A_CHRISTCHURCH_94_2000_2000-10-19        40.11%    passed     36.05%
  75  A_Canberra_18_2009_2009-06-30             0.06%    passed     99.89%
  76  A_Canterbury_04_2002_2002-04-12           0.00%    passed     91.95%
  77  A_Canterbury_06_2001_2001-04-17           0.00%    passed     99.63%
  78  A_Canterbury_06_2002_2002-04-19           0.00%    passed     91.03%
  79  A_Canterbury_07_2001_2001-05-09           0.00%    passed     99.77%
  80  A_Canterbury_10_2001_2001-06-07           0.00%    passed     92.50%
  81  A_Canterbury_101_2000_2000-10-31          0.00%    passed     90.12%
  82  A_Canterbury_101_2004_2004-09-09          0.00%    passed     97.87%
  83  A_Canterbury_103_2004_2004-09-09          0.00%    passed     98.83%
  84  A_Canterbury_104_2004_2004-09-07          0.00%    passed     99.38%
  85  A_Canterbury_104_2005_2005-06-27          0.00%    passed     98.73%
  86  A_Canterbury_105_2005_2005-06-27          0.00%    passed     98.73%
  87  A_Canterbury_107_2004_2004-09-12          0.00%    passed     99.24%
  88  A_Canterbury_108_2004_2004-09-12          0.00%    passed     99.18%
  89  A_Canterbury_11_2004_2004-08-04           0.00%    passed     98.83%
  90  A_Canterbury_127_2005_2005-07-02          0.00%    passed     98.25%
  91  A_Canterbury_13_2002_2002-04-19           0.00%    passed     91.03%
  92  A_Canterbury_14_2002_2002-05-02           0.00%    passed     92.61%
  93  A_Canterbury_140_2001_2001-08-10          0.00%    passed     99.63%
  94  A_Canterbury_149_2001_2001-08-13          0.00%    passed     99.63%
  95  A_Canterbury_16_2005_2005-05-20           0.00%    passed     96.40%
  96  A_Canterbury_166_2005_2005-07-08          0.00%    passed     94.19%
  97  A_Canterbury_19_2004_2004-08-17           0.00%    passed     98.71%
  98  A_Canterbury_2_2000_2000-01-20            0.00%    passed     99.27%
  99  A_Canterbury_200_2004_2004-09-16          0.12%    passed     98.88%
 100  A_Canterbury_207_2004_2004-09-21          0.00%    passed     98.71%
 101  A_Canterbury_210_2004_2004-09-22          0.00%    passed     98.71%
 102  A_Canterbury_235_2005_2005-07-28          0.00%    passed     99.20%
 103  A_Canterbury_24_2004_2004-08-11           0.00%    passed     98.83%
 104  A_Canterbury_24_2005_2005-05-04           0.00%    passed     97.96%
 105  A_Canterbury_248_2005_2005-08-03          0.00%    passed     99.62%
 106  A_Canterbury_253_2005_2005-08-22          0.00%    passed     98.59%
 107  A_Canterbury_256_2005_2005-08-31          0.00%    passed     99.66%
 108  A_Canterbury_258_2005_2005-08-16          0.00%    passed     97.15%
 109  A_Canterbury_259_2005_2005-08-01          0.00%    passed     97.96%
 110  A_Canterbury_260_2005_2005-09-02          0.00%    passed     98.59%
 111  A_Canterbury_29_2005_2005-05-27           0.00%    passed     96.94%
 112  A_Canterbury_303_2004_2004-09-25          0.00%    passed     98.82%
 113  A_Canterbury_308_2004_2004-10-06          0.00%    passed     98.22%
 114  A_Canterbury_313_2004_2004-10-12          0.00%    passed     99.43%
 115  A_Canterbury_315_2004_2004-09-28          0.00%    passed     98.22%
 116  A_Canterbury_386_2003_2003-07-16          0.00%    passed     99.85%
 117  A_Canterbury_390_2003_2003-07-08          0.00%    passed     99.85%
 118  A_Canterbury_391_2003_2003-08-19          0.00%    passed     99.70%
 119  A_Canterbury_392_2003_2003-08-17          0.00%    passed     99.40%
 120  A_Canterbury_397_2003_2003-08-18          0.00%    passed     99.70%
 121  A_Canterbury_398_2003_2003-08-14          0.00%    passed     99.40%
 122  A_Canterbury_400_2003_2003-07-05          0.00%    passed     99.70%
 123  A_Canterbury_401_2003_2003-07-05          0.00%    passed     99.70%
 124  A_Canterbury_428_2003_2003-07-16          0.06%    passed     99.47%
 125  A_Canterbury_430_2003_2003-07-28          0.00%    passed     99.40%
 126  A_Canterbury_432_2003_2003-07-18          0.00%    passed     99.85%
 127  A_Canterbury_435_2003_2003-07-16          0.00%    passed     99.40%
 128  A_Canterbury_437_2003_2003-07-16          0.00%    passed     99.74%
 129  A_Canterbury_441_2003_2003-08-05          0.00%    passed     99.40%
 130  A_Canterbury_442_2003_2003-08-15          0.00%    passed     99.38%
 131  A_Canterbury_444_2003_2003-08-17          0.00%    passed     99.90%
 132  A_Canterbury_47_2002_2002-06-08           0.00%    passed     89.06%
 133  A_Canterbury_50_2001_2001-07-12           0.00%    passed     99.64%
 134  A_Canterbury_53_2002_2002-06-10           0.00%    passed     91.95%
 135  A_Canterbury_56_2002_2002-06-25           0.00%    passed     91.03%
 136  A_Canterbury_57_2002_2002-06-27           0.00%    passed     86.84%
 137  A_Canterbury_58_2000_2000-09-05           0.00%    passed     99.97%
 138  A_Canterbury_59_2002_2002-07-02           0.00%    passed     89.06%
 139  A_Canterbury_62_2002_2002-07-01           0.00%    passed     89.06%
 140  A_Canterbury_64_2002_2002-07-02           0.00%    passed     91.03%
 141  A_Canterbury_64_2005_2005-06-18           0.00%    passed     99.86%
 142  A_Canterbury_68_2000_2000-09-08           0.00%    passed     92.21%
 143  A_Canterbury_68_2002_2002-07-05           0.00%    passed     92.60%
 144  A_Canterbury_69_2002_2002-07-06           0.00%    passed     90.01%
 145  A_Canterbury_72_2002_2002-07-06           0.00%    passed     96.00%
 146  A_Canterbury_75_2000_2000-09-14           0.00%    passed     94.01%
 147  A_Canterbury_79_2002_2002-07-09           0.00%    passed     91.60%
 148  A_Canterbury_80_2000_2000-09-21           0.00%    passed     99.46%
 149  A_Canterbury_80_2002_2002-07-11           0.00%    passed     91.03%
 150  A_Canterbury_81_2002_2002-07-09           0.00%    passed     91.95%
 151  A_Canterbury_85_2000_2000-09-22           0.00%    passed     90.12%
 152  A_Canterbury_87_2000_2000-08-31           0.00%    passed     92.21%
 153  A_Canterbury_89_2000_2000-10-03           0.00%    passed     92.76%
 154  A_Canterbury_90_2000_2000-10-07           0.00%    passed     94.01%
 155  A_Canterbury_92_2000_2000-10-12           0.00%    passed     92.21%
 156  A_Canterbury_93_2000_2000-10-16           0.00%    passed     99.81%
 157  A_Canterbury_96_2000_2000-10-25           0.00%    passed     90.12%
 158  A_Canterbury_97_2000_2000-10-25           0.00%    passed     90.12%
 159  A_Canterbury_98_2000_2000-10-20           0.00%    passed     99.77%
 160  A_Christchurch_05_2008_2008-08-05         0.06%    passed     99.01%
 161  A_Christchurch_1_2007_2007-05-23         41.40%    passed     28.32%
 162  A_Christchurch_13_2004_2004-07-20         0.00%    passed     99.46%
 163  A_Christchurch_15_2004_2004-08-12         0.00%    passed     99.72%
 164  A_Christchurch_184_2004_2004-09-22        0.00%    passed     98.46%
 165  A_Christchurch_19_2006_2006-06-30        39.69%    passed     43.55%
 166  A_Christchurch_19_2008_2008-08-22         0.00%    passed     98.98%
 167  A_Christchurch_89_2004_2004-09-03         0.00%    passed     99.38%
 168  A_DARWIN_1_2000_2000-05-05               40.16%    passed     48.13%
 169  A_DARWIN_17_2001_2001-09-26              39.63%    passed     43.68%
 170  A_DARWIN_6_2001_2001-08-07               39.22%    passed     66.23%
 171  A_Darwin_1_2008_2008-08-12                0.00%    passed     98.15%
 172  A_Darwin_20_2007_2007-08-29              40.28%    passed     35.58%
 173  A_Darwin_3_2007_2007-04-02               46.17%    passed     44.05%
 174  A_Darwin_4_2007_2007-04-03               38.69%    passed     72.41%
 175  A_Dunedin_1_2002_2002-06-07               0.00%    passed     96.39%
 176  A_Dunedin_10_2002_2002-07-09              0.00%    passed     93.04%
 177  A_Dunedin_3_2000_2000-02-21               0.00%    passed     99.23%
 178  A_Dunedin_3_2002_2002-06-07               0.00%    passed     92.22%
 179  A_Dunedin_38_2003_2003-08-02              0.00%    passed     99.74%
 180  A_Dunedin_8_2002_2002-07-01               0.00%    passed     92.74%
 181  A_FIJI_41_2010_2010-11-29                 0.00%    passed     98.78%
 182  A_FIJI_52_2010_2010-11-29                 0.00%    passed     99.38%
 183  A_Hutt_82_2000_2000-09-21                 0.00%    passed     99.97%
 184  A_MOROBE_10_2009_2009-08-27               0.00%    passed     99.74%
 185  A_MOROBE_2_2009_2009-08-27                0.00%    passed     99.70%
 186  A_NEWCASTLE_4_2010_2010-06-25             0.00%    passed     98.01%
 187  A_Nelson_Marlborough_1_2000_2000-02-04    0.00%    passed     99.70%
 188  A_Otago_1_2005_2005-07-01                 0.00%    passed     96.42%
 189  A_PERTH_1_2000_2000-03-01                39.99%    passed     50.28%
 190  A_PERTH_10_2000_2000-08-23               40.40%    passed     44.42%
 191  A_PERTH_107_2009_2009-06-21               0.00%    passed     99.83%
 192  A_PERTH_160_2009_2009-07-03               0.00%    passed     98.10%
 193  A_PERTH_204_2001_2001-05-02              39.28%    passed     46.30%
 194  A_PERTH_208_2001_2001-05-15              39.22%    passed     48.62%
 195  A_PERTH_213_2000_2000-02-22              40.46%    passed     45.72%
 196  A_PERTH_270_2001_2001-11-13              38.99%    passed     53.02%
 197  A_PERTH_324_2009_2009-07-13               0.00%    passed     99.71%
 198  A_PERTH_41_2000_2000-10-11               40.40%    passed     53.13%
 199  A_PERTH_49_2010_2010-08-04                0.00%    passed     97.21%
 200  A_PERTH_501_2010_2010-05-20               0.00%    passed     97.57%
 201  A_PERTH_519_2010_2010-06-16               0.00%    passed     97.27%
 202  A_PERTH_56_2010_2010-08-09                0.00%    passed     99.18%
 203  A_Perth_10_2010_2010-05-25                0.06%    passed     99.50%
 204  A_Perth_12_2008_2008-05-28                0.00%    passed     98.59%
 205  A_Perth_142_2007_2007-08-23              40.16%    passed     35.18%
 206  A_Perth_15_2009_2009-04-07                0.00%    passed     99.74%
 207  A_Perth_16_2009_2009-04-07                0.00%    passed     99.70%
 208  A_Perth_201_2008_2008-07-15               0.00%    passed     99.22%
 209  A_Perth_4_2008_2008-03-27                 0.00%    passed     98.53%
 210  A_Perth_5_2008_2008-03-20                 0.00%    passed     98.96%
 211  A_Perth_673_2009_2009-11-04               0.00%    passed     99.79%
 212  A_Queensland_11_2001_2001-08-11           0.00%    passed     95.26%
 213  A_Queensland_12_2001_2001-08-24           0.00%    passed     96.46%
 214  A_Queensland_14_2001_2001-09-03           0.00%    passed     95.26%
 215  A_Queensland_15_2001_2001-09-13           0.00%    passed     92.06%
 216  A_Queensland_16_2001_2001-08-17           0.00%    passed     95.26%
 217  A_Queensland_17_2001_2001-08-24           0.00%    passed     96.46%
 218  A_Queensland_18_2001_2001-08-24           0.00%    passed     95.26%
 219  A_Queensland_19_2001_2001-07-14           0.00%    passed     94.55%
 220  A_Queensland_2_2000_2000-07-16            0.00%    passed     99.77%
 221  A_Queensland_20_2001_2001-08-05           0.00%    passed     95.26%
 222  A_Queensland_22_2002_2002-07-15           0.00%    passed     95.96%
 223  A_Queensland_26_2002_2002-08-06           0.00%    passed     94.19%
 224  A_Queensland_27_2002_2002-08-13           0.00%    passed     90.78%
 225  A_Queensland_28_2002_2002-08-12           0.00%    passed     92.74%
 226  A_Queensland_29_2002_2002-08-17           0.00%    passed     91.03%
 227  A_Queensland_30_2002_2002-08-23           0.00%    passed     91.03%
 228  A_Queensland_32_2003_2003-08-20           0.00%    passed     99.70%
 229  A_Queensland_39_2003_2003-09-11           0.00%    passed     99.56%
 230  A_Queensland_4_2000_2000-09-05            0.00%    passed     97.34%
 231  A_Queensland_40_2003_2003-09-10           0.00%    passed     99.24%
 232  A_Queensland_49_2004_2004-10-01           0.00%    passed     98.01%
 233  A_Queensland_52_2005_2005-07-22           0.00%    passed     98.07%
 234  A_Queensland_54_2005_2005-08-11           0.00%    passed     93.96%
 235  A_Queensland_56_2005_2005-08-16           0.00%    passed     99.66%
 236  A_Queensland_57_2005_2005-08-22           0.00%    passed     96.42%
 237  A_Queensland_60_2005_2005-08-18           0.00%    passed     99.06%
 238  A_Queensland_9_2000_2000-08-28            0.00%    passed     92.21%
 239  A_SOUTH-AUCKLAND_15_2010_2010-07-12       0.00%    passed     99.24%
 240  A_SOUTH-AUSTRALIA_1_2000_2000-01-14      40.46%    passed     37.36%
 241  A_SOUTH-AUSTRALIA_102_2001_2001-10-29    36.81%    passed     71.61%
 242  A_SOUTH-AUSTRALIA_414_2010_2010-10-04     0.00%    passed     98.73%
 243  A_SOUTH-AUSTRALIA_44_2001_2001-03-19     39.10%    passed     64.89%
 244  A_SOUTH-AUSTRALIA_53_2001_2001-07-17     39.28%    passed     61.44%
 245  A_SOUTH-AUSTRALIA_71_2001_2001-09-08     39.75%    passed     57.61%
 246  A_SOUTH-AUSTRALIA_75_2001_2001-09-13     38.99%    passed     66.05%
 247  A_SOUTH-AUSTRALIA_84_2001_2001-09-14     41.11%    passed     51.16%
 248  A_SOUTH-AUSTRALIA_85_2001_2001-09-17     39.99%    passed     68.96%
 249  A_SOUTH-AUSTRALIA_98_2001_2001-10-04     39.05%    passed     56.67%
 250  A_SYDNEY_13_2010_2010-08-12               0.00%    passed     99.46%
 251  A_SYDNEY_2_2001_2001-04-06               39.16%    passed     50.20%
 252  A_SYDNEY_201_2000_2000-02-12             40.46%    passed     41.01%
 253  A_SYDNEY_213_2000_2000-08-02             41.11%    passed     49.60%
 254  A_SYDNEY_217_2000_2000-08-01             40.16%    passed     45.04%
 255  A_SYDNEY_25_2009_2009-06-30               0.00%    passed     99.74%
 256  A_SYDNEY_306_2002_2002-09-06             47.06%    passed     91.31%
 257  A_SYDNEY_44_2001_2001-12-30              39.22%    passed     59.21%
 258  A_SYDNEY_603_2009_2009-02-12              0.00%    passed     99.37%
 259  A_South_Australia_355_2007_2007-08-12     2.00%    passed     97.42%
 260  A_South_Canterbury_433_2003_2003-08-22    0.00%    passed     99.88%
 261  A_Southland_5_2005_2005-08-08             0.00%    passed     99.62%
 262  A_Sydney_1_2009_2009-01-12                0.00%    passed     99.15%
 263  A_Sydney_13_2008_2008-07-18               0.00%    passed     98.15%
 264  A_Sydney_17_2008_2008-07-21               0.00%    passed     98.56%
 265  A_Sydney_18_2008_2008-07-21               0.00%    passed     98.56%
 266  A_Sydney_2_2008_2008-04-29                0.00%    passed     98.79%
 267  A_Sydney_2001_2008_2008-05-24             0.00%    passed     97.91%
 268  A_Sydney_3_2008_2008-05-09                0.00%    passed     99.71%
 269  A_Sydney_3_2009_2009-01-20                0.00%    passed     99.53%
 270  A_Sydney_6_2008_2008-05-22                0.00%    passed     99.71%
 271  A_Sydney_616_2009_2009-07-05              0.00%    passed     99.45%
 272  A_Sydney_DD2_01_2010_2010-09-13           0.00%    passed     98.49%
 273  A_Sydney_DD2_02_2010_2010-09-04           0.00%    passed     96.09%
 274  A_TASMANIA_4_2010_2010-09-24             32.45%    passed     86.18%
 275  A_TOWNSVILLE_100_2010_2010-12-06          0.00%    passed     99.01%
 276  A_TOWNSVILLE_102_2010_2010-12-07          0.00%    passed     99.46%
 277  A_TOWNSVILLE_104_2010_2010-12-06          0.00%    passed     98.99%
 278  A_TOWNSVILLE_105_2010_2010-12-03          0.00%    passed     98.27%
 279  A_TOWNSVILLE_106_2010_2010-12-07          0.00%    passed     99.01%
 280  A_TOWNSVILLE_117_2010_2010-12-16          0.00%    passed     99.01%
 281  A_TOWNSVILLE_122_2010_2010-12-19          0.00%    passed     99.04%
 282  A_TOWNSVILLE_24_2001_2001-09-18          39.28%    passed     55.28%
 283  A_TOWNSVILLE_4_2000_2000-08-21           40.11%    passed     48.21%
 284  A_TOWNSVILLE_60_2010_2010-10-25           0.00%    passed     98.91%
 285  A_TOWNSVILLE_86_2010_2010-11-23           0.00%    passed     99.01%
 286  A_TOWNSVILLE_87_2010_2010-11-26           0.00%    passed     99.70%
 287  A_TOWNSVILLE_92_2010_2010-12-09           0.00%    passed     99.43%
 288  A_TOWNSVILLE_93_2010_2010-12-05           0.00%    passed     99.46%
 289  A_TOWNSVILLE_97_2010_2010-12-06           0.00%    passed     99.43%
 290  A_TOWNSVILLE_98_2010_2010-12-13           0.00%    passed     98.32%
 291  A_Tairawhiti_369_2004_2004-09-10          0.00%    passed     99.90%
 292  A_Tasmania_1_2008_2008-06-19              0.00%    passed     99.37%
 293  A_Tasmania_4_2008_2008-06-18              0.00%    passed     99.37%
 294  A_VICTORIA_1034_2010_2010-10-30           0.00%    passed     97.65%
 295  A_VICTORIA_1035_2010_2010-10-05           0.00%    passed     97.65%
 296  A_VICTORIA_206_2009_2009-06-02            0.00%    passed     98.03%
 297  A_VICTORIA_208_2009_2009-06-02            0.00%    passed     98.03%
 298  A_VICTORIA_244_2009_2009-11-11           33.63%    passed     89.54%
 299  A_VICTORIA_302_2001_2001-03-13           39.10%    passed     54.14%
 300  A_VICTORIA_4_2010_2010-05-11              0.00%    passed     99.01%
 301  A_VICTORIA_508_2001_2001-07-30           38.69%    passed     66.45%
 302  A_VICTORIA_509_2001_2001-08-03           39.93%    passed     56.69%
 303  A_VICTORIA_523_2000_2000-08-08           40.34%    passed     46.33%
 304  A_VICTORIA_532_2000_2000-08-22           40.34%    passed     45.99%
 305  A_VICTORIA_570_2000_2000-11-01           40.40%    passed     46.29%
 306  A_VICTORIA_650_2010_2010-10-15            0.00%    passed     98.71%
 307  A_VICTORIA_8_2010_2010-08-10              0.00%    passed     98.07%
 308  A_Victoria_209_2009_2009-06-02            0.00%    passed     99.83%
 309  A_Victoria_210_2009_2009-06-02            0.12%    passed     98.15%
 310  A_Victoria_248_2007_2007-07-30           42.05%    passed     24.81%
 311  A_Victoria_303_2006_2006-06-06           40.46%    passed     38.05%
 312  A_Victoria_500_2008_2008-07-05            0.00%    passed     98.79%
 313  A_Victoria_500_2009_2009-01-12            0.00%    passed     99.65%
 314  A_Victoria_502_2009_2009-01-25            0.00%    passed     99.22%
 315  A_Victoria_503_2006_2006-06-13           40.11%    passed     43.54%
 316  A_Victoria_519_2006_2006-07-01           40.05%    passed     43.21%
 317  A_Victoria_520_2006_2006-07-06           40.28%    passed     40.42%
 318  A_Victoria_563_2010_2010-08-30            0.00%    passed     99.38%
 319  A_WESTERN-SEPIK_12_2009_2009-08-28        0.12%    passed     98.48%
 320  A_WESTERN-SEPIK_20_2009_2009-09-07        0.00%    passed     98.22%
 321  A_Waikato_105_2001_2001-09-13             0.00%    passed     97.83%
 322  A_Waikato_115_2003_2003-07-06             0.00%    passed     99.74%
 323  A_Waikato_122_2003_2003-06-25             0.00%    passed     99.90%
 324  A_Waikato_129_2003_2003-07-11             0.00%    passed     99.74%
 325  A_Waikato_139_2003_2003-07-24             0.00%    passed     99.86%
 326  A_Waikato_150_2003_2003-08-07             0.00%    passed     99.88%
 327  A_Waikato_16_2004_2004-09-09              0.00%    passed     99.28%
 328  A_Waikato_16_2005_2005-08-09              0.00%    passed     99.20%
 329  A_Waikato_16_2008_2008-06-11              0.06%    passed     99.42%
 330  A_Waikato_17_2000_2000-09-22              0.00%    passed     95.05%
 331  A_Waikato_17_2008_2008-06-18              0.06%    passed     98.13%
 332  A_Waikato_18_2005_2005-08-09              0.00%    passed     99.20%
 333  A_Waikato_2_2002_2002-01-31               0.00%    passed     92.06%
 334  A_Waikato_21_2004_2004-09-05              0.00%    passed     99.72%
 335  A_Waikato_22_2004_2004-09-07              0.00%    passed     99.65%
 336  A_Waikato_23_2002_2002-07-03              0.00%    passed     91.60%
 337  A_Waikato_26_2004_2004-09-16              0.00%    passed     98.71%
 338  A_Waikato_3_2003_2003-06-11               0.00%    passed     99.74%
 339  A_Waikato_3_2004_2004-09-03               0.00%    passed     98.71%
 340  A_Waikato_31_2002_2002-07-26              0.00%    passed     94.17%
 341  A_Waikato_35_2004_2004-09-20              0.00%    passed     97.87%
 342  A_Waikato_36_2002_2002-07-23              0.00%    passed     94.00%
 343  A_Waikato_40_2004_2004-09-21              0.00%    passed     98.71%
 344  A_Waikato_43_2004_2004-09-21              0.00%    passed     98.71%
 345  A_Waikato_45_2004_2004-09-23              0.00%    passed     98.94%
 346  A_Waikato_46_2003_2003-06-24              0.00%    passed     99.40%
 347  A_Waikato_5_2000_2000-08-30               0.00%    passed     91.68%
 348  A_Waikato_5_2001_2001-05-15               0.00%    passed     99.48%
 349  A_Waikato_51_2002_2002-08-12              0.00%    passed     94.19%
 350  A_Waikato_52_2002_2002-08-12              0.00%    passed     90.58%
 351  A_Waikato_58_2006_2006-06-26             41.05%    passed     34.33%
 352  A_Waikato_61_2003_2003-06-30              0.06%    passed     99.50%
 353  A_Waikato_69_2004_2004-10-08              0.00%    passed     99.38%
 354  A_Waikato_7_2005_2005-08-10               0.00%    passed     98.00%
 355  A_Waikato_70_2004_2004-10-07              0.00%    passed     98.83%
 356  A_Waikato_71_2004_2004-10-14              0.00%    passed     97.87%
 357  A_Waikato_72_2004_2004-10-19              0.00%    passed     99.65%
 358  A_Waikato_73_2004_2004-10-15              0.00%    passed     98.46%
 359  A_Waikato_8_2000_2000-09-18               0.00%    passed     99.51%
 360  A_Waikato_8_2005_2005-08-09               0.00%    passed     98.00%
 361  A_Waikato_9_2005_2005-08-15               0.00%    passed     99.18%
 362  A_Waikato_91_2003_2003-06-28              0.06%    passed     99.70%
 363  A_Wellington_01_2004_2004-01-26           0.00%    passed     99.38%
 364  A_Wellington_06_2008_2008-06-03           0.06%    passed     99.42%
 365  A_Wellington_13_2008_2008-06-24           0.00%    passed     99.15%
 366  A_Wellington_14_2004_2004-08-31           0.00%    passed     99.47%
 367  A_Wellington_2_2005_2005-07-11            0.00%    passed     99.04%
 368  A_Wellington_2_2008_2008-05-28            0.00%    passed     99.15%
 369  A_Wellington_23_2004_2004-08-23           0.00%    passed     98.71%
 370  A_Wellington_27_2004_2004-09-11           0.00%    passed     99.43%
 371  A_Wellington_28_2003_2003-06-24           0.00%    passed     99.72%
 372  A_Wellington_31_2008_2008-07-09           0.00%    passed     99.49%
 373  A_Wellington_33_2006_2006-07-04          41.11%    passed     39.64%
 374  A_Wellington_34_2001_2001-08-28           0.00%    passed     95.80%
 375  A_Wellington_35_2004_2004-09-21           0.00%    passed     98.71%
 376  A_Wellington_38_2002_2002-06-17           0.00%    passed     90.01%
 377  A_Wellington_38_2006_2006-07-04          38.63%    passed     69.79%
 378  A_Wellington_4_2005_2005-07-12            0.00%    passed     99.50%
 379  A_Wellington_40_2008_2008-07-03           0.00%    passed     99.37%
 380  A_Wellington_49_2003_2003-07-08           0.00%    passed     99.85%
 381  A_Wellington_53_2003_2003-07-16           0.00%    passed     99.70%
 382  A_Wellington_55_2004_2004-09-27           0.00%    passed     97.87%
 383  A_Wellington_58_2004_2004-09-27           0.00%    passed     99.28%
 384  A_Wellington_6_2002_2002-02-10            0.00%    passed     91.60%
 385  A_Wellington_6_2004_2004-08-18            0.00%    passed     99.31%
 386  A_Wellington_62_2004_2004-10-05           0.00%    passed     98.83%
 387  A_Wellington_7_2005_2005-08-23            0.00%    passed     99.62%
 388  A_Wellington_79_2002_2002-08-20           0.00%    passed     96.18%
 389  A_Wellington_8_2005_2005-08-23            0.00%    passed     99.24%
 390  A_Wellington_86_2002_2002-09-13           0.00%    passed     95.96%
 391  A_Wellington_9_2003_2003-05-30            0.00%    passed     99.85%
 392  A_West_Coast_32_2001_2001-07-03           0.00%    passed     90.43%
 393  A_Western_Australia_10_2000_2000-10-19    0.00%    passed     95.92%
 394  A_Western_Australia_12_2000_2000-10-11    0.00%    passed     92.93%
 395  A_Western_Australia_13_2001_2001-07-11    0.00%    passed     99.75%
 396  A_Western_Australia_14_2001_2001-09-26    0.00%    passed     97.10%
 397  A_Western_Australia_15_2001_2001-09-25    0.00%    passed     95.02%
 398  A_Western_Australia_17_2001_2001-10-02    0.00%    passed     95.02%
 399  A_Western_Australia_2_2000_2000-09-20     0.00%    passed     90.12%
 400  A_Western_Australia_23_2002_2002-06-25    0.00%    passed     90.58%
 401  A_Western_Australia_25_2002_2002-07-10    0.00%    passed     95.81%
 402  A_Western_Australia_26_2002_2002-07-08    0.00%    passed     92.22%
 403  A_Western_Australia_29_2002_2002-08-21    0.00%    passed     96.46%
 404  A_Western_Australia_30_2002_2002-08-19    0.00%    passed     96.85%
 405  A_Western_Australia_31_2002_2002-08-26    0.00%    passed     92.22%
 406  A_Western_Australia_34_2002_2002-08-28    0.00%    passed     95.25%
 407  A_Western_Australia_35_2002_2002-09-29    0.00%    passed     97.12%
 408  A_Western_Australia_38_2003_2003-09-08    0.00%    passed     98.69%
 409  A_Western_Australia_39_2003_2003-09-24    0.00%    passed     98.90%
 410  A_Western_Australia_40_2003_2003-09-17    0.00%    passed     99.74%
 411  A_Western_Australia_41_2003_2003-09-23    0.00%    passed     98.69%
 412  A_Western_Australia_42_2003_2003-09-17    0.00%    passed     98.69%
 413  A_Western_Australia_43_2003_2003-09-12    0.00%    passed     99.64%
 414  A_Western_Australia_45_2003_2003-09-09    0.00%    passed     98.90%
 415  A_Western_Australia_46_2003_2003-09-10    0.00%    passed     99.38%
 416  A_Western_Australia_47_2003_2003-10-03    0.00%    passed     98.31%
 417  A_Western_Australia_48_2003_2003-10-06    0.00%    passed     98.08%
 418  A_Western_Australia_49_2003_2003-09-15    0.00%    passed     99.38%
 419  A_Western_Australia_55_2004_2004-09-14    0.00%    passed     99.93%
 420  A_Western_Australia_56_2004_2004-10-04    0.00%    passed     99.38%
 421  A_Western_Australia_57_2004_2004-10-07    0.00%    passed     98.22%
 422  A_Western_Australia_58_2004_2004-10-01    0.00%    passed     99.93%
 423  A_Western_Australia_6_2000_2000-10-04     0.00%    passed     92.21%
 424  A_Western_Australia_62_2004_2004-10-19    0.00%    passed     96.89%
 425  A_Western_Australia_64_2004_2004-10-28    0.00%    passed     96.89%
 426  A_Western_Australia_65_2005_2005-01-04    0.00%    passed     99.71%
 427  A_Western_Australia_67_2005_2005-07-09    0.00%    passed     98.31%
 428  A_Western_Australia_68_2005_2005-07-04    0.00%    passed     99.18%
 429  A_Western_Australia_69_2005_2005-07-05    0.00%    passed     98.71%
 430  A_Western_Australia_71_2005_2005-10-20    0.00%    passed     96.94%
 431  A_Western_Australia_74_2005_2005-07-29    0.00%    passed     99.24%
 432  A_Western_Australia_75_2005_2005-07-27    0.00%    passed     99.24%
 433  A_Western_Australia_76_2005_2005-08-01    0.00%    passed     96.94%
 434  A_Western_Australia_9_2000_2000-10-08     0.00%    passed     94.50%
 435  AUCKLAND_23_2006_2006-06-27              41.87%    passed     22.21%
 436  AUCKLAND_47_2006_2006-07-09              41.87%    passed     27.46%
 437  AUCKLAND_78_2006_2006-07-15              41.87%    passed     27.46%
 438  BRISBANE_1_2006_2006-01-24               41.87%    passed     39.91%
 439  BRISBANE_150_2006_2006-08-28             41.87%    passed     30.31%
 440  BRISBANE_203_2006_2006-09-04             41.87%    passed     17.41%
 441  BRISBANE_234_2005_2005-09-06             41.87%    passed     39.53%
 442  BRISBANE_256_2006_2006-09-19             41.87%    passed     29.82%
 443  BRISBANE_3_2006_2006-03-02               41.87%    passed     27.89%
 444  BRISBANE_34_2006_2006-07-18              41.87%    passed     23.48%
 445  BRISBANE_35_2006_2006-07-15              41.87%    passed     27.46%
 446  BRISBANE_49_2006_2006-08-01              41.87%    passed     24.66%
 447  BRISBANE_69_2006_2006-08-10              41.87%    passed     32.43%
 448  CHRISTCHURCH_20_2006_2006-07-07          41.87%    passed     24.75%
 449  CHRISTCHURCH_64_2005_2005-06-18          41.87%    passed     29.35%
 450  DARWIN_1_2006_2006-09-12                 41.87%    passed     28.23%
 451  NEWCALEDONIA_1_2006_2006-01-06           41.87%    passed     29.35%
 452  NEWCALEDONIA_10_2006_2006-10-30          41.87%    passed     20.08%
 453  OTAGO_1_2006_2006-04-06                  41.87%    passed     22.21%
 454  SOUTHAUSTRALIA_3_2006_2006-07-03         41.87%    passed     25.84%
 455  SOUTHAUSTRALIA_9_2005_2005-06-19         41.87%    passed     29.35%
 456  SYDNEY_2_2005_2005-04-04                 41.87%    passed     33.00%
 457  VICTORIA_170_2006_2006-08-03             41.87%    passed     24.96%
 458  VICTORIA_503_2005_2005-05-29             41.87%    passed     39.91%
 459  WAIKATO_49_2006_2006-06-14               41.87%    passed     27.46%
 460  WELLINGTON_43_2006_2006-07-06            41.87%    passed     31.51%
 461  WELLINGTON_5_2006_2006-06-06             41.87%    passed     24.66%
****  TOTAL                                     7.76%  0 sequences failed composition chi2 test (p-value<5%; df=3)

Reading partition pos12 (model=HKY+G+F, aln=, seq=DNA, pos=1-1698\1,1-1698\2) ...
461 sequences and 2547 sites extracted

Reading partition pos3 (model=HKY+G+F, aln=, seq=DNA, pos=1-1698\3) ...
461 sequences and 566 sites extracted
Degree of missing data: 0.000

NOTE: 69 identical sequences (see below) will be ignored for subsequent analysis
NOTE: A_Tasmania_1_2008_2008-06-19 (identical to A_Auckland_10_2008_2008-05-29) is ignored but added at the end
NOTE: A_Tasmania_4_2008_2008-06-18 (identical to A_Auckland_10_2008_2008-05-29) is ignored but added at the end
NOTE: A_Wellington_40_2008_2008-07-03 (identical to A_Auckland_10_2008_2008-05-29) is ignored but added at the end
NOTE: A_Darwin_1_2008_2008-08-12 (identical to A_Auckland_17_2008_2008-06-09) is ignored but added at the end
NOTE: A_Canterbury_90_2000_2000-10-07 (identical to A_Auckland_588_2000_2000-09-25) is ignored but added at the end
NOTE: A_Queensland_11_2001_2001-08-11 (identical to A_Auckland_603_2001_2001-10-02) is ignored but added at the end
NOTE: A_Queensland_14_2001_2001-09-03 (identical to A_Auckland_603_2001_2001-10-02) is ignored but added at the end
NOTE: A_Queensland_16_2001_2001-08-17 (identical to A_Auckland_603_2001_2001-10-02) is ignored but added at the end
NOTE: A_Queensland_18_2001_2001-08-24 (identical to A_Auckland_603_2001_2001-10-02) is ignored but added at the end
NOTE: A_Queensland_20_2001_2001-08-05 (identical to A_Auckland_603_2001_2001-10-02) is ignored but added at the end
NOTE: A_Auckland_617_2005_2005-09-28 (identical to A_Auckland_616_2005_2005-09-29) is ignored but added at the end
NOTE: A_Australia_NHRC0004_2003_2003-07-02 (identical to A_Australia_NHRC0003_2003_2003-07-01) is ignored but added at the end
NOTE: A_Australia_NHRC0006_2003_2003-07-07 (identical to A_Australia_NHRC0003_2003_2003-07-01) is ignored but added at the end
NOTE: A_Canterbury_397_2003_2003-08-18 (identical to A_Australia_NHRC0003_2003_2003-07-01) is ignored but added at the end
NOTE: A_Canterbury_400_2003_2003-07-05 (identical to A_Australia_NHRC0003_2003_2003-07-01) is ignored but added at the end
NOTE: A_Canterbury_401_2003_2003-07-05 (identical to A_Australia_NHRC0003_2003_2003-07-01) is ignored but added at the end
NOTE: A_Wellington_53_2003_2003-07-16 (identical to A_Australia_NHRC0003_2003_2003-07-01) is ignored but added at the end
NOTE: A_Australia_NHRC0007_2005_2005-06-13 (identical to A_Australia_NHRC0006_2005_2005-06-13) is ignored but added at the end
NOTE: A_Brisbane_210_2010_2010-08-19 (identical to A_BRISBANE_219_2010_2010-08-30) is ignored but added at the end
NOTE: A_BRISBANE_262_2010_2010-09-23 (identical to A_BRISBANE_252_2010_2010-09-20) is ignored but added at the end
NOTE: A_Brisbane_220_2010_2010-09-09 (identical to A_BRISBANE_252_2010_2010-09-20) is ignored but added at the end
NOTE: A_TOWNSVILLE_102_2010_2010-12-07 (identical to A_BRISBANE_252_2010_2010-09-20) is ignored but added at the end
NOTE: A_TOWNSVILLE_93_2010_2010-12-05 (identical to A_BRISBANE_252_2010_2010-09-20) is ignored but added at the end
NOTE: A_Canterbury_13_2002_2002-04-19 (identical to A_Canterbury_06_2002_2002-04-19) is ignored but added at the end
NOTE: A_Western_Australia_2_2000_2000-09-20 (identical to A_Canterbury_101_2000_2000-10-31) is ignored but added at the end
NOTE: A_Canterbury_11_2004_2004-08-04 (identical to A_Canterbury_103_2004_2004-09-09) is ignored but added at the end
NOTE: A_Canterbury_24_2004_2004-08-11 (identical to A_Canterbury_103_2004_2004-09-09) is ignored but added at the end
NOTE: A_Canterbury_105_2005_2005-06-27 (identical to A_Canterbury_104_2005_2005-06-27) is ignored but added at the end
NOTE: A_Canterbury_149_2001_2001-08-13 (identical to A_Canterbury_140_2001_2001-08-10) is ignored but added at the end
NOTE: A_Waikato_26_2004_2004-09-16 (identical to A_Canterbury_207_2004_2004-09-21) is ignored but added at the end
NOTE: A_Waikato_3_2004_2004-09-03 (identical to A_Canterbury_207_2004_2004-09-21) is ignored but added at the end
NOTE: A_Waikato_40_2004_2004-09-21 (identical to A_Canterbury_207_2004_2004-09-21) is ignored but added at the end
NOTE: A_Waikato_43_2004_2004-09-21 (identical to A_Canterbury_207_2004_2004-09-21) is ignored but added at the end
NOTE: A_Wellington_35_2004_2004-09-21 (identical to A_Canterbury_207_2004_2004-09-21) is ignored but added at the end
NOTE: A_Southland_5_2005_2005-08-08 (identical to A_Canterbury_248_2005_2005-08-03) is ignored but added at the end
NOTE: A_Wellington_7_2005_2005-08-23 (identical to A_Canterbury_248_2005_2005-08-03) is ignored but added at the end
NOTE: A_Canterbury_260_2005_2005-09-02 (identical to A_Canterbury_253_2005_2005-08-22) is ignored but added at the end
NOTE: A_Canterbury_315_2004_2004-09-28 (identical to A_Canterbury_308_2004_2004-10-06) is ignored but added at the end
NOTE: A_Wellington_27_2004_2004-09-11 (identical to A_Canterbury_313_2004_2004-10-12) is ignored but added at the end
NOTE: A_Canterbury_432_2003_2003-07-18 (identical to A_Canterbury_390_2003_2003-07-08) is ignored but added at the end
NOTE: A_Waikato_122_2003_2003-06-25 (identical to A_Canterbury_444_2003_2003-08-17) is ignored but added at the end
NOTE: A_Canterbury_64_2002_2002-07-02 (identical to A_Canterbury_56_2002_2002-06-25) is ignored but added at the end
NOTE: A_Hutt_82_2000_2000-09-21 (identical to A_Canterbury_58_2000_2000-09-05) is ignored but added at the end
NOTE: A_Canterbury_87_2000_2000-08-31 (identical to A_Canterbury_68_2000_2000-09-08) is ignored but added at the end
NOTE: A_Queensland_9_2000_2000-08-28 (identical to A_Canterbury_68_2000_2000-09-08) is ignored but added at the end
NOTE: A_Western_Australia_6_2000_2000-10-04 (identical to A_Canterbury_68_2000_2000-09-08) is ignored but added at the end
NOTE: A_Canterbury_97_2000_2000-10-25 (identical to A_Canterbury_96_2000_2000-10-25) is ignored but added at the end
NOTE: A_Waikato_73_2004_2004-10-15 (identical to A_Christchurch_184_2004_2004-09-22) is ignored but added at the end
NOTE: A_Wellington_86_2002_2002-09-13 (identical to A_Queensland_22_2002_2002-07-15) is ignored but added at the end
NOTE: A_Sydney_18_2008_2008-07-21 (identical to A_Sydney_17_2008_2008-07-21) is ignored but added at the end
NOTE: A_TOWNSVILLE_106_2010_2010-12-07 (identical to A_TOWNSVILLE_100_2010_2010-12-06) is ignored but added at the end
NOTE: A_TOWNSVILLE_117_2010_2010-12-16 (identical to A_TOWNSVILLE_100_2010_2010-12-06) is ignored but added at the end
NOTE: A_TOWNSVILLE_86_2010_2010-11-23 (identical to A_TOWNSVILLE_100_2010_2010-12-06) is ignored but added at the end
NOTE: A_TOWNSVILLE_97_2010_2010-12-06 (identical to A_TOWNSVILLE_92_2010_2010-12-09) is ignored but added at the end
NOTE: A_VICTORIA_208_2009_2009-06-02 (identical to A_VICTORIA_206_2009_2009-06-02) is ignored but added at the end
NOTE: A_Waikato_3_2003_2003-06-11 (identical to A_Waikato_129_2003_2003-07-11) is ignored but added at the end
NOTE: A_Waikato_18_2005_2005-08-09 (identical to A_Waikato_16_2005_2005-08-09) is ignored but added at the end
NOTE: A_Wellington_06_2008_2008-06-03 (identical to A_Waikato_16_2008_2008-06-11) is ignored but added at the end
NOTE: A_Waikato_71_2004_2004-10-14 (identical to A_Waikato_35_2004_2004-09-20) is ignored but added at the end
NOTE: A_Waikato_8_2005_2005-08-09 (identical to A_Waikato_7_2005_2005-08-10) is ignored but added at the end
NOTE: A_Wellington_9_2003_2003-05-30 (identical to A_Wellington_49_2003_2003-07-08) is ignored but added at the end
NOTE: A_Western_Australia_17_2001_2001-10-02 (identical to A_Western_Australia_15_2001_2001-09-25) is ignored but added at the end
NOTE: A_Western_Australia_31_2002_2002-08-26 (identical to A_Western_Australia_26_2002_2002-07-08) is ignored but added at the end
NOTE: A_Western_Australia_41_2003_2003-09-23 (identical to A_Western_Australia_38_2003_2003-09-08) is ignored but added at the end
NOTE: A_Western_Australia_42_2003_2003-09-17 (identical to A_Western_Australia_38_2003_2003-09-08) is ignored but added at the end
NOTE: AUCKLAND_78_2006_2006-07-15 (identical to AUCKLAND_47_2006_2006-07-09) is ignored but added at the end
NOTE: BRISBANE_35_2006_2006-07-15 (identical to AUCKLAND_47_2006_2006-07-09) is ignored but added at the end
NOTE: WAIKATO_49_2006_2006-06-14 (identical to AUCKLAND_47_2006_2006-07-09) is ignored but added at the end
NOTE: SOUTHAUSTRALIA_9_2005_2005-06-19 (identical to CHRISTCHURCH_64_2005_2005-06-18) is ignored but added at the end

Create initial parsimony tree by phylogenetic likelihood library (PLL)... 0.089 seconds

NOTE: 41 MB RAM is required!
Estimate model parameters (epsilon = 0.100)
Initial log-likelihood: -18593.880
Current log-likelihood at step 1: -18505.765
Current log-likelihood at step 2: -18505.054
Current log-likelihood at step 3: -18505.019
Partition-specific rates:  1.058 0.738
Parameters optimization took 2 rounds (1.242 sec)

--------------------------------------------------------------------
|             INITIALIZING CANDIDATE TREE SET                      |
--------------------------------------------------------------------
Computing ML distances based on estimated model parameters... 1.953 sec
Computing BIONJ tree...
0.187 seconds
Log-likelihood of BIONJ tree: -18805.953
Generating 98 parsimony trees... 11.162 seconds 100 distinct starting trees
Computing log-likelihood of 100 initial trees ... 21.976 seconds
Optimizing top 20 initial trees with NNI...
Iteration 1 / LogL: -18478.332 / Time: 0h:0m:37s
Estimate model parameters (epsilon = 0.100)
Initial log-likelihood: -18478.328
Current log-likelihood at step 1: -18478.285
Parameters optimization took 0 rounds (0.295 sec)

BETTER TREE FOUND at iteration 1: -18478.285
Iteration 2 / LogL: -18476.719 / Time: 0h:0m:38s
Estimate model parameters (epsilon = 0.100)
Initial log-likelihood: -18476.719
Current log-likelihood at step 1: -18476.713
Parameters optimization took 0 rounds (0.284 sec)

BETTER TREE FOUND at iteration 2: -18476.713
Iteration 3 / LogL: -18481.187 / Time: 0h:0m:39s
Iteration 4 / LogL: -18484.730 / Time: 0h:0m:40s
Iteration 5 / LogL: -18479.419 / Time: 0h:0m:41s
Iteration 6 / LogL: -18485.729 / Time: 0h:0m:42s
Iteration 7 / LogL: -18479.412 / Time: 0h:0m:43s
Iteration 8 / LogL: -18482.997 / Time: 0h:0m:43s
Iteration 9 / LogL: -18484.000 / Time: 0h:0m:44s
Iteration 10 / LogL: -18479.582 / Time: 0h:0m:45s
Iteration 11 / LogL: -18481.659 / Time: 0h:0m:46s
Iteration 12 / LogL: -18480.155 / Time: 0h:0m:47s
Iteration 13 / LogL: -18485.126 / Time: 0h:0m:48s
Iteration 14 / LogL: -18480.106 / Time: 0h:0m:49s
Iteration 15 / LogL: -18481.271 / Time: 0h:0m:50s
Iteration 16 / LogL: -18482.768 / Time: 0h:0m:51s
Iteration 17 / LogL: -18481.955 / Time: 0h:0m:51s
Iteration 18 / LogL: -18476.619 / Time: 0h:0m:52s
Estimate model parameters (epsilon = 0.100)
Initial log-likelihood: -18476.619
Current log-likelihood at step 1: -18476.613
Parameters optimization took 0 rounds (0.284 sec)

BETTER TREE FOUND at iteration 18: -18476.613
Iteration 19 / LogL: -18489.435 / Time: 0h:0m:54s
Iteration 20 / LogL: -18489.532 / Time: 0h:0m:54s
Average CPU time for 1 NNI search: 1.763
Finish initializing candidate tree set. Number of distinct locally optimal trees: 20
Current best tree score: -18476.613 / CPU time: 89.588
--------------------------------------------------------------------
|               OPTIMIZING CANDIDATE TREE SET                      |
--------------------------------------------------------------------
Iteration 30 / LogL: -18515.864 / Time: 0h:1m:11s (0h:2m:55s left)
Estimate model parameters (epsilon = 0.010)
Initial log-likelihood: -18475.960
Current log-likelihood at step 1: -18475.955
Parameters optimization took 0 rounds (0.294 sec)

BETTER TREE FOUND at iteration 37: -18475.955
Iteration 40 / LogL: -18482.272 / Time: 0h:1m:30s (0h:3m:43s left)
Iteration 50 / LogL: -18533.978 / Time: 0h:1m:46s (0h:3m:9s left)
Iteration 60 / LogL: -18499.479 / Time: 0h:2m:2s (0h:2m:39s left)
Iteration 70 / LogL: -18537.015 / Time: 0h:2m:19s (0h:2m:15s left)
Iteration 80 / LogL: -18546.173 / Time: 0h:2m:36s (0h:1m:52s left)
Iteration 90 / LogL: -18578.985 / Time: 0h:2m:52s (0h:1m:31s left)
Iteration 100 / LogL: -18520.347 / Time: 0h:3m:9s (0h:1m:10s left)
Iteration 110 / LogL: -18512.924 / Time: 0h:3m:26s (0h:0m:50s left)
Iteration 120 / LogL: -18512.021 / Time: 0h:3m:44s (0h:0m:31s left)
Estimate model parameters (epsilon = 0.010)
Initial log-likelihood: -18472.106
Current log-likelihood at step 1: -18472.097
Parameters optimization took 0 rounds (0.280 sec)

BETTER TREE FOUND at iteration 125: -18472.097
Iteration 130 / LogL: -18644.024 / Time: 0h:4m:0s (0h:2m:57s left)
Iteration 140 / LogL: -18547.916 / Time: 0h:4m:17s (0h:2m:37s left)
Iteration 150 / LogL: -18506.154 / Time: 0h:4m:35s (0h:2m:18s left)
Iteration 160 / LogL: -18482.682 / Time: 0h:4m:52s (0h:1m:59s left)
Iteration 170 / LogL: -18495.542 / Time: 0h:5m:10s (0h:1m:40s left)
Iteration 180 / LogL: -18476.620 / Time: 0h:5m:27s (0h:1m:22s left)
Iteration 190 / LogL: -18600.718 / Time: 0h:5m:43s (0h:1m:3s left)
Iteration 200 / LogL: -18516.872 / Time: 0h:5m:59s (0h:0m:45s left)
Iteration 210 / LogL: -18497.870 / Time: 0h:6m:16s (0h:0m:27s left)
Iteration 220 / LogL: -18629.972 / Time: 0h:6m:33s (0h:0m:8s left)
Estimate model parameters (epsilon = 0.010)
Initial log-likelihood: -18470.057
Current log-likelihood at step 1: -18470.050
Parameters optimization took 0 rounds (0.280 sec)

BETTER TREE FOUND at iteration 222: -18470.050
Iteration 230 / LogL: -18544.397 / Time: 0h:6m:50s (0h:2m:44s left)
Iteration 240 / LogL: -18478.040 / Time: 0h:7m:6s (0h:2m:26s left)
Iteration 250 / LogL: -18517.527 / Time: 0h:7m:23s (0h:2m:8s left)
Iteration 260 / LogL: -18484.747 / Time: 0h:7m:41s (0h:1m:50s left)
Iteration 270 / LogL: -18590.547 / Time: 0h:7m:58s (0h:1m:32s left)
Iteration 280 / LogL: -18472.101 / Time: 0h:8m:14s (0h:1m:14s left)
Iteration 290 / LogL: -18517.845 / Time: 0h:8m:32s (0h:0m:56s left)
Iteration 300 / LogL: -18518.634 / Time: 0h:8m:48s (0h:0m:38s left)
Iteration 310 / LogL: -18473.665 / Time: 0h:9m:5s (0h:0m:21s left)
Iteration 320 / LogL: -18521.941 / Time: 0h:9m:21s (0h:0m:3s left)
TREE SEARCH COMPLETED AFTER 322 ITERATIONS / Time: 0h:9m:24s

--------------------------------------------------------------------
|                    FINALIZING TREE SEARCH                        |
--------------------------------------------------------------------
Performs final model parameters optimization
Estimate model parameters (epsilon = 0.010)
Initial log-likelihood: -18470.038
Current log-likelihood at step 1: -18470.035
Partition-specific rates:  1.058 0.738
Parameters optimization took 0 rounds (0.273 sec)

BEST SCORE FOUND : -18470.035
Total tree length: 0.683

Total number of iterations: 322
CPU time used for tree search: 1087.521 sec (0h:18m:7s)
Wall-clock time used for tree search: 561.073 sec (0h:9m:21s)
Total CPU time used: 1094.919 sec (0h:18m:14s)
Total wall-clock time used: 565.085 sec (0h:9m:25s)

Analysis results written to: 
  IQ-TREE report:                Oceania.iqtree
  Maximum-likelihood tree:       Oceania.treefile
  Likelihood distances:          Oceania.mldist
  Screen log file:               Oceania.log

Date and Time: Wed Mar 30 16:51:34 2016
