IQ-TREE multicore version 1.4.0 for Mac OS X 64-bit built Mar  4 2016
Copyright (c) 2011-2015 Nguyen Lam Tung, Olga Chernomor, Arndt von Haeseler and Bui Quang Minh.

Host:    vetmac06.vet.cam.ac.uk (AVX, 64 GB RAM)
Command: iqtree-omp -s SouthChina.fas -pre SouthChina -spp srd06.nex -nt 2
Seed:    305378 (Using SPRNG - Scalable Parallel Random Number Generator)
Time:    Wed Mar 30 22:04:10 2016
Kernel:  AVX - 2 threads (16 CPU cores detected)

Reading partition model file srd06.nex ...
Reading alignment file SouthChina.fas ... Fasta format detected
Alignment most likely contains DNA/RNA sequences
Alignment has 528 sequences with 1698 columns and 812 patterns (424 informative sites)
WARNING: Some sequence names are changed as follows:
A/FUJIAN/354/2002_2002-07-23 -> A_FUJIAN_354_2002_2002-07-23
A/Fujian-Siming/1242/2008_2008-11-26 -> A_Fujian-Siming_1242_2008_2008-11-26
A/Fujian-Tongan/142/2009_2009-03-03 -> A_Fujian-Tongan_142_2009_2009-03-03
A/Fujian/166/2002_2002-05-14 -> A_Fujian_166_2002_2002-05-14
A/Fujian/353/2002_2002-07-21 -> A_Fujian_353_2002_2002-07-21
A/Fujian/514/2003_2003-08-16 -> A_Fujian_514_2003_2003-08-16
A/Fujian/703/2003_2003-09-28 -> A_Fujian_703_2003_2003-09-28
A/Fujian/Gulou1713/2007_2007-07-26 -> A_Fujian_Gulou1713_2007_2007-07-26
A/Fujian_Gulou/11026/2008_2008-10-09 -> A_Fujian_Gulou_11026_2008_2008-10-09
A/Fujian_Tongan/1460/2008_2008-11-25 -> A_Fujian_Tongan_1460_2008_2008-11-25
A/GUANGDONG/233/2000_2000-06-05 -> A_GUANGDONG_233_2000_2000-06-05
A/GUANGZHOU/100/2000_2000-02-14 -> A_GUANGZHOU_100_2000_2000-02-14
A/GUANGZHOU/1191/2001_2001-09-20 -> A_GUANGZHOU_1191_2001_2001-09-20
A/GUANGZHOU/253/2000_2000-03-23 -> A_GUANGZHOU_253_2000_2000-03-23
A/GUANGZHOU/405/2002_2002-05-21 -> A_GUANGZHOU_405_2002_2002-05-21
A/GUANGZHOU/438/2000_2000-05-16 -> A_GUANGZHOU_438_2000_2000-05-16
A/GUANGZHOU/443/2000_2000-05-19 -> A_GUANGZHOU_443_2000_2000-05-19
A/GUANGZHOU/535/2000_2000-06-08 -> A_GUANGZHOU_535_2000_2000-06-08
A/GUANGZHOU/536/2000_2000-06-08 -> A_GUANGZHOU_536_2000_2000-06-08
A/GUANGZHOU/603/2002_2002-06-15 -> A_GUANGZHOU_603_2002_2002-06-15
A/GUANGZHOU/81/2000_2000-03-09 -> A_GUANGZHOU_81_2000_2000-03-09
A/Guangdong-Futian/1253/2009_2009-07-15 -> A_Guangdong-Futian_1253_2009_2009-07-15
A/Guangdong-Luohu/1257/2009_2009-06-01 -> A_Guangdong-Luohu_1257_2009_2009-06-01
A/Guangdong/04/2007_2007-03-08 -> A_Guangdong_04_2007_2007-03-08
A/Guangdong/1105/2009_2009-09-04 -> A_Guangdong_1105_2009_2009-09-04
A/Guangdong/132/2003_2003-04-20 -> A_Guangdong_132_2003_2003-04-20
A/Guangdong/15/2007_2007-04-07 -> A_Guangdong_15_2007_2007-04-07
A/Guangdong/17/2007_2007-04-10 -> A_Guangdong_17_2007_2007-04-10
A/Guangdong/30/2007_2007-04-12 -> A_Guangdong_30_2007_2007-04-12
A/Guangdong/313/2002_2002-07-20 -> A_Guangdong_313_2002_2002-07-20
A/Guangdong/314/2002_2002-07-20 -> A_Guangdong_314_2002_2002-07-20
A/Guangdong/314/2008_2008-07-14 -> A_Guangdong_314_2008_2008-07-14
A/Guangdong/322/2010_2010-08-13 -> A_Guangdong_322_2010_2010-08-13
A/Guangdong/429/2010_2010-10-15 -> A_Guangdong_429_2010_2010-10-15
A/Guangdong/441/2010_2010-09-20 -> A_Guangdong_441_2010_2010-09-20
A/Guangdong/460/2010_2010-10-22 -> A_Guangdong_460_2010_2010-10-22
A/Guangdong/522/2009_2009-05-26 -> A_Guangdong_522_2009_2009-05-26
A/Guangdong/548/2008_2008-10-22 -> A_Guangdong_548_2008_2008-10-22
A/Guangdong/578/2008_2008-09-27 -> A_Guangdong_578_2008_2008-09-27
A/Guangdong/94/2011_2011-03-09 -> A_Guangdong_94_2011_2011-03-09
A/Guangxi/150/2003_2003-04-16 -> A_Guangxi_150_2003_2003-04-16
A/Guangzhou/1166/2001_2001-09-07 -> A_Guangzhou_1166_2001_2001-09-07
A/Guangzhou/1237/2001_2001-10-14 -> A_Guangzhou_1237_2001_2001-10-14
A/Guangzhou/1348/2001_2001-11-20 -> A_Guangzhou_1348_2001_2001-11-20
A/Guangzhou/394/2002_2002-05-14 -> A_Guangzhou_394_2002_2002-05-14
A/HONG-KONG/1251/2001_2001-08-25 -> A_HONG-KONG_1251_2001_2001-08-25
A/HONG-KONG/1269/2001_2001-08-29 -> A_HONG-KONG_1269_2001_2001-08-29
A/HONG-KONG/1399/2000_2000-06-10 -> A_HONG-KONG_1399_2000_2000-06-10
A/HONG-KONG/1418/2000_2000-06-19 -> A_HONG-KONG_1418_2000_2000-06-19
A/HONG-KONG/1550/2002_2002-01-19 -> A_HONG-KONG_1550_2002_2002-01-19
A/HONG-KONG/1573/2000_2000-07-27 -> A_HONG-KONG_1573_2000_2000-07-27
A/HONG-KONG/1585/2000_2000-07-19 -> A_HONG-KONG_1585_2000_2000-07-19
A/HONG-KONG/648/2001_2001-05-25 -> A_HONG-KONG_648_2001_2001-05-25
A/HONG-KONG/762/2001_2001-06-06 -> A_HONG-KONG_762_2001_2001-06-06
A/Hong-Kong/105/2008_2008-01-28 -> A_Hong-Kong_105_2008_2008-01-28
A/Hong-Kong/1143/2002_2002-06-06 -> A_Hong-Kong_1143_2002_2002-06-06
A/Hong-Kong/121715/2002_2002-03-06 -> A_Hong-Kong_121715_2002_2002-03-06
A/Hong-Kong/1510/2002_2002-07-26 -> A_Hong-Kong_1510_2002_2002-07-26
A/Hong-Kong/1554/2002_2002-08-02 -> A_Hong-Kong_1554_2002_2002-08-02
A/Hong-Kong/156/2008_2008-02-05 -> A_Hong-Kong_156_2008_2008-02-05
A/Hong-Kong/161/2008_2008-02-06 -> A_Hong-Kong_161_2008_2008-02-06
A/Hong-Kong/173/2008_2008-02-09 -> A_Hong-Kong_173_2008_2008-02-09
A/Hong-Kong/1736/2010_2010-03-23 -> A_Hong-Kong_1736_2010_2010-03-23
A/Hong-Kong/1737/2010_2010-03-24 -> A_Hong-Kong_1737_2010_2010-03-24
A/Hong-Kong/1775/2010_2010-03-28 -> A_Hong-Kong_1775_2010_2010-03-28
A/Hong-Kong/1837/2010_2010-03-30 -> A_Hong-Kong_1837_2010_2010-03-30
A/Hong-Kong/184/2008_2008-02-09 -> A_Hong-Kong_184_2008_2008-02-09
A/Hong-Kong/1868/2008_2008-07-26 -> A_Hong-Kong_1868_2008_2008-07-26
A/Hong-Kong/1952/2009_2009-03-24 -> A_Hong-Kong_1952_2009_2009-03-24
A/Hong-Kong/1999/2009_2009-04-07 -> A_Hong-Kong_1999_2009_2009-04-07
A/Hong-Kong/2000/2009_2009-04-07 -> A_Hong-Kong_2000_2009_2009-04-07
A/Hong-Kong/2007/2009_2009-04-06 -> A_Hong-Kong_2007_2009_2009-04-06
A/Hong-Kong/2008/2009_2009-04-05 -> A_Hong-Kong_2008_2009_2009-04-05
A/Hong-Kong/2097/2010_2010-06-25 -> A_Hong-Kong_2097_2010_2010-06-25
A/Hong-Kong/2121/2010_2010-07-05 -> A_Hong-Kong_2121_2010_2010-07-05
A/Hong-Kong/2146/2010_2010-07-06 -> A_Hong-Kong_2146_2010_2010-07-06
A/Hong-Kong/2152/2010_2010-07-10 -> A_Hong-Kong_2152_2010_2010-07-10
A/Hong-Kong/2183/2010_2010-07-09 -> A_Hong-Kong_2183_2010_2010-07-09
A/Hong-Kong/23/2008_2008-01-09 -> A_Hong-Kong_23_2008_2008-01-09
A/Hong-Kong/2571/2007_2007-05-28 -> A_Hong-Kong_2571_2007_2007-05-28
A/Hong-Kong/26233/2009_2009-09-17 -> A_Hong-Kong_26233_2009_2009-09-17
A/Hong-Kong/26237/2009_2009-09-17 -> A_Hong-Kong_26237_2009_2009-09-17
A/Hong-Kong/26554/2009_2009-09-15 -> A_Hong-Kong_26554_2009_2009-09-15
A/Hong-Kong/26560/2009_2009-09-18 -> A_Hong-Kong_26560_2009_2009-09-18
A/Hong-Kong/2657/2007_2007-06-08 -> A_Hong-Kong_2657_2007_2007-06-08
A/Hong-Kong/3049/2008_2008-09-16 -> A_Hong-Kong_3049_2008_2008-09-16
A/Hong-Kong/3071/2010_2010-08-17 -> A_Hong-Kong_3071_2010_2010-08-17
A/Hong-Kong/3134/2008_2008-10-08 -> A_Hong-Kong_3134_2008_2008-10-08
A/Hong-Kong/3170/2010_2010-08-20 -> A_Hong-Kong_3170_2010_2010-08-20
A/Hong-Kong/3171/2010_2010-08-20 -> A_Hong-Kong_3171_2010_2010-08-20
A/Hong-Kong/34114/2009_2009-11-07 -> A_Hong-Kong_34114_2009_2009-11-07
A/Hong-Kong/34194/2009_2009-11-10 -> A_Hong-Kong_34194_2009_2009-11-10
A/Hong-Kong/34341/2009_2009-11-14 -> A_Hong-Kong_34341_2009_2009-11-14
A/Hong-Kong/3570/2010_2010-08-26 -> A_Hong-Kong_3570_2010_2010-08-26
A/Hong-Kong/3577/2010_2010-08-25 -> A_Hong-Kong_3577_2010_2010-08-25
A/Hong-Kong/3579/2010_2010-08-25 -> A_Hong-Kong_3579_2010_2010-08-25
A/Hong-Kong/3615/2010_2010-08-26 -> A_Hong-Kong_3615_2010_2010-08-26
A/Hong-Kong/3616/2010_2010-08-27 -> A_Hong-Kong_3616_2010_2010-08-27
A/Hong-Kong/3685/2010_2010-08-22 -> A_Hong-Kong_3685_2010_2010-08-22
A/Hong-Kong/3716/2010_2010-08-25 -> A_Hong-Kong_3716_2010_2010-08-25
A/Hong-Kong/39/2008_2008-01-15 -> A_Hong-Kong_39_2008_2008-01-15
A/Hong-Kong/393/2008_2008-02-25 -> A_Hong-Kong_393_2008_2008-02-25
A/Hong-Kong/4495/2009_2009-07-10 -> A_Hong-Kong_4495_2009_2009-07-10
A/Hong-Kong/4547/2009_2009-07-10 -> A_Hong-Kong_4547_2009_2009-07-10
A/Hong-Kong/4758/2007_2007-11-26 -> A_Hong-Kong_4758_2007_2007-11-26
A/Hong-Kong/4768/2007_2007-12-24 -> A_Hong-Kong_4768_2007_2007-12-24
A/Hong-Kong/52/2008_2008-01-19 -> A_Hong-Kong_52_2008_2008-01-19
A/Hong-Kong/568/2002_2002-03-25 -> A_Hong-Kong_568_2002_2002-03-25
A/Hong-Kong/6881/2010_2010-11-21 -> A_Hong-Kong_6881_2010_2010-11-21
A/Hong-Kong/6882/2010_2010-11-23 -> A_Hong-Kong_6882_2010_2010-11-23
A/Hong-Kong/6894/2010_2010-11-26 -> A_Hong-Kong_6894_2010_2010-11-26
A/Hong-Kong/6925/2010_2010-11-30 -> A_Hong-Kong_6925_2010_2010-11-30
A/Hong-Kong/6927/2010_2010-12-01 -> A_Hong-Kong_6927_2010_2010-12-01
A/Hong-Kong/6934/2010_2010-12-05 -> A_Hong-Kong_6934_2010_2010-12-05
A/Hong-Kong/6940/2010_2010-12-04 -> A_Hong-Kong_6940_2010_2010-12-04
A/Hong-Kong/71/2008_2008-01-23 -> A_Hong-Kong_71_2008_2008-01-23
A/Hong-Kong/97/2008_2008-01-25 -> A_Hong-Kong_97_2008_2008-01-25
A/Hong-Kong2180//2010_2010-07-09 -> A_Hong-Kong2180__2010_2010-07-09
A/Hong_Kong/CUHK10297/2005_2005-04-06 -> A_Hong_Kong_CUHK10297_2005_2005-04-06
A/Hong_Kong/CUHK10591/2005_2005-04-10 -> A_Hong_Kong_CUHK10591_2005_2005-04-10
A/Hong_Kong/CUHK11949/2005_2005-04-28 -> A_Hong_Kong_CUHK11949_2005_2005-04-28
A/Hong_Kong/CUHK12320/2005_2005-05-04 -> A_Hong_Kong_CUHK12320_2005_2005-05-04
A/Hong_Kong/CUHK12420/2005_2005-05-04 -> A_Hong_Kong_CUHK12420_2005_2005-05-04
A/Hong_Kong/CUHK12425/2005_2005-05-05 -> A_Hong_Kong_CUHK12425_2005_2005-05-05
A/Hong_Kong/CUHK13033/2001_2001-03-05 -> A_Hong_Kong_CUHK13033_2001_2001-03-05
A/Hong_Kong/CUHK13048/2001_2001-03-06 -> A_Hong_Kong_CUHK13048_2001_2001-03-06
A/Hong_Kong/CUHK13126/2004_2004-02-02 -> A_Hong_Kong_CUHK13126_2004_2004-02-02
A/Hong_Kong/CUHK13172/2001_2001-03-07 -> A_Hong_Kong_CUHK13172_2001_2001-03-07
A/Hong_Kong/CUHK13216/2002_2002-03-01 -> A_Hong_Kong_CUHK13216_2002_2002-03-01
A/Hong_Kong/CUHK13249/2002_2002-03-03 -> A_Hong_Kong_CUHK13249_2002_2002-03-03
A/Hong_Kong/CUHK13278/2002_2002-03-04 -> A_Hong_Kong_CUHK13278_2002_2002-03-04
A/Hong_Kong/CUHK13299/2003_2003-03-01 -> A_Hong_Kong_CUHK13299_2003_2003-03-01
A/Hong_Kong/CUHK13339/2003_2003-03-03 -> A_Hong_Kong_CUHK13339_2003_2003-03-03
A/Hong_Kong/CUHK13434/2003_2003-03-03 -> A_Hong_Kong_CUHK13434_2003_2003-03-03
A/Hong_Kong/CUHK13483/2003_2003-03-04 -> A_Hong_Kong_CUHK13483_2003_2003-03-04
A/Hong_Kong/CUHK13510/2001_2001-03-16 -> A_Hong_Kong_CUHK13510_2001_2001-03-16
A/Hong_Kong/CUHK13527/2003_2003-03-05 -> A_Hong_Kong_CUHK13527_2003_2003-03-05
A/Hong_Kong/CUHK13658/2001_2001-03-20 -> A_Hong_Kong_CUHK13658_2001_2001-03-20
A/Hong_Kong/CUHK20169/2000_2000-01-07 -> A_Hong_Kong_CUHK20169_2000_2000-01-07
A/Hong_Kong/CUHK20173/2000_2000-01-07 -> A_Hong_Kong_CUHK20173_2000_2000-01-07
A/Hong_Kong/CUHK20200/2000_2000-01-07 -> A_Hong_Kong_CUHK20200_2000_2000-01-07
A/Hong_Kong/CUHK20292/2000_2000-01-11 -> A_Hong_Kong_CUHK20292_2000_2000-01-11
A/Hong_Kong/CUHK20294/2000_2000-01-12 -> A_Hong_Kong_CUHK20294_2000_2000-01-12
A/Hong_Kong/CUHK20300/2000_2000-01-12 -> A_Hong_Kong_CUHK20300_2000_2000-01-12
A/Hong_Kong/CUHK21124/2000_2000-02-04 -> A_Hong_Kong_CUHK21124_2000_2000-02-04
A/Hong_Kong/CUHK21128/2000_2000-02-06 -> A_Hong_Kong_CUHK21128_2000_2000-02-06
A/Hong_Kong/CUHK21132/2000_2000-02-07 -> A_Hong_Kong_CUHK21132_2000_2000-02-07
A/Hong_Kong/CUHK21226/2001_2001-04-04 -> A_Hong_Kong_CUHK21226_2001_2001-04-04
A/Hong_Kong/CUHK21250/2000_2000-02-09 -> A_Hong_Kong_CUHK21250_2000_2000-02-09
A/Hong_Kong/CUHK21259/2004_2004-02-14 -> A_Hong_Kong_CUHK21259_2004_2004-02-14
A/Hong_Kong/CUHK21421/2001_2001-04-11 -> A_Hong_Kong_CUHK21421_2001_2001-04-11
A/Hong_Kong/CUHK21582/2002_2002-04-02 -> A_Hong_Kong_CUHK21582_2002_2002-04-02
A/Hong_Kong/CUHK21675/2001_2001-04-20 -> A_Hong_Kong_CUHK21675_2001_2001-04-20
A/Hong_Kong/CUHK21713/2002_2002-04-04 -> A_Hong_Kong_CUHK21713_2002_2002-04-04
A/Hong_Kong/CUHK21733/2001_2001-04-21 -> A_Hong_Kong_CUHK21733_2001_2001-04-21
A/Hong_Kong/CUHK21734/2001_2001-04-21 -> A_Hong_Kong_CUHK21734_2001_2001-04-21
A/Hong_Kong/CUHK21742/2002_2002-04-08 -> A_Hong_Kong_CUHK21742_2002_2002-04-08
A/Hong_Kong/CUHK21932/2001_2001-04-27 -> A_Hong_Kong_CUHK21932_2001_2001-04-27
A/Hong_Kong/CUHK21957/2002_2002-04-11 -> A_Hong_Kong_CUHK21957_2002_2002-04-11
A/Hong_Kong/CUHK22072/2000_2000-03-01 -> A_Hong_Kong_CUHK22072_2000_2000-03-01
A/Hong_Kong/CUHK22078/2000_2000-03-02 -> A_Hong_Kong_CUHK22078_2000_2000-03-02
A/Hong_Kong/CUHK22087/2000_2000-03-02 -> A_Hong_Kong_CUHK22087_2000_2000-03-02
A/Hong_Kong/CUHK22162/2000_2000-03-04 -> A_Hong_Kong_CUHK22162_2000_2000-03-04
A/Hong_Kong/CUHK22510/2004_2004-03-03 -> A_Hong_Kong_CUHK22510_2004_2004-03-03
A/Hong_Kong/CUHK22567/2004_2004-03-04 -> A_Hong_Kong_CUHK22567_2004_2004-03-04
A/Hong_Kong/CUHK22644/2001_2001-05-21 -> A_Hong_Kong_CUHK22644_2001_2001-05-21
A/Hong_Kong/CUHK22888/2001_2001-05-28 -> A_Hong_Kong_CUHK22888_2001_2001-05-28
A/Hong_Kong/CUHK23111/2002_2002-05-09 -> A_Hong_Kong_CUHK23111_2002_2002-05-09
A/Hong_Kong/CUHK23113/2002_2002-05-10 -> A_Hong_Kong_CUHK23113_2002_2002-05-10
A/Hong_Kong/CUHK23162/2002_2002-05-10 -> A_Hong_Kong_CUHK23162_2002_2002-05-10
A/Hong_Kong/CUHK23180/2002_2002-05-12 -> A_Hong_Kong_CUHK23180_2002_2002-05-12
A/Hong_Kong/CUHK24044/2002_2002-06-01 -> A_Hong_Kong_CUHK24044_2002_2002-06-01
A/Hong_Kong/CUHK24054/2002_2002-06-02 -> A_Hong_Kong_CUHK24054_2002_2002-06-02
A/Hong_Kong/CUHK24114/2002_2002-06-03 -> A_Hong_Kong_CUHK24114_2002_2002-06-03
A/Hong_Kong/CUHK24167/2002_2002-06-04 -> A_Hong_Kong_CUHK24167_2002_2002-06-04
A/Hong_Kong/CUHK24289/2004_2004-04-02 -> A_Hong_Kong_CUHK24289_2004_2004-04-02
A/Hong_Kong/CUHK24447/2004_2004-04-07 -> A_Hong_Kong_CUHK24447_2004_2004-04-07
A/Hong_Kong/CUHK24510/2001_2001-07-15 -> A_Hong_Kong_CUHK24510_2001_2001-07-15
A/Hong_Kong/CUHK24749/2001_2001-07-19 -> A_Hong_Kong_CUHK24749_2001_2001-07-19
A/Hong_Kong/CUHK24760/2001_2001-07-20 -> A_Hong_Kong_CUHK24760_2001_2001-07-20
A/Hong_Kong/CUHK24825/2001_2001-07-22 -> A_Hong_Kong_CUHK24825_2001_2001-07-22
A/Hong_Kong/CUHK24882/2001_2001-07-23 -> A_Hong_Kong_CUHK24882_2001_2001-07-23
A/Hong_Kong/CUHK24985/2001_2001-07-26 -> A_Hong_Kong_CUHK24985_2001_2001-07-26
A/Hong_Kong/CUHK26805/2000_2000-07-22 -> A_Hong_Kong_CUHK26805_2000_2000-07-22
A/Hong_Kong/CUHK26846/2000_2000-07-25 -> A_Hong_Kong_CUHK26846_2000_2000-07-25
A/Hong_Kong/CUHK26907/2000_2000-07-27 -> A_Hong_Kong_CUHK26907_2000_2000-07-27
A/Hong_Kong/CUHK26969/2000_2000-07-29 -> A_Hong_Kong_CUHK26969_2000_2000-07-29
A/Hong_Kong/CUHK26980/2000_2000-07-30 -> A_Hong_Kong_CUHK26980_2000_2000-07-30
A/Hong_Kong/CUHK27157/2000_2000-08-05 -> A_Hong_Kong_CUHK27157_2000_2000-08-05
A/Hong_Kong/CUHK27183/2000_2000-08-06 -> A_Hong_Kong_CUHK27183_2000_2000-08-06
A/Hong_Kong/CUHK27374/2000_2000-08-12 -> A_Hong_Kong_CUHK27374_2000_2000-08-12
A/Hong_Kong/CUHK28038/2000_2000-09-03 -> A_Hong_Kong_CUHK28038_2000_2000-09-03
A/Hong_Kong/CUHK28040/2000_2000-09-03 -> A_Hong_Kong_CUHK28040_2000_2000-09-03
A/Hong_Kong/CUHK28501/2000_2000-09-16 -> A_Hong_Kong_CUHK28501_2000_2000-09-16
A/Hong_Kong/CUHK33047/2002_2002-07-01 -> A_Hong_Kong_CUHK33047_2002_2002-07-01
A/Hong_Kong/CUHK33079/2002_2002-07-02 -> A_Hong_Kong_CUHK33079_2002_2002-07-02
A/Hong_Kong/CUHK33106/2002_2002-07-02 -> A_Hong_Kong_CUHK33106_2002_2002-07-02
A/Hong_Kong/CUHK33199/2002_2002-07-04 -> A_Hong_Kong_CUHK33199_2002_2002-07-04
A/Hong_Kong/CUHK33316/2001_2001-08-06 -> A_Hong_Kong_CUHK33316_2001_2001-08-06
A/Hong_Kong/CUHK33406/2001_2001-08-08 -> A_Hong_Kong_CUHK33406_2001_2001-08-08
A/Hong_Kong/CUHK33416/2001_2001-08-09 -> A_Hong_Kong_CUHK33416_2001_2001-08-09
A/Hong_Kong/CUHK33418/2001_2001-08-09 -> A_Hong_Kong_CUHK33418_2001_2001-08-09
A/Hong_Kong/CUHK33677/2004_2004-05-04 -> A_Hong_Kong_CUHK33677_2004_2004-05-04
A/Hong_Kong/CUHK33894/2004_2004-05-08 -> A_Hong_Kong_CUHK33894_2004_2004-05-08
A/Hong_Kong/CUHK34175/2002_2002-08-01 -> A_Hong_Kong_CUHK34175_2002_2002-08-01
A/Hong_Kong/CUHK34193/2002_2002-08-02 -> A_Hong_Kong_CUHK34193_2002_2002-08-02
A/Hong_Kong/CUHK35013/2004_2004-06-01 -> A_Hong_Kong_CUHK35013_2004_2004-06-01
A/Hong_Kong/CUHK35117/2004_2004-06-03 -> A_Hong_Kong_CUHK35117_2004_2004-06-03
A/Hong_Kong/CUHK40139/2005_2005-06-04 -> A_Hong_Kong_CUHK40139_2005_2005-06-04
A/Hong_Kong/CUHK42241/2005_2005-07-02 -> A_Hong_Kong_CUHK42241_2005_2005-07-02
A/Hong_Kong/CUHK42644/2005_2005-07-09 -> A_Hong_Kong_CUHK42644_2005_2005-07-09
A/Hong_Kong/CUHK43751/2005_2005-07-26 -> A_Hong_Kong_CUHK43751_2005_2005-07-26
A/Hong_Kong/CUHK45130/2006_2006-12-04 -> A_Hong_Kong_CUHK45130_2006_2006-12-04
A/Hong_Kong/CUHK50080/2001_2001-11-08 -> A_Hong_Kong_CUHK50080_2001_2001-11-08
A/Hong_Kong/CUHK50200/2002_2002-10-01 -> A_Hong_Kong_CUHK50200_2002_2002-10-01
A/Hong_Kong/CUHK50372/2004_2004-07-02 -> A_Hong_Kong_CUHK50372_2004_2004-07-02
A/Hong_Kong/CUHK50952/2003_2003-07-08 -> A_Hong_Kong_CUHK50952_2003_2003-07-08
A/Hong_Kong/CUHK5111/2003_2003-01-06 -> A_Hong_Kong_CUHK5111_2003_2003-01-06
A/Hong_Kong/CUHK51353/2003_2003-07-18 -> A_Hong_Kong_CUHK51353_2003_2003-07-18
A/Hong_Kong/CUHK51380/2003_2003-07-19 -> A_Hong_Kong_CUHK51380_2003_2003-07-19
A/Hong_Kong/CUHK51424/2001_2001-12-26 -> A_Hong_Kong_CUHK51424_2001_2001-12-26
A/Hong_Kong/CUHK51431/2001_2001-12-26 -> A_Hong_Kong_CUHK51431_2001_2001-12-26
A/Hong_Kong/CUHK51490/2001_2001-12-28 -> A_Hong_Kong_CUHK51490_2001_2001-12-28
A/Hong_Kong/CUHK52011/2003_2003-08-05 -> A_Hong_Kong_CUHK52011_2003_2003-08-05
A/Hong_Kong/CUHK52247/2000_2000-12-08 -> A_Hong_Kong_CUHK52247_2000_2000-12-08
A/Hong_Kong/CUHK52274/2004_2004-08-06 -> A_Hong_Kong_CUHK52274_2004_2004-08-06
A/Hong_Kong/CUHK52390/2004_2004-08-08 -> A_Hong_Kong_CUHK52390_2004_2004-08-08
A/Hong_Kong/CUHK52467/2003_2003-08-18 -> A_Hong_Kong_CUHK52467_2003_2003-08-18
A/Hong_Kong/CUHK5250/2002_2002-01-10 -> A_Hong_Kong_CUHK5250_2002_2002-01-10
A/Hong_Kong/CUHK5251/2002_2002-01-10 -> A_Hong_Kong_CUHK5251_2002_2002-01-10
A/Hong_Kong/CUHK52923/2003_2003-08-26 -> A_Hong_Kong_CUHK52923_2003_2003-08-26
A/Hong_Kong/CUHK5296/2002_2002-01-12 -> A_Hong_Kong_CUHK5296_2002_2002-01-12
A/Hong_Kong/CUHK5300/2005_2005-01-08 -> A_Hong_Kong_CUHK5300_2005_2005-01-08
A/Hong_Kong/CUHK53004/2006_2006-03-04 -> A_Hong_Kong_CUHK53004_2006_2006-03-04
A/Hong_Kong/CUHK53005/2006_2006-03-04 -> A_Hong_Kong_CUHK53005_2006_2006-03-04
A/Hong_Kong/CUHK53123/2002_2002-12-18 -> A_Hong_Kong_CUHK53123_2002_2002-12-18
A/Hong_Kong/CUHK5316/2003_2003-01-10 -> A_Hong_Kong_CUHK5316_2003_2003-01-10
A/Hong_Kong/CUHK53766/2004_2004-09-03 -> A_Hong_Kong_CUHK53766_2004_2004-09-03
A/Hong_Kong/CUHK53798/2006_2006-03-17 -> A_Hong_Kong_CUHK53798_2006_2006-03-17
A/Hong_Kong/CUHK53907/2006_2006-03-19 -> A_Hong_Kong_CUHK53907_2006_2006-03-19
A/Hong_Kong/CUHK5627/2003_2003-01-18 -> A_Hong_Kong_CUHK5627_2003_2003-01-18
A/Hong_Kong/CUHK5647/2004_2004-01-12 -> A_Hong_Kong_CUHK5647_2004_2004-01-12
A/Hong_Kong/CUHK5723/2003_2003-01-20 -> A_Hong_Kong_CUHK5723_2003_2003-01-20
A/Hong_Kong/CUHK60052/2006_2006-06-29 -> A_Hong_Kong_CUHK60052_2006_2006-06-29
A/Hong_Kong/CUHK6205/2003_2003-02-03 -> A_Hong_Kong_CUHK6205_2003_2003-02-03
A/Hong_Kong/CUHK6206/2002_2002-02-03 -> A_Hong_Kong_CUHK6206_2002_2002-02-03
A/Hong_Kong/CUHK6210/2002_2002-02-03 -> A_Hong_Kong_CUHK6210_2002_2002-02-03
A/Hong_Kong/CUHK6262/2003_2003-02-04 -> A_Hong_Kong_CUHK6262_2003_2003-02-04
A/Hong_Kong/CUHK6377/2003_2003-02-07 -> A_Hong_Kong_CUHK6377_2003_2003-02-07
A/Hong_Kong/CUHK6383/2003_2003-02-07 -> A_Hong_Kong_CUHK6383_2003_2003-02-07
A/Hong_Kong/CUHK63957/2006_2006-09-07 -> A_Hong_Kong_CUHK63957_2006_2006-09-07
A/Hong_Kong/CUHK64082/2006_2006-09-10 -> A_Hong_Kong_CUHK64082_2006_2006-09-10
A/Hong_Kong/CUHK6427/2003_2003-02-08 -> A_Hong_Kong_CUHK6427_2003_2003-02-08
A/Hong_Kong/CUHK6474/2003_2003-02-10 -> A_Hong_Kong_CUHK6474_2003_2003-02-10
A/Hong_Kong/CUHK65241/2006_2006-09-28 -> A_Hong_Kong_CUHK65241_2006_2006-09-28
A/Hong_Kong/CUHK66001/2006_2006-10-13 -> A_Hong_Kong_CUHK66001_2006_2006-10-13
A/Hong_Kong/CUHK68792/2006_2006-12-27 -> A_Hong_Kong_CUHK68792_2006_2006-12-27
A/Hong_Kong/CUHK6898/2005_2005-02-12 -> A_Hong_Kong_CUHK6898_2005_2005-02-12
A/Hong_Kong/CUHK69904/2006_2006-12-29 -> A_Hong_Kong_CUHK69904_2006_2006-12-29
A/Hong_Kong/CUHK70435/2003_2003-09-10 -> A_Hong_Kong_CUHK70435_2003_2003-09-10
A/Hong_Kong/CUHK7047/2005_2005-02-16 -> A_Hong_Kong_CUHK7047_2005_2005-02-16
A/Hong_Kong/CUHK71313/2003_2003-09-21 -> A_Hong_Kong_CUHK71313_2003_2003-09-21
A/Hong_Kong/CUHK72014/2003_2003-09-27 -> A_Hong_Kong_CUHK72014_2003_2003-09-27
A/Hong_Kong/CUHK74438/2003_2003-11-14 -> A_Hong_Kong_CUHK74438_2003_2003-11-14
A/Hong_Kong/CUHK74457/2003_2003-11-14 -> A_Hong_Kong_CUHK74457_2003_2003-11-14
A/Hong_Kong/CUHK7546/2005_2005-02-27 -> A_Hong_Kong_CUHK7546_2005_2005-02-27
A/Hong_Kong/CUHK7670/2005_2005-03-01 -> A_Hong_Kong_CUHK7670_2005_2005-03-01
A/Hong_Kong/CUHK7733/2005_2005-03-02 -> A_Hong_Kong_CUHK7733_2005_2005-03-02
A/Hong_Kong/CUHK8333/2005_2005-03-11 -> A_Hong_Kong_CUHK8333_2005_2005-03-11
A/Hong_Kong/CUHK83422/2003_2003-12-30 -> A_Hong_Kong_CUHK83422_2003_2003-12-30
A/Hong_Kong/H090_671_V10/2009_2009-07-06 -> A_Hong_Kong_H090_671_V10_2009_2009-07-06
A/Hong_Kong/H090_674_V10/2009_2009-07-07 -> A_Hong_Kong_H090_674_V10_2009_2009-07-07
A/Hong_Kong/H090_688_V1_2009-07-10 -> A_Hong_Kong_H090_688_V1_2009-07-10
A/Hong_Kong/H090_689_V1_2009-07-09 -> A_Hong_Kong_H090_689_V1_2009-07-09
A/Hong_Kong/H090_692_V10/2009_2009-07-10 -> A_Hong_Kong_H090_692_V10_2009_2009-07-10
A/Hong_Kong/H090_695_V10/2009_2009-07-10 -> A_Hong_Kong_H090_695_V10_2009_2009-07-10
A/Hong_Kong/H090_703_V10/2009_2009-07-17 -> A_Hong_Kong_H090_703_V10_2009_2009-07-17
A/Hong_Kong/H090_710_V10/2009_2009-07-14 -> A_Hong_Kong_H090_710_V10_2009_2009-07-14
A/Hong_Kong/H090_714_V10/2009_2009-07-15 -> A_Hong_Kong_H090_714_V10_2009_2009-07-15
A/Hong_Kong/H090_724_V10/2009_2009-07-20 -> A_Hong_Kong_H090_724_V10_2009_2009-07-20
A/Hong_Kong/H090_725_V10/2009_2009-07-20 -> A_Hong_Kong_H090_725_V10_2009_2009-07-20
A/Hong_Kong/H090_726_V10/2009_2009-07-20 -> A_Hong_Kong_H090_726_V10_2009_2009-07-20
A/Hong_Kong/H090_729_V10/2009_2009-07-21 -> A_Hong_Kong_H090_729_V10_2009_2009-07-21
A/Hong_Kong/H090_734_V10/2009_2009-07-22 -> A_Hong_Kong_H090_734_V10_2009_2009-07-22
A/Hong_Kong/H090_734_V20/2009_2009-07-24 -> A_Hong_Kong_H090_734_V20_2009_2009-07-24
A/Hong_Kong/H090_736_V10/2009_2009-07-23 -> A_Hong_Kong_H090_736_V10_2009_2009-07-23
A/Hong_Kong/H090_739_V10/2009_2009-07-23 -> A_Hong_Kong_H090_739_V10_2009_2009-07-23
A/Hong_Kong/H090_739_V3_2009-07-29 -> A_Hong_Kong_H090_739_V3_2009-07-29
A/Hong_Kong/H090_741_V10/2009_2009-07-24 -> A_Hong_Kong_H090_741_V10_2009_2009-07-24
A/Hong_Kong/H090_747_V10/2009_2009-07-28 -> A_Hong_Kong_H090_747_V10_2009_2009-07-28
A/Hong_Kong/H090_747_V22/2009_2009-07-30 -> A_Hong_Kong_H090_747_V22_2009_2009-07-30
A/Hong_Kong/H090_750_V10/2009_2009-07-29 -> A_Hong_Kong_H090_750_V10_2009_2009-07-29
A/Hong_Kong/H090_752_V10/2009_2009-07-29 -> A_Hong_Kong_H090_752_V10_2009_2009-07-29
A/Hong_Kong/H090_755_V20/2009_2009-08-01 -> A_Hong_Kong_H090_755_V20_2009_2009-08-01
A/Hong_Kong/H090_763_V10/2009_2009-07-31 -> A_Hong_Kong_H090_763_V10_2009_2009-07-31
A/Hong_Kong/H090_768_V10/2009_2009-08-02 -> A_Hong_Kong_H090_768_V10_2009_2009-08-02
A/Hong_Kong/HKU100/2005_2005-05-10 -> A_Hong_Kong_HKU100_2005_2005-05-10
A/Hong_Kong/HKU101/2005_2005-05-12 -> A_Hong_Kong_HKU101_2005_2005-05-12
A/Hong_Kong/HKU105/2005_2005-05-24 -> A_Hong_Kong_HKU105_2005_2005-05-24
A/Hong_Kong/HKU107/2005_2005-05-28 -> A_Hong_Kong_HKU107_2005_2005-05-28
A/Hong_Kong/HKU108/2005_2005-06-03 -> A_Hong_Kong_HKU108_2005_2005-06-03
A/Hong_Kong/HKU11/2004_2004-03-25 -> A_Hong_Kong_HKU11_2004_2004-03-25
A/Hong_Kong/HKU111/2005_2005-06-25 -> A_Hong_Kong_HKU111_2005_2005-06-25
A/Hong_Kong/HKU116/2004_2004-03-08 -> A_Hong_Kong_HKU116_2004_2004-03-08
A/Hong_Kong/HKU117/2004_2004-03-31 -> A_Hong_Kong_HKU117_2004_2004-03-31
A/Hong_Kong/HKU12/2004_2004-03-29 -> A_Hong_Kong_HKU12_2004_2004-03-29
A/Hong_Kong/HKU120/2004_2004-05-10 -> A_Hong_Kong_HKU120_2004_2004-05-10
A/Hong_Kong/HKU121/2004_2004-05-18 -> A_Hong_Kong_HKU121_2004_2004-05-18
A/Hong_Kong/HKU122/2004_2004-06-07 -> A_Hong_Kong_HKU122_2004_2004-06-07
A/Hong_Kong/HKU123/2004_2004-06-25 -> A_Hong_Kong_HKU123_2004_2004-06-25
A/Hong_Kong/HKU15/2004_2004-04-23 -> A_Hong_Kong_HKU15_2004_2004-04-23
A/Hong_Kong/HKU18/2004_2004-05-28 -> A_Hong_Kong_HKU18_2004_2004-05-28
A/Hong_Kong/HKU19/2004_2004-06-01 -> A_Hong_Kong_HKU19_2004_2004-06-01
A/Hong_Kong/HKU20/2004_2004-06-15 -> A_Hong_Kong_HKU20_2004_2004-06-15
A/Hong_Kong/HKU21/2004_2004-06-19 -> A_Hong_Kong_HKU21_2004_2004-06-19
A/Hong_Kong/HKU23/2004_2004-07-02 -> A_Hong_Kong_HKU23_2004_2004-07-02
A/Hong_Kong/HKU24/2004_2004-07-05 -> A_Hong_Kong_HKU24_2004_2004-07-05
A/Hong_Kong/HKU25/2004_2004-07-07 -> A_Hong_Kong_HKU25_2004_2004-07-07
A/Hong_Kong/HKU28/2004_2004-07-17 -> A_Hong_Kong_HKU28_2004_2004-07-17
A/Hong_Kong/HKU29/2004_2004-07-21 -> A_Hong_Kong_HKU29_2004_2004-07-21
A/Hong_Kong/HKU31/2004_2004-07-30 -> A_Hong_Kong_HKU31_2004_2004-07-30
A/Hong_Kong/HKU33/2004_2004-08-09 -> A_Hong_Kong_HKU33_2004_2004-08-09
A/Hong_Kong/HKU34/2004_2004-08-18 -> A_Hong_Kong_HKU34_2004_2004-08-18
A/Hong_Kong/HKU35/2004_2004-08-24 -> A_Hong_Kong_HKU35_2004_2004-08-24
A/Hong_Kong/HKU37/2004_2004-09-17 -> A_Hong_Kong_HKU37_2004_2004-09-17
A/Hong_Kong/HKU38/2004_2004-09-23 -> A_Hong_Kong_HKU38_2004_2004-09-23
A/Hong_Kong/HKU4/2004_2004-03-01 -> A_Hong_Kong_HKU4_2004_2004-03-01
A/Hong_Kong/HKU44/2005_2005-02-28 -> A_Hong_Kong_HKU44_2005_2005-02-28
A/Hong_Kong/HKU45/2005_2005-03-07 -> A_Hong_Kong_HKU45_2005_2005-03-07
A/Hong_Kong/HKU5/2004_2004-03-04 -> A_Hong_Kong_HKU5_2004_2004-03-04
A/Hong_Kong/HKU51/2005_2005-04-13 -> A_Hong_Kong_HKU51_2005_2005-04-13
A/Hong_Kong/HKU52/2005_2005-04-16 -> A_Hong_Kong_HKU52_2005_2005-04-16
A/Hong_Kong/HKU55/2005_2005-04-30 -> A_Hong_Kong_HKU55_2005_2005-04-30
A/Hong_Kong/HKU59/2005_2005-05-07 -> A_Hong_Kong_HKU59_2005_2005-05-07
A/Hong_Kong/HKU6/2004_2004-03-06 -> A_Hong_Kong_HKU6_2004_2004-03-06
A/Hong_Kong/HKU61/2005_2005-05-11 -> A_Hong_Kong_HKU61_2005_2005-05-11
A/Hong_Kong/HKU62/2005_2005-05-13 -> A_Hong_Kong_HKU62_2005_2005-05-13
A/Hong_Kong/HKU63/2005_2005-05-14 -> A_Hong_Kong_HKU63_2005_2005-05-14
A/Hong_Kong/HKU64/2005_2005-05-16 -> A_Hong_Kong_HKU64_2005_2005-05-16
A/Hong_Kong/HKU65/2005_2005-05-17 -> A_Hong_Kong_HKU65_2005_2005-05-17
A/Hong_Kong/HKU66/2005_2005-05-21 -> A_Hong_Kong_HKU66_2005_2005-05-21
A/Hong_Kong/HKU67/2005_2005-05-23 -> A_Hong_Kong_HKU67_2005_2005-05-23
A/Hong_Kong/HKU69/2005_2005-05-27 -> A_Hong_Kong_HKU69_2005_2005-05-27
A/Hong_Kong/HKU70/2005_2005-05-30 -> A_Hong_Kong_HKU70_2005_2005-05-30
A/Hong_Kong/HKU71/2005_2005-05-31 -> A_Hong_Kong_HKU71_2005_2005-05-31
A/Hong_Kong/HKU73/2005_2005-06-02 -> A_Hong_Kong_HKU73_2005_2005-06-02
A/Hong_Kong/HKU75/2005_2005-06-17 -> A_Hong_Kong_HKU75_2005_2005-06-17
A/Hong_Kong/HKU76/2005_2005-06-21 -> A_Hong_Kong_HKU76_2005_2005-06-21
A/Hong_Kong/HKU77/2005_2005-06-29 -> A_Hong_Kong_HKU77_2005_2005-06-29
A/Hong_Kong/HKU78/2005_2005-07-09 -> A_Hong_Kong_HKU78_2005_2005-07-09
A/Hong_Kong/HKU79/2005_2005-07-16 -> A_Hong_Kong_HKU79_2005_2005-07-16
A/Hong_Kong/HKU8/2004_2004-03-13 -> A_Hong_Kong_HKU8_2004_2004-03-13
A/Hong_Kong/HKU88/2004_2004-07-27 -> A_Hong_Kong_HKU88_2004_2004-07-27
A/Hong_Kong/HKU89/2004_2004-08-04 -> A_Hong_Kong_HKU89_2004_2004-08-04
A/Hong_Kong/HKU9/2004_2004-03-19 -> A_Hong_Kong_HKU9_2004_2004-03-19
A/Hong_Kong/NHRC0001/2005_2005-06-15 -> A_Hong_Kong_NHRC0001_2005_2005-06-15
A/Hunan-Heshan/1314/2010_2010-09-09 -> A_Hunan-Heshan_1314_2010_2010-09-09
A/Hunan-Yuhua/11209/2010_2010-10-15 -> A_Hunan-Yuhua_11209_2010_2010-10-15
A/Hunan/195/2003_2003-04-27 -> A_Hunan_195_2003_2003-04-27
A/Hunan/274/2003_2003-05-26 -> A_Hunan_274_2003_2003-05-26
A/Hunan/407/2002_2002-08-20 -> A_Hunan_407_2002_2002-08-20
A/Hunan/422/2002_2002-08-26 -> A_Hunan_422_2002_2002-08-26
A/Hunan/448/2003_2003-08-26 -> A_Hunan_448_2003_2003-08-26
A/Hunan/485/2003_2003-09-18 -> A_Hunan_485_2003_2003-09-18
A/Hunan/493/2003_2003-09-22 -> A_Hunan_493_2003_2003-09-22
A/Hunan/Furong1217/2007_2007-07-17 -> A_Hunan_Furong1217_2007_2007-07-17
A/Hunan/Furong1221/2007_2007-07-17 -> A_Hunan_Furong1221_2007_2007-07-17
A/Hunan/Furong13/2007_2007-01-03 -> A_Hunan_Furong13_2007_2007-01-03
A/Hunan/Yuetang35/2007_2007-04-20 -> A_Hunan_Yuetang35_2007_2007-04-20
A/Hunan_Furong/169/2007_2007-03-04 -> A_Hunan_Furong_169_2007_2007-03-04
A/Hunan_Furong/178/2007_2007-03-20 -> A_Hunan_Furong_178_2007_2007-03-20
A/Hunan_Suxian/2124/2008_2008-10-30 -> A_Hunan_Suxian_2124_2008_2008-10-30
A/Hunan_Wugang/38/2007_2007-03-15 -> A_Hunan_Wugang_38_2007_2007-03-15
A/Hunan_Yuhua/1244/2007_2007-04-02 -> A_Hunan_Yuhua_1244_2007_2007-04-02
A/Jiangxi-Donghu/1900/2010_2010-10-13 -> A_Jiangxi-Donghu_1900_2010_2010-10-13
A/Jiangxi/1033/2006_2006-07-11 -> A_Jiangxi_1033_2006_2006-07-11
A/Jiangxi/1106/2006_2006-07-20 -> A_Jiangxi_1106_2006_2006-07-20
A/Jiangxi/1123/2006_2006-07-20 -> A_Jiangxi_1123_2006_2006-07-20
A/Jiangxi/1209/2006_2006-08-03 -> A_Jiangxi_1209_2006_2006-08-03
A/Jiangxi/1388/2006_2006-09-21 -> A_Jiangxi_1388_2006_2006-09-21
A/Jiangxi/151/2004_2004-04-15 -> A_Jiangxi_151_2004_2004-04-15
A/Jiangxi/20/2003_2003-05-24 -> A_Jiangxi_20_2003_2003-05-24
A/Jiangxi/357/2007_2007-03-30 -> A_Jiangxi_357_2007_2007-03-30
A/Jiangxi/663/2005_2005-08-31 -> A_Jiangxi_663_2005_2005-08-31
A/Jiangxi/680/2007_2007-06-05 -> A_Jiangxi_680_2007_2007-06-05
A/Jiangxi/919/2006_2006-06-26 -> A_Jiangxi_919_2006_2006-06-26
A/Jiangxi_Yuanzhou/1142/2007_2007-04-01 -> A_Jiangxi_Yuanzhou_1142_2007_2007-04-01
A/Kunming/1_Va10/2005_2005-11-30 -> A_Kunming_1_Va10_2005_2005-11-30
A/MACAU/2321/2009_2009-07-03 -> A_MACAU_2321_2009_2009-07-03
A/MACAU/3415/2009_2009-07-27 -> A_MACAU_3415_2009_2009-07-27
A/Macau/1343/2008_2008-07-04 -> A_Macau_1343_2008_2008-07-04
A/Macau/200/2007_2007-02-27 -> A_Macau_200_2007_2007-02-27
A/Macau/236/2008_2008-02-25 -> A_Macau_236_2008_2008-02-25
A/Ningbo/1030/2006_2006-09-06 -> A_Ningbo_1030_2006_2006-09-06
A/Ningbo/116/2007_2007-02-02 -> A_Ningbo_116_2007_2007-02-02
A/Ningbo/1224/2004_2004-09-17 -> A_Ningbo_1224_2004_2004-09-17
A/Ningbo/262/2003_2003-09-08 -> A_Ningbo_262_2003_2003-09-08
A/Ningbo/333/2008_2008-03-20 -> A_Ningbo_333_2008_2008-03-20
A/Ningbo/336/2007_2007-04-05 -> A_Ningbo_336_2007_2007-04-05
A/Ningbo/343/2006_2006-04-03 -> A_Ningbo_343_2006_2006-04-03
A/Ningbo/788/2008_2008-08-20 -> A_Ningbo_788_2008_2008-08-20
A/Ningbo/794/2007_2007-08-22 -> A_Ningbo_794_2007_2007-08-22
A/Ningbo/938/2006_2006-08-15 -> A_Ningbo_938_2006_2006-08-15
A/SHENZHEN/195/2000_2000-03-13 -> A_SHENZHEN_195_2000_2000-03-13
A/SHENZHEN/499/2000_2000-05-22 -> A_SHENZHEN_499_2000_2000-05-22
A/SHENZHEN/882/2000_2000-09-03 -> A_SHENZHEN_882_2000_2000-09-03
A/Shantou/546/2010_2010-12-06 -> A_Shantou_546_2010_2010-12-06
A/Shenzhen/37/2002_2002-01-07 -> A_Shenzhen_37_2002_2002-01-07
A/TAIWAN/1/2001_2001-02-02 -> A_TAIWAN_1_2001_2001-02-02
A/TAIWAN/1459/2000_2000-04-17 -> A_TAIWAN_1459_2000_2000-04-17
A/TAIWAN/1471/2000_2000-12-24 -> A_TAIWAN_1471_2000_2000-12-24
A/TAIWAN/15/2000_2000-09-02 -> A_TAIWAN_15_2000_2000-09-02
A/TAIWAN/16/2000_2000-09-09 -> A_TAIWAN_16_2000_2000-09-09
A/TAIWAN/17/2000_2000-09-29 -> A_TAIWAN_17_2000_2000-09-29
A/TAIWAN/206/2000_2000-03-30 -> A_TAIWAN_206_2000_2000-03-30
A/TAIWAN/22/2000_2000-12-12 -> A_TAIWAN_22_2000_2000-12-12
A/TAIWAN/22104/2001_2001-02-04 -> A_TAIWAN_22104_2001_2001-02-04
A/TAIWAN/3/2000_2000-01-19 -> A_TAIWAN_3_2000_2000-01-19
A/TAIWAN/6/2000_2000-01-07 -> A_TAIWAN_6_2000_2000-01-07
A/TAIWAN/8/2002_2002-09-25 -> A_TAIWAN_8_2002_2002-09-25
A/TAIWAN/92605/2001_2001-02-04 -> A_TAIWAN_92605_2001_2001-02-04
A/Taiwan/132/2007_2007-02-25 -> A_Taiwan_132_2007_2007-02-25
A/Taiwan/133/2006_2006-02-18 -> A_Taiwan_133_2006_2006-02-18
A/Taiwan/1452/2007_2007-07-03 -> A_Taiwan_1452_2007_2007-07-03
A/Taiwan/17/2006_2006-01-16 -> A_Taiwan_17_2006_2006-01-16
A/Taiwan/18/2007_2007-01-16 -> A_Taiwan_18_2007_2007-01-16
A/Taiwan/211/2006_2006-03-06 -> A_Taiwan_211_2006_2006-03-06
A/Taiwan/214/2007_2007-03-11 -> A_Taiwan_214_2007_2007-03-11
A/Taiwan/216/2007_2007-03-11 -> A_Taiwan_216_2007_2007-03-11
A/Taiwan/2361/2007_2007-11-12 -> A_Taiwan_2361_2007_2007-11-12
A/Taiwan/2428/2008_2008-12-24 -> A_Taiwan_2428_2008_2008-12-24
A/Taiwan/315/2006_2006-03-25 -> A_Taiwan_315_2006_2006-03-25
A/Taiwan/33/2007_2007-01-27 -> A_Taiwan_33_2007_2007-01-27
A/Taiwan/385/2010_2010-08-09 -> A_Taiwan_385_2010_2010-08-09
A/Taiwan/415/2008_2008-06-06 -> A_Taiwan_415_2008_2008-06-06
A/Taiwan/42/2010_2010-05-02 -> A_Taiwan_42_2010_2010-05-02
A/Taiwan/420/2008_2008-06-05 -> A_Taiwan_420_2008_2008-06-05
A/Taiwan/448/2007_2007-05-08 -> A_Taiwan_448_2007_2007-05-08
A/Taiwan/449/2007_2007-04-21 -> A_Taiwan_449_2007_2007-04-21
A/Taiwan/471/2008_2008-08-21 -> A_Taiwan_471_2008_2008-08-21
A/Taiwan/5/2007_2007-01-11 -> A_Taiwan_5_2007_2007-01-11
A/Taiwan/56/2007_2007-02-04 -> A_Taiwan_56_2007_2007-02-04
A/Taiwan/5780/2008_2008-12-08 -> A_Taiwan_5780_2008_2008-12-08
A/Taiwan/602/2010_2010-09-08 -> A_Taiwan_602_2010_2010-09-08
A/Taiwan/611/2008_2008-10-25 -> A_Taiwan_611_2008_2008-10-25
A/Taiwan/612/2008_2008-11-08 -> A_Taiwan_612_2008_2008-11-08
A/Taiwan/7/2007_2007-01-11 -> A_Taiwan_7_2007_2007-01-11
A/Taiwan/70002/2007_2007-01-02 -> A_Taiwan_70002_2007_2007-01-02
A/Taiwan/70113/2007_2007-01-15 -> A_Taiwan_70113_2007_2007-01-15
A/Taiwan/70120/2008_2008-01-15 -> A_Taiwan_70120_2008_2008-01-15
A/Taiwan/70307/2007_2007-02-03 -> A_Taiwan_70307_2007_2007-02-03
A/Taiwan/707/2007_2007-09-29 -> A_Taiwan_707_2007_2007-09-29
A/Taiwan/72106/2007_2007-10-22 -> A_Taiwan_72106_2007_2007-10-22
A/Taiwan/722/2009_2009-05-02 -> A_Taiwan_722_2009_2009-05-02
A/Taiwan/754/2006_2006-09-19 -> A_Taiwan_754_2006_2006-09-19
A/Taiwan/760/2007_2007-10-03 -> A_Taiwan_760_2007_2007-10-03
A/Taiwan/784/2006_2006-09-06 -> A_Taiwan_784_2006_2006-09-06
A/Taiwan/790/2006_2006-11-24 -> A_Taiwan_790_2006_2006-11-24
A/Taiwan/799/2006_2006-12-05 -> A_Taiwan_799_2006_2006-12-05
A/Taiwan/821/2007_2007-09-18 -> A_Taiwan_821_2007_2007-09-18
A/Taiwan/825/2007_2007-10-20 -> A_Taiwan_825_2007_2007-10-20
A/Taiwan/834/2007_2007-10-11 -> A_Taiwan_834_2007_2007-10-11
A/Taiwan/839/2009_2009-10-02 -> A_Taiwan_839_2009_2009-10-02
A/Taiwan/851/2010_2010-09-15 -> A_Taiwan_851_2010_2010-09-15
A/Taiwan/860/2010_2010-09-29 -> A_Taiwan_860_2010_2010-09-29
A/Taiwan/9/2004_2004-01-02 -> A_Taiwan_9_2004_2004-01-02
A/Yunnan-Xishan/1709/2010_2010-09-06 -> A_Yunnan-Xishan_1709_2010_2010-09-06
A/Yunnan/1007/2004_2004-10-29 -> A_Yunnan_1007_2004_2004-10-29
A/Yunnan/184/2003_2003-03-19 -> A_Yunnan_184_2003_2003-03-19
A/Yunnan_Anning/145/2007_2007-04-02 -> A_Yunnan_Anning_145_2007_2007-04-02
A/Yunnan_Chuxiong/190/2009_2009-03-26 -> A_Yunnan_Chuxiong_190_2009_2009-03-26
A/Yunnan_Mengzi/1464/2008_2008-10-22 -> A_Yunnan_Mengzi_1464_2008_2008-10-22
A/Zhejiang/8/2002_2002-05-09 -> A_Zhejiang_8_2002_2002-05-09
A/Zhejiang_Jianggan/152/2007_2007-01-31 -> A_Zhejiang_Jianggan_152_2007_2007-01-31
A/Zhejiang_Wucheng/128/2007_2007-02-01 -> A_Zhejiang_Wucheng_128_2007_2007-02-01
A/Zhejiang_Wuxing/19/2007_2007-01-19 -> A_Zhejiang_Wuxing_19_2007_2007-01-19
A/Zhuhai/258/2008_2008-03-28 -> A_Zhuhai_258_2008_2008-03-28
A/Zhuhai/338/2007_2007-05-29 -> A_Zhuhai_338_2007_2007-05-29
A/Zhuhai/343/2008_2008-04-25 -> A_Zhuhai_343_2008_2008-04-25
A/Zhuhai/354/2005_2005-06-06 -> A_Zhuhai_354_2005_2005-06-06
A/Zhuhai/358/2005_2005-06-06 -> A_Zhuhai_358_2005_2005-06-06
A/Zhuhai/676/2008_2008-07-07 -> A_Zhuhai_676_2008_2008-07-07
A/Zhuhai/798/2008_2008-07-27 -> A_Zhuhai_798_2008_2008-07-27
A/Zhuhai/902/2008_2008-08-11 -> A_Zhuhai_902_2008_2008-08-11
A/Zhuhai/943/2008_2008-08-18 -> A_Zhuhai_943_2008_2008-08-18
FUJIAN-FUZHOU-GULOU/1658/2008_2008-06-26 -> FUJIAN-FUZHOU-GULOU_1658_2008_2008-06-26
FUJIAN-LONGYAN-XINLUO/133/2010_2010-01-12 -> FUJIAN-LONGYAN-XINLUO_133_2010_2010-01-12
FUJIAN-SANMING-MEILIE/1464/2010_2010-09-06 -> FUJIAN-SANMING-MEILIE_1464_2010_2010-09-06
FUJIAN-XIAMEN-TONGAN/1390/2008_2008-08-12 -> FUJIAN-XIAMEN-TONGAN_1390_2008_2008-08-12
FUJIAN/292/2003_2003-08-05 -> FUJIAN_292_2003_2003-08-05
FUJIAN/325/2003_2003-05-21 -> FUJIAN_325_2003_2003-05-21
FUJIAN/411/2002_2002-08-11 -> FUJIAN_411_2002_2002-08-11
FUJIAN/555/2003_2003-08-24 -> FUJIAN_555_2003_2003-08-24
GUANGDONG-MAOMING-MAONAN/11345/2010_2010-09-07 -> GUANGDONG-MAOMING-MAONAN_11345_2010_2010-09-07
HAINAN-SANYA/58/2008_2008-05-27 -> HAINAN-SANYA_58_2008_2008-05-27
HONG-KONG/1173/2003_2003-06-20 -> HONG-KONG_1173_2003_2003-06-20
HONG-KONG/218/2006_2006-02-03 -> HONG-KONG_218_2006_2006-02-03
HONG-KONG/3055/2006_2006-10-10 -> HONG-KONG_3055_2006_2006-10-10
HONG-KONG/3056/2006_2006-10-10 -> HONG-KONG_3056_2006_2006-10-10
HONG-KONG/3069/2006_2006-11-03 -> HONG-KONG_3069_2006_2006-11-03
HONG-KONG/334/2003_2003-02-24 -> HONG-KONG_334_2003_2003-02-24
HONG-KONG/664/2003_2003-02-28 -> HONG-KONG_664_2003_2003-02-28
HONG-KONG/711/2003_2003-03-07 -> HONG-KONG_711_2003_2003-03-07
HUNAN-CHANGDE-WULING/1480/2010_2010-07-16 -> HUNAN-CHANGDE-WULING_1480_2010_2010-07-16
HUNAN-CHANGDE-WULING/2405/2008_2008-07-31 -> HUNAN-CHANGDE-WULING_2405_2008_2008-07-31
HUNAN-CHANGDE-WULING/2418/2008_2008-08-20 -> HUNAN-CHANGDE-WULING_2418_2008_2008-08-20
HUNAN-CHANGSHA-FURONG/1159/2010_2010-07-20 -> HUNAN-CHANGSHA-FURONG_1159_2010_2010-07-20
HUNAN-CHENZHOU-BEIHU/1143/2011_2011-03-11 -> HUNAN-CHENZHOU-BEIHU_1143_2011_2011-03-11
HUNAN-HENGYANG-YANFENG/165/2011_2011-04-14 -> HUNAN-HENGYANG-YANFENG_165_2011_2011-04-14
HUNAN-LOUDI-LOUXING/16/2011_2011-01-10 -> HUNAN-LOUDI-LOUXING_16_2011_2011-01-10
HUNAN/245/2003_2003-05-20 -> HUNAN_245_2003_2003-05-20
JIANGXI-NANCHANG-DONGHU/1228/2008_2008-05-08 -> JIANGXI-NANCHANG-DONGHU_1228_2008_2008-05-08
JIANGXIDONGHU/1435/2006_2006-06-28 -> JIANGXIDONGHU_1435_2006_2006-06-28
JIANGXIDONGHU/312/2006_2006-06-29 -> JIANGXIDONGHU_312_2006_2006-06-29
TAIWAN/1529/2003_2003-09-07 -> TAIWAN_1529_2003_2003-09-07
TAIWAN/40/2006_2006-01-21 -> TAIWAN_40_2006_2006-01-21
TAIWAN/760/2006_2006-09-17 -> TAIWAN_760_2006_2006-09-17
TAIWAN/83/2006_2006-02-04 -> TAIWAN_83_2006_2006-02-04
TAIWAN/99/2006_2006-02-12 -> TAIWAN_99_2006_2006-02-12
YUNNAN-CHUXIONG-CHUXIONG/1271/2008_2008-07-25 -> YUNNAN-CHUXIONG-CHUXIONG_1271_2008_2008-07-25
YUNNAN-CHUXIONG-CHUXIONG/1292/2008_2008-08-08 -> YUNNAN-CHUXIONG-CHUXIONG_1292_2008_2008-08-08
YUNNAN-KUNMING-GUANDU/135/2008_2008-05-28 -> YUNNAN-KUNMING-GUANDU_135_2008_2008-05-28
YUNNAN-KUNMING-XISHAN/189/2008_2008-09-09 -> YUNNAN-KUNMING-XISHAN_189_2008_2008-09-09
YUNNANANNING/199/2006_2006-12-25 -> YUNNANANNING_199_2006_2006-12-25

                                                Gap/Ambiguity  Composition  p-value
   1  A_FUJIAN_354_2002_2002-07-23                     38.75%    passed     84.40%
   2  A_Fujian-Siming_1242_2008_2008-11-26              0.00%    passed     97.37%
   3  A_Fujian-Tongan_142_2009_2009-03-03               0.06%    passed     96.19%
   4  A_Fujian_166_2002_2002-05-14                     43.46%    passed     71.94%
   5  A_Fujian_353_2002_2002-07-21                     43.46%    passed     61.41%
   6  A_Fujian_514_2003_2003-08-16                     43.46%    passed     59.21%
   7  A_Fujian_703_2003_2003-09-28                     43.46%    passed     58.59%
   8  A_Fujian_Gulou1713_2007_2007-07-26                0.00%    passed     97.01%
   9  A_Fujian_Gulou_11026_2008_2008-10-09             43.46%    passed     37.21%
  10  A_Fujian_Tongan_1460_2008_2008-11-25             43.70%    passed     44.69%
  11  A_GUANGDONG_233_2000_2000-06-05                  40.93%    passed     61.34%
  12  A_GUANGZHOU_100_2000_2000-02-14                  41.87%    passed     60.42%
  13  A_GUANGZHOU_1191_2001_2001-09-20                 35.10%    passed     57.17%
  14  A_GUANGZHOU_253_2000_2000-03-23                  41.87%    passed     60.95%
  15  A_GUANGZHOU_405_2002_2002-05-21                  34.39%    passed     75.07%
  16  A_GUANGZHOU_438_2000_2000-05-16                  41.87%    passed     53.60%
  17  A_GUANGZHOU_443_2000_2000-05-19                  41.87%    passed     50.71%
  18  A_GUANGZHOU_535_2000_2000-06-08                  41.87%    passed     54.61%
  19  A_GUANGZHOU_536_2000_2000-06-08                  41.93%    passed     44.31%
  20  A_GUANGZHOU_603_2002_2002-06-15                  38.34%    passed     79.08%
  21  A_GUANGZHOU_81_2000_2000-03-09                   41.87%    passed     48.47%
  22  A_Guangdong-Futian_1253_2009_2009-07-15           0.06%    passed     98.22%
  23  A_Guangdong-Luohu_1257_2009_2009-06-01            0.00%    passed     99.68%
  24  A_Guangdong_04_2007_2007-03-08                    0.00%    passed     99.05%
  25  A_Guangdong_1105_2009_2009-09-04                  0.00%    passed     98.50%
  26  A_Guangdong_132_2003_2003-04-20                  43.46%    passed     60.89%
  27  A_Guangdong_15_2007_2007-04-07                    0.00%    passed     99.98%
  28  A_Guangdong_17_2007_2007-04-10                    0.00%    passed     99.69%
  29  A_Guangdong_30_2007_2007-04-12                    0.00%    passed     99.30%
  30  A_Guangdong_313_2002_2002-07-20                  43.46%    passed     61.32%
  31  A_Guangdong_314_2002_2002-07-20                  43.46%    passed     67.99%
  32  A_Guangdong_314_2008_2008-07-14                   0.00%    passed     98.40%
  33  A_Guangdong_322_2010_2010-08-13                   0.00%    passed     96.92%
  34  A_Guangdong_429_2010_2010-10-15                   0.00%    passed     93.31%
  35  A_Guangdong_441_2010_2010-09-20                   0.00%    passed     96.11%
  36  A_Guangdong_460_2010_2010-10-22                   0.00%    passed     94.83%
  37  A_Guangdong_522_2009_2009-05-26                   0.00%    passed     97.64%
  38  A_Guangdong_548_2008_2008-10-22                   0.00%    passed     96.65%
  39  A_Guangdong_578_2008_2008-09-27                   0.00%    passed     97.52%
  40  A_Guangdong_94_2011_2011-03-09                    0.00%    passed     97.56%
  41  A_Guangxi_150_2003_2003-04-16                    43.46%    passed     53.96%
  42  A_Guangzhou_1166_2001_2001-09-07                 43.46%    passed     62.11%
  43  A_Guangzhou_1237_2001_2001-10-14                 43.46%    passed     64.59%
  44  A_Guangzhou_1348_2001_2001-11-20                 43.46%    passed     66.97%
  45  A_Guangzhou_394_2002_2002-05-14                  36.75%    passed     81.18%
  46  A_HONG-KONG_1251_2001_2001-08-25                 33.92%    passed     43.09%
  47  A_HONG-KONG_1269_2001_2001-08-29                 33.92%    passed     46.54%
  48  A_HONG-KONG_1399_2000_2000-06-10                 41.87%    passed     43.75%
  49  A_HONG-KONG_1418_2000_2000-06-19                 41.87%    passed     56.62%
  50  A_HONG-KONG_1550_2002_2002-01-19                 37.10%    passed     87.16%
  51  A_HONG-KONG_1573_2000_2000-07-27                 41.87%    passed     53.14%
  52  A_HONG-KONG_1585_2000_2000-07-19                 41.87%    passed     53.60%
  53  A_HONG-KONG_648_2001_2001-05-25                  34.04%    passed     42.57%
  54  A_HONG-KONG_762_2001_2001-06-06                  34.10%    passed     48.41%
  55  A_Hong-Kong_105_2008_2008-01-28                   0.00%    passed     95.68%
  56  A_Hong-Kong_1143_2002_2002-06-06                 35.69%    passed     78.59%
  57  A_Hong-Kong_121715_2002_2002-03-06               39.63%    passed     89.79%
  58  A_Hong-Kong_1510_2002_2002-07-26                 37.93%    passed     90.18%
  59  A_Hong-Kong_1554_2002_2002-08-02                 38.63%    passed     83.18%
  60  A_Hong-Kong_156_2008_2008-02-05                   0.00%    passed     96.14%
  61  A_Hong-Kong_161_2008_2008-02-06                   0.00%    passed     97.75%
  62  A_Hong-Kong_173_2008_2008-02-09                   0.00%    passed     97.83%
  63  A_Hong-Kong_1736_2010_2010-03-23                  0.06%    passed     93.79%
  64  A_Hong-Kong_1737_2010_2010-03-24                  0.00%    passed     93.50%
  65  A_Hong-Kong_1775_2010_2010-03-28                  0.00%    passed     96.40%
  66  A_Hong-Kong_1837_2010_2010-03-30                  0.00%    passed     94.64%
  67  A_Hong-Kong_184_2008_2008-02-09                   0.00%    passed     97.01%
  68  A_Hong-Kong_1868_2008_2008-07-26                  0.00%    passed     97.07%
  69  A_Hong-Kong_1952_2009_2009-03-24                  0.00%    passed     98.87%
  70  A_Hong-Kong_1999_2009_2009-04-07                  0.06%    passed     96.45%
  71  A_Hong-Kong_2000_2009_2009-04-07                  0.00%    passed     93.86%
  72  A_Hong-Kong_2007_2009_2009-04-06                  0.06%    passed     97.45%
  73  A_Hong-Kong_2008_2009_2009-04-05                  0.00%    passed     97.89%
  74  A_Hong-Kong_2097_2010_2010-06-25                  0.00%    passed     95.81%
  75  A_Hong-Kong_2121_2010_2010-07-05                  0.00%    passed     94.57%
  76  A_Hong-Kong_2146_2010_2010-07-06                  0.00%    passed     95.57%
  77  A_Hong-Kong_2152_2010_2010-07-10                  0.06%    passed     95.49%
  78  A_Hong-Kong_2183_2010_2010-07-09                  0.00%    passed     95.57%
  79  A_Hong-Kong_23_2008_2008-01-09                    0.00%    passed     94.95%
  80  A_Hong-Kong_2571_2007_2007-05-28                  0.00%    passed     99.28%
  81  A_Hong-Kong_26233_2009_2009-09-17                 0.06%    passed     98.12%
  82  A_Hong-Kong_26237_2009_2009-09-17                 0.00%    passed     99.30%
  83  A_Hong-Kong_26554_2009_2009-09-15                 0.06%    passed     98.58%
  84  A_Hong-Kong_26560_2009_2009-09-18                 0.00%    passed     98.93%
  85  A_Hong-Kong_2657_2007_2007-06-08                  0.00%    passed     98.50%
  86  A_Hong-Kong_3049_2008_2008-09-16                  0.00%    passed     99.42%
  87  A_Hong-Kong_3071_2010_2010-08-17                  0.00%    passed     95.11%
  88  A_Hong-Kong_3134_2008_2008-10-08                  0.00%    passed     96.29%
  89  A_Hong-Kong_3170_2010_2010-08-20                  0.00%    passed     94.95%
  90  A_Hong-Kong_3171_2010_2010-08-20                  0.00%    passed     93.89%
  91  A_Hong-Kong_34114_2009_2009-11-07                 0.00%    passed     97.40%
  92  A_Hong-Kong_34194_2009_2009-11-10                 0.00%    passed     97.40%
  93  A_Hong-Kong_34341_2009_2009-11-14                 0.00%    passed     98.23%
  94  A_Hong-Kong_3570_2010_2010-08-26                  0.00%    passed     95.11%
  95  A_Hong-Kong_3577_2010_2010-08-25                  0.00%    passed     95.23%
  96  A_Hong-Kong_3579_2010_2010-08-25                  0.00%    passed     95.08%
  97  A_Hong-Kong_3615_2010_2010-08-26                  0.00%    passed     95.57%
  98  A_Hong-Kong_3616_2010_2010-08-27                  0.00%    passed     96.14%
  99  A_Hong-Kong_3685_2010_2010-08-22                  0.00%    passed     95.57%
 100  A_Hong-Kong_3716_2010_2010-08-25                  0.00%    passed     96.58%
 101  A_Hong-Kong_39_2008_2008-01-15                    0.00%    passed     95.68%
 102  A_Hong-Kong_393_2008_2008-02-25                   0.00%    passed     94.89%
 103  A_Hong-Kong_4495_2009_2009-07-10                  0.00%    passed     98.69%
 104  A_Hong-Kong_4547_2009_2009-07-10                  0.00%    passed     95.10%
 105  A_Hong-Kong_4758_2007_2007-11-26                  0.00%    passed     97.89%
 106  A_Hong-Kong_4768_2007_2007-12-24                  0.06%    passed     97.79%
 107  A_Hong-Kong_52_2008_2008-01-19                    0.06%    passed     96.56%
 108  A_Hong-Kong_568_2002_2002-03-25                  34.16%    passed     67.02%
 109  A_Hong-Kong_6881_2010_2010-11-21                  0.00%    passed     96.38%
 110  A_Hong-Kong_6882_2010_2010-11-23                  0.00%    passed     96.70%
 111  A_Hong-Kong_6894_2010_2010-11-26                  0.00%    passed     96.70%
 112  A_Hong-Kong_6925_2010_2010-11-30                  0.00%    passed     93.16%
 113  A_Hong-Kong_6927_2010_2010-12-01                  0.00%    passed     93.22%
 114  A_Hong-Kong_6934_2010_2010-12-05                  0.00%    passed     96.11%
 115  A_Hong-Kong_6940_2010_2010-12-04                  0.00%    passed     96.02%
 116  A_Hong-Kong_71_2008_2008-01-23                    0.00%    passed     96.15%
 117  A_Hong-Kong_97_2008_2008-01-25                    0.00%    passed     95.68%
 118  A_Hong-Kong2180__2010_2010-07-09                  0.00%    passed     93.97%
 119  A_Hong_Kong_CUHK10297_2005_2005-04-06             0.00%    passed     96.14%
 120  A_Hong_Kong_CUHK10591_2005_2005-04-10             0.00%    passed     92.60%
 121  A_Hong_Kong_CUHK11949_2005_2005-04-28             0.00%    passed     96.14%
 122  A_Hong_Kong_CUHK12320_2005_2005-05-04             0.00%    passed     93.23%
 123  A_Hong_Kong_CUHK12420_2005_2005-05-04             0.00%    passed     92.41%
 124  A_Hong_Kong_CUHK12425_2005_2005-05-05             0.00%    passed     92.60%
 125  A_Hong_Kong_CUHK13033_2001_2001-03-05             0.12%    passed     91.19%
 126  A_Hong_Kong_CUHK13048_2001_2001-03-06             0.00%    passed     85.22%
 127  A_Hong_Kong_CUHK13126_2004_2004-02-02             0.00%    passed     98.36%
 128  A_Hong_Kong_CUHK13172_2001_2001-03-07             0.00%    passed     97.71%
 129  A_Hong_Kong_CUHK13216_2002_2002-03-01             0.00%    passed     83.17%
 130  A_Hong_Kong_CUHK13249_2002_2002-03-03             0.00%    passed     74.58%
 131  A_Hong_Kong_CUHK13278_2002_2002-03-04             0.00%    passed     95.50%
 132  A_Hong_Kong_CUHK13299_2003_2003-03-01             0.00%    passed     95.89%
 133  A_Hong_Kong_CUHK13339_2003_2003-03-03             0.00%    passed     93.88%
 134  A_Hong_Kong_CUHK13434_2003_2003-03-03             0.00%    passed     98.33%
 135  A_Hong_Kong_CUHK13483_2003_2003-03-04             0.00%    passed     96.65%
 136  A_Hong_Kong_CUHK13510_2001_2001-03-16             0.00%    passed     89.54%
 137  A_Hong_Kong_CUHK13527_2003_2003-03-05             0.00%    passed     98.09%
 138  A_Hong_Kong_CUHK13658_2001_2001-03-20             0.00%    passed     87.12%
 139  A_Hong_Kong_CUHK20169_2000_2000-01-07             0.00%    passed     92.94%
 140  A_Hong_Kong_CUHK20173_2000_2000-01-07             0.00%    passed     95.40%
 141  A_Hong_Kong_CUHK20200_2000_2000-01-07             0.06%    passed     95.20%
 142  A_Hong_Kong_CUHK20292_2000_2000-01-11             0.00%    passed     93.32%
 143  A_Hong_Kong_CUHK20294_2000_2000-01-12             0.00%    passed     95.40%
 144  A_Hong_Kong_CUHK20300_2000_2000-01-12             0.00%    passed     91.66%
 145  A_Hong_Kong_CUHK21124_2000_2000-02-04             0.06%    passed     92.86%
 146  A_Hong_Kong_CUHK21128_2000_2000-02-06             0.00%    passed     95.40%
 147  A_Hong_Kong_CUHK21132_2000_2000-02-07             0.06%    passed     95.71%
 148  A_Hong_Kong_CUHK21226_2001_2001-04-04             0.00%    passed     92.50%
 149  A_Hong_Kong_CUHK21250_2000_2000-02-09             0.06%    passed     94.73%
 150  A_Hong_Kong_CUHK21259_2004_2004-02-14             0.00%    passed     99.03%
 151  A_Hong_Kong_CUHK21421_2001_2001-04-11             0.00%    passed     82.66%
 152  A_Hong_Kong_CUHK21582_2002_2002-04-02             0.00%    passed     84.20%
 153  A_Hong_Kong_CUHK21675_2001_2001-04-20             0.00%    passed     85.02%
 154  A_Hong_Kong_CUHK21713_2002_2002-04-04             0.00%    passed     91.15%
 155  A_Hong_Kong_CUHK21733_2001_2001-04-21             0.00%    passed     82.85%
 156  A_Hong_Kong_CUHK21734_2001_2001-04-21             0.00%    passed     87.40%
 157  A_Hong_Kong_CUHK21742_2002_2002-04-08             0.00%    passed     92.73%
 158  A_Hong_Kong_CUHK21932_2001_2001-04-27             0.00%    passed     91.43%
 159  A_Hong_Kong_CUHK21957_2002_2002-04-11             0.00%    passed     78.33%
 160  A_Hong_Kong_CUHK22072_2000_2000-03-01             0.00%    passed     92.72%
 161  A_Hong_Kong_CUHK22078_2000_2000-03-02             0.00%    passed     92.94%
 162  A_Hong_Kong_CUHK22087_2000_2000-03-02             0.00%    passed     94.98%
 163  A_Hong_Kong_CUHK22162_2000_2000-03-04             0.00%    passed     90.14%
 164  A_Hong_Kong_CUHK22510_2004_2004-03-03             0.00%    passed     93.31%
 165  A_Hong_Kong_CUHK22567_2004_2004-03-04             0.00%    passed     95.05%
 166  A_Hong_Kong_CUHK22644_2001_2001-05-21             0.00%    passed     90.04%
 167  A_Hong_Kong_CUHK22888_2001_2001-05-28             0.00%    passed     88.61%
 168  A_Hong_Kong_CUHK23111_2002_2002-05-09             0.00%    passed     82.74%
 169  A_Hong_Kong_CUHK23113_2002_2002-05-10             0.00%    passed     89.69%
 170  A_Hong_Kong_CUHK23162_2002_2002-05-10             0.00%    passed     90.12%
 171  A_Hong_Kong_CUHK23180_2002_2002-05-12             0.00%    passed     94.38%
 172  A_Hong_Kong_CUHK24044_2002_2002-06-01             0.12%    passed     95.62%
 173  A_Hong_Kong_CUHK24054_2002_2002-06-02             0.00%    passed     92.36%
 174  A_Hong_Kong_CUHK24114_2002_2002-06-03             0.24%    passed     92.78%
 175  A_Hong_Kong_CUHK24167_2002_2002-06-04             0.00%    passed     96.44%
 176  A_Hong_Kong_CUHK24289_2004_2004-04-02             0.00%    passed     98.23%
 177  A_Hong_Kong_CUHK24447_2004_2004-04-07             0.00%    passed     94.02%
 178  A_Hong_Kong_CUHK24510_2001_2001-07-15             0.00%    passed     91.27%
 179  A_Hong_Kong_CUHK24749_2001_2001-07-19             0.00%    passed     94.48%
 180  A_Hong_Kong_CUHK24760_2001_2001-07-20             0.12%    passed     91.52%
 181  A_Hong_Kong_CUHK24825_2001_2001-07-22             0.00%    passed     87.60%
 182  A_Hong_Kong_CUHK24882_2001_2001-07-23             0.00%    passed     90.23%
 183  A_Hong_Kong_CUHK24985_2001_2001-07-26             0.00%    passed     89.82%
 184  A_Hong_Kong_CUHK26805_2000_2000-07-22             0.12%    passed     98.64%
 185  A_Hong_Kong_CUHK26846_2000_2000-07-25             0.18%    passed     93.18%
 186  A_Hong_Kong_CUHK26907_2000_2000-07-27             0.00%    passed     92.72%
 187  A_Hong_Kong_CUHK26969_2000_2000-07-29             0.00%    passed     89.82%
 188  A_Hong_Kong_CUHK26980_2000_2000-07-30             0.00%    passed     89.82%
 189  A_Hong_Kong_CUHK27157_2000_2000-08-05             0.00%    passed     93.05%
 190  A_Hong_Kong_CUHK27183_2000_2000-08-06             0.00%    passed     92.72%
 191  A_Hong_Kong_CUHK27374_2000_2000-08-12             0.00%    passed     89.97%
 192  A_Hong_Kong_CUHK28038_2000_2000-09-03             0.00%    passed     83.73%
 193  A_Hong_Kong_CUHK28040_2000_2000-09-03             0.00%    passed     91.77%
 194  A_Hong_Kong_CUHK28501_2000_2000-09-16             0.12%    passed     92.68%
 195  A_Hong_Kong_CUHK33047_2002_2002-07-01             0.00%    passed     94.84%
 196  A_Hong_Kong_CUHK33079_2002_2002-07-02             0.00%    passed     92.01%
 197  A_Hong_Kong_CUHK33106_2002_2002-07-02             0.00%    passed     93.54%
 198  A_Hong_Kong_CUHK33199_2002_2002-07-04             0.06%    passed     95.58%
 199  A_Hong_Kong_CUHK33316_2001_2001-08-06             0.00%    passed     91.27%
 200  A_Hong_Kong_CUHK33406_2001_2001-08-08             0.00%    passed     90.37%
 201  A_Hong_Kong_CUHK33416_2001_2001-08-09             0.00%    passed     93.31%
 202  A_Hong_Kong_CUHK33418_2001_2001-08-09             0.00%    passed     94.02%
 203  A_Hong_Kong_CUHK33677_2004_2004-05-04             0.00%    passed     98.93%
 204  A_Hong_Kong_CUHK33894_2004_2004-05-08             0.00%    passed     98.04%
 205  A_Hong_Kong_CUHK34175_2002_2002-08-01             0.00%    passed     95.26%
 206  A_Hong_Kong_CUHK34193_2002_2002-08-02             0.00%    passed     94.22%
 207  A_Hong_Kong_CUHK35013_2004_2004-06-01             0.00%    passed     98.36%
 208  A_Hong_Kong_CUHK35117_2004_2004-06-03             0.00%    passed     96.11%
 209  A_Hong_Kong_CUHK40139_2005_2005-06-04             0.00%    passed     93.12%
 210  A_Hong_Kong_CUHK42241_2005_2005-07-02             0.00%    passed     94.54%
 211  A_Hong_Kong_CUHK42644_2005_2005-07-09             0.00%    passed     96.14%
 212  A_Hong_Kong_CUHK43751_2005_2005-07-26             0.00%    passed     95.67%
 213  A_Hong_Kong_CUHK45130_2006_2006-12-04             0.00%    passed     94.54%
 214  A_Hong_Kong_CUHK50080_2001_2001-11-08             0.00%    passed     93.88%
 215  A_Hong_Kong_CUHK50200_2002_2002-10-01             0.00%    passed     93.79%
 216  A_Hong_Kong_CUHK50372_2004_2004-07-02             0.00%    passed     96.34%
 217  A_Hong_Kong_CUHK50952_2003_2003-07-08             0.00%    passed     95.47%
 218  A_Hong_Kong_CUHK5111_2003_2003-01-06              0.00%    passed     94.57%
 219  A_Hong_Kong_CUHK51353_2003_2003-07-18             0.00%    passed     95.39%
 220  A_Hong_Kong_CUHK51380_2003_2003-07-19             0.00%    passed     97.71%
 221  A_Hong_Kong_CUHK51424_2001_2001-12-26             0.00%    passed     86.73%
 222  A_Hong_Kong_CUHK51431_2001_2001-12-26             0.00%    passed     91.86%
 223  A_Hong_Kong_CUHK51490_2001_2001-12-28             0.00%    passed     92.30%
 224  A_Hong_Kong_CUHK52011_2003_2003-08-05             0.00%    passed     97.74%
 225  A_Hong_Kong_CUHK52247_2000_2000-12-08             0.00%    passed     98.60%
 226  A_Hong_Kong_CUHK52274_2004_2004-08-06             0.00%    passed     99.46%
 227  A_Hong_Kong_CUHK52390_2004_2004-08-08             0.00%    passed     95.10%
 228  A_Hong_Kong_CUHK52467_2003_2003-08-18             0.00%    passed     96.74%
 229  A_Hong_Kong_CUHK5250_2002_2002-01-10              0.00%    passed     90.51%
 230  A_Hong_Kong_CUHK5251_2002_2002-01-10              0.00%    passed     91.56%
 231  A_Hong_Kong_CUHK52923_2003_2003-08-26             0.00%    passed     97.56%
 232  A_Hong_Kong_CUHK5296_2002_2002-01-12              0.00%    passed     92.37%
 233  A_Hong_Kong_CUHK5300_2005_2005-01-08              0.00%    passed     95.63%
 234  A_Hong_Kong_CUHK53004_2006_2006-03-04             0.00%    passed     92.41%
 235  A_Hong_Kong_CUHK53005_2006_2006-03-04             0.00%    passed     92.41%
 236  A_Hong_Kong_CUHK53123_2002_2002-12-18             0.00%    passed     94.71%
 237  A_Hong_Kong_CUHK5316_2003_2003-01-10              0.00%    passed     95.89%
 238  A_Hong_Kong_CUHK53766_2004_2004-09-03             0.00%    passed     95.67%
 239  A_Hong_Kong_CUHK53798_2006_2006-03-17             0.12%    passed     93.85%
 240  A_Hong_Kong_CUHK53907_2006_2006-03-19             0.00%    passed     94.54%
 241  A_Hong_Kong_CUHK5627_2003_2003-01-18              0.00%    passed     88.08%
 242  A_Hong_Kong_CUHK5647_2004_2004-01-12              0.00%    passed     94.02%
 243  A_Hong_Kong_CUHK5723_2003_2003-01-20              0.00%    passed     96.47%
 244  A_Hong_Kong_CUHK60052_2006_2006-06-29             0.00%    passed     92.60%
 245  A_Hong_Kong_CUHK6205_2003_2003-02-03              0.00%    passed     95.23%
 246  A_Hong_Kong_CUHK6206_2002_2002-02-03              0.00%    passed     80.86%
 247  A_Hong_Kong_CUHK6210_2002_2002-02-03              0.00%    passed     80.86%
 248  A_Hong_Kong_CUHK6262_2003_2003-02-04              0.00%    passed     89.39%
 249  A_Hong_Kong_CUHK6377_2003_2003-02-07              0.00%    passed     94.39%
 250  A_Hong_Kong_CUHK6383_2003_2003-02-07              0.00%    passed     96.35%
 251  A_Hong_Kong_CUHK63957_2006_2006-09-07             0.00%    passed     93.49%
 252  A_Hong_Kong_CUHK64082_2006_2006-09-10             0.00%    passed     93.49%
 253  A_Hong_Kong_CUHK6427_2003_2003-02-08              0.12%    passed     96.68%
 254  A_Hong_Kong_CUHK6474_2003_2003-02-10              0.12%    passed     96.63%
 255  A_Hong_Kong_CUHK65241_2006_2006-09-28             0.00%    passed     95.81%
 256  A_Hong_Kong_CUHK66001_2006_2006-10-13             0.00%    passed     95.81%
 257  A_Hong_Kong_CUHK68792_2006_2006-12-27             0.00%    passed     95.09%
 258  A_Hong_Kong_CUHK6898_2005_2005-02-12              0.00%    passed     99.22%
 259  A_Hong_Kong_CUHK69904_2006_2006-12-29             0.00%    passed     95.11%
 260  A_Hong_Kong_CUHK70435_2003_2003-09-10             0.00%    passed     97.35%
 261  A_Hong_Kong_CUHK7047_2005_2005-02-16              0.00%    passed     97.85%
 262  A_Hong_Kong_CUHK71313_2003_2003-09-21             0.00%    passed     94.64%
 263  A_Hong_Kong_CUHK72014_2003_2003-09-27             0.00%    passed     97.85%
 264  A_Hong_Kong_CUHK74438_2003_2003-11-14             0.00%    passed     97.35%
 265  A_Hong_Kong_CUHK74457_2003_2003-11-14             0.00%    passed     95.50%
 266  A_Hong_Kong_CUHK7546_2005_2005-02-27              0.00%    passed     99.40%
 267  A_Hong_Kong_CUHK7670_2005_2005-03-01              0.00%    passed     96.34%
 268  A_Hong_Kong_CUHK7733_2005_2005-03-02              0.00%    passed     99.40%
 269  A_Hong_Kong_CUHK8333_2005_2005-03-11              0.00%    passed     96.92%
 270  A_Hong_Kong_CUHK83422_2003_2003-12-30             0.00%    passed     95.57%
 271  A_Hong_Kong_H090_671_V10_2009_2009-07-06          0.00%    passed     95.10%
 272  A_Hong_Kong_H090_674_V10_2009_2009-07-07          0.00%    passed     93.99%
 273  A_Hong_Kong_H090_688_V1_2009-07-10                0.00%    passed     97.65%
 274  A_Hong_Kong_H090_689_V1_2009-07-09                0.00%    passed     98.50%
 275  A_Hong_Kong_H090_692_V10_2009_2009-07-10          0.00%    passed     99.01%
 276  A_Hong_Kong_H090_695_V10_2009_2009-07-10          0.00%    passed     99.04%
 277  A_Hong_Kong_H090_703_V10_2009_2009-07-17          0.00%    passed     99.04%
 278  A_Hong_Kong_H090_710_V10_2009_2009-07-14          0.00%    passed     99.04%
 279  A_Hong_Kong_H090_714_V10_2009_2009-07-15          0.00%    passed     98.71%
 280  A_Hong_Kong_H090_724_V10_2009_2009-07-20          0.00%    passed     96.14%
 281  A_Hong_Kong_H090_725_V10_2009_2009-07-20          0.00%    passed     99.40%
 282  A_Hong_Kong_H090_726_V10_2009_2009-07-20          0.00%    passed     98.69%
 283  A_Hong_Kong_H090_729_V10_2009_2009-07-21          0.00%    passed     99.20%
 284  A_Hong_Kong_H090_734_V10_2009_2009-07-22          0.00%    passed     98.93%
 285  A_Hong_Kong_H090_734_V20_2009_2009-07-24          0.00%    passed     99.40%
 286  A_Hong_Kong_H090_736_V10_2009_2009-07-23          0.00%    passed     97.65%
 287  A_Hong_Kong_H090_739_V10_2009_2009-07-23          0.00%    passed     97.25%
 288  A_Hong_Kong_H090_739_V3_2009-07-29                0.00%    passed     97.40%
 289  A_Hong_Kong_H090_741_V10_2009_2009-07-24          0.00%    passed     98.21%
 290  A_Hong_Kong_H090_747_V10_2009_2009-07-28          0.00%    passed     98.23%
 291  A_Hong_Kong_H090_747_V22_2009_2009-07-30          0.00%    passed     98.23%
 292  A_Hong_Kong_H090_750_V10_2009_2009-07-29          0.00%    passed     98.50%
 293  A_Hong_Kong_H090_752_V10_2009_2009-07-29          0.00%    passed     98.36%
 294  A_Hong_Kong_H090_755_V20_2009_2009-08-01          0.00%    passed     97.95%
 295  A_Hong_Kong_H090_763_V10_2009_2009-07-31          0.00%    passed     97.40%
 296  A_Hong_Kong_H090_768_V10_2009_2009-08-02          0.00%    passed     98.69%
 297  A_Hong_Kong_HKU100_2005_2005-05-10                0.00%    passed     96.14%
 298  A_Hong_Kong_HKU101_2005_2005-05-12                0.00%    passed     97.25%
 299  A_Hong_Kong_HKU105_2005_2005-05-24                0.00%    passed     94.54%
 300  A_Hong_Kong_HKU107_2005_2005-05-28                0.00%    passed     94.54%
 301  A_Hong_Kong_HKU108_2005_2005-06-03                0.00%    passed     92.60%
 302  A_Hong_Kong_HKU11_2004_2004-03-25                 0.00%    passed     98.63%
 303  A_Hong_Kong_HKU111_2005_2005-06-25                0.00%    passed     94.64%
 304  A_Hong_Kong_HKU116_2004_2004-03-08                0.00%    passed     97.56%
 305  A_Hong_Kong_HKU117_2004_2004-03-31                0.00%    passed     95.13%
 306  A_Hong_Kong_HKU12_2004_2004-03-29                 0.00%    passed     93.31%
 307  A_Hong_Kong_HKU120_2004_2004-05-10                0.00%    passed     95.07%
 308  A_Hong_Kong_HKU121_2004_2004-05-18                0.00%    passed     98.93%
 309  A_Hong_Kong_HKU122_2004_2004-06-07                0.00%    passed     98.87%
 310  A_Hong_Kong_HKU123_2004_2004-06-25                0.00%    passed     99.49%
 311  A_Hong_Kong_HKU15_2004_2004-04-23                 0.06%    passed     97.72%
 312  A_Hong_Kong_HKU18_2004_2004-05-28                 0.00%    passed     96.35%
 313  A_Hong_Kong_HKU19_2004_2004-06-01                 0.00%    passed     98.93%
 314  A_Hong_Kong_HKU20_2004_2004-06-15                 0.00%    passed     99.04%
 315  A_Hong_Kong_HKU21_2004_2004-06-19                 0.00%    passed     99.41%
 316  A_Hong_Kong_HKU23_2004_2004-07-02                 0.00%    passed     98.45%
 317  A_Hong_Kong_HKU24_2004_2004-07-05                 0.00%    passed     97.35%
 318  A_Hong_Kong_HKU25_2004_2004-07-07                 0.06%    passed     99.56%
 319  A_Hong_Kong_HKU28_2004_2004-07-17                 0.00%    passed     99.10%
 320  A_Hong_Kong_HKU29_2004_2004-07-21                 0.00%    passed     99.10%
 321  A_Hong_Kong_HKU31_2004_2004-07-30                 0.00%    passed     99.46%
 322  A_Hong_Kong_HKU33_2004_2004-08-09                 0.00%    passed     99.32%
 323  A_Hong_Kong_HKU34_2004_2004-08-18                 0.00%    passed     99.76%
 324  A_Hong_Kong_HKU35_2004_2004-08-24                 0.00%    passed     99.46%
 325  A_Hong_Kong_HKU37_2004_2004-09-17                 0.00%    passed     99.04%
 326  A_Hong_Kong_HKU38_2004_2004-09-23                 0.00%    passed     97.84%
 327  A_Hong_Kong_HKU4_2004_2004-03-01                  0.00%    passed     98.93%
 328  A_Hong_Kong_HKU44_2005_2005-02-28                 0.00%    passed     96.14%
 329  A_Hong_Kong_HKU45_2005_2005-03-07                 0.00%    passed     97.69%
 330  A_Hong_Kong_HKU5_2004_2004-03-04                  0.00%    passed     94.02%
 331  A_Hong_Kong_HKU51_2005_2005-04-13                 0.00%    passed     92.60%
 332  A_Hong_Kong_HKU52_2005_2005-04-16                 0.00%    passed     94.54%
 333  A_Hong_Kong_HKU55_2005_2005-04-30                 0.00%    passed     95.97%
 334  A_Hong_Kong_HKU59_2005_2005-05-07                 0.00%    passed     95.60%
 335  A_Hong_Kong_HKU6_2004_2004-03-06                  0.00%    passed     95.89%
 336  A_Hong_Kong_HKU61_2005_2005-05-11                 0.00%    passed     96.14%
 337  A_Hong_Kong_HKU62_2005_2005-05-13                 0.00%    passed     94.64%
 338  A_Hong_Kong_HKU63_2005_2005-05-14                 0.00%    passed     92.60%
 339  A_Hong_Kong_HKU64_2005_2005-05-16                 0.00%    passed     96.14%
 340  A_Hong_Kong_HKU65_2005_2005-05-17                 0.00%    passed     92.60%
 341  A_Hong_Kong_HKU66_2005_2005-05-21                 0.00%    passed     96.14%
 342  A_Hong_Kong_HKU67_2005_2005-05-23                 0.00%    passed     94.54%
 343  A_Hong_Kong_HKU69_2005_2005-05-27                 0.06%    passed     92.66%
 344  A_Hong_Kong_HKU70_2005_2005-05-30                 0.00%    passed     90.31%
 345  A_Hong_Kong_HKU71_2005_2005-05-31                 0.06%    passed     93.36%
 346  A_Hong_Kong_HKU73_2005_2005-06-02                 0.00%    passed     97.25%
 347  A_Hong_Kong_HKU75_2005_2005-06-17                 0.00%    passed     89.33%
 348  A_Hong_Kong_HKU76_2005_2005-06-21                 0.00%    passed     93.83%
 349  A_Hong_Kong_HKU77_2005_2005-06-29                 0.00%    passed     94.54%
 350  A_Hong_Kong_HKU78_2005_2005-07-09                 0.00%    passed     92.60%
 351  A_Hong_Kong_HKU79_2005_2005-07-16                 0.00%    passed     90.31%
 352  A_Hong_Kong_HKU8_2004_2004-03-13                  0.00%    passed     96.11%
 353  A_Hong_Kong_HKU88_2004_2004-07-27                 0.00%    passed     99.46%
 354  A_Hong_Kong_HKU89_2004_2004-08-04                 0.00%    passed     99.04%
 355  A_Hong_Kong_HKU9_2004_2004-03-19                  0.00%    passed     96.11%
 356  A_Hong_Kong_NHRC0001_2005_2005-06-15              0.00%    passed     95.10%
 357  A_Hunan-Heshan_1314_2010_2010-09-09               0.06%    passed     94.69%
 358  A_Hunan-Yuhua_11209_2010_2010-10-15               0.00%    passed     93.35%
 359  A_Hunan_195_2003_2003-04-27                      43.46%    passed     64.16%
 360  A_Hunan_274_2003_2003-05-26                      43.46%    passed     62.89%
 361  A_Hunan_407_2002_2002-08-20                      39.16%    passed     80.37%
 362  A_Hunan_422_2002_2002-08-26                      43.46%    passed     52.84%
 363  A_Hunan_448_2003_2003-08-26                      43.46%    passed     48.70%
 364  A_Hunan_485_2003_2003-09-18                      43.46%    passed     60.07%
 365  A_Hunan_493_2003_2003-09-22                      43.46%    passed     57.62%
 366  A_Hunan_Furong1217_2007_2007-07-17                0.00%    passed     97.75%
 367  A_Hunan_Furong1221_2007_2007-07-17                0.00%    passed     97.07%
 368  A_Hunan_Furong13_2007_2007-01-03                  0.00%    passed     99.30%
 369  A_Hunan_Yuetang35_2007_2007-04-20                 0.00%    passed     98.87%
 370  A_Hunan_Furong_169_2007_2007-03-04               43.46%    passed     50.15%
 371  A_Hunan_Furong_178_2007_2007-03-20               43.46%    passed     44.84%
 372  A_Hunan_Suxian_2124_2008_2008-10-30              43.46%    passed     33.83%
 373  A_Hunan_Wugang_38_2007_2007-03-15                43.46%    passed     67.61%
 374  A_Hunan_Yuhua_1244_2007_2007-04-02               43.46%    passed     65.44%
 375  A_Jiangxi-Donghu_1900_2010_2010-10-13             0.00%    passed     91.15%
 376  A_Jiangxi_1033_2006_2006-07-11                   43.46%    passed     58.82%
 377  A_Jiangxi_1106_2006_2006-07-20                   43.46%    passed     54.15%
 378  A_Jiangxi_1123_2006_2006-07-20                   43.46%    passed     57.84%
 379  A_Jiangxi_1209_2006_2006-08-03                   43.46%    passed     61.25%
 380  A_Jiangxi_1388_2006_2006-09-21                   43.46%    passed     60.51%
 381  A_Jiangxi_151_2004_2004-04-15                    43.46%    passed     51.96%
 382  A_Jiangxi_20_2003_2003-05-24                     43.46%    passed     56.83%
 383  A_Jiangxi_357_2007_2007-03-30                    43.46%    passed     45.98%
 384  A_Jiangxi_663_2005_2005-08-31                    43.46%    passed     53.27%
 385  A_Jiangxi_680_2007_2007-06-05                    43.46%    passed     41.30%
 386  A_Jiangxi_919_2006_2006-06-26                    43.52%    passed     58.66%
 387  A_Jiangxi_Yuanzhou_1142_2007_2007-04-01          43.46%    passed     36.21%
 388  A_Kunming_1_Va10_2005_2005-11-30                  0.00%    passed     90.37%
 389  A_MACAU_2321_2009_2009-07-03                      0.00%    passed     97.59%
 390  A_MACAU_3415_2009_2009-07-27                      0.00%    passed     96.44%
 391  A_Macau_1343_2008_2008-07-04                      0.41%    passed     97.90%
 392  A_Macau_200_2007_2007-02-27                      40.69%    passed     56.20%
 393  A_Macau_236_2008_2008-02-25                      40.28%    passed     67.94%
 394  A_Ningbo_1030_2006_2006-09-06                    41.87%    passed     56.51%
 395  A_Ningbo_116_2007_2007-02-02                     41.87%    passed     56.05%
 396  A_Ningbo_1224_2004_2004-09-17                    43.46%    passed     54.54%
 397  A_Ningbo_262_2003_2003-09-08                     43.46%    passed     59.21%
 398  A_Ningbo_333_2008_2008-03-20                     41.87%    passed     33.61%
 399  A_Ningbo_336_2007_2007-04-05                     41.87%    passed     40.04%
 400  A_Ningbo_343_2006_2006-04-03                     41.87%    passed     30.19%
 401  A_Ningbo_788_2008_2008-08-20                     41.87%    passed     32.54%
 402  A_Ningbo_794_2007_2007-08-22                     41.87%    passed     37.09%
 403  A_Ningbo_938_2006_2006-08-15                     41.87%    passed     58.70%
 404  A_SHENZHEN_195_2000_2000-03-13                   41.87%    passed     65.92%
 405  A_SHENZHEN_499_2000_2000-05-22                   41.11%    passed     65.42%
 406  A_SHENZHEN_882_2000_2000-09-03                   41.11%    passed     58.42%
 407  A_Shantou_546_2010_2010-12-06                     0.00%    passed     92.68%
 408  A_Shenzhen_37_2002_2002-01-07                    43.46%    passed     62.89%
 409  A_TAIWAN_1_2001_2001-02-02                       39.87%    passed     58.76%
 410  A_TAIWAN_1459_2000_2000-04-17                    41.87%    passed     73.01%
 411  A_TAIWAN_1471_2000_2000-12-24                    34.81%    passed     62.55%
 412  A_TAIWAN_15_2000_2000-09-02                      39.28%    passed     74.08%
 413  A_TAIWAN_16_2000_2000-09-09                      40.16%    passed     80.13%
 414  A_TAIWAN_17_2000_2000-09-29                      39.16%    passed     64.50%
 415  A_TAIWAN_206_2000_2000-03-30                     41.87%    passed     59.79%
 416  A_TAIWAN_22_2000_2000-12-12                      39.10%    passed     67.08%
 417  A_TAIWAN_22104_2001_2001-02-04                   33.92%    passed     60.87%
 418  A_TAIWAN_3_2000_2000-01-19                       39.16%    passed     56.79%
 419  A_TAIWAN_6_2000_2000-01-07                       39.87%    passed     54.52%
 420  A_TAIWAN_8_2002_2002-09-25                       40.22%    passed     63.58%
 421  A_TAIWAN_92605_2001_2001-02-04                   31.45%    passed     71.59%
 422  A_Taiwan_132_2007_2007-02-25                     41.87%    passed     56.00%
 423  A_Taiwan_133_2006_2006-02-18                     41.87%    passed     45.54%
 424  A_Taiwan_1452_2007_2007-07-03                     0.00%    passed     90.64%
 425  A_Taiwan_17_2006_2006-01-16                      41.87%    passed     38.70%
 426  A_Taiwan_18_2007_2007-01-16                      41.87%    passed     58.70%
 427  A_Taiwan_211_2006_2006-03-06                     41.87%    passed     44.96%
 428  A_Taiwan_214_2007_2007-03-11                     41.87%    passed     46.95%
 429  A_Taiwan_216_2007_2007-03-11                     41.87%    passed     49.32%
 430  A_Taiwan_2361_2007_2007-11-12                     0.06%    passed     98.18%
 431  A_Taiwan_2428_2008_2008-12-24                    37.75%    passed     86.24%
 432  A_Taiwan_315_2006_2006-03-25                     31.57%    passed     91.21%
 433  A_Taiwan_33_2007_2007-01-27                      41.87%    passed     59.03%
 434  A_Taiwan_385_2010_2010-08-09                     36.98%    passed     72.29%
 435  A_Taiwan_415_2008_2008-06-06                      0.24%    passed     88.45%
 436  A_Taiwan_42_2010_2010-05-02                       0.00%    passed     93.83%
 437  A_Taiwan_420_2008_2008-06-05                      0.00%    passed     96.14%
 438  A_Taiwan_448_2007_2007-05-08                     41.87%    passed     27.71%
 439  A_Taiwan_449_2007_2007-04-21                     41.87%    passed     30.74%
 440  A_Taiwan_471_2008_2008-08-21                      0.00%    passed     96.36%
 441  A_Taiwan_5_2007_2007-01-11                       41.87%    passed     51.49%
 442  A_Taiwan_56_2007_2007-02-04                      41.17%    passed     55.98%
 443  A_Taiwan_5780_2008_2008-12-08                    37.75%    passed     90.26%
 444  A_Taiwan_602_2010_2010-09-08                     37.04%    passed     77.04%
 445  A_Taiwan_611_2008_2008-10-25                      0.00%    passed     98.87%
 446  A_Taiwan_612_2008_2008-11-08                      0.06%    passed     97.60%
 447  A_Taiwan_7_2007_2007-01-11                       41.87%    passed     49.32%
 448  A_Taiwan_70002_2007_2007-01-02                    0.00%    passed     95.84%
 449  A_Taiwan_70113_2007_2007-01-15                    0.00%    passed     93.35%
 450  A_Taiwan_70120_2008_2008-01-15                    0.00%    passed     98.65%
 451  A_Taiwan_70307_2007_2007-02-03                    0.00%    passed     96.92%
 452  A_Taiwan_707_2007_2007-09-29                      0.12%    passed     94.00%
 453  A_Taiwan_72106_2007_2007-10-22                    0.00%    passed     97.66%
 454  A_Taiwan_722_2009_2009-05-02                      0.00%    passed     99.76%
 455  A_Taiwan_754_2006_2006-09-19                     41.87%    passed     27.70%
 456  A_Taiwan_760_2007_2007-10-03                      0.00%    passed     96.79%
 457  A_Taiwan_784_2006_2006-09-06                     40.34%    passed     52.52%
 458  A_Taiwan_790_2006_2006-11-24                     41.87%    passed     53.43%
 459  A_Taiwan_799_2006_2006-12-05                     41.87%    passed     38.96%
 460  A_Taiwan_821_2007_2007-09-18                      0.00%    passed     92.63%
 461  A_Taiwan_825_2007_2007-10-20                      0.12%    passed     95.30%
 462  A_Taiwan_834_2007_2007-10-11                     39.58%    passed     54.52%
 463  A_Taiwan_839_2009_2009-10-02                      0.00%    passed     99.04%
 464  A_Taiwan_851_2010_2010-09-15                      0.00%    passed     97.24%
 465  A_Taiwan_860_2010_2010-09-29                      0.06%    passed     94.56%
 466  A_Taiwan_9_2004_2004-01-02                        0.00%    passed     98.85%
 467  A_Yunnan-Xishan_1709_2010_2010-09-06             39.81%    passed     53.83%
 468  A_Yunnan_1007_2004_2004-10-29                    43.46%    passed     54.58%
 469  A_Yunnan_184_2003_2003-03-19                     43.46%    passed     53.96%
 470  A_Yunnan_Anning_145_2007_2007-04-02              43.46%    passed     56.83%
 471  A_Yunnan_Chuxiong_190_2009_2009-03-26            46.58%    passed     55.47%
 472  A_Yunnan_Mengzi_1464_2008_2008-10-22             43.46%    passed     28.90%
 473  A_Zhejiang_8_2002_2002-05-09                     34.45%    passed     77.00%
 474  A_Zhejiang_Jianggan_152_2007_2007-01-31          43.46%    passed     36.23%
 475  A_Zhejiang_Wucheng_128_2007_2007-02-01           43.46%    passed     58.82%
 476  A_Zhejiang_Wuxing_19_2007_2007-01-19             43.46%    passed     57.62%
 477  A_Zhuhai_258_2008_2008-03-28                     44.35%    passed     22.10%
 478  A_Zhuhai_338_2007_2007-05-29                     44.35%    passed     34.99%
 479  A_Zhuhai_343_2008_2008-04-25                     44.35%    passed     27.75%
 480  A_Zhuhai_354_2005_2005-06-06                     44.35%    passed     34.03%
 481  A_Zhuhai_358_2005_2005-06-06                     44.35%    passed     43.52%
 482  A_Zhuhai_676_2008_2008-07-07                     44.35%    passed     27.75%
 483  A_Zhuhai_798_2008_2008-07-27                     44.35%    passed     22.40%
 484  A_Zhuhai_902_2008_2008-08-11                     44.35%    passed     35.76%
 485  A_Zhuhai_943_2008_2008-08-18                     44.35%    passed     29.48%
 486  FUJIAN-FUZHOU-GULOU_1658_2008_2008-06-26         52.53%    passed     47.52%
 487  FUJIAN-LONGYAN-XINLUO_133_2010_2010-01-12         0.00%    passed     95.11%
 488  FUJIAN-SANMING-MEILIE_1464_2010_2010-09-06       41.87%    passed     47.97%
 489  FUJIAN-XIAMEN-TONGAN_1390_2008_2008-08-12        42.29%    passed     37.56%
 490  FUJIAN_292_2003_2003-08-05                       41.87%    passed     51.31%
 491  FUJIAN_325_2003_2003-05-21                       41.87%    passed     59.03%
 492  FUJIAN_411_2002_2002-08-11                       41.87%    passed     66.03%
 493  FUJIAN_555_2003_2003-08-24                       41.87%    passed     49.30%
 494  GUANGDONG-MAOMING-MAONAN_11345_2010_2010-09-07   41.87%    passed     43.82%
 495  HAINAN-SANYA_58_2008_2008-05-27                  52.36%    passed     46.62%
 496  HK-03V6205_2003-02-03                            41.87%    passed     56.08%
 497  HONG-KONG_1173_2003_2003-06-20                   41.87%    passed     46.80%
 498  HONG-KONG_218_2006_2006-02-03                    41.87%    passed     35.23%
 499  HONG-KONG_3055_2006_2006-10-10                   41.87%    passed     39.24%
 500  HONG-KONG_3056_2006_2006-10-10                   41.87%    passed     36.81%
 501  HONG-KONG_3069_2006_2006-11-03                   41.87%    passed     43.82%
 502  HONG-KONG_334_2003_2003-02-24                    41.87%    passed     61.39%
 503  HONG-KONG_664_2003_2003-02-28                    41.87%    passed     59.03%
 504  HONG-KONG_711_2003_2003-03-07                    41.87%    passed     61.39%
 505  HUNAN-CHANGDE-WULING_1480_2010_2010-07-16         0.00%    passed     93.16%
 506  HUNAN-CHANGDE-WULING_2405_2008_2008-07-31        53.71%    passed     40.86%
 507  HUNAN-CHANGDE-WULING_2418_2008_2008-08-20        54.65%    passed     45.09%
 508  HUNAN-CHANGSHA-FURONG_1159_2010_2010-07-20        0.00%    passed     95.57%
 509  HUNAN-CHENZHOU-BEIHU_1143_2011_2011-03-11         0.00%    passed     98.52%
 510  HUNAN-HENGYANG-YANFENG_165_2011_2011-04-14        0.00%    passed     93.44%
 511  HUNAN-LOUDI-LOUXING_16_2011_2011-01-10            0.00%    passed     96.65%
 512  HUNAN_245_2003_2003-05-20                        41.87%    passed     56.66%
 513  JIANGXI-NANCHANG-DONGHU_1228_2008_2008-05-08     46.41%    passed     34.28%
 514  JIANGXIDONGHU_1435_2006_2006-06-28               41.87%    passed     54.05%
 515  JIANGXIDONGHU_312_2006_2006-06-29                41.87%    passed     49.32%
 516  TAIWAN_1529_2003_2003-09-07                      41.87%    passed     58.87%
 517  TAIWAN_40_2006_2006-01-21                        41.87%    passed     48.87%
 518  TAIWAN_760_2006_2006-09-17                       41.87%    passed     31.32%
 519  TAIWAN_83_2006_2006-02-04                        41.87%    passed     48.87%
 520  TAIWAN_99_2006_2006-02-12                        41.87%    passed     46.79%
 521  TW-1521_2002-12-09                               41.87%    passed     51.31%
 522  TW-1522_2002-12-15                               41.87%    passed     56.44%
 523  TW-1526_2003-08-20                               41.87%    passed     42.15%
 524  YUNNAN-CHUXIONG-CHUXIONG_1271_2008_2008-07-25    44.88%    passed     21.09%
 525  YUNNAN-CHUXIONG-CHUXIONG_1292_2008_2008-08-08    44.29%    passed     22.81%
 526  YUNNAN-KUNMING-GUANDU_135_2008_2008-05-28        45.52%    passed     24.71%
 527  YUNNAN-KUNMING-XISHAN_189_2008_2008-09-09        47.64%    passed     47.59%
 528  YUNNANANNING_199_2006_2006-12-25                 41.87%    passed     54.05%
WARNING: 4 sequences contain more than 50% gaps/ambiguity
****  TOTAL                                            13.62%  0 sequences failed composition chi2 test (p-value<5%; df=3)

Reading partition pos12 (model=HKY+G+F, aln=, seq=DNA, pos=1-1698\1,1-1698\2) ...
528 sequences and 2547 sites extracted

Reading partition pos3 (model=HKY+G+F, aln=, seq=DNA, pos=1-1698\3) ...
528 sequences and 566 sites extracted
Degree of missing data: 0.000

NOTE: 27 identical sequences (see below) will be ignored for subsequent analysis
NOTE: A_HONG-KONG_1585_2000_2000-07-19 (identical to A_GUANGZHOU_438_2000_2000-05-16) is ignored but added at the end
NOTE: A_Hong-Kong_2183_2010_2010-07-09 (identical to A_Hong-Kong_2146_2010_2010-07-06) is ignored but added at the end
NOTE: A_Hong-Kong_3615_2010_2010-08-26 (identical to A_Hong-Kong_2146_2010_2010-07-06) is ignored but added at the end
NOTE: A_Hong-Kong_3685_2010_2010-08-22 (identical to A_Hong-Kong_2146_2010_2010-07-06) is ignored but added at the end
NOTE: HUNAN-CHANGSHA-FURONG_1159_2010_2010-07-20 (identical to A_Hong-Kong_2146_2010_2010-07-06) is ignored but added at the end
NOTE: A_Hong-Kong_3570_2010_2010-08-26 (identical to A_Hong-Kong_3071_2010_2010-08-17) is ignored but added at the end
NOTE: A_Hong_Kong_H090_726_V10_2009_2009-07-20 (identical to A_Hong-Kong_4495_2009_2009-07-10) is ignored but added at the end
NOTE: A_Hong_Kong_H090_768_V10_2009_2009-08-02 (identical to A_Hong-Kong_4495_2009_2009-07-10) is ignored but added at the end
NOTE: A_Hong_Kong_CUHK21128_2000_2000-02-06 (identical to A_Hong_Kong_CUHK20173_2000_2000-01-07) is ignored but added at the end
NOTE: A_Hong_Kong_CUHK26980_2000_2000-07-30 (identical to A_Hong_Kong_CUHK26969_2000_2000-07-29) is ignored but added at the end
NOTE: A_Hong_Kong_HKU31_2004_2004-07-30 (identical to A_Hong_Kong_CUHK52274_2004_2004-08-06) is ignored but added at the end
NOTE: A_Hong_Kong_HKU35_2004_2004-08-24 (identical to A_Hong_Kong_CUHK52274_2004_2004-08-06) is ignored but added at the end
NOTE: A_Hong_Kong_HKU88_2004_2004-07-27 (identical to A_Hong_Kong_CUHK52274_2004_2004-08-06) is ignored but added at the end
NOTE: A_Hong_Kong_CUHK53005_2006_2006-03-04 (identical to A_Hong_Kong_CUHK53004_2006_2006-03-04) is ignored but added at the end
NOTE: A_Hong_Kong_CUHK6210_2002_2002-02-03 (identical to A_Hong_Kong_CUHK6206_2002_2002-02-03) is ignored but added at the end
NOTE: A_Hong_Kong_CUHK64082_2006_2006-09-10 (identical to A_Hong_Kong_CUHK63957_2006_2006-09-07) is ignored but added at the end
NOTE: A_Hong_Kong_CUHK7733_2005_2005-03-02 (identical to A_Hong_Kong_CUHK7546_2005_2005-02-27) is ignored but added at the end
NOTE: A_Hong_Kong_H090_736_V10_2009_2009-07-23 (identical to A_Hong_Kong_H090_688_V1_2009-07-10) is ignored but added at the end
NOTE: A_Hong_Kong_H090_750_V10_2009_2009-07-29 (identical to A_Hong_Kong_H090_689_V1_2009-07-09) is ignored but added at the end
NOTE: A_Hong_Kong_H090_710_V10_2009_2009-07-14 (identical to A_Hong_Kong_H090_695_V10_2009_2009-07-10) is ignored but added at the end
NOTE: A_Hong_Kong_H090_747_V22_2009_2009-07-30 (identical to A_Hong_Kong_H090_747_V10_2009_2009-07-28) is ignored but added at the end
NOTE: A_Hong_Kong_HKU52_2005_2005-04-16 (identical to A_Hong_Kong_HKU105_2005_2005-05-24) is ignored but added at the end
NOTE: A_Hong_Kong_HKU37_2004_2004-09-17 (identical to A_Hong_Kong_HKU20_2004_2004-06-15) is ignored but added at the end
NOTE: A_Hong_Kong_HKU89_2004_2004-08-04 (identical to A_Hong_Kong_HKU20_2004_2004-06-15) is ignored but added at the end
NOTE: A_Hong_Kong_HKU29_2004_2004-07-21 (identical to A_Hong_Kong_HKU28_2004_2004-07-17) is ignored but added at the end
NOTE: A_Hong_Kong_HKU77_2005_2005-06-29 (identical to A_Hong_Kong_HKU67_2005_2005-05-23) is ignored but added at the end
NOTE: YUNNANANNING_199_2006_2006-12-25 (identical to JIANGXIDONGHU_1435_2006_2006-06-28) is ignored but added at the end

Create initial parsimony tree by phylogenetic likelihood library (PLL)... 0.146 seconds

NOTE: 66 MB RAM is required!
Estimate model parameters (epsilon = 0.100)
Initial log-likelihood: -24331.373
Current log-likelihood at step 1: -24143.961
Current log-likelihood at step 2: -24143.710
Current log-likelihood at step 3: -24143.698
Partition-specific rates:  1.071 0.681
Parameters optimization took 2 rounds (1.895 sec)

--------------------------------------------------------------------
|             INITIALIZING CANDIDATE TREE SET                      |
--------------------------------------------------------------------
Computing ML distances based on estimated model parameters... 3.759 sec
Computing BIONJ tree...
0.381 seconds
Log-likelihood of BIONJ tree: -24626.252
Generating 98 parsimony trees... 18.807 seconds 100 distinct starting trees
Computing log-likelihood of 100 initial trees ... 34.603 seconds
Optimizing top 20 initial trees with NNI...
Iteration 1 / LogL: -24099.512 / Time: 0h:1m:1s
Estimate model parameters (epsilon = 0.100)
Initial log-likelihood: -24099.511
Current log-likelihood at step 1: -24099.483
Parameters optimization took 0 rounds (0.473 sec)

BETTER TREE FOUND at iteration 1: -24099.483
Iteration 2 / LogL: -24108.685 / Time: 0h:1m:4s
Iteration 3 / LogL: -24120.027 / Time: 0h:1m:5s
Iteration 4 / LogL: -24124.020 / Time: 0h:1m:7s
Iteration 5 / LogL: -24117.325 / Time: 0h:1m:8s
Iteration 6 / LogL: -24109.038 / Time: 0h:1m:10s
Iteration 7 / LogL: -24102.942 / Time: 0h:1m:12s
Iteration 8 / LogL: -24112.165 / Time: 0h:1m:14s
Iteration 9 / LogL: -24099.778 / Time: 0h:1m:16s
Iteration 10 / LogL: -24103.183 / Time: 0h:1m:18s
Iteration 11 / LogL: -24118.193 / Time: 0h:1m:19s
Iteration 12 / LogL: -24112.353 / Time: 0h:1m:21s
Iteration 13 / LogL: -24114.493 / Time: 0h:1m:23s
Iteration 14 / LogL: -24107.522 / Time: 0h:1m:26s
Iteration 15 / LogL: -24123.302 / Time: 0h:1m:28s
Iteration 16 / LogL: -24131.170 / Time: 0h:1m:29s
Iteration 17 / LogL: -24125.259 / Time: 0h:1m:31s
Iteration 18 / LogL: -24124.646 / Time: 0h:1m:33s
Iteration 19 / LogL: -24132.116 / Time: 0h:1m:35s
Iteration 20 / LogL: -24121.896 / Time: 0h:1m:37s
Average CPU time for 1 NNI search: 3.735
Finish initializing candidate tree set. Number of distinct locally optimal trees: 20
Current best tree score: -24099.483 / CPU time: 162.217
--------------------------------------------------------------------
|               OPTIMIZING CANDIDATE TREE SET                      |
--------------------------------------------------------------------
Estimate model parameters (epsilon = 0.010)
Initial log-likelihood: -24096.453
Current log-likelihood at step 1: -24096.434
Current log-likelihood at step 2: -24096.431
Parameters optimization took 1 rounds (0.915 sec)

BETTER TREE FOUND at iteration 23: -24096.431
Iteration 30 / LogL: -24212.778 / Time: 0h:2m:8s (0h:6m:50s left)
Iteration 40 / LogL: -24160.136 / Time: 0h:2m:38s (0h:5m:36s left)
Iteration 50 / LogL: -24213.784 / Time: 0h:3m:8s (0h:4m:39s left)
Iteration 60 / LogL: -24189.301 / Time: 0h:3m:37s (0h:3m:51s left)
Iteration 70 / LogL: -24129.212 / Time: 0h:4m:6s (0h:3m:9s left)
Iteration 80 / LogL: -24182.713 / Time: 0h:4m:37s (0h:2m:30s left)
Iteration 90 / LogL: -24151.563 / Time: 0h:5m:8s (0h:1m:53s left)
Iteration 100 / LogL: -24105.893 / Time: 0h:5m:37s (0h:1m:18s left)
Iteration 110 / LogL: -24114.311 / Time: 0h:6m:7s (0h:0m:43s left)
Iteration 120 / LogL: -24122.584 / Time: 0h:6m:36s (0h:0m:9s left)
TREE SEARCH COMPLETED AFTER 123 ITERATIONS / Time: 0h:6m:45s

--------------------------------------------------------------------
|                    FINALIZING TREE SEARCH                        |
--------------------------------------------------------------------
Performs final model parameters optimization
Estimate model parameters (epsilon = 0.010)
Initial log-likelihood: -24096.425
Current log-likelihood at step 1: -24096.423
Partition-specific rates:  1.071 0.681
Parameters optimization took 0 rounds (0.476 sec)

BEST SCORE FOUND : -24096.423
Total tree length: 1.060

Total number of iterations: 123
CPU time used for tree search: 768.311 sec (0h:12m:48s)
Wall-clock time used for tree search: 399.091 sec (0h:6m:39s)
Total CPU time used: 781.314 sec (0h:13m:1s)
Total wall-clock time used: 406.221 sec (0h:6m:46s)

Analysis results written to: 
  IQ-TREE report:                SouthChina.iqtree
  Maximum-likelihood tree:       SouthChina.treefile
  Likelihood distances:          SouthChina.mldist
  Screen log file:               SouthChina.log

Date and Time: Wed Mar 30 22:10:56 2016
