IQ-TREE multicore version 1.4.0 for Mac OS X 64-bit built Mar  4 2016
Copyright (c) 2011-2015 Nguyen Lam Tung, Olga Chernomor, Arndt von Haeseler and Bui Quang Minh.

Host:    vetmac06.vet.cam.ac.uk (AVX, 64 GB RAM)
Command: iqtree-omp -s SoutheastAsia.fas -pre SoutheastAsia -spp srd06.nex -nt 2
Seed:    430181 (Using SPRNG - Scalable Parallel Random Number Generator)
Time:    Wed Mar 30 22:12:14 2016
Kernel:  AVX - 2 threads (16 CPU cores detected)

Reading partition model file srd06.nex ...
Reading alignment file SoutheastAsia.fas ... Fasta format detected
Alignment most likely contains DNA/RNA sequences
Alignment has 494 sequences with 1698 columns and 748 patterns (430 informative sites)
WARNING: Some sequence names are changed as follows:
A/BANGKOK/103/2002_2002-03-19 -> A_BANGKOK_103_2002_2002-03-19
A/BANGKOK/109/2002_2002-03-25 -> A_BANGKOK_109_2002_2002-03-25
A/BANGKOK/115/2001_2001-03-26 -> A_BANGKOK_115_2001_2001-03-26
A/BANGKOK/132/2009_2009-05-25 -> A_BANGKOK_132_2009_2009-05-25
A/BANGKOK/156/2001_2001-04-23 -> A_BANGKOK_156_2001_2001-04-23
A/BANGKOK/161/2001_2001-04-24 -> A_BANGKOK_161_2001_2001-04-24
A/BANGKOK/178/2000_2000-03-28 -> A_BANGKOK_178_2000_2000-03-28
A/BANGKOK/190/2002_2002-07-01 -> A_BANGKOK_190_2002_2002-07-01
A/BANGKOK/202/2000_2000-05-02 -> A_BANGKOK_202_2000_2000-05-02
A/BANGKOK/223/2002_2002-07-08 -> A_BANGKOK_223_2002_2002-07-08
A/BANGKOK/224/2001_2001-06-12 -> A_BANGKOK_224_2001_2001-06-12
A/BANGKOK/226/2001_2001-06-11 -> A_BANGKOK_226_2001_2001-06-11
A/BANGKOK/247/2002_2002-07-15 -> A_BANGKOK_247_2002_2002-07-15
A/BANGKOK/27/2000_2000-01-17 -> A_BANGKOK_27_2000_2000-01-17
A/BANGKOK/28/2001_2001-01-29 -> A_BANGKOK_28_2001_2001-01-29
A/BANGKOK/328/2001_2001-07-12 -> A_BANGKOK_328_2001_2001-07-12
A/BANGKOK/413/2002_2002-08-16 -> A_BANGKOK_413_2002_2002-08-16
A/BANGKOK/480/2001_2001-09-03 -> A_BANGKOK_480_2001_2001-09-03
A/BANGKOK/504/2001_2001-09-18 -> A_BANGKOK_504_2001_2001-09-18
A/BANGKOK/62/2000_2000-02-01 -> A_BANGKOK_62_2000_2000-02-01
A/BANGKOK/86/2001_2001-03-05 -> A_BANGKOK_86_2001_2001-03-05
A/BacGiang/BG003/2004_2004-02-13 -> A_BacGiang_BG003_2004_2004-02-13
A/Bangkok/24/2004_2004-01-13 -> A_Bangkok_24_2004_2004-01-13
A/Bangkok/561/2009_2009-11-03 -> A_Bangkok_561_2009_2009-11-03
A/CAMBODIA/1/2010_2010-06-21 -> A_CAMBODIA_1_2010_2010-06-21
A/CAMBODIA/12/2009_2009-06-24 -> A_CAMBODIA_12_2009_2009-06-24
A/CAMBODIA/15/2009_2009-06-16 -> A_CAMBODIA_15_2009_2009-06-16
A/CAMBODIA/7/2009_2009-06-24 -> A_CAMBODIA_7_2009_2009-06-24
A/Cambodia/0344/2007_2007-08-03 -> A_Cambodia_0344_2007_2007-08-03
A/Cambodia/6735/2009_2009-07-06 -> A_Cambodia_6735_2009_2009-07-06
A/Cambodia/7/2005_2005-07-05 -> A_Cambodia_7_2005_2005-07-05
A/Cambodia/NHRCC00002/2009_2009-10-14 -> A_Cambodia_NHRCC00002_2009_2009-10-14
A/Cambodia/NHRCC00003/2009_2009-10-14 -> A_Cambodia_NHRCC00003_2009_2009-10-14
A/Cambodia/NHRCC00008/2009_2009-10-14 -> A_Cambodia_NHRCC00008_2009_2009-10-14
A/Cambodia/NHRCC00011/2009_2009-10-15 -> A_Cambodia_NHRCC00011_2009_2009-10-15
A/Cambodia/P038/2005_2005-08-05 -> A_Cambodia_P038_2005_2005-08-05
A/Cambodia/P105/2005_2005-08-05 -> A_Cambodia_P105_2005_2005-08-05
A/Cambodia/P106/2005_2005-08-05 -> A_Cambodia_P106_2005_2005-08-05
A/Cambodia/Q120/2006_2006-09-20 -> A_Cambodia_Q120_2006_2006-09-20
A/Cambodia/Q142/2006_2006-08-29 -> A_Cambodia_Q142_2006_2006-08-29
A/Cambodia/Q153/2006_2006-09-14 -> A_Cambodia_Q153_2006_2006-09-14
A/Cambodia/Q176/2006_2006-09-15 -> A_Cambodia_Q176_2006_2006-09-15
A/Cambodia/Q191/2006_2006-09-06 -> A_Cambodia_Q191_2006_2006-09-06
A/Cambodia/Q210/2006_2006-05-10 -> A_Cambodia_Q210_2006_2006-05-10
A/Cambodia/Q211/2006_2006-09-11 -> A_Cambodia_Q211_2006_2006-09-11
A/Cambodia/Q342/2006_2006-07-27 -> A_Cambodia_Q342_2006_2006-07-27
A/Cambodia/R068/2007_2007-08-22 -> A_Cambodia_R068_2007_2007-08-22
A/Cambodia/S272/2008_2008-10-13 -> A_Cambodia_S272_2008_2008-10-13
A/Cambodia/U307/2010_2010-08-02 -> A_Cambodia_U307_2010_2010-08-02
A/Cambodia/U403/2010_2010-07-26 -> A_Cambodia_U403_2010_2010-07-26
A/Chachoengsao/1422/2004_2004-08-05 -> A_Chachoengsao_1422_2004_2004-08-05
A/DaNang/DN434/2008_2008-11-11 -> A_DaNang_DN434_2008_2008-11-11
A/DaNang/DN446/2008_2008-11-21 -> A_DaNang_DN446_2008_2008-11-21
A/DaNang/DN453/2008_2008-11-26 -> A_DaNang_DN453_2008_2008-11-26
A/HaNoi/BM061/2007_2007-03-22 -> A_HaNoi_BM061_2007_2007-03-22
A/HaNoi/BM171/2007_2007-07-11 -> A_HaNoi_BM171_2007_2007-07-11
A/HaNoi/BT17/2007_2007-01-22 -> A_HaNoi_BT17_2007_2007-01-22
A/HaNoi/BT262/2007_2007-08-03 -> A_HaNoi_BT262_2007_2007-08-03
A/HaNoi/GS0737/2007_2007-07-25 -> A_HaNoi_GS0737_2007_2007-07-25
A/HaNoi/HN30110/2004_2004-01-30 -> A_HaNoi_HN30110_2004_2004-01-30
A/HaNoi/HN30127/2004_2004-02-01 -> A_HaNoi_HN30127_2004_2004-02-01
A/HaNoi/HN30136/2004_2004-02-04 -> A_HaNoi_HN30136_2004_2004-02-04
A/HaNoi/HN30147/2004_2004-02-05 -> A_HaNoi_HN30147_2004_2004-02-05
A/HaNoi/HN695/2003_2003-08-14 -> A_HaNoi_HN695_2003_2003-08-14
A/HaNoi/ISBM16/2005_2005-03-24 -> A_HaNoi_ISBM16_2005_2005-03-24
A/HaNoi/N015/2007_2007-01-10 -> A_HaNoi_N015_2007_2007-01-10
A/HaNoi/N062/2007_2007-02-08 -> A_HaNoi_N062_2007_2007-02-08
A/HaNoi/N064/2007_2007-02-09 -> A_HaNoi_N064_2007_2007-02-09
A/HaNoi/N210/2007_2007-06-21 -> A_HaNoi_N210_2007_2007-06-21
A/HaNoi/N317/2007_2007-10-17 -> A_HaNoi_N317_2007_2007-10-17
A/HaNoi/N71/2007_2007-03-02 -> A_HaNoi_N71_2007_2007-03-02
A/HaNoi/Q011/2007_2007-01-04 -> A_HaNoi_Q011_2007_2007-01-04
A/HaNoi/Q039/2007_2007-01-15 -> A_HaNoi_Q039_2007_2007-01-15
A/HaNoi/Q071/2007_2007-01-25 -> A_HaNoi_Q071_2007_2007-01-25
A/HaNoi/Q118/2007_2007-02-12 -> A_HaNoi_Q118_2007_2007-02-12
A/HaNoi/Q148/2007_2007-03-06 -> A_HaNoi_Q148_2007_2007-03-06
A/HaNoi/Q163/2007_2007-03-12 -> A_HaNoi_Q163_2007_2007-03-12
A/HaNoi/Q220/2007_2007-03-30 -> A_HaNoi_Q220_2007_2007-03-30
A/HaNoi/Q372/2005_2005-06-30 -> A_HaNoi_Q372_2005_2005-06-30
A/HaNoi/Q427/2005_2005-07-22 -> A_HaNoi_Q427_2005_2005-07-22
A/HaNoi/Q464/2007_2007-06-29 -> A_HaNoi_Q464_2007_2007-06-29
A/HaNoi/Q545/2007_2007-07-27 -> A_HaNoi_Q545_2007_2007-07-27
A/HaNoi/Q578/2007_2007-08-08 -> A_HaNoi_Q578_2007_2007-08-08
A/HaNoi/Q582/2007_2007-08-09 -> A_HaNoi_Q582_2007_2007-08-09
A/HaNoi/Q672/2007_2007-09-11 -> A_HaNoi_Q672_2007_2007-09-11
A/HaNoi/Q748/2007_2007-10-08 -> A_HaNoi_Q748_2007_2007-10-08
A/HaNoi/Q924/2007_2007-12-05 -> A_HaNoi_Q924_2007_2007-12-05
A/HaNoi/TX050/2007_2007-01-23 -> A_HaNoi_TX050_2007_2007-01-23
A/HaNoi/TX058/2007_2007-01-24 -> A_HaNoi_TX058_2007_2007-01-24
A/HaNoi/TX072/2007_2007-01-29 -> A_HaNoi_TX072_2007_2007-01-29
A/HaNoi/TX327/2007_2007-08-06 -> A_HaNoi_TX327_2007_2007-08-06
A/Hanoi/190/2002_2002-06-23 -> A_Hanoi_190_2002_2002-06-23
A/Hanoi/209/2002_2002-07-04 -> A_Hanoi_209_2002_2002-07-04
A/Hanoi/BM766/2003_2003-06-16 -> A_Hanoi_BM766_2003_2003-06-16
A/Hanoi/BM767/2003_2003-06-16 -> A_Hanoi_BM767_2003_2003-06-16
A/Hanoi/HN30135/2004_2004-02-04 -> A_Hanoi_HN30135_2004_2004-02-04
A/Hanoi/HN30240/2004_2004-03-10 -> A_Hanoi_HN30240_2004_2004-03-10
A/Hanoi/HN30602/2005_2005-05-30 -> A_Hanoi_HN30602_2005_2005-05-30
A/Hanoi/HN30607/2005_2005-05-29 -> A_Hanoi_HN30607_2005_2005-05-29
A/Hanoi/HN3094/2004_2004-01-28 -> A_Hanoi_HN3094_2004_2004-01-28
A/Hanoi/ISBM69/2005_2005-05-09 -> A_Hanoi_ISBM69_2005_2005-05-09
A/Hanoi/TB285/2005_2005-05-18 -> A_Hanoi_TB285_2005_2005-05-18
A/Hanoi/TN388/2005_2005-09-26 -> A_Hanoi_TN388_2005_2005-09-26
A/Hanoi/TN399/2005_2005-10-07 -> A_Hanoi_TN399_2005_2005-10-07
A/Hanoi/TN403/2005_2005-10-11 -> A_Hanoi_TN403_2005_2005-10-11
A/Hanoi/TN405/2005_2005-10-13 -> A_Hanoi_TN405_2005_2005-10-13
A/Hanoi/TN406/2005_2005-10-13 -> A_Hanoi_TN406_2005_2005-10-13
A/Hanoi/TN410/2005_2005-10-17 -> A_Hanoi_TN410_2005_2005-10-17
A/HoaBinh/HB378/2007_2007-10-03 -> A_HoaBinh_HB378_2007_2007-10-03
A/HoaBinh/HB409/2007_2007-10-25 -> A_HoaBinh_HB409_2007_2007-10-25
A/Hue/H05/2008_2008-01-04 -> A_Hue_H05_2008_2008-01-04
A/Hue/H207/2008_2008-06-09 -> A_Hue_H207_2008_2008-06-09
A/Hue/H511/2007_2007-11-30 -> A_Hue_H511_2007_2007-11-30
A/Hue/H515/2007_2007-12-04 -> A_Hue_H515_2007_2007-12-04
A/Hue/H521/2007_2007-12-07 -> A_Hue_H521_2007_2007-12-07
A/INDONESIA/3277/2002_2002-02-25 -> A_INDONESIA_3277_2002_2002-02-25
A/INDONESIA/8338/2001_2001-04-04 -> A_INDONESIA_8338_2001_2001-04-04
A/Indonesia/1150/2005_2005-01-20 -> A_Indonesia_1150_2005_2005-01-20
A/KhanhHoa/KH363/2008_2008-09-23 -> A_KhanhHoa_KH363_2008_2008-09-23
A/KhanhHoa/KH466/2008_2008-12-03 -> A_KhanhHoa_KH466_2008_2008-12-03
A/KhanhHoa/KH474/2008_2008-12-10 -> A_KhanhHoa_KH474_2008_2008-12-10
A/KhanhHoa/KH475/2008_2008-12-10 -> A_KhanhHoa_KH475_2008_2008-12-10
A/KhanhHoa/KH488/2008_2008-12-18 -> A_KhanhHoa_KH488_2008_2008-12-18
A/KhanhHoa/KH494/2008_2008-12-22 -> A_KhanhHoa_KH494_2008_2008-12-22
A/Laos/184/2009_2009-09-21 -> A_Laos_184_2009_2009-09-21
A/Laos/795/2010_2010-09-13 -> A_Laos_795_2010_2010-09-13
A/Laos/82/2010_2010-01-28 -> A_Laos_82_2010_2010-01-28
A/Laos/854/2010_2010-09-16 -> A_Laos_854_2010_2010-09-16
A/Laos/896/2010_2010-09-20 -> A_Laos_896_2010_2010-09-20
A/Laos/900/2010_2010-09-20 -> A_Laos_900_2010_2010-09-20
A/Laos/I1031/2010_2010-10-10 -> A_Laos_I1031_2010_2010-10-10
A/Laos/I887/2010_2010-09-21 -> A_Laos_I887_2010_2010-09-21
A/Laos/I910/2010_2010-09-21 -> A_Laos_I910_2010_2010-09-21
A/MALAYSIA/145/2002_2002-09-09 -> A_MALAYSIA_145_2002_2002-09-09
A/MALAYSIA/232/2002_2002-10-28 -> A_MALAYSIA_232_2002_2002-10-28
A/MALAYSIA/29/2003_2003-01-13 -> A_MALAYSIA_29_2003_2003-01-13
A/MALAYSIA/720/2009_2009-05-06 -> A_MALAYSIA_720_2009_2009-05-06
A/Malaysia/0032/2009_2009-01-06 -> A_Malaysia_0032_2009_2009-01-06
A/Malaysia/1/2004_2004-01-02 -> A_Malaysia_1_2004_2004-01-02
A/Malaysia/1522/2004_2004-07-14 -> A_Malaysia_1522_2004_2004-07-14
A/Malaysia/1657167/2006_2006-10-12 -> A_Malaysia_1657167_2006_2006-10-12
A/Malaysia/1665090/2006_2006-10-19 -> A_Malaysia_1665090_2006_2006-10-19
A/Malaysia/1666666/2006_2006-10-27 -> A_Malaysia_1666666_2006_2006-10-27
A/Malaysia/1674395/2006_2006-11-15 -> A_Malaysia_1674395_2006_2006-11-15
A/Malaysia/1676558/2006_2006-11-17 -> A_Malaysia_1676558_2006_2006-11-17
A/Malaysia/1681079/2006_2006-11-24 -> A_Malaysia_1681079_2006_2006-11-24
A/Malaysia/1768035/2007_2007-04-20 -> A_Malaysia_1768035_2007_2007-04-20
A/Malaysia/1777545/2007_2007-05-06 -> A_Malaysia_1777545_2007_2007-05-06
A/Malaysia/1875/2004_2004-09-06 -> A_Malaysia_1875_2004_2004-09-06
A/Malaysia/1918618/2007_2007-12-31 -> A_Malaysia_1918618_2007_2007-12-31
A/Malaysia/1922209/2008_2008-01-07 -> A_Malaysia_1922209_2008_2008-01-07
A/Malaysia/1959476/2008_2008-03-10 -> A_Malaysia_1959476_2008_2008-03-10
A/Malaysia/1959864/2008_2008-03-10 -> A_Malaysia_1959864_2008_2008-03-10
A/Malaysia/1963888/2008_2008-03-17 -> A_Malaysia_1963888_2008_2008-03-17
A/Malaysia/1965896/2008_2008-03-19 -> A_Malaysia_1965896_2008_2008-03-19
A/Malaysia/1997829/2008_2008-05-12 -> A_Malaysia_1997829_2008_2008-05-12
A/Malaysia/1997831/2008_2008-05-12 -> A_Malaysia_1997831_2008_2008-05-12
A/Malaysia/2050/2004_2004-09-29 -> A_Malaysia_2050_2004_2004-09-29
A/Malaysia/23606/2002_2002-11-18 -> A_Malaysia_23606_2002_2002-11-18
A/Malaysia/25/2004_2004-09-15 -> A_Malaysia_25_2004_2004-09-15
A/Malaysia/25750/2003_2003-09-09 -> A_Malaysia_25750_2003_2003-09-09
A/Malaysia/25849/2003_2003-09-22 -> A_Malaysia_25849_2003_2003-09-22
A/Malaysia/25920/2003_2003-09-30 -> A_Malaysia_25920_2003_2003-09-30
A/Malaysia/25957/2003_2003-10-05 -> A_Malaysia_25957_2003_2003-10-05
A/Malaysia/26227/2003_2003-11-07 -> A_Malaysia_26227_2003_2003-11-07
A/Malaysia/26430/2003_2003-12-08 -> A_Malaysia_26430_2003_2003-12-08
A/Malaysia/26468/2003_2003-12-11 -> A_Malaysia_26468_2003_2003-12-11
A/Malaysia/26571/2003_2003-12-22 -> A_Malaysia_26571_2003_2003-12-22
A/Malaysia/26682/2004_2004-01-05 -> A_Malaysia_26682_2004_2004-01-05
A/Malaysia/26822/2004_2004-01-19 -> A_Malaysia_26822_2004_2004-01-19
A/Malaysia/26989/2004_2004-02-07 -> A_Malaysia_26989_2004_2004-02-07
A/Malaysia/28114/2004_2004-05-24 -> A_Malaysia_28114_2004_2004-05-24
A/Malaysia/28991/2004_2004-06-23 -> A_Malaysia_28991_2004_2004-06-23
A/Malaysia/29197/2004_2004-07-20 -> A_Malaysia_29197_2004_2004-07-20
A/Malaysia/29242/2004_2004-07-26 -> A_Malaysia_29242_2004_2004-07-26
A/Malaysia/29350/2004_2004-08-04 -> A_Malaysia_29350_2004_2004-08-04
A/Malaysia/29361/2004_2004-08-04 -> A_Malaysia_29361_2004_2004-08-04
A/Malaysia/29711/2004_2004-09-14 -> A_Malaysia_29711_2004_2004-09-14
A/Malaysia/29890/2004_2004-10-06 -> A_Malaysia_29890_2004_2004-10-06
A/Malaysia/29930/2004_2004-10-12 -> A_Malaysia_29930_2004_2004-10-12
A/Malaysia/29997/2004_2004-10-20 -> A_Malaysia_29997_2004_2004-10-20
A/Malaysia/306/2008_2008-02-12 -> A_Malaysia_306_2008_2008-02-12
A/Malaysia/31944/2005_2005-02-13 -> A_Malaysia_31944_2005_2005-02-13
A/Malaysia/31998/2005_2005-07-15 -> A_Malaysia_31998_2005_2005-07-15
A/Malaysia/32133/2005_2005-08-08 -> A_Malaysia_32133_2005_2005-08-08
A/Malaysia/32171/2005_2005-08-04 -> A_Malaysia_32171_2005_2005-08-04
A/Malaysia/32226/2005_2005-08-10 -> A_Malaysia_32226_2005_2005-08-10
A/Malaysia/33386/2005_2005-12-30 -> A_Malaysia_33386_2005_2005-12-30
A/Malaysia/33464/2006_2006-01-11 -> A_Malaysia_33464_2006_2006-01-11
A/Malaysia/33817/2006_2006-02-24 -> A_Malaysia_33817_2006_2006-02-24
A/Malaysia/33827/2006_2006-01-11 -> A_Malaysia_33827_2006_2006-01-11
A/Malaysia/34015/2006_2006-03-16 -> A_Malaysia_34015_2006_2006-03-16
A/Malaysia/605/2008_2008-03-27 -> A_Malaysia_605_2008_2008-03-27
A/Malaysia/99/2005_2005-01-24 -> A_Malaysia_99_2005_2005-01-24
A/Malaysia/NHRC0001/2004_2004-09-15 -> A_Malaysia_NHRC0001_2004_2004-09-15
A/Malaysia/NHRC0002/2004_2004-09-25 -> A_Malaysia_NHRC0002_2004_2004-09-25
A/Malaysia/NHRC0003/2004_2004-09-26 -> A_Malaysia_NHRC0003_2004_2004-09-26
A/Myanmar/M022/2008_2008-07-09 -> A_Myanmar_M022_2008_2008-07-09
A/Myanmar/M106/2008_2008-07-25 -> A_Myanmar_M106_2008_2008-07-25
A/Myanmar/M114/2008_2008-07-26 -> A_Myanmar_M114_2008_2008-07-26
A/Myanmar/M173/2007_2007-08-01 -> A_Myanmar_M173_2007_2007-08-01
A/Myanmar/M174/2007_2007-08-01 -> A_Myanmar_M174_2007_2007-08-01
A/Myanmar/M187/2007_2007-08-02 -> A_Myanmar_M187_2007_2007-08-02
A/Myanmar/M250/2008_2008-09-01 -> A_Myanmar_M250_2008_2008-09-01
A/Myanmar/M258/2008_2008-09-03 -> A_Myanmar_M258_2008_2008-09-03
A/NONG-KHAI/475/2001_2001-08-30 -> A_NONG-KHAI_475_2001_2001-08-30
A/NOTHABURI/488/2010_2010-08-19 -> A_NOTHABURI_488_2010_2010-08-19
A/Nakhon_Ratachasima/635/2004_2004-02-05 -> A_Nakhon_Ratachasima_635_2004_2004-02-05
A/NamDinh/HN30119/2004_2004-01-31 -> A_NamDinh_HN30119_2004_2004-01-31
A/Nong-Khai/560/2009_2009-10-28 -> A_Nong-Khai_560_2009_2009-10-28
A/Nonthaburi/342/2010_2010-07-08 -> A_Nonthaburi_342_2010_2010-07-08
A/PHILIPPINES/16105/2002_2002-07-17 -> A_PHILIPPINES_16105_2002_2002-07-17
A/PHILIPPINES/2958/2009_2009-06-16 -> A_PHILIPPINES_2958_2009_2009-06-16
A/PHILIPPINES/3322/2009_2009-07-01 -> A_PHILIPPINES_3322_2009_2009-07-01
A/PHILIPPINES/472/2002_2002-07-18 -> A_PHILIPPINES_472_2002_2002-07-18
A/PHILIPPINES/5229/2010_2010-12-12 -> A_PHILIPPINES_5229_2010_2010-12-12
A/PHILIPPINES/78890/2001_2001-09-12 -> A_PHILIPPINES_78890_2001_2001-09-12
A/Philippines/04/2010_2010-08-23 -> A_Philippines_04_2010_2010-08-23
A/Philippines/06/2010_2010-09-02 -> A_Philippines_06_2010_2010-09-02
A/Philippines/16/2009_2009-03-05 -> A_Philippines_16_2009_2009-03-05
A/Philippines/160283/2002_2002-07-17 -> A_Philippines_160283_2002_2002-07-17
A/Philippines/1641/2007_2007-08-28 -> A_Philippines_1641_2007_2007-08-28
A/Philippines/1646/2007_2007-09-04 -> A_Philippines_1646_2007_2007-09-04
A/Philippines/1713/2008_2008-04-08 -> A_Philippines_1713_2008_2008-04-08
A/Philippines/2191/2009_2009-05-26 -> A_Philippines_2191_2009_2009-05-26
A/Philippines/3803/2008_2008-11-26 -> A_Philippines_3803_2008_2008-11-26
A/Philippines/625/2005_2005-07-04 -> A_Philippines_625_2005_2005-07-04
A/Philippines/95/2009_2009-06-09 -> A_Philippines_95_2009_2009-06-09
A/Philippinese/3967/2008_2008-07-21 -> A_Philippinese_3967_2008_2008-07-21
A/Prajianburi/1411/2004_2004-08-03 -> A_Prajianburi_1411_2004_2004-08-03
A/SINGAPORE/15/2001_2001-01-08 -> A_SINGAPORE_15_2001_2001-01-08
A/SINGAPORE/16/2002_2002-04-02 -> A_SINGAPORE_16_2002_2002-04-02
A/SINGAPORE/2/2000_2000-03-10 -> A_SINGAPORE_2_2000_2000-03-10
A/SINGAPORE/2/2002_2002-01-07 -> A_SINGAPORE_2_2002_2002-01-07
A/SINGAPORE/29/2002_2002-07-02 -> A_SINGAPORE_29_2002_2002-07-02
A/SINGAPORE/4/2001_2001-01-03 -> A_SINGAPORE_4_2001_2001-01-03
A/SINGAPORE/41/2001_2001-07-03 -> A_SINGAPORE_41_2001_2001-07-03
A/SINGAPORE/44/2002_2002-12-07 -> A_SINGAPORE_44_2002_2002-12-07
A/SINGAPORE/45/2001_2001-07-19 -> A_SINGAPORE_45_2001_2001-07-19
A/SINGAPORE/50/2002_2002-12-22 -> A_SINGAPORE_50_2002_2002-12-22
A/SINGAPORE/512/2010_2010-04-06 -> A_SINGAPORE_512_2010_2010-04-06
A/SINGAPORE/516/2010_2010-04-07 -> A_SINGAPORE_516_2010_2010-04-07
A/SINGAPORE/521/2010_2010-04-12 -> A_SINGAPORE_521_2010_2010-04-12
A/SINGAPORE/526/2010_2010-04-16 -> A_SINGAPORE_526_2010_2010-04-16
A/SINGAPORE/54/2001_2001-09-26 -> A_SINGAPORE_54_2001_2001-09-26
A/SINGAPORE/60/2001_2001-10-10 -> A_SINGAPORE_60_2001_2001-10-10
A/SINGAPORE/616/2010_2010-07-02 -> A_SINGAPORE_616_2010_2010-07-02
A/SINGAPORE/617/2010_2010-07-05 -> A_SINGAPORE_617_2010_2010-07-05
A/SINGAPORE/630/2010_2010-05-18 -> A_SINGAPORE_630_2010_2010-05-18
A/SINGAPORE/7/2002_2002-01-24 -> A_SINGAPORE_7_2002_2002-01-24
A/SINGAPORE/94/2000_2000-12-29 -> A_SINGAPORE_94_2000_2000-12-29
A/SONGKHLA/107/2002_2002-03-08 -> A_SONGKHLA_107_2002_2002-03-08
A/SURAT-THANI/116/2010_2010-02-09 -> A_SURAT-THANI_116_2010_2010-02-09
A/SURAT-THANI/269/2010_2010-03-23 -> A_SURAT-THANI_269_2010_2010-03-23
A/SURAT-THANI/72/2009_2009-02-21 -> A_SURAT-THANI_72_2009_2009-02-21
A/Singapore/02/2005_2005-01-13 -> A_Singapore_02_2005_2005-01-13
A/Singapore/1/2004_2004-01-09 -> A_Singapore_1_2004_2004-01-09
A/Singapore/21/2008_2008-05-02 -> A_Singapore_21_2008_2008-05-02
A/Singapore/215/2008_2008-02-05 -> A_Singapore_215_2008_2008-02-05
A/Singapore/22/2008_2008-05-15 -> A_Singapore_22_2008_2008-05-15
A/Singapore/221/2008_2008-02-19 -> A_Singapore_221_2008_2008-02-19
A/Singapore/23/2008_2008-05-16 -> A_Singapore_23_2008_2008-05-16
A/Singapore/29/2008_2008-06-25 -> A_Singapore_29_2008_2008-06-25
A/Singapore/33/2009_2009-05-07 -> A_Singapore_33_2009_2009-05-07
A/Singapore/36/2004_2004-06-15 -> A_Singapore_36_2004_2004-06-15
A/Singapore/37/2004_2004-06-07 -> A_Singapore_37_2004_2004-06-07
A/Singapore/39/2009_2009-03-27 -> A_Singapore_39_2009_2009-03-27
A/Singapore/534/2009_2009-11-05 -> A_Singapore_534_2009_2009-11-05
A/Singapore/569/2009_2009-11-17 -> A_Singapore_569_2009_2009-11-17
A/Singapore/619/2008_2008-11-25 -> A_Singapore_619_2008_2008-11-25
A/Singapore/65/2007_2007-10-31 -> A_Singapore_65_2007_2007-10-31
A/Singapore/72/2009_2009-06-15 -> A_Singapore_72_2009_2009-06-15
A/Singapore/73/2009_2009-06-15 -> A_Singapore_73_2009_2009-06-15
A/Singapore/EN122/2011_2011-04-11 -> A_Singapore_EN122_2011_2011-04-11
A/Singapore/EN210/2011_2011-06-21 -> A_Singapore_EN210_2011_2011-06-21
A/Singapore/EN401/2011_2011-10-07 -> A_Singapore_EN401_2011_2011-10-07
A/Singapore/EN514/2011_2011-12-07 -> A_Singapore_EN514_2011_2011-12-07
A/Singapore/GP1030/2011_2011-05-25 -> A_Singapore_GP1030_2011_2011-05-25
A/Singapore/GP1063/2011_2011-06-02 -> A_Singapore_GP1063_2011_2011-06-02
A/Singapore/GP1084/2011_2011-06-10 -> A_Singapore_GP1084_2011_2011-06-10
A/Singapore/GP1188/2011_2011-07-04 -> A_Singapore_GP1188_2011_2011-07-04
A/Singapore/GP1362/2011_2011-07-29 -> A_Singapore_GP1362_2011_2011-07-29
A/Singapore/GP1382/2011_2011-08-03 -> A_Singapore_GP1382_2011_2011-08-03
A/Singapore/GP1437/2011_2011-08-16 -> A_Singapore_GP1437_2011_2011-08-16
A/Singapore/GP1583/2011_2011-10-07 -> A_Singapore_GP1583_2011_2011-10-07
A/Singapore/GP1669/2011_2011-10-24 -> A_Singapore_GP1669_2011_2011-10-24
A/Singapore/GP1682/2011_2011-10-31 -> A_Singapore_GP1682_2011_2011-10-31
A/Singapore/GP1726/2011_2011-11-11 -> A_Singapore_GP1726_2011_2011-11-11
A/Singapore/GP1814/2011_2011-12-02 -> A_Singapore_GP1814_2011_2011-12-02
A/Singapore/GP185/2011_2011-01-18 -> A_Singapore_GP185_2011_2011-01-18
A/Singapore/GP3268/2010_2010-06-24 -> A_Singapore_GP3268_2010_2010-06-24
A/Singapore/GP3269/2010_2010-06-24 -> A_Singapore_GP3269_2010_2010-06-24
A/Singapore/GP3333/2010_2010-07-01 -> A_Singapore_GP3333_2010_2010-07-01
A/Singapore/GP3448/2009_2009-08-28 -> A_Singapore_GP3448_2009_2009-08-28
A/Singapore/GP3680/2010_2010-07-28 -> A_Singapore_GP3680_2010_2010-07-28
A/Singapore/GP3727/2010_2010-08-03 -> A_Singapore_GP3727_2010_2010-08-03
A/Singapore/GP380/2011_2011-01-28 -> A_Singapore_GP380_2011_2011-01-28
A/Singapore/GP3861/2009_2009-09-28 -> A_Singapore_GP3861_2009_2009-09-28
A/Singapore/GP3866/2009_2009-09-24 -> A_Singapore_GP3866_2009_2009-09-24
A/Singapore/GP3872/2010_2010-08-24 -> A_Singapore_GP3872_2010_2010-08-24
A/Singapore/GP3961/2010_2010-09-03 -> A_Singapore_GP3961_2010_2010-09-03
A/Singapore/GP4111/2010_2010-09-20 -> A_Singapore_GP4111_2010_2010-09-20
A/Singapore/GP4180/2010_2010-09-28 -> A_Singapore_GP4180_2010_2010-09-28
A/Singapore/GP4278/2010_2010-10-12 -> A_Singapore_GP4278_2010_2010-10-12
A/Singapore/GP429/2011_2011-02-02 -> A_Singapore_GP429_2011_2011-02-02
A/Singapore/GP4397/2010_2010-10-29 -> A_Singapore_GP4397_2010_2010-10-29
A/Singapore/GP4453/2010_2010-11-12 -> A_Singapore_GP4453_2010_2010-11-12
A/Singapore/GP4459/2010_2010-11-12 -> A_Singapore_GP4459_2010_2010-11-12
A/Singapore/GP4555/2010_2010-12-08 -> A_Singapore_GP4555_2010_2010-12-08
A/Singapore/GP4664/2010_2010-12-29 -> A_Singapore_GP4664_2010_2010-12-29
A/Singapore/GP586/2009_2009-06-10 -> A_Singapore_GP586_2009_2009-06-10
A/Singapore/GP638/2009_2009-06-20 -> A_Singapore_GP638_2009_2009-06-20
A/Singapore/KK179/2011_2011-05-16 -> A_Singapore_KK179_2011_2011-05-16
A/Singapore/KK200/2011_2011-06-14 -> A_Singapore_KK200_2011_2011-06-14
A/Singapore/KK212/2011_2011-06-21 -> A_Singapore_KK212_2011_2011-06-21
A/Singapore/KK264/2011_2011-07-15 -> A_Singapore_KK264_2011_2011-07-15
A/Singapore/KK337/2011_2011-08-15 -> A_Singapore_KK337_2011_2011-08-15
A/Singapore/KK354/2011_2011-08-23 -> A_Singapore_KK354_2011_2011-08-23
A/Singapore/KK366/2011_2011-08-31 -> A_Singapore_KK366_2011_2011-08-31
A/Singapore/KK413/2011_2011-10-03 -> A_Singapore_KK413_2011_2011-10-03
A/Singapore/KK445/2011_2011-10-17 -> A_Singapore_KK445_2011_2011-10-17
A/Singapore/KK517/2011_2011-11-23 -> A_Singapore_KK517_2011_2011-11-23
A/Singapore/KK535/2011_2011-12-05 -> A_Singapore_KK535_2011_2011-12-05
A/Singapore/KK566/2011_2011-12-27 -> A_Singapore_KK566_2011_2011-12-27
A/Singapore/KK581/2011_2011-12-30 -> A_Singapore_KK581_2011_2011-12-30
A/Singapore/KK7/2011_2011-01-03 -> A_Singapore_KK7_2011_2011-01-03
A/Singapore/MOH12/2011_2011-06-20 -> A_Singapore_MOH12_2011_2011-06-20
A/Singapore/N1604/2009_2009-11-30 -> A_Singapore_N1604_2009_2009-11-30
A/Singapore/N1607/2009_2009-12-09 -> A_Singapore_N1607_2009_2009-12-09
A/Singapore/N362/2008_2008-04-03 -> A_Singapore_N362_2008_2008-04-03
A/Singapore/N425/2008_2008-05-07 -> A_Singapore_N425_2008_2008-05-07
A/Singapore/N593/2008_2008-09-15 -> A_Singapore_N593_2008_2008-09-15
A/Singapore/NHRC0001/2003_2003-09-28 -> A_Singapore_NHRC0001_2003_2003-09-28
A/Singapore/NHRC0002/2003_2003-09-29 -> A_Singapore_NHRC0002_2003_2003-09-29
A/Singapore/NHRC0003/2003_2003-09-30 -> A_Singapore_NHRC0003_2003_2003-09-30
A/Singapore/NHRC0004/2003_2003-10-01 -> A_Singapore_NHRC0004_2003_2003-10-01
A/Singapore/NHRC0005/2003_2003-10-03 -> A_Singapore_NHRC0005_2003_2003-10-03
A/Singapore/NHRC0006/2003_2003-10-07 -> A_Singapore_NHRC0006_2003_2003-10-07
A/Singapore/NHRC0008/2003_2003-10-08 -> A_Singapore_NHRC0008_2003_2003-10-08
A/Singapore/NHRC0009/2003_2003-10-09 -> A_Singapore_NHRC0009_2003_2003-10-09
A/Singapore/NHRC0010/2003_2003-10-11 -> A_Singapore_NHRC0010_2003_2003-10-11
A/Singapore/TT203/2011_2011-05-23 -> A_Singapore_TT203_2011_2011-05-23
A/Singapore/TT305/2011_2011-07-07 -> A_Singapore_TT305_2011_2011-07-07
A/Singapore/TT381/2010_2010-06-22 -> A_Singapore_TT381_2010_2010-06-22
A/Singapore/TT383/2010_2010-06-22 -> A_Singapore_TT383_2010_2010-06-22
A/Singapore/TT384/2010_2010-06-22 -> A_Singapore_TT384_2010_2010-06-22
A/Singapore/TT416/2011_2011-07-27 -> A_Singapore_TT416_2011_2011-07-27
A/Singapore/TT430/2011_2011-07-29 -> A_Singapore_TT430_2011_2011-07-29
A/Singapore/TT453/2011_2011-08-02 -> A_Singapore_TT453_2011_2011-08-02
A/Singapore/TT507/2011_2011-08-16 -> A_Singapore_TT507_2011_2011-08-16
A/Singapore/TT572/2011_2011-09-06 -> A_Singapore_TT572_2011_2011-09-06
A/Singapore/TT584/2011_2011-09-08 -> A_Singapore_TT584_2011_2011-09-08
A/Singapore/TT609/2011_2011-09-22 -> A_Singapore_TT609_2011_2011-09-22
A/Singapore/TT638/2011_2011-09-29 -> A_Singapore_TT638_2011_2011-09-29
A/Singapore/TT657/2011_2011-10-05 -> A_Singapore_TT657_2011_2011-10-05
A/Singapore/TT735/2011_2011-11-17 -> A_Singapore_TT735_2011_2011-11-17
A/Singapore/TT766/2011_2011-11-30 -> A_Singapore_TT766_2011_2011-11-30
A/Singapore/TT787/2011_2011-12-05 -> A_Singapore_TT787_2011_2011-12-05
A/Singapore/TT869/2011_2011-12-28 -> A_Singapore_TT869_2011_2011-12-28
A/Singapore/TT879/2011_2011-12-30 -> A_Singapore_TT879_2011_2011-12-30
A/Singpaore/38/2004_2004-06-15 -> A_Singpaore_38_2004_2004-06-15
A/TAK/123/2001_2001-03-29 -> A_TAK_123_2001_2001-03-29
A/TAK/214/2001_2001-06-05 -> A_TAK_214_2001_2001-06-05
A/THAILAND/80891/2001_2001-09-02 -> A_THAILAND_80891_2001_2001-09-02
A/TayNguyen/HCM52/2006_2006-01-10 -> A_TayNguyen_HCM52_2006_2006-01-10
A/TayNguyen/HCM955/2007_2007-07-09 -> A_TayNguyen_HCM955_2007_2007-07-09
A/TayNguyen/TN186/2003_2003-11-18 -> A_TayNguyen_TN186_2003_2003-11-18
A/TayNguyen/TN332/2005_2005-06-14 -> A_TayNguyen_TN332_2005_2005-06-14
A/TayNguyen/TN335/2005_2005-06-14 -> A_TayNguyen_TN335_2005_2005-06-14
A/TayNguyen/TN340/2005_2005-07-15 -> A_TayNguyen_TN340_2005_2005-07-15
A/TayNguyen/TN343/2005_2005-07-19 -> A_TayNguyen_TN343_2005_2005-07-19
A/TayNguyen/TN346/2005_2005-08-01 -> A_TayNguyen_TN346_2005_2005-08-01
A/TayNguyen/TN348/2005_2005-08-01 -> A_TayNguyen_TN348_2005_2005-08-01
A/TayNguyen/TN360/2005_2005-08-11 -> A_TayNguyen_TN360_2005_2005-08-11
A/TayNguyen/TN362/2005_2005-08-18 -> A_TayNguyen_TN362_2005_2005-08-18
A/TayNguyen/TN363/2005_2005-08-18 -> A_TayNguyen_TN363_2005_2005-08-18
A/TayNguyen/TN367/2005_2005-08-18 -> A_TayNguyen_TN367_2005_2005-08-18
A/TayNguyen/TN368/2005_2005-08-20 -> A_TayNguyen_TN368_2005_2005-08-20
A/TayNguyen/TN380/2005_2005-08-30 -> A_TayNguyen_TN380_2005_2005-08-30
A/TayNguyen/TN381/2005_2005-08-30 -> A_TayNguyen_TN381_2005_2005-08-30
A/TayNguyen/TN388/2005_2005-09-26 -> A_TayNguyen_TN388_2005_2005-09-26
A/TayNguyen/TN393/2005_2005-10-03 -> A_TayNguyen_TN393_2005_2005-10-03
A/TayNguyen/TN403/2005_2005-10-10 -> A_TayNguyen_TN403_2005_2005-10-10
A/TayNguyen/TN405/2005_2005-10-13 -> A_TayNguyen_TN405_2005_2005-10-13
A/TayNguyen/TN406/2005_2005-10-13 -> A_TayNguyen_TN406_2005_2005-10-13
A/TayNguyen/TN410/2005_2005-10-17 -> A_TayNguyen_TN410_2005_2005-10-17
A/Thailand/0316/2009_2009-08-10 -> A_Thailand_0316_2009_2009-08-10
A/Thailand/128400/2002_2002-03-04 -> A_Thailand_128400_2002_2002-03-04
A/Thailand/141/2005_2005-04-11 -> A_Thailand_141_2005_2005-04-11
A/Thailand/142/2005_2005-04-10 -> A_Thailand_142_2005_2005-04-10
A/Thailand/151/2005_2005-04-25 -> A_Thailand_151_2005_2005-04-25
A/Thailand/162496/2002_2002-07-18 -> A_Thailand_162496_2002_2002-07-18
A/Thailand/18/2009_2009-09-17 -> A_Thailand_18_2009_2009-09-17
A/Thailand/263/2005_2005-07-12 -> A_Thailand_263_2005_2005-07-12
A/Thailand/271/2007_2007-09-20 -> A_Thailand_271_2007_2007-09-20
A/Thailand/356/2008_2008-02-26 -> A_Thailand_356_2008_2008-02-26
A/Thailand/419/2008_2008-03-21 -> A_Thailand_419_2008_2008-03-21
A/Thailand/419/2009_2009-08-09 -> A_Thailand_419_2009_2009-08-09
A/Thailand/508/2008_2008-05-22 -> A_Thailand_508_2008_2008-05-22
A/Thailand/534/2008_2008-06-02 -> A_Thailand_534_2008_2008-06-02
A/Thailand/562/2008_2008-06-21 -> A_Thailand_562_2008_2008-06-21
A/Thailand/677/2007_2007-09-13 -> A_Thailand_677_2007_2007-09-13
A/Thailand/860/2008_2008-10-03 -> A_Thailand_860_2008_2008-10-03
A/Thailand/911/2010_2010-10-07 -> A_Thailand_911_2010_2010-10-07
A/Thailand/944/2008_2008-11-06 -> A_Thailand_944_2008_2008-11-06
A/Thailand/947/2008_2008-11-03 -> A_Thailand_947_2008_2008-11-03
A/Thailand/981/2008_2008-11-12 -> A_Thailand_981_2008_2008-11-12
A/Thailand/998/2008_2008-11-03 -> A_Thailand_998_2008_2008-11-03
A/Thailand/CU_B106/2009_2009-06-22 -> A_Thailand_CU_B106_2009_2009-06-22
A/Thailand/CU_B110/2009_2009-06-23 -> A_Thailand_CU_B110_2009_2009-06-23
A/Thailand/CU_B1697/2009_2009-11-10 -> A_Thailand_CU_B1697_2009_2009-11-10
A/Thailand/CU_B4/2009_2009-06-13 -> A_Thailand_CU_B4_2009_2009-06-13
A/Thailand/CU_B657/2009_2009-07-11 -> A_Thailand_CU_B657_2009_2009-07-11
A/Thailand/CU_H1285/2010_2010-01-21 -> A_Thailand_CU_H1285_2010_2010-01-21
A/Thailand/CU_H1443/2010_2010-02-04 -> A_Thailand_CU_H1443_2010_2010-02-04
A/Thailand/CU_H16/2009_2009-06-17 -> A_Thailand_CU_H16_2009_2009-06-17
A/Thailand/CU_H1817/2010_2010-03-25 -> A_Thailand_CU_H1817_2010_2010-03-25
A/Thailand/Siriraj_03/2004_2004-02-06 -> A_Thailand_Siriraj_03_2004_2004-02-06
A/Thailand/Siriraj_06/2002_2002-06-24 -> A_Thailand_Siriraj_06_2002_2002-06-24
A/VN/1249/2001_2001-07-28 -> A_VN_1249_2001_2001-07-28
A/VN/1293/2001_2001-08-01 -> A_VN_1293_2001_2001-08-01
A/Vietnam/0941/2009_2009-05-25 -> A_Vietnam_0941_2009_2009-05-25
A/Vietnam/167/2010_2010-02-08 -> A_Vietnam_167_2010_2010-02-08
A/Vietnam/1769/2009_2009-06-03 -> A_Vietnam_1769_2009_2009-06-03
A/Vietnam/19/2007_2007-01-10 -> A_Vietnam_19_2007_2007-01-10
A/Vietnam/210/2009_2009-06-02 -> A_Vietnam_210_2009_2009-06-02
A/Vietnam/214/2008_2008-06-10 -> A_Vietnam_214_2008_2008-06-10
A/Vietnam/225/2010_2010-09-15 -> A_Vietnam_225_2010_2010-09-15
A/Vietnam/23/2007_2007-01-12 -> A_Vietnam_23_2007_2007-01-12
A/Vietnam/302/2009_2009-06-02 -> A_Vietnam_302_2009_2009-06-02
A/Vietnam/312/2009_2009-05-05 -> A_Vietnam_312_2009_2009-05-05
A/Vietnam/409/2009_2009-07-07 -> A_Vietnam_409_2009_2009-07-07
A/Vietnam/838/2010_2010-07-28 -> A_Vietnam_838_2010_2010-07-28
A/Vietnam/936/2009_2009-05-05 -> A_Vietnam_936_2009_2009-05-05
A/Vietnam/N199/2009_2009-05-22 -> A_Vietnam_N199_2009_2009-05-22
BANGKOK/1340/2004_2003-07-23 -> BANGKOK_1340_2004_2003-07-23
BANGKOK/1563/2004_2004-09-01 -> BANGKOK_1563_2004_2004-09-01
CHANTHABURI/219/2003_2003-06-24 -> CHANTHABURI_219_2003_2003-06-24
KAMPHAENGPHET/3524/2004_2004-11-02 -> KAMPHAENGPHET_3524_2004_2004-11-02
LOP-BURI/3128/2004_2004-10-22 -> LOP-BURI_3128_2004_2004-10-22
MAE-HONG-SON/317/2003_2003-08-11 -> MAE-HONG-SON_317_2003_2003-08-11
MAE-HONG-SON/330/2003_2003-08-11 -> MAE-HONG-SON_330_2003_2003-08-11
MALAYSIA/1344/2004_2004-06-08 -> MALAYSIA_1344_2004_2004-06-08
MALAYSIA/226/2003_2003-03-10 -> MALAYSIA_226_2003_2003-03-10
MALAYSIA/2556/2004_2004-02-14 -> MALAYSIA_2556_2004_2004-02-14
MALAYSIA/363/2006_2006-08-09 -> MALAYSIA_363_2006_2006-08-09
MALAYSIA/382/2006_2006-09-04 -> MALAYSIA_382_2006_2006-09-04
MALAYSIA/420/2006_2006-10-05 -> MALAYSIA_420_2006_2006-10-05
MALAYSIA/434/2003_2003-04-22 -> MALAYSIA_434_2003_2003-04-22
MALAYSIA/661/2004_2004-03-09 -> MALAYSIA_661_2004_2004-03-09
MALAYSIA/768/2003_2003-10-09 -> MALAYSIA_768_2003_2003-10-09
PHILIPPINES/1116/2003_2003-08-18 -> PHILIPPINES_1116_2003_2003-08-18
PHILIPPINES/1124/2006_2006-06-13 -> PHILIPPINES_1124_2006_2006-06-13
PHILIPPINES/1320/2003_2003-09-04 -> PHILIPPINES_1320_2003_2003-09-04
PHILIPPINES/3743/2006_2006-11-14 -> PHILIPPINES_3743_2006_2006-11-14
PHILIPPINES/3875/2006_2006-11-20 -> PHILIPPINES_3875_2006_2006-11-20
PHILIPPINES/471/2002_2002-07-18 -> PHILIPPINES_471_2002_2002-07-18
PHILIPPINES/621/2003_2003-07-21 -> PHILIPPINES_621_2003_2003-07-21
PHILIPPINES/629/2003_2003-07-21 -> PHILIPPINES_629_2003_2003-07-21
PHILIPPINES/825/2003_2003-07-29 -> PHILIPPINES_825_2003_2003-07-29
SARABURI/1792/2004_2004-09-22 -> SARABURI_1792_2004_2004-09-22
SINGAPORE/107/2003_2003-11-11 -> SINGAPORE_107_2003_2003-11-11
SINGAPORE/15/2004_2004-03-19 -> SINGAPORE_15_2004_2004-03-19
SINGAPORE/16/2003_2003-01-15 -> SINGAPORE_16_2003_2003-01-15
SINGAPORE/21/2004_2004-05-10 -> SINGAPORE_21_2004_2004-05-10
SINGAPORE/37/2003_2003-01-24 -> SINGAPORE_37_2003_2003-01-24
SINGAPORE/38/2004_2004-06-15 -> SINGAPORE_38_2004_2004-06-15
SINGAPORE/57/2006_2006-07-06 -> SINGAPORE_57_2006_2006-07-06
SINGAPORE/68/2004_2004-11-09 -> SINGAPORE_68_2004_2004-11-09
SINGAPORE/7/2003_2003-01-07 -> SINGAPORE_7_2003_2003-01-07
SINGAPORE/75/2006_2006-08-18 -> SINGAPORE_75_2006_2006-08-18
SINGAPORE/79/2006_2006-09-28 -> SINGAPORE_79_2006_2006-09-28
SINGAPORE/95/2003_2003-11-02 -> SINGAPORE_95_2003_2003-11-02
TAK/185/2003_2003-06-05 -> TAK_185_2003_2003-06-05
THAILAND/475/2006_2006-08-04 -> THAILAND_475_2006_2006-08-04
THAILAND/558/2006_2006-08-21 -> THAILAND_558_2006_2006-08-21
THAILAND/559/2006_2006-08-21 -> THAILAND_559_2006_2006-08-21
THAILAND/618/2006_2006-09-05 -> THAILAND_618_2006_2006-09-05
THAILAND/625/2006_2006-09-09 -> THAILAND_625_2006_2006-09-09
THAILAND/636/2006_2006-09-04 -> THAILAND_636_2006_2006-09-04
THAILAND/650/2006_2006-09-18 -> THAILAND_650_2006_2006-09-18
THAILAND/656/2006_2006-09-18 -> THAILAND_656_2006_2006-09-18
THAILAND/692/2006_2006-10-06 -> THAILAND_692_2006_2006-10-06
THAILAND/693/2006_2006-10-09 -> THAILAND_693_2006_2006-10-09
THAILAND/697/2006_2006-10-06 -> THAILAND_697_2006_2006-10-06
THAILAND/707/2006_2006-10-11 -> THAILAND_707_2006_2006-10-11
THAILAND/709/2006_2006-10-18 -> THAILAND_709_2006_2006-10-18
THAILAND/715/2006_2006-10-18 -> THAILAND_715_2006_2006-10-18
THAILAND/775/2006_2006-11-15 -> THAILAND_775_2006_2006-11-15
THAILAND/809/2006_2006-11-28 -> THAILAND_809_2006_2006-11-28
THAILAND/86/2006_2006-04-10 -> THAILAND_86_2006_2006-04-10

                                          Gap/Ambiguity  Composition  p-value
   1  A_BANGKOK_103_2002_2002-03-19              40.99%    passed     74.23%
   2  A_BANGKOK_109_2002_2002-03-25              39.58%    passed     65.34%
   3  A_BANGKOK_115_2001_2001-03-26              39.05%    passed     72.27%
   4  A_BANGKOK_132_2009_2009-05-25               0.00%    passed     94.69%
   5  A_BANGKOK_156_2001_2001-04-23              41.22%    passed     68.82%
   6  A_BANGKOK_161_2001_2001-04-24              40.11%    passed     61.98%
   7  A_BANGKOK_178_2000_2000-03-28              40.40%    passed     59.74%
   8  A_BANGKOK_190_2002_2002-07-01              39.93%    passed     76.32%
   9  A_BANGKOK_202_2000_2000-05-02              40.81%    passed     50.85%
  10  A_BANGKOK_223_2002_2002-07-08              40.75%    passed     79.95%
  11  A_BANGKOK_224_2001_2001-06-12              39.28%    passed     63.96%
  12  A_BANGKOK_226_2001_2001-06-11              39.22%    passed     74.10%
  13  A_BANGKOK_247_2002_2002-07-15              40.22%    passed     64.51%
  14  A_BANGKOK_27_2000_2000-01-17               41.93%    passed     65.82%
  15  A_BANGKOK_28_2001_2001-01-29               39.10%    passed     62.62%
  16  A_BANGKOK_328_2001_2001-07-12              39.05%    passed     72.20%
  17  A_BANGKOK_413_2002_2002-08-16              41.40%    passed     78.99%
  18  A_BANGKOK_480_2001_2001-09-03              39.28%    passed     77.12%
  19  A_BANGKOK_504_2001_2001-09-18              38.16%    passed     71.98%
  20  A_BANGKOK_62_2000_2000-02-01               40.46%    passed     41.56%
  21  A_BANGKOK_86_2001_2001-03-05               34.04%    passed     62.11%
  22  A_BacGiang_BG003_2004_2004-02-13            0.00%    passed     97.14%
  23  A_Bangkok_24_2004_2004-01-13               40.16%    passed     54.20%
  24  A_Bangkok_561_2009_2009-11-03               0.06%    passed     97.20%
  25  A_CAMBODIA_1_2010_2010-06-21                0.00%    passed     94.26%
  26  A_CAMBODIA_12_2009_2009-06-24               0.00%    passed     98.19%
  27  A_CAMBODIA_15_2009_2009-06-16               0.00%    passed     98.98%
  28  A_CAMBODIA_7_2009_2009-06-24                0.00%    passed     97.65%
  29  A_Cambodia_0344_2007_2007-08-03             0.00%    passed     93.69%
  30  A_Cambodia_6735_2009_2009-07-06             0.00%    passed     93.47%
  31  A_Cambodia_7_2005_2005-07-05               39.63%    passed     64.96%
  32  A_Cambodia_NHRCC00002_2009_2009-10-14       0.00%    passed     96.89%
  33  A_Cambodia_NHRCC00003_2009_2009-10-14       0.00%    passed     96.89%
  34  A_Cambodia_NHRCC00008_2009_2009-10-14       0.00%    passed     97.30%
  35  A_Cambodia_NHRCC00011_2009_2009-10-15       0.00%    passed     97.97%
  36  A_Cambodia_P038_2005_2005-08-05            41.70%    passed     59.11%
  37  A_Cambodia_P105_2005_2005-08-05            41.70%    passed     52.13%
  38  A_Cambodia_P106_2005_2005-08-05            41.81%    passed     48.58%
  39  A_Cambodia_Q120_2006_2006-09-20            41.87%    passed     51.53%
  40  A_Cambodia_Q142_2006_2006-08-29            41.70%    passed     56.40%
  41  A_Cambodia_Q153_2006_2006-09-14            41.81%    passed     51.81%
  42  A_Cambodia_Q176_2006_2006-09-15            41.87%    passed     49.78%
  43  A_Cambodia_Q191_2006_2006-09-06            41.70%    passed     45.08%
  44  A_Cambodia_Q210_2006_2006-05-10            44.35%    passed     47.24%
  45  A_Cambodia_Q211_2006_2006-09-11            41.81%    passed     51.19%
  46  A_Cambodia_Q342_2006_2006-07-27            42.58%    passed     51.70%
  47  A_Cambodia_R068_2007_2007-08-22            44.46%    passed     63.19%
  48  A_Cambodia_S272_2008_2008-10-13            41.52%    passed     60.22%
  49  A_Cambodia_U307_2010_2010-08-02            46.58%    passed     65.09%
  50  A_Cambodia_U403_2010_2010-07-26            46.94%    passed     66.93%
  51  A_Chachoengsao_1422_2004_2004-08-05        39.93%    passed     63.03%
  52  A_DaNang_DN434_2008_2008-11-11              0.00%    passed     98.20%
  53  A_DaNang_DN446_2008_2008-11-21              0.00%    passed     98.20%
  54  A_DaNang_DN453_2008_2008-11-26              0.00%    passed     97.60%
  55  A_HaNoi_BM061_2007_2007-03-22               0.00%    passed     92.74%
  56  A_HaNoi_BM171_2007_2007-07-11               0.00%    passed     97.60%
  57  A_HaNoi_BT17_2007_2007-01-22                0.00%    passed     96.43%
  58  A_HaNoi_BT262_2007_2007-08-03               0.00%    passed     98.52%
  59  A_HaNoi_GS0737_2007_2007-07-25              0.00%    passed     98.48%
  60  A_HaNoi_HN30110_2004_2004-01-30             0.00%    passed     91.93%
  61  A_HaNoi_HN30127_2004_2004-02-01             0.06%    passed     97.22%
  62  A_HaNoi_HN30136_2004_2004-02-04             0.00%    passed     94.60%
  63  A_HaNoi_HN30147_2004_2004-02-05             0.00%    passed     93.96%
  64  A_HaNoi_HN695_2003_2003-08-14               0.00%    passed     80.55%
  65  A_HaNoi_ISBM16_2005_2005-03-24              0.00%    passed     97.14%
  66  A_HaNoi_N015_2007_2007-01-10                0.00%    passed     95.25%
  67  A_HaNoi_N062_2007_2007-02-08                0.00%    passed     95.30%
  68  A_HaNoi_N064_2007_2007-02-09                0.00%    passed     93.77%
  69  A_HaNoi_N210_2007_2007-06-21                0.00%    passed     97.13%
  70  A_HaNoi_N317_2007_2007-10-17                0.00%    passed     97.26%
  71  A_HaNoi_N71_2007_2007-03-02                 0.00%    passed     96.43%
  72  A_HaNoi_Q011_2007_2007-01-04                0.06%    passed     91.55%
  73  A_HaNoi_Q039_2007_2007-01-15                0.06%    passed     96.42%
  74  A_HaNoi_Q071_2007_2007-01-25                0.00%    passed     95.19%
  75  A_HaNoi_Q118_2007_2007-02-12                0.00%    passed     97.60%
  76  A_HaNoi_Q148_2007_2007-03-06                0.00%    passed     96.29%
  77  A_HaNoi_Q163_2007_2007-03-12                0.00%    passed     95.25%
  78  A_HaNoi_Q220_2007_2007-03-30                0.00%    passed     94.45%
  79  A_HaNoi_Q372_2005_2005-06-30                0.00%    passed     94.77%
  80  A_HaNoi_Q427_2005_2005-07-22                0.06%    passed     95.12%
  81  A_HaNoi_Q464_2007_2007-06-29                0.00%    passed     98.48%
  82  A_HaNoi_Q545_2007_2007-07-27                0.00%    passed     98.00%
  83  A_HaNoi_Q578_2007_2007-08-08                0.00%    passed     98.20%
  84  A_HaNoi_Q582_2007_2007-08-09                0.00%    passed     94.29%
  85  A_HaNoi_Q672_2007_2007-09-11                0.00%    passed     95.87%
  86  A_HaNoi_Q748_2007_2007-10-08                0.00%    passed     97.65%
  87  A_HaNoi_Q924_2007_2007-12-05                0.00%    passed     98.26%
  88  A_HaNoi_TX050_2007_2007-01-23               0.00%    passed     93.08%
  89  A_HaNoi_TX058_2007_2007-01-24               0.00%    passed     92.81%
  90  A_HaNoi_TX072_2007_2007-01-29               0.00%    passed     96.43%
  91  A_HaNoi_TX327_2007_2007-08-06               0.00%    passed     97.87%
  92  A_Hanoi_190_2002_2002-06-23                43.05%    passed     59.61%
  93  A_Hanoi_209_2002_2002-07-04                43.05%    passed     63.54%
  94  A_Hanoi_BM766_2003_2003-06-16               0.00%    passed     91.58%
  95  A_Hanoi_BM767_2003_2003-06-16               0.00%    passed     92.13%
  96  A_Hanoi_HN30135_2004_2004-02-04            44.99%    passed     43.38%
  97  A_Hanoi_HN30240_2004_2004-03-10             0.00%    passed     94.95%
  98  A_Hanoi_HN30602_2005_2005-05-30            45.82%    passed     50.12%
  99  A_Hanoi_HN30607_2005_2005-05-29            45.64%    passed     47.58%
 100  A_Hanoi_HN3094_2004_2004-01-28              0.00%    passed     96.69%
 101  A_Hanoi_ISBM69_2005_2005-05-09             45.52%    passed     45.14%
 102  A_Hanoi_TB285_2005_2005-05-18              46.29%    passed     37.53%
 103  A_Hanoi_TN388_2005_2005-09-26              39.93%    passed     57.07%
 104  A_Hanoi_TN399_2005_2005-10-07              39.69%    passed     63.08%
 105  A_Hanoi_TN403_2005_2005-10-11              40.93%    passed     62.45%
 106  A_Hanoi_TN405_2005_2005-10-13              38.87%    passed     71.73%
 107  A_Hanoi_TN406_2005_2005-10-13              39.28%    passed     63.60%
 108  A_Hanoi_TN410_2005_2005-10-17              39.63%    passed     60.63%
 109  A_HoaBinh_HB378_2007_2007-10-03             0.00%    passed     97.81%
 110  A_HoaBinh_HB409_2007_2007-10-25             0.00%    passed     96.57%
 111  A_Hue_H05_2008_2008-01-04                   0.00%    passed     94.21%
 112  A_Hue_H207_2008_2008-06-09                  0.00%    passed     94.21%
 113  A_Hue_H511_2007_2007-11-30                  0.00%    passed     95.62%
 114  A_Hue_H515_2007_2007-12-04                  0.00%    passed     97.65%
 115  A_Hue_H521_2007_2007-12-07                  0.00%    passed     95.87%
 116  A_INDONESIA_3277_2002_2002-02-25           39.28%    passed     70.33%
 117  A_INDONESIA_8338_2001_2001-04-04           39.69%    passed     70.49%
 118  A_Indonesia_1150_2005_2005-01-20           40.93%    passed     48.68%
 119  A_KhanhHoa_KH363_2008_2008-09-23            0.00%    passed     96.96%
 120  A_KhanhHoa_KH466_2008_2008-12-03            0.00%    passed     96.73%
 121  A_KhanhHoa_KH474_2008_2008-12-10            0.00%    passed     97.02%
 122  A_KhanhHoa_KH475_2008_2008-12-10            0.00%    passed     95.96%
 123  A_KhanhHoa_KH488_2008_2008-12-18            0.00%    passed     97.96%
 124  A_KhanhHoa_KH494_2008_2008-12-22            0.00%    passed     96.09%
 125  A_Laos_184_2009_2009-09-21                  0.00%    passed     97.33%
 126  A_Laos_795_2010_2010-09-13                  0.12%    passed     88.89%
 127  A_Laos_82_2010_2010-01-28                   0.06%    passed     94.15%
 128  A_Laos_854_2010_2010-09-16                  0.06%    passed     94.05%
 129  A_Laos_896_2010_2010-09-20                  0.00%    passed     95.09%
 130  A_Laos_900_2010_2010-09-20                  0.00%    passed     95.48%
 131  A_Laos_I1031_2010_2010-10-10               39.81%    passed     63.84%
 132  A_Laos_I887_2010_2010-09-21                36.93%    passed     69.04%
 133  A_Laos_I910_2010_2010-09-21                36.98%    passed     68.64%
 134  A_MALAYSIA_145_2002_2002-09-09             40.22%    passed     67.75%
 135  A_MALAYSIA_232_2002_2002-10-28             40.87%    passed     57.25%
 136  A_MALAYSIA_29_2003_2003-01-13              40.22%    passed     64.05%
 137  A_MALAYSIA_720_2009_2009-05-06              0.00%    passed     96.30%
 138  A_Malaysia_0032_2009_2009-01-06             0.00%    passed     99.10%
 139  A_Malaysia_1_2004_2004-01-02               40.46%    passed     52.93%
 140  A_Malaysia_1522_2004_2004-07-14            40.64%    passed     60.92%
 141  A_Malaysia_1657167_2006_2006-10-12          0.00%    passed     92.29%
 142  A_Malaysia_1665090_2006_2006-10-19          0.00%    passed     93.61%
 143  A_Malaysia_1666666_2006_2006-10-27          0.00%    passed     93.61%
 144  A_Malaysia_1674395_2006_2006-11-15          0.00%    passed     94.77%
 145  A_Malaysia_1676558_2006_2006-11-17          0.00%    passed     92.21%
 146  A_Malaysia_1681079_2006_2006-11-24          0.00%    passed     90.71%
 147  A_Malaysia_1768035_2007_2007-04-20          0.00%    passed     94.28%
 148  A_Malaysia_1777545_2007_2007-05-06          0.00%    passed     98.81%
 149  A_Malaysia_1875_2004_2004-09-06            39.81%    passed     52.92%
 150  A_Malaysia_1918618_2007_2007-12-31          0.00%    passed     94.94%
 151  A_Malaysia_1922209_2008_2008-01-07          0.00%    passed     98.87%
 152  A_Malaysia_1959476_2008_2008-03-10          0.00%    passed     95.19%
 153  A_Malaysia_1959864_2008_2008-03-10          0.00%    passed     95.77%
 154  A_Malaysia_1963888_2008_2008-03-17          0.00%    passed     95.62%
 155  A_Malaysia_1965896_2008_2008-03-19          0.00%    passed     95.62%
 156  A_Malaysia_1997829_2008_2008-05-12          0.00%    passed     97.19%
 157  A_Malaysia_1997831_2008_2008-05-12          0.00%    passed     97.49%
 158  A_Malaysia_2050_2004_2004-09-29            40.05%    passed     62.73%
 159  A_Malaysia_23606_2002_2002-11-18            0.00%    passed     93.96%
 160  A_Malaysia_25_2004_2004-09-15              40.58%    passed     54.72%
 161  A_Malaysia_25750_2003_2003-09-09            0.00%    passed     94.87%
 162  A_Malaysia_25849_2003_2003-09-22            0.00%    passed     91.73%
 163  A_Malaysia_25920_2003_2003-09-30            0.00%    passed     93.82%
 164  A_Malaysia_25957_2003_2003-10-05            0.00%    passed     89.58%
 165  A_Malaysia_26227_2003_2003-11-07            0.06%    passed     96.27%
 166  A_Malaysia_26430_2003_2003-12-08            0.00%    passed     95.70%
 167  A_Malaysia_26468_2003_2003-12-11            0.00%    passed     97.14%
 168  A_Malaysia_26571_2003_2003-12-22            0.00%    passed     96.69%
 169  A_Malaysia_26682_2004_2004-01-05            0.00%    passed     96.06%
 170  A_Malaysia_26822_2004_2004-01-19            0.00%    passed     97.85%
 171  A_Malaysia_26989_2004_2004-02-07            0.00%    passed     97.43%
 172  A_Malaysia_28114_2004_2004-05-24            0.00%    passed     95.86%
 173  A_Malaysia_28991_2004_2004-06-23            0.00%    passed     95.86%
 174  A_Malaysia_29197_2004_2004-07-20            0.00%    passed     97.28%
 175  A_Malaysia_29242_2004_2004-07-26            0.00%    passed     89.70%
 176  A_Malaysia_29350_2004_2004-08-04            0.00%    passed     95.48%
 177  A_Malaysia_29361_2004_2004-08-04            0.00%    passed     96.04%
 178  A_Malaysia_29711_2004_2004-09-14            0.00%    passed     98.66%
 179  A_Malaysia_29890_2004_2004-10-06            0.00%    passed     97.09%
 180  A_Malaysia_29930_2004_2004-10-12            0.00%    passed     95.09%
 181  A_Malaysia_29997_2004_2004-10-20            0.00%    passed     91.36%
 182  A_Malaysia_306_2008_2008-02-12              0.00%    passed     94.58%
 183  A_Malaysia_31944_2005_2005-02-13            0.00%    passed     94.58%
 184  A_Malaysia_31998_2005_2005-07-15            0.00%    passed     94.21%
 185  A_Malaysia_32133_2005_2005-08-08            0.00%    passed     94.79%
 186  A_Malaysia_32171_2005_2005-08-04            0.00%    passed     94.77%
 187  A_Malaysia_32226_2005_2005-08-10            0.00%    passed     96.53%
 188  A_Malaysia_33386_2005_2005-12-30            0.00%    passed     94.77%
 189  A_Malaysia_33464_2006_2006-01-11            0.00%    passed     94.58%
 190  A_Malaysia_33817_2006_2006-02-24            0.00%    passed     95.77%
 191  A_Malaysia_33827_2006_2006-01-11            0.00%    passed     94.58%
 192  A_Malaysia_34015_2006_2006-03-16            0.00%    passed     92.83%
 193  A_Malaysia_605_2008_2008-03-27              0.00%    passed     96.43%
 194  A_Malaysia_99_2005_2005-01-24              40.05%    passed     61.26%
 195  A_Malaysia_NHRC0001_2004_2004-09-15         0.00%    passed     93.58%
 196  A_Malaysia_NHRC0002_2004_2004-09-25         0.00%    passed     95.72%
 197  A_Malaysia_NHRC0003_2004_2004-09-26         0.00%    passed     94.10%
 198  A_Myanmar_M022_2008_2008-07-09             43.82%    passed     47.92%
 199  A_Myanmar_M106_2008_2008-07-25             43.82%    passed     52.54%
 200  A_Myanmar_M114_2008_2008-07-26             43.82%    passed     50.61%
 201  A_Myanmar_M173_2007_2007-08-01             43.82%    passed     29.58%
 202  A_Myanmar_M174_2007_2007-08-01             43.82%    passed     33.93%
 203  A_Myanmar_M187_2007_2007-08-02             43.82%    passed     33.14%
 204  A_Myanmar_M250_2008_2008-09-01             43.82%    passed     46.67%
 205  A_Myanmar_M258_2008_2008-09-03             43.82%    passed     48.49%
 206  A_NONG-KHAI_475_2001_2001-08-30            39.75%    passed     73.10%
 207  A_NOTHABURI_488_2010_2010-08-19             0.00%    passed     95.09%
 208  A_Nakhon_Ratachasima_635_2004_2004-02-05   40.34%    passed     55.04%
 209  A_NamDinh_HN30119_2004_2004-01-31           0.06%    passed     97.92%
 210  A_Nong-Khai_560_2009_2009-10-28             0.00%    passed     99.27%
 211  A_Nonthaburi_342_2010_2010-07-08            0.00%    passed     96.04%
 212  A_PHILIPPINES_16105_2002_2002-07-17        37.34%    passed     87.63%
 213  A_PHILIPPINES_2958_2009_2009-06-16          0.00%    passed     98.66%
 214  A_PHILIPPINES_3322_2009_2009-07-01          0.00%    passed     97.97%
 215  A_PHILIPPINES_472_2002_2002-07-18          39.58%    passed     71.98%
 216  A_PHILIPPINES_5229_2010_2010-12-12          0.00%    passed     94.73%
 217  A_PHILIPPINES_78890_2001_2001-09-12        37.34%    passed     73.09%
 218  A_Philippines_04_2010_2010-08-23            0.00%    passed     91.07%
 219  A_Philippines_06_2010_2010-09-02            0.12%    passed     94.44%
 220  A_Philippines_16_2009_2009-03-05            0.00%    passed     97.33%
 221  A_Philippines_160283_2002_2002-07-17       37.99%    passed     82.22%
 222  A_Philippines_1641_2007_2007-08-28          0.06%    passed     94.77%
 223  A_Philippines_1646_2007_2007-09-04          0.06%    passed     92.89%
 224  A_Philippines_1713_2008_2008-04-08          0.00%    passed     96.92%
 225  A_Philippines_2191_2009_2009-05-26          0.00%    passed     98.66%
 226  A_Philippines_3803_2008_2008-11-26          0.00%    passed     96.10%
 227  A_Philippines_625_2005_2005-07-04          39.16%    passed     79.92%
 228  A_Philippines_95_2009_2009-06-09            0.12%    passed     98.75%
 229  A_Philippinese_3967_2008_2008-07-21         0.00%    passed     98.60%
 230  A_Prajianburi_1411_2004_2004-08-03         40.28%    passed     50.29%
 231  A_SINGAPORE_15_2001_2001-01-08             41.11%    passed     68.64%
 232  A_SINGAPORE_16_2002_2002-04-02             39.81%    passed     68.19%
 233  A_SINGAPORE_2_2000_2000-03-10              39.46%    passed     54.65%
 234  A_SINGAPORE_2_2002_2002-01-07              39.34%    passed     67.61%
 235  A_SINGAPORE_29_2002_2002-07-02             40.58%    passed     61.92%
 236  A_SINGAPORE_4_2001_2001-01-03              40.87%    passed     59.40%
 237  A_SINGAPORE_41_2001_2001-07-03             39.34%    passed     53.59%
 238  A_SINGAPORE_44_2002_2002-12-07             41.22%    passed     70.35%
 239  A_SINGAPORE_45_2001_2001-07-19             40.05%    passed     54.31%
 240  A_SINGAPORE_50_2002_2002-12-22             40.99%    passed     70.43%
 241  A_SINGAPORE_512_2010_2010-04-06             0.00%    passed     94.73%
 242  A_SINGAPORE_516_2010_2010-04-07             0.00%    passed     93.04%
 243  A_SINGAPORE_521_2010_2010-04-12             0.00%    passed     93.04%
 244  A_SINGAPORE_526_2010_2010-04-16             0.00%    passed     93.58%
 245  A_SINGAPORE_54_2001_2001-09-26             39.05%    passed     63.42%
 246  A_SINGAPORE_60_2001_2001-10-10             36.34%    passed     81.47%
 247  A_SINGAPORE_616_2010_2010-07-02             0.00%    passed     93.29%
 248  A_SINGAPORE_617_2010_2010-07-05             0.00%    passed     93.29%
 249  A_SINGAPORE_630_2010_2010-05-18             0.00%    passed     92.48%
 250  A_SINGAPORE_7_2002_2002-01-24              40.16%    passed     72.71%
 251  A_SINGAPORE_94_2000_2000-12-29             41.64%    passed     56.62%
 252  A_SONGKHLA_107_2002_2002-03-08             39.87%    passed     79.63%
 253  A_SURAT-THANI_116_2010_2010-02-09           0.00%    passed     96.12%
 254  A_SURAT-THANI_269_2010_2010-03-23           0.00%    passed     94.52%
 255  A_SURAT-THANI_72_2009_2009-02-21            0.00%    passed     96.96%
 256  A_Singapore_02_2005_2005-01-13             39.40%    passed     76.18%
 257  A_Singapore_1_2004_2004-01-09              40.81%    passed     45.07%
 258  A_Singapore_21_2008_2008-05-02              0.00%    passed     96.86%
 259  A_Singapore_215_2008_2008-02-05             0.00%    passed     95.41%
 260  A_Singapore_22_2008_2008-05-15              0.00%    passed     96.22%
 261  A_Singapore_221_2008_2008-02-19             0.53%    passed     96.64%
 262  A_Singapore_23_2008_2008-05-16              0.06%    passed     94.38%
 263  A_Singapore_29_2008_2008-06-25              0.00%    passed     93.64%
 264  A_Singapore_33_2009_2009-05-07              0.24%    passed     96.48%
 265  A_Singapore_36_2004_2004-06-15             40.16%    passed     50.63%
 266  A_Singapore_37_2004_2004-06-07             39.93%    passed     58.17%
 267  A_Singapore_39_2009_2009-03-27              0.00%    passed     97.02%
 268  A_Singapore_534_2009_2009-11-05             0.00%    passed     95.30%
 269  A_Singapore_569_2009_2009-11-17             0.00%    passed     92.87%
 270  A_Singapore_619_2008_2008-11-25             0.06%    passed     98.72%
 271  A_Singapore_65_2007_2007-10-31              0.00%    passed     97.60%
 272  A_Singapore_72_2009_2009-06-15              0.06%    passed     97.35%
 273  A_Singapore_73_2009_2009-06-15              0.00%    passed     97.33%
 274  A_Singapore_EN122_2011_2011-04-11           0.00%    passed     86.87%
 275  A_Singapore_EN210_2011_2011-06-21           0.00%    passed     94.58%
 276  A_Singapore_EN401_2011_2011-10-07           0.00%    passed     92.88%
 277  A_Singapore_EN514_2011_2011-12-07           0.00%    passed     93.77%
 278  A_Singapore_GP1030_2011_2011-05-25          0.00%    passed     93.49%
 279  A_Singapore_GP1063_2011_2011-06-02          0.00%    passed     90.71%
 280  A_Singapore_GP1084_2011_2011-06-10          0.00%    passed     90.91%
 281  A_Singapore_GP1188_2011_2011-07-04          0.00%    passed     94.58%
 282  A_Singapore_GP1362_2011_2011-07-29          0.00%    passed     92.88%
 283  A_Singapore_GP1382_2011_2011-08-03          0.00%    passed     87.42%
 284  A_Singapore_GP1437_2011_2011-08-16          0.00%    passed     92.88%
 285  A_Singapore_GP1583_2011_2011-10-07          0.00%    passed     89.56%
 286  A_Singapore_GP1669_2011_2011-10-24          0.00%    passed     86.14%
 287  A_Singapore_GP1682_2011_2011-10-31          0.00%    passed     88.66%
 288  A_Singapore_GP1726_2011_2011-11-11          0.00%    passed     91.72%
 289  A_Singapore_GP1814_2011_2011-12-02          0.00%    passed     88.08%
 290  A_Singapore_GP185_2011_2011-01-18           0.00%    passed     93.31%
 291  A_Singapore_GP3268_2010_2010-06-24          0.00%    passed     92.70%
 292  A_Singapore_GP3269_2010_2010-06-24          0.00%    passed     94.73%
 293  A_Singapore_GP3333_2010_2010-07-01          0.00%    passed     94.38%
 294  A_Singapore_GP3448_2009_2009-08-28          0.00%    passed     96.94%
 295  A_Singapore_GP3680_2010_2010-07-28          0.00%    passed     94.52%
 296  A_Singapore_GP3727_2010_2010-08-03          0.00%    passed     88.66%
 297  A_Singapore_GP380_2011_2011-01-28           0.00%    passed     97.40%
 298  A_Singapore_GP3861_2009_2009-09-28          0.00%    passed     96.94%
 299  A_Singapore_GP3866_2009_2009-09-24          0.00%    passed     96.94%
 300  A_Singapore_GP3872_2010_2010-08-24          0.00%    passed     90.28%
 301  A_Singapore_GP3961_2010_2010-09-03          0.00%    passed     95.87%
 302  A_Singapore_GP4111_2010_2010-09-20          0.00%    passed     95.87%
 303  A_Singapore_GP4180_2010_2010-09-28          0.00%    passed     94.10%
 304  A_Singapore_GP4278_2010_2010-10-12          0.00%    passed     93.77%
 305  A_Singapore_GP429_2011_2011-02-02           0.00%    passed     94.69%
 306  A_Singapore_GP4397_2010_2010-10-29          0.00%    passed     96.62%
 307  A_Singapore_GP4453_2010_2010-11-12          0.00%    passed     96.41%
 308  A_Singapore_GP4459_2010_2010-11-12          0.00%    passed     93.77%
 309  A_Singapore_GP4555_2010_2010-12-08          0.00%    passed     97.43%
 310  A_Singapore_GP4664_2010_2010-12-29          0.00%    passed     95.03%
 311  A_Singapore_GP586_2009_2009-06-10           0.00%    passed     97.60%
 312  A_Singapore_GP638_2009_2009-06-20           0.00%    passed     97.87%
 313  A_Singapore_KK179_2011_2011-05-16           0.00%    passed     92.83%
 314  A_Singapore_KK200_2011_2011-06-14           0.00%    passed     95.19%
 315  A_Singapore_KK212_2011_2011-06-21           0.00%    passed     90.49%
 316  A_Singapore_KK264_2011_2011-07-15           0.00%    passed     96.01%
 317  A_Singapore_KK337_2011_2011-08-15           0.00%    passed     89.90%
 318  A_Singapore_KK354_2011_2011-08-23           0.00%    passed     87.51%
 319  A_Singapore_KK366_2011_2011-08-31           0.00%    passed     91.76%
 320  A_Singapore_KK413_2011_2011-10-03           0.00%    passed     85.76%
 321  A_Singapore_KK445_2011_2011-10-17           0.00%    passed     86.14%
 322  A_Singapore_KK517_2011_2011-11-23           0.00%    passed     92.31%
 323  A_Singapore_KK535_2011_2011-12-05           0.00%    passed     80.47%
 324  A_Singapore_KK566_2011_2011-12-27           0.00%    passed     96.17%
 325  A_Singapore_KK581_2011_2011-12-30           0.00%    passed     95.24%
 326  A_Singapore_KK7_2011_2011-01-03             0.00%    passed     94.21%
 327  A_Singapore_MOH12_2011_2011-06-20           0.00%    passed     95.19%
 328  A_Singapore_N1604_2009_2009-11-30           0.00%    passed     92.48%
 329  A_Singapore_N1607_2009_2009-12-09           0.06%    passed     91.44%
 330  A_Singapore_N362_2008_2008-04-03            2.83%    passed     93.32%
 331  A_Singapore_N425_2008_2008-05-07            2.83%    passed     96.39%
 332  A_Singapore_N593_2008_2008-09-15            2.83%    passed     96.06%
 333  A_Singapore_NHRC0001_2003_2003-09-28        0.00%    passed     96.69%
 334  A_Singapore_NHRC0002_2003_2003-09-29        0.00%    passed     92.89%
 335  A_Singapore_NHRC0003_2003_2003-09-30        0.00%    passed     96.06%
 336  A_Singapore_NHRC0004_2003_2003-10-01        0.00%    passed     95.03%
 337  A_Singapore_NHRC0005_2003_2003-10-03        0.00%    passed     95.03%
 338  A_Singapore_NHRC0006_2003_2003-10-07        0.00%    passed     95.16%
 339  A_Singapore_NHRC0008_2003_2003-10-08        0.00%    passed     95.03%
 340  A_Singapore_NHRC0009_2003_2003-10-09        0.00%    passed     96.06%
 341  A_Singapore_NHRC0010_2003_2003-10-11        0.00%    passed     92.89%
 342  A_Singapore_TT203_2011_2011-05-23           0.00%    passed     92.83%
 343  A_Singapore_TT305_2011_2011-07-07           0.06%    passed     94.33%
 344  A_Singapore_TT381_2010_2010-06-22           2.06%    passed     95.31%
 345  A_Singapore_TT383_2010_2010-06-22           0.00%    passed     95.87%
 346  A_Singapore_TT384_2010_2010-06-22           0.00%    passed     95.56%
 347  A_Singapore_TT416_2011_2011-07-27           0.00%    passed     90.08%
 348  A_Singapore_TT430_2011_2011-07-29           0.00%    passed     86.14%
 349  A_Singapore_TT453_2011_2011-08-02           0.00%    passed     90.71%
 350  A_Singapore_TT507_2011_2011-08-16           0.00%    passed     88.47%
 351  A_Singapore_TT572_2011_2011-09-06           0.00%    passed     92.31%
 352  A_Singapore_TT584_2011_2011-09-08           0.00%    passed     87.15%
 353  A_Singapore_TT609_2011_2011-09-22           0.00%    passed     90.71%
 354  A_Singapore_TT638_2011_2011-09-29           0.00%    passed     93.64%
 355  A_Singapore_TT657_2011_2011-10-05           0.00%    passed     92.31%
 356  A_Singapore_TT735_2011_2011-11-17           0.00%    passed     89.90%
 357  A_Singapore_TT766_2011_2011-11-30           0.00%    passed     94.52%
 358  A_Singapore_TT787_2011_2011-12-05           0.00%    passed     94.74%
 359  A_Singapore_TT869_2011_2011-12-28           0.00%    passed     95.24%
 360  A_Singapore_TT879_2011_2011-12-30           0.00%    passed     85.44%
 361  A_Singpaore_38_2004_2004-06-15             41.11%    passed     52.02%
 362  A_TAK_123_2001_2001-03-29                  40.87%    passed     65.00%
 363  A_TAK_214_2001_2001-06-05                  39.05%    passed     74.92%
 364  A_THAILAND_80891_2001_2001-09-02           38.16%    passed     82.79%
 365  A_TayNguyen_HCM52_2006_2006-01-10           0.00%    passed     90.71%
 366  A_TayNguyen_HCM955_2007_2007-07-09          0.06%    passed     93.64%
 367  A_TayNguyen_TN186_2003_2003-11-18           0.00%    passed     97.85%
 368  A_TayNguyen_TN332_2005_2005-06-14           0.00%    passed     96.29%
 369  A_TayNguyen_TN335_2005_2005-06-14           0.00%    passed     94.20%
 370  A_TayNguyen_TN340_2005_2005-07-15           0.06%    passed     92.30%
 371  A_TayNguyen_TN343_2005_2005-07-19           0.00%    passed     96.17%
 372  A_TayNguyen_TN346_2005_2005-08-01           0.00%    passed     94.74%
 373  A_TayNguyen_TN348_2005_2005-08-01           0.00%    passed     94.77%
 374  A_TayNguyen_TN360_2005_2005-08-11           0.00%    passed     92.99%
 375  A_TayNguyen_TN362_2005_2005-08-18           0.00%    passed     97.30%
 376  A_TayNguyen_TN363_2005_2005-08-18           0.00%    passed     92.99%
 377  A_TayNguyen_TN367_2005_2005-08-18           0.00%    passed     93.94%
 378  A_TayNguyen_TN368_2005_2005-08-20           0.00%    passed     92.48%
 379  A_TayNguyen_TN380_2005_2005-08-30           0.00%    passed     91.92%
 380  A_TayNguyen_TN381_2005_2005-08-30           0.00%    passed     92.31%
 381  A_TayNguyen_TN388_2005_2005-09-26           0.00%    passed     95.94%
 382  A_TayNguyen_TN393_2005_2005-10-03           0.00%    passed     98.15%
 383  A_TayNguyen_TN403_2005_2005-10-10           0.00%    passed     89.06%
 384  A_TayNguyen_TN405_2005_2005-10-13           0.00%    passed     95.24%
 385  A_TayNguyen_TN406_2005_2005-10-13           0.00%    passed     94.74%
 386  A_TayNguyen_TN410_2005_2005-10-17           0.00%    passed     97.02%
 387  A_Thailand_0316_2009_2009-08-10             0.00%    passed     95.04%
 388  A_Thailand_128400_2002_2002-03-04          38.75%    passed     82.49%
 389  A_Thailand_141_2005_2005-04-11             40.11%    passed     42.27%
 390  A_Thailand_142_2005_2005-04-10             39.63%    passed     67.01%
 391  A_Thailand_151_2005_2005-04-25             39.52%    passed     62.91%
 392  A_Thailand_162496_2002_2002-07-18          34.39%    passed     70.80%
 393  A_Thailand_18_2009_2009-09-17               0.00%    passed     93.71%
 394  A_Thailand_263_2005_2005-07-12             40.46%    passed     57.95%
 395  A_Thailand_271_2007_2007-09-20              0.06%    passed     96.32%
 396  A_Thailand_356_2008_2008-02-26              0.00%    passed     99.66%
 397  A_Thailand_419_2008_2008-03-21              0.00%    passed     98.45%
 398  A_Thailand_419_2009_2009-08-09              0.00%    passed     90.41%
 399  A_Thailand_508_2008_2008-05-22              0.00%    passed     98.48%
 400  A_Thailand_534_2008_2008-06-02              0.00%    passed     95.96%
 401  A_Thailand_562_2008_2008-06-21              0.00%    passed     96.57%
 402  A_Thailand_677_2007_2007-09-13              0.00%    passed     98.41%
 403  A_Thailand_860_2008_2008-10-03              0.00%    passed     98.66%
 404  A_Thailand_911_2010_2010-10-07              0.00%    passed     92.57%
 405  A_Thailand_944_2008_2008-11-06              0.06%    passed     97.55%
 406  A_Thailand_947_2008_2008-11-03              0.00%    passed     97.99%
 407  A_Thailand_981_2008_2008-11-12              0.06%    passed     98.36%
 408  A_Thailand_998_2008_2008-11-03              0.00%    passed     98.37%
 409  A_Thailand_CU_B106_2009_2009-06-22          0.00%    passed     97.33%
 410  A_Thailand_CU_B110_2009_2009-06-23          0.00%    passed     98.20%
 411  A_Thailand_CU_B1697_2009_2009-11-10         0.00%    passed     96.12%
 412  A_Thailand_CU_B4_2009_2009-06-13            0.00%    passed     93.04%
 413  A_Thailand_CU_B657_2009_2009-07-11          0.00%    passed     91.06%
 414  A_Thailand_CU_H1285_2010_2010-01-21         0.00%    passed     97.53%
 415  A_Thailand_CU_H1443_2010_2010-02-04         0.00%    passed     97.02%
 416  A_Thailand_CU_H16_2009_2009-06-17           0.00%    passed     97.19%
 417  A_Thailand_CU_H1817_2010_2010-03-25         0.00%    passed     96.53%
 418  A_Thailand_Siriraj_03_2004_2004-02-06       0.00%    passed     97.43%
 419  A_Thailand_Siriraj_06_2002_2002-06-24       0.00%    passed     90.30%
 420  A_VN_1249_2001_2001-07-28                  41.87%    passed     53.69%
 421  A_VN_1293_2001_2001-08-01                  41.87%    passed     52.58%
 422  A_Vietnam_0941_2009_2009-05-25              0.00%    passed     97.98%
 423  A_Vietnam_167_2010_2010-02-08               0.00%    passed     94.58%
 424  A_Vietnam_1769_2009_2009-06-03              0.00%    passed     90.08%
 425  A_Vietnam_19_2007_2007-01-10                0.00%    passed     93.60%
 426  A_Vietnam_210_2009_2009-06-02               0.00%    passed     98.25%
 427  A_Vietnam_214_2008_2008-06-10               0.00%    passed     98.71%
 428  A_Vietnam_225_2010_2010-09-15               0.00%    passed     91.60%
 429  A_Vietnam_23_2007_2007-01-12                0.00%    passed     98.76%
 430  A_Vietnam_302_2009_2009-06-02               0.12%    passed     98.56%
 431  A_Vietnam_312_2009_2009-05-05               0.00%    passed     98.93%
 432  A_Vietnam_409_2009_2009-07-07               0.00%    passed     98.40%
 433  A_Vietnam_838_2010_2010-07-28               0.06%    passed     94.97%
 434  A_Vietnam_936_2009_2009-05-05               0.00%    passed     98.26%
 435  A_Vietnam_N199_2009_2009-05-22              0.00%    passed     99.29%
 436  BANGKOK_1340_2004_2003-07-23               41.87%    passed     55.22%
 437  BANGKOK_1563_2004_2004-09-01               41.87%    passed     45.65%
 438  CHANTHABURI_219_2003_2003-06-24            41.87%    passed     41.14%
 439  KAMPHAENGPHET_3524_2004_2004-11-02         41.87%    passed     40.35%
 440  LOP-BURI_3128_2004_2004-10-22              41.87%    passed     47.81%
 441  MAE-HONG-SON_317_2003_2003-08-11           41.87%    passed     50.39%
 442  MAE-HONG-SON_330_2003_2003-08-11           41.87%    passed     50.39%
 443  MALAYSIA_1344_2004_2004-06-08              41.87%    passed     45.53%
 444  MALAYSIA_226_2003_2003-03-10               41.87%    passed     62.53%
 445  MALAYSIA_2556_2004_2004-02-14              41.87%    passed     48.08%
 446  MALAYSIA_363_2006_2006-08-09               41.87%    passed     37.56%
 447  MALAYSIA_382_2006_2006-09-04               41.87%    passed     53.80%
 448  MALAYSIA_420_2006_2006-10-05               41.87%    passed     47.47%
 449  MALAYSIA_434_2003_2003-04-22               41.87%    passed     74.00%
 450  MALAYSIA_661_2004_2004-03-09               41.87%    passed     45.76%
 451  MALAYSIA_768_2003_2003-10-09               41.87%    passed     59.80%
 452  PHILIPPINES_1116_2003_2003-08-18           41.87%    passed     54.63%
 453  PHILIPPINES_1124_2006_2006-06-13           41.87%    passed     31.98%
 454  PHILIPPINES_1320_2003_2003-09-04           41.87%    passed     50.16%
 455  PHILIPPINES_3743_2006_2006-11-14           41.87%    passed     47.42%
 456  PHILIPPINES_3875_2006_2006-11-20           41.87%    passed     46.61%
 457  PHILIPPINES_471_2002_2002-07-18            41.87%    passed     59.90%
 458  PHILIPPINES_621_2003_2003-07-21            41.87%    passed     54.63%
 459  PHILIPPINES_629_2003_2003-07-21            41.87%    passed     54.63%
 460  PHILIPPINES_825_2003_2003-07-29            41.87%    passed     54.63%
 461  SARABURI_1792_2004_2004-09-22              41.87%    passed     49.29%
 462  SINGAPORE_107_2003_2003-11-11              41.87%    passed     52.65%
 463  SINGAPORE_15_2004_2004-03-19               41.87%    passed     43.33%
 464  SINGAPORE_16_2003_2003-01-15               41.87%    passed     62.53%
 465  SINGAPORE_21_2004_2004-05-10               41.87%    passed     45.53%
 466  SINGAPORE_37_2003_2003-01-24               41.87%    passed     62.25%
 467  SINGAPORE_38_2004_2004-06-15               41.87%    passed     48.08%
 468  SINGAPORE_57_2006_2006-07-06               41.87%    passed     38.12%
 469  SINGAPORE_68_2004_2004-11-09               41.87%    passed     45.65%
 470  SINGAPORE_7_2003_2003-01-07                41.87%    passed     57.08%
 471  SINGAPORE_75_2006_2006-08-18               41.87%    passed     41.66%
 472  SINGAPORE_79_2006_2006-09-28               41.87%    passed     30.53%
 473  SINGAPORE_95_2003_2003-11-02               41.87%    passed     42.52%
 474  TAK_185_2003_2003-06-05                    41.87%    passed     71.79%
 475  TH-3244-06_2006-03-12                      41.87%    passed     40.39%
 476  TH-3274-06_2006-02-05                      41.87%    passed     35.83%
 477  TH-TH-701-06_2006-10-13                    41.87%    passed     42.90%
 478  THAILAND_475_2006_2006-08-04               41.87%    passed     38.42%
 479  THAILAND_558_2006_2006-08-21               41.87%    passed     33.95%
 480  THAILAND_559_2006_2006-08-21               41.87%    passed     49.54%
 481  THAILAND_618_2006_2006-09-05               41.87%    passed     50.22%
 482  THAILAND_625_2006_2006-09-09               41.87%    passed     39.68%
 483  THAILAND_636_2006_2006-09-04               41.87%    passed     39.68%
 484  THAILAND_650_2006_2006-09-18               41.87%    passed     39.68%
 485  THAILAND_656_2006_2006-09-18               41.87%    passed     36.80%
 486  THAILAND_692_2006_2006-10-06               41.87%    passed     53.80%
 487  THAILAND_693_2006_2006-10-09               41.87%    passed     36.80%
 488  THAILAND_697_2006_2006-10-06               41.87%    passed     35.83%
 489  THAILAND_707_2006_2006-10-11               41.87%    passed     49.54%
 490  THAILAND_709_2006_2006-10-18               41.87%    passed     45.53%
 491  THAILAND_715_2006_2006-10-18               41.87%    passed     49.78%
 492  THAILAND_775_2006_2006-11-15               41.87%    passed     38.75%
 493  THAILAND_809_2006_2006-11-28               41.87%    passed     43.31%
 494  THAILAND_86_2006_2006-04-10                41.87%    passed     45.27%
****  TOTAL                                      14.35%  0 sequences failed composition chi2 test (p-value<5%; df=3)

Reading partition pos12 (model=HKY+G+F, aln=, seq=DNA, pos=1-1698\1,1-1698\2) ...
494 sequences and 2547 sites extracted

Reading partition pos3 (model=HKY+G+F, aln=, seq=DNA, pos=1-1698\3) ...
494 sequences and 566 sites extracted
Degree of missing data: 0.000

NOTE: 29 identical sequences (see below) will be ignored for subsequent analysis
NOTE: A_HaNoi_ISBM16_2005_2005-03-24 (identical to A_BacGiang_BG003_2004_2004-02-13) is ignored but added at the end
NOTE: A_Cambodia_NHRCC00003_2009_2009-10-14 (identical to A_Cambodia_NHRCC00002_2009_2009-10-14) is ignored but added at the end
NOTE: A_DaNang_DN446_2008_2008-11-21 (identical to A_DaNang_DN434_2008_2008-11-11) is ignored but added at the end
NOTE: A_Malaysia_26571_2003_2003-12-22 (identical to A_Hanoi_HN3094_2004_2004-01-28) is ignored but added at the end
NOTE: A_Hue_H207_2008_2008-06-09 (identical to A_Hue_H05_2008_2008-01-04) is ignored but added at the end
NOTE: A_Malaysia_1666666_2006_2006-10-27 (identical to A_Malaysia_1665090_2006_2006-10-19) is ignored but added at the end
NOTE: A_Malaysia_1965896_2008_2008-03-19 (identical to A_Malaysia_1963888_2008_2008-03-17) is ignored but added at the end
NOTE: A_Singapore_GP3269_2010_2010-06-24 (identical to A_SINGAPORE_512_2010_2010-04-06) is ignored but added at the end
NOTE: A_SINGAPORE_521_2010_2010-04-12 (identical to A_SINGAPORE_516_2010_2010-04-07) is ignored but added at the end
NOTE: A_SINGAPORE_617_2010_2010-07-05 (identical to A_SINGAPORE_616_2010_2010-07-02) is ignored but added at the end
NOTE: A_Thailand_CU_B106_2009_2009-06-22 (identical to A_Singapore_73_2009_2009-06-15) is ignored but added at the end
NOTE: A_Singapore_GP1188_2011_2011-07-04 (identical to A_Singapore_EN210_2011_2011-06-21) is ignored but added at the end
NOTE: A_Singapore_GP1437_2011_2011-08-16 (identical to A_Singapore_GP1362_2011_2011-07-29) is ignored but added at the end
NOTE: A_Singapore_KK445_2011_2011-10-17 (identical to A_Singapore_GP1669_2011_2011-10-24) is ignored but added at the end
NOTE: A_Singapore_TT430_2011_2011-07-29 (identical to A_Singapore_GP1669_2011_2011-10-24) is ignored but added at the end
NOTE: A_Singapore_GP3861_2009_2009-09-28 (identical to A_Singapore_GP3448_2009_2009-08-28) is ignored but added at the end
NOTE: A_Singapore_GP3866_2009_2009-09-24 (identical to A_Singapore_GP3448_2009_2009-08-28) is ignored but added at the end
NOTE: A_Singapore_TT203_2011_2011-05-23 (identical to A_Singapore_KK179_2011_2011-05-16) is ignored but added at the end
NOTE: A_Singapore_NHRC0010_2003_2003-10-11 (identical to A_Singapore_NHRC0002_2003_2003-09-29) is ignored but added at the end
NOTE: A_Singapore_NHRC0009_2003_2003-10-09 (identical to A_Singapore_NHRC0003_2003_2003-09-30) is ignored but added at the end
NOTE: A_Singapore_NHRC0005_2003_2003-10-03 (identical to A_Singapore_NHRC0004_2003_2003-10-01) is ignored but added at the end
NOTE: A_Singapore_NHRC0008_2003_2003-10-08 (identical to A_Singapore_NHRC0004_2003_2003-10-01) is ignored but added at the end
NOTE: A_Singapore_TT657_2011_2011-10-05 (identical to A_Singapore_TT572_2011_2011-09-06) is ignored but added at the end
NOTE: A_TayNguyen_TN363_2005_2005-08-18 (identical to A_TayNguyen_TN360_2005_2005-08-11) is ignored but added at the end
NOTE: MAE-HONG-SON_330_2003_2003-08-11 (identical to MAE-HONG-SON_317_2003_2003-08-11) is ignored but added at the end
NOTE: PHILIPPINES_621_2003_2003-07-21 (identical to PHILIPPINES_1116_2003_2003-08-18) is ignored but added at the end
NOTE: PHILIPPINES_629_2003_2003-07-21 (identical to PHILIPPINES_1116_2003_2003-08-18) is ignored but added at the end
NOTE: PHILIPPINES_825_2003_2003-07-29 (identical to PHILIPPINES_1116_2003_2003-08-18) is ignored but added at the end
NOTE: THAILAND_636_2006_2006-09-04 (identical to THAILAND_625_2006_2006-09-09) is ignored but added at the end

Create initial parsimony tree by phylogenetic likelihood library (PLL)... 0.132 seconds

NOTE: 57 MB RAM is required!
Estimate model parameters (epsilon = 0.100)
Initial log-likelihood: -23090.222
Current log-likelihood at step 1: -22904.829
Current log-likelihood at step 2: -22904.634
Current log-likelihood at step 3: -22904.629
Partition-specific rates:  1.059 0.737
Parameters optimization took 2 rounds (1.655 sec)

--------------------------------------------------------------------
|             INITIALIZING CANDIDATE TREE SET                      |
--------------------------------------------------------------------
Computing ML distances based on estimated model parameters... 3.045 sec
Computing BIONJ tree...
0.305 seconds
Log-likelihood of BIONJ tree: -23129.034
Generating 98 parsimony trees... 15.492 seconds 100 distinct starting trees
Computing log-likelihood of 100 initial trees ... 29.870 seconds
Optimizing top 20 initial trees with NNI...
Iteration 1 / LogL: -22855.772 / Time: 0h:0m:55s
Estimate model parameters (epsilon = 0.100)
Initial log-likelihood: -22855.772
Current log-likelihood at step 1: -22855.728
Parameters optimization took 0 rounds (0.389 sec)

BETTER TREE FOUND at iteration 1: -22855.728
Iteration 2 / LogL: -22853.828 / Time: 0h:0m:56s
Estimate model parameters (epsilon = 0.100)
Initial log-likelihood: -22853.828
Current log-likelihood at step 1: -22853.803
Parameters optimization took 0 rounds (0.376 sec)

BETTER TREE FOUND at iteration 2: -22853.803
Iteration 3 / LogL: -22862.768 / Time: 0h:0m:58s
Iteration 4 / LogL: -22864.205 / Time: 0h:0m:59s
Iteration 5 / LogL: -22855.612 / Time: 0h:1m:1s
Iteration 6 / LogL: -22864.042 / Time: 0h:1m:2s
Iteration 7 / LogL: -22862.249 / Time: 0h:1m:4s
Iteration 8 / LogL: -22868.299 / Time: 0h:1m:5s
Iteration 9 / LogL: -22872.363 / Time: 0h:1m:7s
Iteration 10 / LogL: -22874.160 / Time: 0h:1m:8s
Iteration 11 / LogL: -22875.918 / Time: 0h:1m:9s
Iteration 12 / LogL: -22869.639 / Time: 0h:1m:10s
Iteration 13 / LogL: -22867.540 / Time: 0h:1m:12s
Iteration 14 / LogL: -22863.753 / Time: 0h:1m:13s
Iteration 15 / LogL: -22872.061 / Time: 0h:1m:14s
Iteration 16 / LogL: -22876.239 / Time: 0h:1m:16s
Iteration 17 / LogL: -22877.182 / Time: 0h:1m:17s
Iteration 18 / LogL: -22880.102 / Time: 0h:1m:18s
Iteration 19 / LogL: -22881.356 / Time: 0h:1m:19s
Iteration 20 / LogL: -22878.515 / Time: 0h:1m:21s
Average CPU time for 1 NNI search: 2.714
Finish initializing candidate tree set. Number of distinct locally optimal trees: 20
Current best tree score: -22853.803 / CPU time: 129.147
--------------------------------------------------------------------
|               OPTIMIZING CANDIDATE TREE SET                      |
--------------------------------------------------------------------
Iteration 30 / LogL: -22918.229 / Time: 0h:1m:47s (0h:4m:21s left)
Iteration 40 / LogL: -22935.468 / Time: 0h:2m:12s (0h:3m:26s left)
Iteration 50 / LogL: -22876.335 / Time: 0h:2m:37s (0h:2m:43s left)
Iteration 60 / LogL: -22997.193 / Time: 0h:3m:2s (0h:2m:6s left)
Iteration 70 / LogL: -22925.375 / Time: 0h:3m:28s (0h:1m:33s left)
Iteration 80 / LogL: -22980.330 / Time: 0h:3m:53s (0h:1m:1s left)
Iteration 90 / LogL: -22915.188 / Time: 0h:4m:17s (0h:0m:31s left)
Iteration 100 / LogL: -22988.764 / Time: 0h:4m:42s (0h:0m:2s left)
TREE SEARCH COMPLETED AFTER 101 ITERATIONS / Time: 0h:4m:44s

--------------------------------------------------------------------
|                    FINALIZING TREE SEARCH                        |
--------------------------------------------------------------------
Performs final model parameters optimization
Estimate model parameters (epsilon = 0.010)
Initial log-likelihood: -22853.802
Current log-likelihood at step 1: -22853.780
Current log-likelihood at step 2: -22853.778
Partition-specific rates:  1.061 0.727
Parameters optimization took 1 rounds (0.794 sec)

BEST SCORE FOUND : -22853.778
Total tree length: 0.986

Total number of iterations: 101
CPU time used for tree search: 530.368 sec (0h:8m:50s)
Wall-clock time used for tree search: 276.160 sec (0h:4m:36s)
Total CPU time used: 547.983 sec (0h:9m:7s)
Total wall-clock time used: 285.496 sec (0h:4m:45s)

Analysis results written to: 
  IQ-TREE report:                SoutheastAsia.iqtree
  Maximum-likelihood tree:       SoutheastAsia.treefile
  Likelihood distances:          SoutheastAsia.mldist
  Screen log file:               SoutheastAsia.log

Date and Time: Wed Mar 30 22:17:00 2016
