IQ-TREE multicore version 1.4.0 for Mac OS X 64-bit built Mar  4 2016
Copyright (c) 2011-2015 Nguyen Lam Tung, Olga Chernomor, Arndt von Haeseler and Bui Quang Minh.

Host:    vetmac06.vet.cam.ac.uk (AVX, 64 GB RAM)
Command: iqtree-omp -s USACanada.fas -pre USACanada -spp srd06.nex -nt 2
Seed:    26778 (Using SPRNG - Scalable Parallel Random Number Generator)
Time:    Thu Mar 31 10:18:19 2016
Kernel:  AVX - 2 threads (16 CPU cores detected)

Reading partition model file srd06.nex ...
Reading alignment file USACanada.fas ... Fasta format detected
Alignment most likely contains DNA/RNA sequences
Alignment has 520 sequences with 1698 columns and 762 patterns (381 informative sites)
WARNING: Some sequence names are changed as follows:
A/ALASKA/14/2001_2001-12-02 -> A_ALASKA_14_2001_2001-12-02
A/ALASKA/21/2001_2001-11-23 -> A_ALASKA_21_2001_2001-11-23
A/ALASKA/7/2001_2001-10-16 -> A_ALASKA_7_2001_2001-10-16
A/ALASKA/8/2001_2001-10-25 -> A_ALASKA_8_2001_2001-10-25
A/ARIZONA/9/2001_2001-09-25 -> A_ARIZONA_9_2001_2001-09-25
A/ARKANSAS/2/2000_2000-01-04 -> A_ARKANSAS_2_2000_2000-01-04
A/Alabama/05/2010_2010-07-13 -> A_Alabama_05_2010_2010-07-13
A/Alabama/10/2010_2010-11-07 -> A_Alabama_10_2010_2010-11-07
A/Alabama/13/2010_2010-12-16 -> A_Alabama_13_2010_2010-12-16
A/Alabama/UR06_0482/2007_2007-03-01 -> A_Alabama_UR06_0482_2007_2007-03-01
A/Alaska/29/2009_2009-04-15 -> A_Alaska_29_2009_2009-04-15
A/Alaska/AF2790/2012_2012-01-29 -> A_Alaska_AF2790_2012_2012-01-29
A/Arizona/11/2010_2010-09-24 -> A_Arizona_11_2010_2010-09-24
A/Arizona/2/2006_2006-01-11 -> A_Arizona_2_2006_2006-01-11
A/Boston/14/2007_2007-12-15 -> A_Boston_14_2007_2007-12-15
A/Boston/2/2008_2008-02-21 -> A_Boston_2_2008_2008-02-21
A/Boston/38/2008_2008-02-14 -> A_Boston_38_2008_2008-02-14
A/Boston/50/2008_2008-02-21 -> A_Boston_50_2008_2008-02-21
A/Boston/78/2008_2008-03-11 -> A_Boston_78_2008_2008-03-11
A/Boston/81/2008_2008-03-13 -> A_Boston_81_2008_2008-03-13
A/Boston/88/2008_2008-04-16 -> A_Boston_88_2008_2008-04-16
A/Boston/9/2008_2008-02-27 -> A_Boston_9_2008_2008-02-27
A/Boston/96/2008_2008-02-20 -> A_Boston_96_2008_2008-02-20
A/Boston/DOA02/2011_2011-01-04 -> A_Boston_DOA02_2011_2011-01-04
A/Boston/DOA03/2011_2011-01-03 -> A_Boston_DOA03_2011_2011-01-03
A/Boston/DOA04/2011_2011-01-05 -> A_Boston_DOA04_2011_2011-01-05
A/Boston/DOA06/2011_2011-01-12 -> A_Boston_DOA06_2011_2011-01-12
A/Boston/DOA07/2011_2011-01-13 -> A_Boston_DOA07_2011_2011-01-13
A/Boston/DOA09/2011_2011-01-13 -> A_Boston_DOA09_2011_2011-01-13
A/Boston/DOA10/2011_2011-01-13 -> A_Boston_DOA10_2011_2011-01-13
A/Boston/DOA11/2011_2011-01-13 -> A_Boston_DOA11_2011_2011-01-13
A/Boston/DOA15/2011_2011-01-18 -> A_Boston_DOA15_2011_2011-01-18
A/Boston/DOA16/2011_2011-01-19 -> A_Boston_DOA16_2011_2011-01-19
A/Boston/DOA20/2011_2011-01-28 -> A_Boston_DOA20_2011_2011-01-28
A/Boston/DOA24/2011_2011-02-01 -> A_Boston_DOA24_2011_2011-02-01
A/Boston/DOA51/2011_2011-02-18 -> A_Boston_DOA51_2011_2011-02-18
A/Boston/DOA52/2011_2011-02-18 -> A_Boston_DOA52_2011_2011-02-18
A/Boston/DOA55/2011_2011-02-21 -> A_Boston_DOA55_2011_2011-02-21
A/Boston/DOA57/2011_2011-02-23 -> A_Boston_DOA57_2011_2011-02-23
A/Boston/DOA61/2011_2011-02-24 -> A_Boston_DOA61_2011_2011-02-24
A/Boston/DOA66/2011_2011-02-26 -> A_Boston_DOA66_2011_2011-02-26
A/Boston/DOA69/2011_2011-03-02 -> A_Boston_DOA69_2011_2011-03-02
A/Boston/DOA74/2011_2011-03-09 -> A_Boston_DOA74_2011_2011-03-09
A/Boston/DOA75/2011_2011-03-11 -> A_Boston_DOA75_2011_2011-03-11
A/Boston/DOA77/2011_2011-03-13 -> A_Boston_DOA77_2011_2011-03-13
A/Boston/DOA79/2011_2011-03-12 -> A_Boston_DOA79_2011_2011-03-12
A/Boston/DOA80/2011_2011-03-16 -> A_Boston_DOA80_2011_2011-03-16
A/Boston/DOA81/2011_2011-03-17 -> A_Boston_DOA81_2011_2011-03-17
A/Boston/DOA83/2011_2011-03-21 -> A_Boston_DOA83_2011_2011-03-21
A/Boston/DOA85/2011_2011-03-23 -> A_Boston_DOA85_2011_2011-03-23
A/Boston/DOA86/2011_2011-03-29 -> A_Boston_DOA86_2011_2011-03-29
A/CALIFORNIA/4/2000_2000-01-05 -> A_CALIFORNIA_4_2000_2000-01-05
A/California/10/2008_2008-12-20 -> A_California_10_2008_2008-12-20
A/California/2972/2012_2012-03-15 -> A_California_2972_2012_2012-03-15
A/California/3000/2012_2012-03-29 -> A_California_3000_2012_2012-03-29
A/California/3007/2012_2012-04-09 -> A_California_3007_2012_2012-04-09
A/California/3022/2012_2012-03-08 -> A_California_3022_2012_2012-03-08
A/California/3023/2012_2012-03-14 -> A_California_3023_2012_2012-03-14
A/California/7/2006_2006-12-08 -> A_California_7_2006_2006-12-08
A/California/NHRC0001/2005_2005-11-30 -> A_California_NHRC0001_2005_2005-11-30
A/California/NHRC0001/2006_2006-02-21 -> A_California_NHRC0001_2006_2006-02-21
A/California/NHRC0001/2007_2007-03-19 -> A_California_NHRC0001_2007_2007-03-19
A/California/NHRC0002/2003_2003-12-16 -> A_California_NHRC0002_2003_2003-12-16
A/California/NHRC0002/2005_2005-02-07 -> A_California_NHRC0002_2005_2005-02-07
A/California/NHRC0003/2005_2005-10-25 -> A_California_NHRC0003_2005_2005-10-25
A/California/NHRC0004/2005_2005-11-02 -> A_California_NHRC0004_2005_2005-11-02
A/California/NHRC0004/2011_2011-01-28 -> A_California_NHRC0004_2011_2011-01-28
A/California/NHRC0005/2005_2005-11-29 -> A_California_NHRC0005_2005_2005-11-29
A/California/NHRC0006/2003_2003-12-10 -> A_California_NHRC0006_2003_2003-12-10
A/California/NHRC0006/2005_2005-12-02 -> A_California_NHRC0006_2005_2005-12-02
A/California/NHRC0008/2005_2005-12-05 -> A_California_NHRC0008_2005_2005-12-05
A/California/NHRC0009/2005_2005-02-07 -> A_California_NHRC0009_2005_2005-02-07
A/California/NHRC0010/2005_2005-02-08 -> A_California_NHRC0010_2005_2005-02-08
A/California/UR06_0118/2007_2007-01-29 -> A_California_UR06_0118_2007_2007-01-29
A/California/UR06_0589/2007_2007-03-13 -> A_California_UR06_0589_2007_2007-03-13
A/California/UR07_0019/2008_2008-02-13 -> A_California_UR07_0019_2008_2008-02-13
A/California/VRDL158/2009_2009-04-27 -> A_California_VRDL158_2009_2009-04-27
A/California/VRDL169/2009_2009-04-28 -> A_California_VRDL169_2009_2009-04-28
A/California/VRDL172/2009_2009-04-28 -> A_California_VRDL172_2009_2009-04-28
A/California/VRDL182/2009_2009-04-28 -> A_California_VRDL182_2009_2009-04-28
A/California/VRDL203/2009_2009-04-28 -> A_California_VRDL203_2009_2009-04-28
A/California/VRDL231/2009_2009-04-30 -> A_California_VRDL231_2009_2009-04-30
A/California/VRDL241/2009_2009-04-29 -> A_California_VRDL241_2009_2009-04-29
A/California/VRDL255/2009_2009-04-29 -> A_California_VRDL255_2009_2009-04-29
A/California/VRDL265/2009_2009-04-01 -> A_California_VRDL265_2009_2009-04-01
A/California/VRDL271/2009_2009-04-30 -> A_California_VRDL271_2009_2009-04-30
A/California/VRDL279/2009_2009-04-30 -> A_California_VRDL279_2009_2009-04-30
A/California/VRDL286/2009_2009-04-30 -> A_California_VRDL286_2009_2009-04-30
A/California/VRDL328/2009_2009-05-09 -> A_California_VRDL328_2009_2009-05-09
A/California/VRDL340/2009_2009-05-04 -> A_California_VRDL340_2009_2009-05-04
A/California/VRDL342/2009_2009-05-20 -> A_California_VRDL342_2009_2009-05-20
A/California/VRDL360/2009_2009-06-03 -> A_California_VRDL360_2009_2009-06-03
A/Colorado/04/2007_2007-01-17 -> A_Colorado_04_2007_2007-01-17
A/Colorado/05/2006_2006-12-08 -> A_Colorado_05_2006_2006-12-08
A/Colorado/05/2010_2010-11-23 -> A_Colorado_05_2010_2010-11-23
A/Colorado/06/2006_2006-12-12 -> A_Colorado_06_2006_2006-12-12
A/Colorado/14/2007_2007-02-06 -> A_Colorado_14_2007_2007-02-06
A/Colorado/2971/2012_2012-03-09 -> A_Colorado_2971_2012_2012-03-09
A/Colorado/3005/2012_2012-04-04 -> A_Colorado_3005_2012_2012-04-04
A/Colorado/3009/2012_2012-04-17 -> A_Colorado_3009_2012_2012-04-17
A/Colorado/3010/2012_2012-03-20 -> A_Colorado_3010_2012_2012-03-20
A/Colorado/3024/2012_2012-02-23 -> A_Colorado_3024_2012_2012-02-23
A/Colorado/AF2774/2012_2012-01-09 -> A_Colorado_AF2774_2012_2012-01-09
A/Colorado/AF2791/2012_2012-01-30 -> A_Colorado_AF2791_2012_2012-01-30
A/Colorado/UR06_0279/2007_2007-02-14 -> A_Colorado_UR06_0279_2007_2007-02-14
A/Colorado/UR06_0454/2007_2007-02-26 -> A_Colorado_UR06_0454_2007_2007-02-26
A/Connecticut/04/2010_2010-03-17 -> A_Connecticut_04_2010_2010-03-17
A/Connecticut/1/2006_2006-09-27 -> A_Connecticut_1_2006_2006-09-27
A/Delaware/11/2007_2007-03-19 -> A_Delaware_11_2007_2007-03-19
A/District-Of-Columbia/02/2010_2010-12-31 -> A_District-Of-Columbia_02_2010_2010-12-31
A/District-of-Columbia/01/2010_2010-12-29 -> A_District-of-Columbia_01_2010_2010-12-29
A/District_of_Columbia/AF2775/2012_2012-01-25 -> A_District_of_Columbia_AF2775_2012_2012-01-25
A/District_of_Columbia/WRAIR0301/2010_2010-11-23 -> A_District_of_Columbia_WRAIR0301_2010_2010-11-23
A/FLORIDA/1/2001_2001-02-05 -> A_FLORIDA_1_2001_2001-02-05
A/FLORIDA/6/2001_2001-10-02 -> A_FLORIDA_6_2001_2001-10-02
A/Florida/01/2007_2007-01-09 -> A_Florida_01_2007_2007-01-09
A/Florida/2973/2012_2012-03-15 -> A_Florida_2973_2012_2012-03-15
A/Florida/2980/2012_2012-03-19 -> A_Florida_2980_2012_2012-03-19
A/Florida/41/2010_2010-09-17 -> A_Florida_41_2010_2010-09-17
A/Florida/43/2010_2010-12-29 -> A_Florida_43_2010_2010-12-29
A/Florida/UR07_0102/2008_2008-02-26 -> A_Florida_UR07_0102_2008_2008-02-26
A/Florida/UR07_0154/2008_2008-03-12 -> A_Florida_UR07_0154_2008_2008-03-12
A/Georgia/05/2007_2007-08-03 -> A_Georgia_05_2007_2007-08-03
A/Georgia/24/2010_2010-12-31 -> A_Georgia_24_2010_2010-12-31
A/Georgia/NHRC0001/2003_2003-12-05 -> A_Georgia_NHRC0001_2003_2003-12-05
A/Georgia/NHRC0001/2004_2004-01-20 -> A_Georgia_NHRC0001_2004_2004-01-20
A/Georgia/NHRC0001/2005_2005-01-25 -> A_Georgia_NHRC0001_2005_2005-01-25
A/Georgia/NHRC0001/2006_2006-01-09 -> A_Georgia_NHRC0001_2006_2006-01-09
A/Idaho/04/2009_2009-03-14 -> A_Idaho_04_2009_2009-03-14
A/Idaho/05/2007_2007-01-25 -> A_Idaho_05_2007_2007-01-25
A/Idaho/18/2008_2008-10-16 -> A_Idaho_18_2008_2008-10-16
A/Illinois/3026/2012_2012-03-09 -> A_Illinois_3026_2012_2012-03-09
A/Illinois/AF2824/2012_2012-02-15 -> A_Illinois_AF2824_2012_2012-02-15
A/Illinois/AF2864/2012_2012-02-24 -> A_Illinois_AF2864_2012_2012-02-24
A/Illinois/AF2865/2012_2012-03-02 -> A_Illinois_AF2865_2012_2012-03-02
A/Illinois/AF2867/2012_2012-03-05 -> A_Illinois_AF2867_2012_2012-03-05
A/Illinois/NHRC0001/2004_2004-01-20 -> A_Illinois_NHRC0001_2004_2004-01-20
A/Illinois/NHRC0001/2006_2006-02-15 -> A_Illinois_NHRC0001_2006_2006-02-15
A/Illinois/NHRC0002/2005_2005-12-23 -> A_Illinois_NHRC0002_2005_2005-12-23
A/Illinois/NHRC0002/2006_2006-04-06 -> A_Illinois_NHRC0002_2006_2006-04-06
A/Illinois/NHRC0002/2011_2011-01-19 -> A_Illinois_NHRC0002_2011_2011-01-19
A/Illinois/UR06_0030/2007_2007-01-15 -> A_Illinois_UR06_0030_2007_2007-01-15
A/Illinois/UR06_0567/2007_2007-03-09 -> A_Illinois_UR06_0567_2007_2007-03-09
A/Indiana/07/2010_2010-12-13 -> A_Indiana_07_2010_2010-12-13
A/Iowa/01/2008_2008-03-21 -> A_Iowa_01_2008_2008-03-21
A/Iowa/12/2010_2010-12-19 -> A_Iowa_12_2010_2010-12-19
A/KENTUCKY/21/2000_2001-01-19 -> A_KENTUCKY_21_2000_2001-01-19
A/Kentucky/12/2010_2010-11-09 -> A_Kentucky_12_2010_2010-11-09
A/Kentucky/3e/2006_2006-04-02 -> A_Kentucky_3e_2006_2006-04-02
A/Kentucky/UR06_0044/2007_2007-01-17 -> A_Kentucky_UR06_0044_2007_2007-01-17
A/Kentucky/UR07_0015/2008_2008-02-14 -> A_Kentucky_UR07_0015_2008_2008-02-14
A/Kentucky/UR07_0037/2008_2008-02-18 -> A_Kentucky_UR07_0037_2008_2008-02-18
A/Kentucky/UR07_0148/2008_2008-03-10 -> A_Kentucky_UR07_0148_2008_2008-03-10
A/LOUISIANA/1/2001_2001-10-30 -> A_LOUISIANA_1_2001_2001-10-30
A/Louisiana/01/2008_2008-01-02 -> A_Louisiana_01_2008_2008-01-02
A/Louisiana/AF1468/2008_2008-01-24 -> A_Louisiana_AF1468_2008_2008-01-24
A/MARYLAND/09/2006_2006-12-17 -> A_MARYLAND_09_2006_2006-12-17
A/MARYLAND/10/2006_2006-12-12 -> A_MARYLAND_10_2006_2006-12-12
A/MARYLAND/8/2001_2001-12-18 -> A_MARYLAND_8_2001_2001-12-18
A/MASSACHUSETTS/2/2001_2001-02-07 -> A_MASSACHUSETTS_2_2001_2001-02-07
A/MEMPHIS/10/2006_2006-03-01 -> A_MEMPHIS_10_2006_2006-03-01
A/MICHIGAN/17/2000_2000-02-08 -> A_MICHIGAN_17_2000_2000-02-08
A/Maine/02/2010_2010-12-28 -> A_Maine_02_2010_2010-12-28
A/Maine/1/2006_2006-01-02 -> A_Maine_1_2006_2006-01-02
A/Maryland/07/2010_2010-11-16 -> A_Maryland_07_2010_2010-11-16
A/Maryland/10/2008_2008-12-05 -> A_Maryland_10_2008_2008-12-05
A/Maryland/5/2006_2006-08-21 -> A_Maryland_5_2006_2006-08-21
A/Massachusetts/06/2008_2008-10-29 -> A_Massachusetts_06_2008_2008-10-29
A/Michigan/07/2007_2007-04-18 -> A_Michigan_07_2007_2007-04-18
A/Michigan/10/2007_2007-08-03 -> A_Michigan_10_2007_2007-08-03
A/Michigan/22/2009_2009-07-31 -> A_Michigan_22_2009_2009-07-31
A/Minnesota/05/2008_2008-01-06 -> A_Minnesota_05_2008_2008-01-06
A/Minnesota/09/2007_2007-02-14 -> A_Minnesota_09_2007_2007-02-14
A/Minnesota/1/2006_2006-03-13 -> A_Minnesota_1_2006_2006-03-13
A/Minnesota/13/2010_2010-11-25 -> A_Minnesota_13_2010_2010-11-25
A/Minnesota/19/2010_2010-12-28 -> A_Minnesota_19_2010_2010-12-28
A/Mississippi/AF2159/2009_2009-08-18 -> A_Mississippi_AF2159_2009_2009-08-18
A/Mississippi/UR07_0042/2008_2008-02-18 -> A_Mississippi_UR07_0042_2008_2008-02-18
A/Missouri/NHRC0001/2000_2000-02-07 -> A_Missouri_NHRC0001_2000_2000-02-07
A/Missouri/NHRC0001/2005_2005-01-12 -> A_Missouri_NHRC0001_2005_2005-01-12
A/Missouri/NHRC0001/2006_2006-04-05 -> A_Missouri_NHRC0001_2006_2006-04-05
A/Montana/02/2008_2008-12-09 -> A_Montana_02_2008_2008-12-09
A/Montana/04/2009_2009-03-03 -> A_Montana_04_2009_2009-03-03
A/Montana/05/2007_2007-09-19 -> A_Montana_05_2007_2007-09-19
A/NEW-JERSEY/4/2001_2001-12-12 -> A_NEW-JERSEY_4_2001_2001-12-12
A/NEW-YORK/13/2000_2000-03-29 -> A_NEW-YORK_13_2000_2000-03-29
A/NEW-YORK/3/2000_2000-01-03 -> A_NEW-YORK_3_2000_2000-01-03
A/NEW-YORK/45/2001_2001-10-02 -> A_NEW-YORK_45_2001_2001-10-02
A/NEW-YORK/46/2001_2001-11-17 -> A_NEW-YORK_46_2001_2001-11-17
A/NEW-YORK/47/2001_2001-12-11 -> A_NEW-YORK_47_2001_2001-12-11
A/NEW-YORK/55/2001_2001-11-22 -> A_NEW-YORK_55_2001_2001-11-22
A/NORTH-CAROLINA/1/2001_2001-02-11 -> A_NORTH-CAROLINA_1_2001_2001-02-11
A/Nebraska/02/2008_2008-01-22 -> A_Nebraska_02_2008_2008-01-22
A/Nebraska/AF1505/2008_2008-01-22 -> A_Nebraska_AF1505_2008_2008-01-22
A/Nebraska/AF2787/2012_2012-01-09 -> A_Nebraska_AF2787_2012_2012-01-09
A/Nebraska/AF2853/2012_2012-02-24 -> A_Nebraska_AF2853_2012_2012-02-24
A/Nebraska/AF2854/2012_2012-02-29 -> A_Nebraska_AF2854_2012_2012-02-29
A/Nevada/3001/2012_2012-03-03 -> A_Nevada_3001_2012_2012-03-03
A/Nevada/3002/2012_2012-04-03 -> A_Nevada_3002_2012_2012-04-03
A/Nevada/AF2841/2012_2012-02-23 -> A_Nevada_AF2841_2012_2012-02-23
A/New-Jersey/02/2010_2010-12-28 -> A_New-Jersey_02_2010_2010-12-28
A/New-Jersey/05/2007_2007-02-01 -> A_New-Jersey_05_2007_2007-02-01
A/New-Jersey/07/2008_2008-01-25 -> A_New-Jersey_07_2008_2008-01-25
A/New-Jersey/19/2007_2007-12-19 -> A_New-Jersey_19_2007_2007-12-19
A/New-York/03/2009_2009-01-21 -> A_New-York_03_2009_2009-01-21
A/New-York/05/2010_2010-03-25 -> A_New-York_05_2010_2010-03-25
A/New-York/13/2007_2007-09-10 -> A_New-York_13_2007_2007-09-10
A/New_Jersey/NHRC0001/2005_2005-02-10 -> A_New_Jersey_NHRC0001_2005_2005-02-10
A/New_York/10/2004_2004-01-30 -> A_New_York_10_2004_2004-01-30
A/New_York/100/2002_2002-01-22 -> A_New_York_100_2002_2002-01-22
A/New_York/101/2002_2002-02-04 -> A_New_York_101_2002_2002-02-04
A/New_York/104/2002_2002-01-17 -> A_New_York_104_2002_2002-01-17
A/New_York/108/2002_2002-01-31 -> A_New_York_108_2002_2002-01-31
A/New_York/109/2002_2002-01-30 -> A_New_York_109_2002_2002-01-30
A/New_York/11/2003_2003-10-31 -> A_New_York_11_2003_2003-10-31
A/New_York/110/2002_2002-01-29 -> A_New_York_110_2002_2002-01-29
A/New_York/111/2002_2002-02-04 -> A_New_York_111_2002_2002-02-04
A/New_York/113/2002_2002-01-31 -> A_New_York_113_2002_2002-01-31
A/New_York/114/2002_2002-03-05 -> A_New_York_114_2002_2002-03-05
A/New_York/117/2002_2002-02-01 -> A_New_York_117_2002_2002-02-01
A/New_York/118/2002_2002-01-30 -> A_New_York_118_2002_2002-01-30
A/New_York/120/2002_2002-02-19 -> A_New_York_120_2002_2002-02-19
A/New_York/121/2002_2002-02-26 -> A_New_York_121_2002_2002-02-26
A/New_York/122/2002_2002-03-21 -> A_New_York_122_2002_2002-03-21
A/New_York/123/2004_2004-12-16 -> A_New_York_123_2004_2004-12-16
A/New_York/124/2001_2001-11-27 -> A_New_York_124_2001_2001-11-27
A/New_York/126/2002_2002-03-01 -> A_New_York_126_2002_2002-03-01
A/New_York/127/2001_2001-12-31 -> A_New_York_127_2001_2001-12-31
A/New_York/129/2002_2002-02-12 -> A_New_York_129_2002_2002-02-12
A/New_York/130/2002_2002-03-11 -> A_New_York_130_2002_2002-03-11
A/New_York/131/2001_2001-12-23 -> A_New_York_131_2001_2001-12-23
A/New_York/135/2002_2002-02-14 -> A_New_York_135_2002_2002-02-14
A/New_York/136/2002_2002-03-19 -> A_New_York_136_2002_2002-03-19
A/New_York/142/2000_2000-02-06 -> A_New_York_142_2000_2000-02-06
A/New_York/148/2000_2000-02-09 -> A_New_York_148_2000_2000-02-09
A/New_York/150/2000_2000-01-28 -> A_New_York_150_2000_2000-01-28
A/New_York/152/2000_2000-01-18 -> A_New_York_152_2000_2000-01-18
A/New_York/154/2000_2000-01-24 -> A_New_York_154_2000_2000-01-24
A/New_York/156/2000_2000-01-05 -> A_New_York_156_2000_2000-01-05
A/New_York/158/2000_2000-01-17 -> A_New_York_158_2000_2000-01-17
A/New_York/160/2000_2000-01-03 -> A_New_York_160_2000_2000-01-03
A/New_York/162/2000_2000-02-09 -> A_New_York_162_2000_2000-02-09
A/New_York/165/2000_2000-01-18 -> A_New_York_165_2000_2000-01-18
A/New_York/168/2000_2000-01-03 -> A_New_York_168_2000_2000-01-03
A/New_York/169/2000_2000-01-03 -> A_New_York_169_2000_2000-01-03
A/New_York/17/2003_2003-11-16 -> A_New_York_17_2003_2003-11-16
A/New_York/170/2000_2000-01-05 -> A_New_York_170_2000_2000-01-05
A/New_York/173/2000_2000-02-02 -> A_New_York_173_2000_2000-02-02
A/New_York/174/2000_2000-01-04 -> A_New_York_174_2000_2000-01-04
A/New_York/175/2000_2000-01-06 -> A_New_York_175_2000_2000-01-06
A/New_York/176/2000_2000-03-01 -> A_New_York_176_2000_2000-03-01
A/New_York/178/2000_2000-02-29 -> A_New_York_178_2000_2000-02-29
A/New_York/180/2000_2000-02-09 -> A_New_York_180_2000_2000-02-09
A/New_York/182/2000_2000-02-18 -> A_New_York_182_2000_2000-02-18
A/New_York/187/2000_2000-01-27 -> A_New_York_187_2000_2000-01-27
A/New_York/19/2003_2003-12-18 -> A_New_York_19_2003_2003-12-18
A/New_York/191/2005_2005-01-07 -> A_New_York_191_2005_2005-01-07
A/New_York/193/2003_2003-02-19 -> A_New_York_193_2003_2003-02-19
A/New_York/194/2003_2003-02-05 -> A_New_York_194_2003_2003-02-05
A/New_York/196/2003_2003-02-19 -> A_New_York_196_2003_2003-02-19
A/New_York/198/2003_2003-03-08 -> A_New_York_198_2003_2003-03-08
A/New_York/199/2003_2003-03-21 -> A_New_York_199_2003_2003-03-21
A/New_York/2/2003_2003-10-27 -> A_New_York_2_2003_2003-10-27
A/New_York/20/2003_2003-12-01 -> A_New_York_20_2003_2003-12-01
A/New_York/200/2004_2004-11-22 -> A_New_York_200_2004_2004-11-22
A/New_York/203/2003_2003-05-07 -> A_New_York_203_2003_2003-05-07
A/New_York/206/2005_2005-01-19 -> A_New_York_206_2005_2005-01-19
A/New_York/207/2004_2004-12-09 -> A_New_York_207_2004_2004-12-09
A/New_York/22/2006_2006-11-29 -> A_New_York_22_2006_2006-11-29
A/New_York/23/2003_2003-12-16 -> A_New_York_23_2003_2003-12-16
A/New_York/232/2004_2004-12-09 -> A_New_York_232_2004_2004-12-09
A/New_York/236/2004_2004-12-27 -> A_New_York_236_2004_2004-12-27
A/New_York/243/2005_2005-02-02 -> A_New_York_243_2005_2005-02-02
A/New_York/25/2003_2003-12-16 -> A_New_York_25_2003_2003-12-16
A/New_York/258/2005_2005-01-18 -> A_New_York_258_2005_2005-01-18
A/New_York/268/2003_2003-11-27 -> A_New_York_268_2003_2003-11-27
A/New_York/270/2003_2003-11-18 -> A_New_York_270_2003_2003-11-18
A/New_York/273/2001_2001-12-29 -> A_New_York_273_2001_2001-12-29
A/New_York/274/2002_2002-02-26 -> A_New_York_274_2002_2002-02-26
A/New_York/29/2003_2003-12-12 -> A_New_York_29_2003_2003-12-12
A/New_York/30/2003_2003-12-02 -> A_New_York_30_2003_2003-12-02
A/New_York/301/2001_2001-01-21 -> A_New_York_301_2001_2001-01-21
A/New_York/3064/2009_2009-04-28 -> A_New_York_3064_2009_2009-04-28
A/New_York/3066/2009_2009-04-28 -> A_New_York_3066_2009_2009-04-28
A/New_York/31/2004_2004-01-05 -> A_New_York_31_2004_2004-01-05
A/New_York/3146/2009_2009-05-01 -> A_New_York_3146_2009_2009-05-01
A/New_York/3272/2009_2009-04-29 -> A_New_York_3272_2009_2009-04-29
A/New_York/33/2004_2004-01-09 -> A_New_York_33_2004_2004-01-09
A/New_York/3318/2009_2009-04-28 -> A_New_York_3318_2009_2009-04-28
A/New_York/3360/2009_2009-05-06 -> A_New_York_3360_2009_2009-05-06
A/New_York/34/2003_2003-12-03 -> A_New_York_34_2003_2003-12-03
A/New_York/3494/2009_2009-05-13 -> A_New_York_3494_2009_2009-05-13
A/New_York/3496/2009_2009-05-13 -> A_New_York_3496_2009_2009-05-13
A/New_York/352/2005_2005-01-04 -> A_New_York_352_2005_2005-01-04
A/New_York/353/2004_2004-11-05 -> A_New_York_353_2004_2004-11-05
A/New_York/354/2004_2004-12-28 -> A_New_York_354_2004_2004-12-28
A/New_York/355/2004_2004-11-01 -> A_New_York_355_2004_2004-11-01
A/New_York/356/2004_2004-12-01 -> A_New_York_356_2004_2004-12-01
A/New_York/359/2005_2005-01-17 -> A_New_York_359_2005_2005-01-17
A/New_York/36/2003_2003-12-10 -> A_New_York_36_2003_2003-12-10
A/New_York/360/2004_2004-11-18 -> A_New_York_360_2004_2004-11-18
A/New_York/364/2004_2004-12-28 -> A_New_York_364_2004_2004-12-28
A/New_York/368/2004_2004-11-11 -> A_New_York_368_2004_2004-11-11
A/New_York/369/2005_2005-01-03 -> A_New_York_369_2005_2005-01-03
A/New_York/37/2003_2003-12-04 -> A_New_York_37_2003_2003-12-04
A/New_York/370/2004_2004-12-20 -> A_New_York_370_2004_2004-12-20
A/New_York/372/2004_2004-12-22 -> A_New_York_372_2004_2004-12-22
A/New_York/375/2005_2005-01-29 -> A_New_York_375_2005_2005-01-29
A/New_York/376/2005_2005-01-18 -> A_New_York_376_2005_2005-01-18
A/New_York/377/2004_2004-12-20 -> A_New_York_377_2004_2004-12-20
A/New_York/378/2005_2005-01-03 -> A_New_York_378_2005_2005-01-03
A/New_York/379/2004_2004-11-30 -> A_New_York_379_2004_2004-11-30
A/New_York/38/2003_2003-12-21 -> A_New_York_38_2003_2003-12-21
A/New_York/380/2004_2004-12-26 -> A_New_York_380_2004_2004-12-26
A/New_York/381/2004_2004-12-28 -> A_New_York_381_2004_2004-12-28
A/New_York/382/2005_2005-01-29 -> A_New_York_382_2005_2005-01-29
A/New_York/384/2005_2005-01-06 -> A_New_York_384_2005_2005-01-06
A/New_York/385/2004_2004-12-28 -> A_New_York_385_2004_2004-12-28
A/New_York/387/2004_2004-12-27 -> A_New_York_387_2004_2004-12-27
A/New_York/389/2005_2005-01-04 -> A_New_York_389_2005_2005-01-04
A/New_York/390/2005_2005-01-05 -> A_New_York_390_2005_2005-01-05
A/New_York/391/2005_2005-01-07 -> A_New_York_391_2005_2005-01-07
A/New_York/393/2005_2005-03-23 -> A_New_York_393_2005_2005-03-23
A/New_York/394/2005_2005-01-04 -> A_New_York_394_2005_2005-01-04
A/New_York/395/2005_2005-01-24 -> A_New_York_395_2005_2005-01-24
A/New_York/4/2006_2006-03-22 -> A_New_York_4_2006_2006-03-22
A/New_York/40/2003_2003-12-04 -> A_New_York_40_2003_2003-12-04
A/New_York/401/2001_2001-11-21 -> A_New_York_401_2001_2001-11-21
A/New_York/402/2001_2001-12-27 -> A_New_York_402_2001_2001-12-27
A/New_York/404/2002_2002-01-05 -> A_New_York_404_2002_2002-01-05
A/New_York/405/2002_2002-01-07 -> A_New_York_405_2002_2002-01-07
A/New_York/407/2002_2002-01-08 -> A_New_York_407_2002_2002-01-08
A/New_York/409/2002_2002-01-14 -> A_New_York_409_2002_2002-01-14
A/New_York/410/2002_2002-01-15 -> A_New_York_410_2002_2002-01-15
A/New_York/412/2002_2002-02-01 -> A_New_York_412_2002_2002-02-01
A/New_York/414/2002_2002-02-12 -> A_New_York_414_2002_2002-02-12
A/New_York/415/2002_2002-02-22 -> A_New_York_415_2002_2002-02-22
A/New_York/416/2002_2002-02-28 -> A_New_York_416_2002_2002-02-28
A/New_York/4165/2009_2009-06-12 -> A_New_York_4165_2009_2009-06-12
A/New_York/418/2002_2002-01-16 -> A_New_York_418_2002_2002-01-16
A/New_York/42/2003_2003-12-08 -> A_New_York_42_2003_2003-12-08
A/New_York/420/2002_2002-01-28 -> A_New_York_420_2002_2002-01-28
A/New_York/4255/2009_2009-05-24 -> A_New_York_4255_2009_2009-05-24
A/New_York/429/2000_2000-01-03 -> A_New_York_429_2000_2000-01-03
A/New_York/430/2000_2000-01-03 -> A_New_York_430_2000_2000-01-03
A/New_York/431/2000_2000-01-03 -> A_New_York_431_2000_2000-01-03
A/New_York/432/2000_2000-01-05 -> A_New_York_432_2000_2000-01-05
A/New_York/433/2000_2000-01-05 -> A_New_York_433_2000_2000-01-05
A/New_York/434/2000_2000-01-09 -> A_New_York_434_2000_2000-01-09
A/New_York/435/2000_2000-01-09 -> A_New_York_435_2000_2000-01-09
A/New_York/436/2000_2000-01-10 -> A_New_York_436_2000_2000-01-10
A/New_York/437/2000_2000-01-12 -> A_New_York_437_2000_2000-01-12
A/New_York/438/2000_2000-01-18 -> A_New_York_438_2000_2000-01-18
A/New_York/439/2000_2000-01-23 -> A_New_York_439_2000_2000-01-23
A/New_York/44/2003_2003-12-08 -> A_New_York_44_2003_2003-12-08
A/New_York/440/2000_2000-01-24 -> A_New_York_440_2000_2000-01-24
A/New_York/45/2003_2003-12-09 -> A_New_York_45_2003_2003-12-09
A/New_York/461/2005_2005-02-02 -> A_New_York_461_2005_2005-02-02
A/New_York/462/2005_2005-02-08 -> A_New_York_462_2005_2005-02-08
A/New_York/464/2005_2005-03-07 -> A_New_York_464_2005_2005-03-07
A/New_York/467/2004_2004-09-17 -> A_New_York_467_2004_2004-09-17
A/New_York/469/2004_2004-09-20 -> A_New_York_469_2004_2004-09-20
A/New_York/47/2003_2003-12-12 -> A_New_York_47_2003_2003-12-12
A/New_York/470/2004_2004-09-27 -> A_New_York_470_2004_2004-09-27
A/New_York/471/2004_2004-11-08 -> A_New_York_471_2004_2004-11-08
A/New_York/477/2003_2003-11-19 -> A_New_York_477_2003_2003-11-19
A/New_York/479/2003_2003-11-12 -> A_New_York_479_2003_2003-11-12
A/New_York/480/2004_2004-01-12 -> A_New_York_480_2004_2004-01-12
A/New_York/498/2004_2004-01-13 -> A_New_York_498_2004_2004-01-13
A/New_York/499/2004_2004-01-15 -> A_New_York_499_2004_2004-01-15
A/New_York/5/2004_2004-01-06 -> A_New_York_5_2004_2004-01-06
A/New_York/5/2006_2006-04-05 -> A_New_York_5_2006_2006-04-05
A/New_York/500/2004_2004-12-10 -> A_New_York_500_2004_2004-12-10
A/New_York/52/2004_2004-02-05 -> A_New_York_52_2004_2004-02-05
A/New_York/54/2003_2003-12-10 -> A_New_York_54_2003_2003-12-10
A/New_York/55/2003_2003-12-10 -> A_New_York_55_2003_2003-12-10
A/New_York/59/2003_2003-12-16 -> A_New_York_59_2003_2003-12-16
A/New_York/64/2003_2003-12-26 -> A_New_York_64_2003_2003-12-26
A/New_York/66/2003_2003-12-23 -> A_New_York_66_2003_2003-12-23
A/New_York/67/2003_2003-12-29 -> A_New_York_67_2003_2003-12-29
A/New_York/69/2004_2004-01-06 -> A_New_York_69_2004_2004-01-06
A/New_York/7/2006_2006-04-05 -> A_New_York_7_2006_2006-04-05
A/New_York/71/2001_2001-11-22 -> A_New_York_71_2001_2001-11-22
A/New_York/74/2002_2002-01-19 -> A_New_York_74_2002_2002-01-19
A/New_York/75/2002_2002-02-12 -> A_New_York_75_2002_2002-02-12
A/New_York/76/2002_2002-01-11 -> A_New_York_76_2002_2002-01-11
A/New_York/77/2001_2001-12-26 -> A_New_York_77_2001_2001-12-26
A/New_York/8/2003_2003-12-29 -> A_New_York_8_2003_2003-12-29
A/New_York/80/2001_2001-12-26 -> A_New_York_80_2001_2001-12-26
A/New_York/81/2002_2002-02-19 -> A_New_York_81_2002_2002-02-19
A/New_York/82/2001_2001-12-26 -> A_New_York_82_2001_2001-12-26
A/New_York/83/2001_2001-12-15 -> A_New_York_83_2001_2001-12-15
A/New_York/84/2001_2001-12-29 -> A_New_York_84_2001_2001-12-29
A/New_York/85/2001_2001-12-31 -> A_New_York_85_2001_2001-12-31
A/New_York/86/2002_2002-03-01 -> A_New_York_86_2002_2002-03-01
A/New_York/90/2002_2002-02-06 -> A_New_York_90_2002_2002-02-06
A/New_York/900/2004_2004-12-22 -> A_New_York_900_2004_2004-12-22
A/New_York/905/2004_2004-12-27 -> A_New_York_905_2004_2004-12-27
A/New_York/913/2005_2005-01-10 -> A_New_York_913_2005_2005-01-10
A/New_York/918/2005_2005-01-10 -> A_New_York_918_2005_2005-01-10
A/New_York/923/2006_2006-02-23 -> A_New_York_923_2006_2006-02-23
A/New_York/928/2006_2006-02-28 -> A_New_York_928_2006_2006-02-28
A/New_York/933/2006_2006-03-01 -> A_New_York_933_2006_2006-03-01
A/New_York/938/2006_2006-03-02 -> A_New_York_938_2006_2006-03-02
A/New_York/94/2001_2001-12-25 -> A_New_York_94_2001_2001-12-25
A/New_York/96/2002_2002-01-18 -> A_New_York_96_2002_2002-01-18
A/New_York/97/2002_2002-02-13 -> A_New_York_97_2002_2002-02-13
A/New_York/98/2004_2004-11-04 -> A_New_York_98_2004_2004-11-04
A/New_York/AF2868/2012_2012-03-06 -> A_New_York_AF2868_2012_2012-03-06
A/New_York/UR06_0437/2007_2007-02-27 -> A_New_York_UR06_0437_2007_2007-02-27
A/New_York/UR07_0133/2008_2008-03-06 -> A_New_York_UR07_0133_2008_2008-03-06
A/New_York/UR07_0153/2008_2008-03-12 -> A_New_York_UR07_0153_2008_2008-03-12
A/North-Carolina/01/2008_2008-02-11 -> A_North-Carolina_01_2008_2008-02-11
A/North-Carolina/05/2007_2007-11-26 -> A_North-Carolina_05_2007_2007-11-26
A/North-Carolina/06/2007_2007-11-06 -> A_North-Carolina_06_2007_2007-11-06
A/Ohio/03/2010_2010-11-16 -> A_Ohio_03_2010_2010-11-16
A/Ohio/06/2006_2006-03-01 -> A_Ohio_06_2006_2006-03-01
A/Ohio/07/2006_2006-04-03 -> A_Ohio_07_2006_2006-04-03
A/Ohio/2983/2012_2012-03-26 -> A_Ohio_2983_2012_2012-03-26
A/Ohio/2987/2012_2012-03-26 -> A_Ohio_2987_2012_2012-03-26
A/Ohio/2992/2012_2012-03-26 -> A_Ohio_2992_2012_2012-03-26
A/Ohio/2994/2012_2012-03-26 -> A_Ohio_2994_2012_2012-03-26
A/Ohio/2995/2012_2012-03-26 -> A_Ohio_2995_2012_2012-03-26
A/Ohio/UR06_0256/2007_2007-02-12 -> A_Ohio_UR06_0256_2007_2007-02-12
A/Ohio/UR07_0005/2008_2008-02-12 -> A_Ohio_UR07_0005_2008_2008-02-12
A/Oklahoma/309/2006_2006-01-12 -> A_Oklahoma_309_2006_2006-01-12
A/Ontario/002/2010_2010-12-18 -> A_Ontario_002_2010_2010-12-18
A/Ontario/003/2010_2010-12-20 -> A_Ontario_003_2010_2010-12-20
A/Ontario/005/2010_2010-12-23 -> A_Ontario_005_2010_2010-12-23
A/Ontario/009/2010_2010-12-29 -> A_Ontario_009_2010_2010-12-29
A/Ontario/011/2011_2011-01-03 -> A_Ontario_011_2011_2011-01-03
A/Ontario/013/2011_2011-01-05 -> A_Ontario_013_2011_2011-01-05
A/Ontario/015/2011_2011-01-15 -> A_Ontario_015_2011_2011-01-15
A/Ontario/016/2011_2011-01-20 -> A_Ontario_016_2011_2011-01-20
A/Ontario/019/2011_2011-01-29 -> A_Ontario_019_2011_2011-01-29
A/Ontario/022/2011_2011-02-07 -> A_Ontario_022_2011_2011-02-07
A/Ontario/023/2011_2011-02-08 -> A_Ontario_023_2011_2011-02-08
A/Ontario/024/2011_2011-02-14 -> A_Ontario_024_2011_2011-02-14
A/Oregon/34/2009_2009-09-03 -> A_Oregon_34_2009_2009-09-03
A/Oregon/UR06_0200/2007_2007-02-06 -> A_Oregon_UR06_0200_2007_2007-02-06
A/Oregon/UR06_0389/2007_2007-02-19 -> A_Oregon_UR06_0389_2007_2007-02-19
A/Pennsylvania/02/2010_2010-01-07 -> A_Pennsylvania_02_2010_2010-01-07
A/Pennsylvania/09/2010_2010-08-20 -> A_Pennsylvania_09_2010_2010-08-20
A/Pennsylvania/4/07_2007-03-03 -> A_Pennsylvania_4_07_2007-03-03
A/Pennsylvania/42/2010_2010-12-07 -> A_Pennsylvania_42_2010_2010-12-07
A/Pennsylvania/PIT20/2008_2008-01-25 -> A_Pennsylvania_PIT20_2008_2008-01-25
A/Pennsylvania/PIT25/2008_2008-02-11 -> A_Pennsylvania_PIT25_2008_2008-02-11
A/Quebec/RV0623/2009_2009-01-23 -> A_Quebec_RV0623_2009_2009-01-23
A/Rhode-Island/01/2010_2010-01-26 -> A_Rhode-Island_01_2010_2010-01-26
A/SOUTH-DAKOTA/1/2001_2001-12-11 -> A_SOUTH-DAKOTA_1_2001_2001-12-11
A/South-Carolina/01/2007_2007-02-28 -> A_South-Carolina_01_2007_2007-02-28
A/South_Carolina/NHRC0001/2003_2003-10-21 -> A_South_Carolina_NHRC0001_2003_2003-10-21
A/South_Carolina/NHRC0001/2005_2005-02-11 -> A_South_Carolina_NHRC0001_2005_2005-02-11
A/South_Carolina/NHRC0001/2006_2006-03-28 -> A_South_Carolina_NHRC0001_2006_2006-03-28
A/South_Carolina/NHRC0001/2011_2011-01-28 -> A_South_Carolina_NHRC0001_2011_2011-01-28
A/South_Carolina/NHRC0002/2003_2003-11-13 -> A_South_Carolina_NHRC0002_2003_2003-11-13
A/South_Carolina/NHRC0002/2005_2005-03-10 -> A_South_Carolina_NHRC0002_2005_2005-03-10
A/TEXAS/12/2001_2001-12-06 -> A_TEXAS_12_2001_2001-12-06
A/TEXAS/7/2000_2000-01-19 -> A_TEXAS_7_2000_2000-01-19
A/TEXAS/8/2001_2001-09-24 -> A_TEXAS_8_2001_2001-09-24
A/TEXAS/9/2001_2001-10-26 -> A_TEXAS_9_2001_2001-10-26
A/Tennessee/01/2008_2008-01-16 -> A_Tennessee_01_2008_2008-01-16
A/Tennessee/04/2008_2008-03-21 -> A_Tennessee_04_2008_2008-03-21
A/Texas/02/2009_2009-01-26 -> A_Texas_02_2009_2009-01-26
A/Texas/03/2007_2007-01-23 -> A_Texas_03_2007_2007-01-23
A/Texas/03/2008_2008-01-17 -> A_Texas_03_2008_2008-01-17
A/Texas/12/2010_2010-12-06 -> A_Texas_12_2010_2010-12-06
A/Texas/21/2010_2010-12-28 -> A_Texas_21_2010_2010-12-28
A/Texas/23/2010_2010-12-07 -> A_Texas_23_2010_2010-12-07
A/Texas/2999/2012_2012-03-26 -> A_Texas_2999_2012_2012-03-26
A/Texas/63/2007_2007-11-06 -> A_Texas_63_2007_2007-11-06
A/Texas/64/2007_2007-11-05 -> A_Texas_64_2007_2007-11-05
A/Texas/91/2007_2007-12-10 -> A_Texas_91_2007_2007-12-10
A/Texas/NHRC0001/2002_2002-01-22 -> A_Texas_NHRC0001_2002_2002-01-22
A/Texas/NHRC0001/2005_2005-02-16 -> A_Texas_NHRC0001_2005_2005-02-16
A/Texas/NHRC0001/2006_2006-02-13 -> A_Texas_NHRC0001_2006_2006-02-13
A/Texas/NHRC0001/2011_2011-01-25 -> A_Texas_NHRC0001_2011_2011-01-25
A/Texas/NHRC0002/2005_2005-12-19 -> A_Texas_NHRC0002_2005_2005-12-19
A/Texas/NHRC0002/2006_2006-04-04 -> A_Texas_NHRC0002_2006_2006-04-04
A/USA/AF1022/2007_2007-02-05 -> A_USA_AF1022_2007_2007-02-05
A/USA/AF1028/2007_2007-03-12 -> A_USA_AF1028_2007_2007-03-12
A/Utah/04/2010_2010-09-12 -> A_Utah_04_2010_2010-09-12
A/VERMONT/1/2001_2001-12-12 -> A_VERMONT_1_2001_2001-12-12
A/Vermont/02/2010_2010-12-21 -> A_Vermont_02_2010_2010-12-21
A/Virginia/01/2007_2007-03-14 -> A_Virginia_01_2007_2007-03-14
A/Virginia/02/2008_2008-02-01 -> A_Virginia_02_2008_2008-02-01
A/Virginia/05/2010_2010-12-27 -> A_Virginia_05_2010_2010-12-27
A/Virginia/08/2006_2006-12-19 -> A_Virginia_08_2006_2006-12-19
A/WASHINGTON/7/2001_2001-12-11 -> A_WASHINGTON_7_2001_2001-12-11
A/WISCONSIN/14/2001_2001-11-23 -> A_WISCONSIN_14_2001_2001-11-23
A/WISCONSIN/17/2001_2001-12-02 -> A_WISCONSIN_17_2001_2001-12-02
A/Washington/02/2010_2010-12-10 -> A_Washington_02_2010_2010-12-10
A/Washington/05/2009_2009-03-03 -> A_Washington_05_2009_2009-03-03
A/Washington/06/2009_2009-03-30 -> A_Washington_06_2009_2009-03-30
A/Washington/09/2008_2008-12-08 -> A_Washington_09_2008_2008-12-08
A/Washington/10/2006_2006-12-19 -> A_Washington_10_2006_2006-12-19
A/Washington/11/2006_2006-12-18 -> A_Washington_11_2006_2006-12-18
A/Washington/15/2009_2009-04-06 -> A_Washington_15_2009_2009-04-06
A/Washington/2997/2012_2012-03-24 -> A_Washington_2997_2012_2012-03-24
A/Washington/2998/2012_2012-03-25 -> A_Washington_2998_2012_2012-03-25
A/Washington/3008/2012_2012-04-08 -> A_Washington_3008_2012_2012-04-08
A/Washington/3011/2012_2012-04-20 -> A_Washington_3011_2012_2012-04-20
A/Washington/3013/2012_2012-04-09 -> A_Washington_3013_2012_2012-04-09
A/Washington/54/2009_2009-05-03 -> A_Washington_54_2009_2009-05-03
A/Washington/AF2834/2012_2012-02-07 -> A_Washington_AF2834_2012_2012-02-07
A/Wisconsin/04/2008_2008-01-30 -> A_Wisconsin_04_2008_2008-01-30
A/Wisconsin/05/2009_2009-02-05 -> A_Wisconsin_05_2009_2009-02-05
A/Wisconsin/11/2010_2010-09-29 -> A_Wisconsin_11_2010_2010-09-29
A/Wisconsin/13/2008_2008-07-31 -> A_Wisconsin_13_2008_2008-07-31
A/Wisconsin/27/2007_2007-03-26 -> A_Wisconsin_27_2007_2007-03-26
A/Wisconsin/31/2010_2010-12-28 -> A_Wisconsin_31_2010_2010-12-28
A/Wisconsin/42/2006_2006-12-12 -> A_Wisconsin_42_2006_2006-12-12
A/Wisconsin/43/2006_2006-12-16 -> A_Wisconsin_43_2006_2006-12-16
A/Wisconsin/44/2006_2006-12-27 -> A_Wisconsin_44_2006_2006-12-27
A/Wisconsin/45/2006_2006-12-15 -> A_Wisconsin_45_2006_2006-12-15
A/Wisconsin/46/2006_2006-12-16 -> A_Wisconsin_46_2006_2006-12-16
A/Wyoming/02/2006_2006-02-09 -> A_Wyoming_02_2006_2006-02-09
A/Wyoming/04/2007_2007-03-14 -> A_Wyoming_04_2007_2007-03-14
A/Wyoming/06/2010_2010-11-28 -> A_Wyoming_06_2010_2010-11-28

                                                  Gap/Ambiguity  Composition  p-value
   1  A_ALASKA_14_2001_2001-12-02                        37.04%    passed     63.64%
   2  A_ALASKA_21_2001_2001-11-23                        37.16%    passed     68.37%
   3  A_ALASKA_7_2001_2001-10-16                         38.16%    passed     71.52%
   4  A_ALASKA_8_2001_2001-10-25                         38.75%    passed     61.42%
   5  A_ARIZONA_9_2001_2001-09-25                        35.22%    passed     60.12%
   6  A_ARKANSAS_2_2000_2000-01-04                       38.16%    passed     70.37%
   7  A_Alabama_05_2010_2010-07-13                        0.06%    passed     99.84%
   8  A_Alabama_10_2010_2010-11-07                        0.12%    passed     99.87%
   9  A_Alabama_13_2010_2010-12-16                        0.00%    passed     99.44%
  10  A_Alabama_UR06_0482_2007_2007-03-01                 0.00%    passed     99.89%
  11  A_Alaska_29_2009_2009-04-15                         0.00%    passed     99.46%
  12  A_Alaska_AF2790_2012_2012-01-29                    29.33%    passed     92.99%
  13  A_Arizona_11_2010_2010-09-24                        0.00%    passed     99.38%
  14  A_Arizona_2_2006_2006-01-11                        36.51%    passed     87.91%
  15  A_Boston_14_2007_2007-12-15                         0.00%    passed     99.67%
  16  A_Boston_2_2008_2008-02-21                          0.00%    passed     97.11%
  17  A_Boston_38_2008_2008-02-14                         0.00%    passed     98.14%
  18  A_Boston_50_2008_2008-02-21                         0.00%    passed     97.96%
  19  A_Boston_78_2008_2008-03-11                         0.00%    passed     99.92%
  20  A_Boston_81_2008_2008-03-13                         0.00%    passed     99.34%
  21  A_Boston_88_2008_2008-04-16                         0.00%    passed     99.67%
  22  A_Boston_9_2008_2008-02-27                          0.00%    passed     99.34%
  23  A_Boston_96_2008_2008-02-20                         0.00%    passed     99.67%
  24  A_Boston_DOA02_2011_2011-01-04                      0.00%    passed     98.80%
  25  A_Boston_DOA03_2011_2011-01-03                      0.00%    passed     99.35%
  26  A_Boston_DOA04_2011_2011-01-05                      0.00%    passed     98.90%
  27  A_Boston_DOA06_2011_2011-01-12                      0.00%    passed     99.94%
  28  A_Boston_DOA07_2011_2011-01-13                      0.00%    passed     99.35%
  29  A_Boston_DOA09_2011_2011-01-13                      0.00%    passed     99.78%
  30  A_Boston_DOA10_2011_2011-01-13                      0.00%    passed     99.83%
  31  A_Boston_DOA11_2011_2011-01-13                      0.00%    passed     99.81%
  32  A_Boston_DOA15_2011_2011-01-18                      0.00%    passed     99.83%
  33  A_Boston_DOA16_2011_2011-01-19                      0.00%    passed     99.77%
  34  A_Boston_DOA20_2011_2011-01-28                      0.00%    passed     99.11%
  35  A_Boston_DOA24_2011_2011-02-01                      0.00%    passed     97.81%
  36  A_Boston_DOA51_2011_2011-02-18                      0.00%    passed     99.38%
  37  A_Boston_DOA52_2011_2011-02-18                      0.00%    passed     99.16%
  38  A_Boston_DOA55_2011_2011-02-21                      0.00%    passed     99.35%
  39  A_Boston_DOA57_2011_2011-02-23                      0.00%    passed     99.59%
  40  A_Boston_DOA61_2011_2011-02-24                      0.00%    passed     99.11%
  41  A_Boston_DOA66_2011_2011-02-26                      0.00%    passed     99.11%
  42  A_Boston_DOA69_2011_2011-03-02                      0.00%    passed     99.93%
  43  A_Boston_DOA74_2011_2011-03-09                      0.00%    passed     99.53%
  44  A_Boston_DOA75_2011_2011-03-11                      0.00%    passed     99.59%
  45  A_Boston_DOA77_2011_2011-03-13                      0.00%    passed     99.59%
  46  A_Boston_DOA79_2011_2011-03-12                      0.00%    passed     99.02%
  47  A_Boston_DOA80_2011_2011-03-16                      0.00%    passed     99.32%
  48  A_Boston_DOA81_2011_2011-03-17                      0.00%    passed     99.94%
  49  A_Boston_DOA83_2011_2011-03-21                      0.00%    passed     99.73%
  50  A_Boston_DOA85_2011_2011-03-23                      0.00%    passed     99.81%
  51  A_Boston_DOA86_2011_2011-03-29                      0.00%    passed     99.23%
  52  A_CALIFORNIA_4_2000_2000-01-05                      2.83%    passed     92.67%
  53  A_California_10_2008_2008-12-20                     0.06%    passed     99.24%
  54  A_California_2972_2012_2012-03-15                  29.33%    passed     88.00%
  55  A_California_3000_2012_2012-03-29                   0.00%    passed     99.81%
  56  A_California_3007_2012_2012-04-09                  29.33%    passed     91.02%
  57  A_California_3022_2012_2012-03-08                  29.33%    passed     87.56%
  58  A_California_3023_2012_2012-03-14                  29.33%    passed     88.52%
  59  A_California_7_2006_2006-12-08                     34.04%    passed     64.11%
  60  A_California_NHRC0001_2005_2005-11-30               0.00%    passed     98.34%
  61  A_California_NHRC0001_2006_2006-02-21               0.00%    passed     97.50%
  62  A_California_NHRC0001_2007_2007-03-19               0.00%    passed     99.54%
  63  A_California_NHRC0002_2003_2003-12-16               0.00%    passed     99.90%
  64  A_California_NHRC0002_2005_2005-02-07               0.00%    passed     99.99%
  65  A_California_NHRC0003_2005_2005-10-25               0.00%    passed     98.80%
  66  A_California_NHRC0004_2005_2005-11-02               0.06%    passed     98.93%
  67  A_California_NHRC0004_2011_2011-01-28               0.00%    passed     99.53%
  68  A_California_NHRC0005_2005_2005-11-29               0.00%    passed     99.18%
  69  A_California_NHRC0006_2003_2003-12-10               0.00%    passed     99.52%
  70  A_California_NHRC0006_2005_2005-12-02               0.06%    passed     98.89%
  71  A_California_NHRC0008_2005_2005-12-05               0.00%    passed     99.18%
  72  A_California_NHRC0009_2005_2005-02-07               0.00%    passed     99.85%
  73  A_California_NHRC0010_2005_2005-02-08               0.00%    passed     99.85%
  74  A_California_UR06_0118_2007_2007-01-29              0.00%    passed     99.86%
  75  A_California_UR06_0589_2007_2007-03-13              0.00%    passed     99.13%
  76  A_California_UR07_0019_2008_2008-02-13              0.00%    passed     99.67%
  77  A_California_VRDL158_2009_2009-04-27                0.06%    passed     99.60%
  78  A_California_VRDL169_2009_2009-04-28                0.00%    passed     99.46%
  79  A_California_VRDL172_2009_2009-04-28                0.00%    passed     99.35%
  80  A_California_VRDL182_2009_2009-04-28                0.00%    passed     97.86%
  81  A_California_VRDL203_2009_2009-04-28                0.00%    passed     98.11%
  82  A_California_VRDL231_2009_2009-04-30                0.00%    passed     99.66%
  83  A_California_VRDL241_2009_2009-04-29                0.00%    passed     99.66%
  84  A_California_VRDL255_2009_2009-04-29                0.00%    passed     99.18%
  85  A_California_VRDL265_2009_2009-04-01                0.00%    passed     99.86%
  86  A_California_VRDL271_2009_2009-04-30                0.00%    passed     99.49%
  87  A_California_VRDL279_2009_2009-04-30                0.00%    passed     99.85%
  88  A_California_VRDL286_2009_2009-04-30                0.00%    passed     99.09%
  89  A_California_VRDL328_2009_2009-05-09                0.06%    passed     99.04%
  90  A_California_VRDL340_2009_2009-05-04                0.00%    passed     99.87%
  91  A_California_VRDL342_2009_2009-05-20                0.00%    passed     98.59%
  92  A_California_VRDL360_2009_2009-06-03                0.00%    passed     99.73%
  93  A_Colorado_04_2007_2007-01-17                       0.00%    passed     99.97%
  94  A_Colorado_05_2006_2006-12-08                       0.00%    passed     99.37%
  95  A_Colorado_05_2010_2010-11-23                       0.00%    passed     99.83%
  96  A_Colorado_06_2006_2006-12-12                       5.83%    passed     97.34%
  97  A_Colorado_14_2007_2007-02-06                       0.00%    passed     99.99%
  98  A_Colorado_2971_2012_2012-03-09                    29.33%    passed     92.54%
  99  A_Colorado_3005_2012_2012-04-04                     0.00%    passed     99.63%
 100  A_Colorado_3009_2012_2012-04-17                    29.33%    passed     85.62%
 101  A_Colorado_3010_2012_2012-03-20                    29.33%    passed     80.17%
 102  A_Colorado_3024_2012_2012-02-23                    29.33%    passed     95.06%
 103  A_Colorado_AF2774_2012_2012-01-09                  29.33%    passed     91.20%
 104  A_Colorado_AF2791_2012_2012-01-30                  29.33%    passed     83.90%
 105  A_Colorado_UR06_0279_2007_2007-02-14                0.00%    passed     99.89%
 106  A_Colorado_UR06_0454_2007_2007-02-26                0.00%    passed     99.94%
 107  A_Connecticut_04_2010_2010-03-17                    0.00%    passed     98.25%
 108  A_Connecticut_1_2006_2006-09-27                    37.22%    passed     83.75%
 109  A_Delaware_11_2007_2007-03-19                       0.00%    passed     99.89%
 110  A_District-Of-Columbia_02_2010_2010-12-31           0.00%    passed     99.44%
 111  A_District-of-Columbia_01_2010_2010-12-29           0.00%    passed     99.16%
 112  A_District_of_Columbia_AF2775_2012_2012-01-25      29.33%    passed     91.41%
 113  A_District_of_Columbia_WRAIR0301_2010_2010-11-23    0.00%    passed     99.90%
 114  A_FLORIDA_1_2001_2001-02-05                        41.11%    passed     37.86%
 115  A_FLORIDA_6_2001_2001-10-02                        33.98%    passed     50.26%
 116  A_Florida_01_2007_2007-01-09                        0.00%    passed     99.90%
 117  A_Florida_2973_2012_2012-03-15                     29.33%    passed     92.22%
 118  A_Florida_2980_2012_2012-03-19                     29.33%    passed     92.57%
 119  A_Florida_41_2010_2010-09-17                        0.00%    passed     97.68%
 120  A_Florida_43_2010_2010-12-29                        0.06%    passed     99.62%
 121  A_Florida_UR07_0102_2008_2008-02-26                 0.00%    passed     99.11%
 122  A_Florida_UR07_0154_2008_2008-03-12                 0.00%    passed     99.46%
 123  A_Georgia_05_2007_2007-08-03                        0.06%    passed     99.57%
 124  A_Georgia_24_2010_2010-12-31                        0.00%    passed     98.97%
 125  A_Georgia_NHRC0001_2003_2003-12-05                  0.00%    passed     99.90%
 126  A_Georgia_NHRC0001_2004_2004-01-20                  0.00%    passed     99.91%
 127  A_Georgia_NHRC0001_2005_2005-01-25                  0.00%    passed     99.57%
 128  A_Georgia_NHRC0001_2006_2006-01-09                  0.00%    passed     98.68%
 129  A_Idaho_04_2009_2009-03-14                          0.00%    passed     98.53%
 130  A_Idaho_05_2007_2007-01-25                          0.06%    passed     99.78%
 131  A_Idaho_18_2008_2008-10-16                          0.00%    passed     99.34%
 132  A_Illinois_3026_2012_2012-03-09                    29.33%    passed     96.72%
 133  A_Illinois_AF2824_2012_2012-02-15                  29.33%    passed     97.19%
 134  A_Illinois_AF2864_2012_2012-02-24                  29.33%    passed     96.14%
 135  A_Illinois_AF2865_2012_2012-03-02                  29.33%    passed     94.75%
 136  A_Illinois_AF2867_2012_2012-03-05                  29.33%    passed     92.60%
 137  A_Illinois_NHRC0001_2004_2004-01-20                 0.00%    passed     99.80%
 138  A_Illinois_NHRC0001_2006_2006-02-15                 0.00%    passed     99.63%
 139  A_Illinois_NHRC0002_2005_2005-12-23                 0.00%    passed     97.95%
 140  A_Illinois_NHRC0002_2006_2006-04-06                 0.00%    passed     98.20%
 141  A_Illinois_NHRC0002_2011_2011-01-19                 0.00%    passed     99.59%
 142  A_Illinois_UR06_0030_2007_2007-01-15                0.00%    passed     99.54%
 143  A_Illinois_UR06_0567_2007_2007-03-09                0.00%    passed     99.76%
 144  A_Indiana_07_2010_2010-12-13                        0.00%    passed     99.49%
 145  A_Iowa_01_2008_2008-03-21                           0.00%    passed     99.78%
 146  A_Iowa_12_2010_2010-12-19                           0.00%    passed     99.59%
 147  A_KENTUCKY_21_2000_2001-01-19                      41.11%    passed     60.18%
 148  A_Kentucky_12_2010_2010-11-09                       0.00%    passed     99.38%
 149  A_Kentucky_3e_2006_2006-04-02                      35.51%    passed     64.49%
 150  A_Kentucky_UR06_0044_2007_2007-01-17                0.00%    passed     99.94%
 151  A_Kentucky_UR07_0015_2008_2008-02-14                0.00%    passed     98.14%
 152  A_Kentucky_UR07_0037_2008_2008-02-18                0.00%    passed     99.67%
 153  A_Kentucky_UR07_0148_2008_2008-03-10                0.00%    passed     99.85%
 154  A_LOUISIANA_1_2001_2001-10-30                      38.16%    passed     55.53%
 155  A_Louisiana_01_2008_2008-01-02                      0.00%    passed     99.76%
 156  A_Louisiana_AF1468_2008_2008-01-24                 41.93%    passed     24.19%
 157  A_MARYLAND_09_2006_2006-12-17                       2.89%    passed     96.11%
 158  A_MARYLAND_10_2006_2006-12-12                       2.83%    passed     97.99%
 159  A_MARYLAND_8_2001_2001-12-18                       37.34%    passed     74.20%
 160  A_MASSACHUSETTS_2_2001_2001-02-07                  40.99%    passed     57.27%
 161  A_MEMPHIS_10_2006_2006-03-01                       35.81%    passed     80.37%
 162  A_MICHIGAN_17_2000_2000-02-08                       2.83%    passed     97.54%
 163  A_Maine_02_2010_2010-12-28                          0.00%    passed     99.23%
 164  A_Maine_1_2006_2006-01-02                          36.57%    passed     81.49%
 165  A_Maryland_07_2010_2010-11-16                       0.00%    passed     99.44%
 166  A_Maryland_10_2008_2008-12-05                       0.00%    passed     99.34%
 167  A_Maryland_5_2006_2006-08-21                       37.22%    passed     81.24%
 168  A_Massachusetts_06_2008_2008-10-29                  0.00%    passed     99.67%
 169  A_Michigan_07_2007_2007-04-18                       0.00%    passed     99.75%
 170  A_Michigan_10_2007_2007-08-03                       0.00%    passed     99.77%
 171  A_Michigan_22_2009_2009-07-31                       0.00%    passed     99.92%
 172  A_Minnesota_05_2008_2008-01-06                      0.12%    passed     99.71%
 173  A_Minnesota_09_2007_2007-02-14                      0.00%    passed     99.94%
 174  A_Minnesota_1_2006_2006-03-13                      37.28%    passed     86.08%
 175  A_Minnesota_13_2010_2010-11-25                      0.00%    passed     99.24%
 176  A_Minnesota_19_2010_2010-12-28                      0.00%    passed     99.16%
 177  A_Mississippi_AF2159_2009_2009-08-18               36.98%    passed     34.84%
 178  A_Mississippi_UR07_0042_2008_2008-02-18             0.00%    passed     99.11%
 179  A_Missouri_NHRC0001_2000_2000-02-07                 0.00%    passed     99.79%
 180  A_Missouri_NHRC0001_2005_2005-01-12                 0.00%    passed     98.68%
 181  A_Missouri_NHRC0001_2006_2006-04-05                 0.00%    passed     95.67%
 182  A_Montana_02_2008_2008-12-09                        0.00%    passed     99.67%
 183  A_Montana_04_2009_2009-03-03                        0.00%    passed     99.38%
 184  A_Montana_05_2007_2007-09-19                        0.06%    passed     97.97%
 185  A_NEW-JERSEY_4_2001_2001-12-12                     38.16%    passed     68.81%
 186  A_NEW-YORK_13_2000_2000-03-29                       6.01%    passed     94.83%
 187  A_NEW-YORK_3_2000_2000-01-03                       38.10%    passed     63.60%
 188  A_NEW-YORK_45_2001_2001-10-02                      38.46%    passed     56.16%
 189  A_NEW-YORK_46_2001_2001-11-17                      33.98%    passed     61.38%
 190  A_NEW-YORK_47_2001_2001-12-11                      39.10%    passed     58.09%
 191  A_NEW-YORK_55_2001_2001-11-22                      38.28%    passed     82.30%
 192  A_NORTH-CAROLINA_1_2001_2001-02-11                 41.11%    passed     54.72%
 193  A_Nebraska_02_2008_2008-01-22                       0.00%    passed     99.34%
 194  A_Nebraska_AF1505_2008_2008-01-22                  44.05%    passed     24.73%
 195  A_Nebraska_AF2787_2012_2012-01-09                  29.33%    passed     95.34%
 196  A_Nebraska_AF2853_2012_2012-02-24                  29.33%    passed     92.57%
 197  A_Nebraska_AF2854_2012_2012-02-29                  29.33%    passed     93.13%
 198  A_Nevada_3001_2012_2012-03-03                      29.33%    passed     97.64%
 199  A_Nevada_3002_2012_2012-04-03                      29.33%    passed     88.21%
 200  A_Nevada_AF2841_2012_2012-02-23                    29.33%    passed     92.99%
 201  A_New-Jersey_02_2010_2010-12-28                     0.00%    passed     99.69%
 202  A_New-Jersey_05_2007_2007-02-01                     0.00%    passed     99.08%
 203  A_New-Jersey_07_2008_2008-01-25                     0.00%    passed     98.14%
 204  A_New-Jersey_19_2007_2007-12-19                     0.00%    passed     99.89%
 205  A_New-York_03_2009_2009-01-21                       0.00%    passed     99.34%
 206  A_New-York_05_2010_2010-03-25                       0.00%    passed     99.93%
 207  A_New-York_13_2007_2007-09-10                       0.00%    passed     99.09%
 208  A_New_Jersey_NHRC0001_2005_2005-02-10               0.00%    passed     99.29%
 209  A_New_York_10_2004_2004-01-30                       0.00%    passed     99.77%
 210  A_New_York_100_2002_2002-01-22                      0.00%    passed     96.43%
 211  A_New_York_101_2002_2002-02-04                      0.00%    passed     97.35%
 212  A_New_York_104_2002_2002-01-17                      0.00%    passed     98.41%
 213  A_New_York_108_2002_2002-01-31                      0.00%    passed     99.06%
 214  A_New_York_109_2002_2002-01-30                      0.00%    passed     97.66%
 215  A_New_York_11_2003_2003-10-31                       0.00%    passed     99.75%
 216  A_New_York_110_2002_2002-01-29                      0.00%    passed     96.61%
 217  A_New_York_111_2002_2002-02-04                      0.00%    passed     99.06%
 218  A_New_York_113_2002_2002-01-31                      0.00%    passed     96.83%
 219  A_New_York_114_2002_2002-03-05                      0.00%    passed     98.28%
 220  A_New_York_117_2002_2002-02-01                      0.00%    passed     94.56%
 221  A_New_York_118_2002_2002-01-30                      0.00%    passed     93.91%
 222  A_New_York_120_2002_2002-02-19                      0.00%    passed     98.50%
 223  A_New_York_121_2002_2002-02-26                      0.00%    passed     98.41%
 224  A_New_York_122_2002_2002-03-21                      0.00%    passed     95.37%
 225  A_New_York_123_2004_2004-12-16                      0.00%    passed     97.78%
 226  A_New_York_124_2001_2001-11-27                      0.00%    passed     95.05%
 227  A_New_York_126_2002_2002-03-01                      0.00%    passed     95.27%
 228  A_New_York_127_2001_2001-12-31                      0.00%    passed     96.61%
 229  A_New_York_129_2002_2002-02-12                      0.00%    passed     95.05%
 230  A_New_York_130_2002_2002-03-11                      0.00%    passed     95.29%
 231  A_New_York_131_2001_2001-12-23                      0.00%    passed     98.96%
 232  A_New_York_135_2002_2002-02-14                      0.00%    passed     96.66%
 233  A_New_York_136_2002_2002-03-19                      0.06%    passed     97.37%
 234  A_New_York_142_2000_2000-02-06                      0.00%    passed     99.36%
 235  A_New_York_148_2000_2000-02-09                      0.00%    passed     98.99%
 236  A_New_York_150_2000_2000-01-28                      0.00%    passed     99.46%
 237  A_New_York_152_2000_2000-01-18                      0.00%    passed     99.06%
 238  A_New_York_154_2000_2000-01-24                      0.00%    passed     98.99%
 239  A_New_York_156_2000_2000-01-05                      0.00%    passed     99.94%
 240  A_New_York_158_2000_2000-01-17                      0.06%    passed     99.97%
 241  A_New_York_160_2000_2000-01-03                      0.00%    passed     99.66%
 242  A_New_York_162_2000_2000-02-09                      0.00%    passed     98.99%
 243  A_New_York_165_2000_2000-01-18                      0.00%    passed     99.34%
 244  A_New_York_168_2000_2000-01-03                      0.00%    passed     99.75%
 245  A_New_York_169_2000_2000-01-03                      0.00%    passed     99.83%
 246  A_New_York_17_2003_2003-11-16                       0.00%    passed     99.84%
 247  A_New_York_170_2000_2000-01-05                      0.00%    passed     99.46%
 248  A_New_York_173_2000_2000-02-02                      0.00%    passed     98.67%
 249  A_New_York_174_2000_2000-01-04                      0.00%    passed     99.75%
 250  A_New_York_175_2000_2000-01-06                      0.00%    passed     99.46%
 251  A_New_York_176_2000_2000-03-01                      0.00%    passed     99.46%
 252  A_New_York_178_2000_2000-02-29                      0.00%    passed     99.94%
 253  A_New_York_180_2000_2000-02-09                      0.00%    passed     99.46%
 254  A_New_York_182_2000_2000-02-18                      0.00%    passed     99.75%
 255  A_New_York_187_2000_2000-01-27                      0.00%    passed     98.67%
 256  A_New_York_19_2003_2003-12-18                       0.00%    passed     99.84%
 257  A_New_York_191_2005_2005-01-07                      0.00%    passed     99.70%
 258  A_New_York_193_2003_2003-02-19                      0.00%    passed     96.78%
 259  A_New_York_194_2003_2003-02-05                      0.00%    passed     98.70%
 260  A_New_York_196_2003_2003-02-19                      0.00%    passed     99.81%
 261  A_New_York_198_2003_2003-03-08                      0.00%    passed     99.60%
 262  A_New_York_199_2003_2003-03-21                      0.00%    passed     99.81%
 263  A_New_York_2_2003_2003-10-27                        0.00%    passed     99.89%
 264  A_New_York_20_2003_2003-12-01                       0.00%    passed     99.84%
 265  A_New_York_200_2004_2004-11-22                      0.00%    passed     99.70%
 266  A_New_York_203_2003_2003-05-07                      0.00%    passed     99.60%
 267  A_New_York_206_2005_2005-01-19                      0.00%    passed     99.35%
 268  A_New_York_207_2004_2004-12-09                      0.00%    passed     99.78%
 269  A_New_York_22_2006_2006-11-29                      34.86%    passed     73.66%
 270  A_New_York_23_2003_2003-12-16                       0.00%    passed     99.86%
 271  A_New_York_232_2004_2004-12-09                      0.00%    passed     98.68%
 272  A_New_York_236_2004_2004-12-27                      0.00%    passed     99.98%
 273  A_New_York_243_2005_2005-02-02                      0.06%    passed     99.68%
 274  A_New_York_25_2003_2003-12-16                       0.00%    passed     99.72%
 275  A_New_York_258_2005_2005-01-18                      0.00%    passed     99.63%
 276  A_New_York_268_2003_2003-11-27                      0.00%    passed     99.80%
 277  A_New_York_270_2003_2003-11-18                      0.00%    passed     99.57%
 278  A_New_York_273_2001_2001-12-29                      0.00%    passed     98.41%
 279  A_New_York_274_2002_2002-02-26                      0.00%    passed     95.04%
 280  A_New_York_29_2003_2003-12-12                       0.00%    passed     99.52%
 281  A_New_York_30_2003_2003-12-02                       0.00%    passed     99.97%
 282  A_New_York_301_2001_2001-01-21                      0.00%    passed     95.05%
 283  A_New_York_3064_2009_2009-04-28                     0.00%    passed     99.86%
 284  A_New_York_3066_2009_2009-04-28                     0.00%    passed     99.86%
 285  A_New_York_31_2004_2004-01-05                       0.00%    passed     99.69%
 286  A_New_York_3146_2009_2009-05-01                     0.00%    passed     99.66%
 287  A_New_York_3272_2009_2009-04-29                     0.00%    passed     99.66%
 288  A_New_York_33_2004_2004-01-09                       0.00%    passed     99.72%
 289  A_New_York_3318_2009_2009-04-28                     0.00%    passed     99.86%
 290  A_New_York_3360_2009_2009-05-06                     0.00%    passed     99.66%
 291  A_New_York_34_2003_2003-12-03                       0.00%    passed     99.52%
 292  A_New_York_3494_2009_2009-05-13                     0.00%    passed     99.86%
 293  A_New_York_3496_2009_2009-05-13                     0.00%    passed     99.86%
 294  A_New_York_352_2005_2005-01-04                      0.00%    passed     99.02%
 295  A_New_York_353_2004_2004-11-05                      0.00%    passed     99.69%
 296  A_New_York_354_2004_2004-12-28                      0.00%    passed     99.63%
 297  A_New_York_355_2004_2004-11-01                      0.00%    passed     99.46%
 298  A_New_York_356_2004_2004-12-01                      0.00%    passed     98.68%
 299  A_New_York_359_2005_2005-01-17                      0.00%    passed     99.69%
 300  A_New_York_36_2003_2003-12-10                       0.00%    passed     99.78%
 301  A_New_York_360_2004_2004-11-18                      0.00%    passed     99.94%
 302  A_New_York_364_2004_2004-12-28                      0.00%    passed     99.49%
 303  A_New_York_368_2004_2004-11-11                      0.00%    passed     99.63%
 304  A_New_York_369_2005_2005-01-03                      0.00%    passed     99.70%
 305  A_New_York_37_2003_2003-12-04                       0.00%    passed     99.70%
 306  A_New_York_370_2004_2004-12-20                      0.00%    passed     97.78%
 307  A_New_York_372_2004_2004-12-22                      0.00%    passed     99.86%
 308  A_New_York_375_2005_2005-01-29                      0.00%    passed     99.90%
 309  A_New_York_376_2005_2005-01-18                      0.00%    passed     99.85%
 310  A_New_York_377_2004_2004-12-20                      0.00%    passed     97.78%
 311  A_New_York_378_2005_2005-01-03                      0.00%    passed     99.78%
 312  A_New_York_379_2004_2004-11-30                      0.00%    passed     98.89%
 313  A_New_York_38_2003_2003-12-21                       0.00%    passed     99.59%
 314  A_New_York_380_2004_2004-12-26                      0.00%    passed     99.98%
 315  A_New_York_381_2004_2004-12-28                      0.00%    passed     98.94%
 316  A_New_York_382_2005_2005-01-29                      0.00%    passed     99.71%
 317  A_New_York_384_2005_2005-01-06                      0.00%    passed     98.80%
 318  A_New_York_385_2004_2004-12-28                      0.00%    passed     99.99%
 319  A_New_York_387_2004_2004-12-27                      0.00%    passed     99.91%
 320  A_New_York_389_2005_2005-01-04                      0.00%    passed     98.68%
 321  A_New_York_390_2005_2005-01-05                      0.00%    passed     98.66%
 322  A_New_York_391_2005_2005-01-07                      0.00%    passed     99.80%
 323  A_New_York_393_2005_2005-03-23                      0.00%    passed     99.52%
 324  A_New_York_394_2005_2005-01-04                      0.00%    passed     99.49%
 325  A_New_York_395_2005_2005-01-24                      0.00%    passed     99.50%
 326  A_New_York_4_2006_2006-03-22                        0.00%    passed     98.59%
 327  A_New_York_40_2003_2003-12-04                       0.00%    passed     99.70%
 328  A_New_York_401_2001_2001-11-21                      0.00%    passed     98.01%
 329  A_New_York_402_2001_2001-12-27                      0.00%    passed     93.43%
 330  A_New_York_404_2002_2002-01-05                      0.00%    passed     95.93%
 331  A_New_York_405_2002_2002-01-07                      0.06%    passed     98.25%
 332  A_New_York_407_2002_2002-01-08                      0.00%    passed     97.65%
 333  A_New_York_409_2002_2002-01-14                      0.00%    passed     95.42%
 334  A_New_York_410_2002_2002-01-15                      0.00%    passed     97.65%
 335  A_New_York_412_2002_2002-02-01                      0.00%    passed     95.04%
 336  A_New_York_414_2002_2002-02-12                      0.00%    passed     95.93%
 337  A_New_York_415_2002_2002-02-22                      0.00%    passed     97.49%
 338  A_New_York_416_2002_2002-02-28                      0.00%    passed     96.37%
 339  A_New_York_4165_2009_2009-06-12                     0.06%    passed     99.75%
 340  A_New_York_418_2002_2002-01-16                      0.00%    passed     96.81%
 341  A_New_York_42_2003_2003-12-08                       0.00%    passed     99.77%
 342  A_New_York_420_2002_2002-01-28                      0.00%    passed     98.57%
 343  A_New_York_4255_2009_2009-05-24                     0.00%    passed     99.69%
 344  A_New_York_429_2000_2000-01-03                      0.00%    passed     99.46%
 345  A_New_York_430_2000_2000-01-03                      0.00%    passed     99.17%
 346  A_New_York_431_2000_2000-01-03                      0.00%    passed     99.75%
 347  A_New_York_432_2000_2000-01-05                      0.00%    passed     99.17%
 348  A_New_York_433_2000_2000-01-05                      0.00%    passed     99.07%
 349  A_New_York_434_2000_2000-01-09                      0.00%    passed     98.99%
 350  A_New_York_435_2000_2000-01-09                      0.00%    passed     93.56%
 351  A_New_York_436_2000_2000-01-10                      0.00%    passed     99.66%
 352  A_New_York_437_2000_2000-01-12                      0.00%    passed     99.35%
 353  A_New_York_438_2000_2000-01-18                      0.00%    passed     98.99%
 354  A_New_York_439_2000_2000-01-23                      0.00%    passed     99.75%
 355  A_New_York_44_2003_2003-12-08                       0.00%    passed     99.72%
 356  A_New_York_440_2000_2000-01-24                      0.00%    passed     98.86%
 357  A_New_York_45_2003_2003-12-09                       0.00%    passed     99.84%
 358  A_New_York_461_2005_2005-02-02                      0.00%    passed     99.51%
 359  A_New_York_462_2005_2005-02-08                      0.00%    passed     99.87%
 360  A_New_York_464_2005_2005-03-07                      0.00%    passed     99.81%
 361  A_New_York_467_2004_2004-09-17                      0.00%    passed     99.49%
 362  A_New_York_469_2004_2004-09-20                      0.00%    passed     99.02%
 363  A_New_York_47_2003_2003-12-12                       0.00%    passed     99.69%
 364  A_New_York_470_2004_2004-09-27                      0.00%    passed     99.74%
 365  A_New_York_471_2004_2004-11-08                      0.00%    passed     99.79%
 366  A_New_York_477_2003_2003-11-19                      0.00%    passed     99.85%
 367  A_New_York_479_2003_2003-11-12                      0.00%    passed     99.93%
 368  A_New_York_480_2004_2004-01-12                      0.00%    passed     99.75%
 369  A_New_York_498_2004_2004-01-13                      0.00%    passed     99.84%
 370  A_New_York_499_2004_2004-01-15                      0.00%    passed     99.71%
 371  A_New_York_5_2004_2004-01-06                        0.00%    passed     99.90%
 372  A_New_York_5_2006_2006-04-05                        0.00%    passed     99.18%
 373  A_New_York_500_2004_2004-12-10                      0.00%    passed     99.93%
 374  A_New_York_52_2004_2004-02-05                       0.00%    passed     99.91%
 375  A_New_York_54_2003_2003-12-10                       0.00%    passed     99.84%
 376  A_New_York_55_2003_2003-12-10                       0.00%    passed     99.99%
 377  A_New_York_59_2003_2003-12-16                       0.00%    passed     99.79%
 378  A_New_York_64_2003_2003-12-26                       0.00%    passed     99.84%
 379  A_New_York_66_2003_2003-12-23                       0.00%    passed     99.91%
 380  A_New_York_67_2003_2003-12-29                       0.00%    passed     99.86%
 381  A_New_York_69_2004_2004-01-06                       0.00%    passed     99.83%
 382  A_New_York_7_2006_2006-04-05                        0.00%    passed     99.86%
 383  A_New_York_71_2001_2001-11-22                       0.00%    passed     96.83%
 384  A_New_York_74_2002_2002-01-19                       0.00%    passed     93.52%
 385  A_New_York_75_2002_2002-02-12                       0.00%    passed     95.04%
 386  A_New_York_76_2002_2002-01-11                       0.00%    passed     93.86%
 387  A_New_York_77_2001_2001-12-26                       0.00%    passed     97.66%
 388  A_New_York_8_2003_2003-12-29                        0.00%    passed     99.84%
 389  A_New_York_80_2001_2001-12-26                       0.00%    passed     98.01%
 390  A_New_York_81_2002_2002-02-19                       0.00%    passed     96.66%
 391  A_New_York_82_2001_2001-12-26                       0.00%    passed     96.66%
 392  A_New_York_83_2001_2001-12-15                       0.00%    passed     96.66%
 393  A_New_York_84_2001_2001-12-29                       0.00%    passed     97.04%
 394  A_New_York_85_2001_2001-12-31                       0.00%    passed     97.04%
 395  A_New_York_86_2002_2002-03-01                       0.00%    passed     95.92%
 396  A_New_York_90_2002_2002-02-06                       0.00%    passed     93.74%
 397  A_New_York_900_2004_2004-12-22                      0.00%    passed     99.86%
 398  A_New_York_905_2004_2004-12-27                      0.00%    passed     98.94%
 399  A_New_York_913_2005_2005-01-10                      0.00%    passed     98.57%
 400  A_New_York_918_2005_2005-01-10                      0.00%    passed     98.68%
 401  A_New_York_923_2006_2006-02-23                      0.00%    passed     98.68%
 402  A_New_York_928_2006_2006-02-28                      0.00%    passed     97.38%
 403  A_New_York_933_2006_2006-03-01                      0.00%    passed     95.67%
 404  A_New_York_938_2006_2006-03-02                      0.00%    passed     99.46%
 405  A_New_York_94_2001_2001-12-25                       0.00%    passed     98.41%
 406  A_New_York_96_2002_2002-01-18                       0.00%    passed     99.33%
 407  A_New_York_97_2002_2002-02-13                       0.00%    passed     96.66%
 408  A_New_York_98_2004_2004-11-04                       0.00%    passed     99.48%
 409  A_New_York_AF2868_2012_2012-03-06                  29.33%    passed     94.02%
 410  A_New_York_UR06_0437_2007_2007-02-27                0.00%    passed     99.77%
 411  A_New_York_UR07_0133_2008_2008-03-06                0.00%    passed     99.78%
 412  A_New_York_UR07_0153_2008_2008-03-12                0.00%    passed     99.48%
 413  A_North-Carolina_01_2008_2008-02-11                 0.00%    passed     99.67%
 414  A_North-Carolina_05_2007_2007-11-26                 0.00%    passed     99.85%
 415  A_North-Carolina_06_2007_2007-11-06                 0.00%    passed     99.62%
 416  A_Ohio_03_2010_2010-11-16                           0.00%    passed     99.09%
 417  A_Ohio_06_2006_2006-03-01                           0.00%    passed     98.68%
 418  A_Ohio_07_2006_2006-04-03                           0.00%    passed     96.89%
 419  A_Ohio_2983_2012_2012-03-26                        29.33%    passed     94.05%
 420  A_Ohio_2987_2012_2012-03-26                         0.00%    passed     99.53%
 421  A_Ohio_2992_2012_2012-03-26                        29.33%    passed     90.53%
 422  A_Ohio_2994_2012_2012-03-26                        29.33%    passed     93.28%
 423  A_Ohio_2995_2012_2012-03-26                        29.33%    passed     88.89%
 424  A_Ohio_UR06_0256_2007_2007-02-12                    0.00%    passed     99.89%
 425  A_Ohio_UR07_0005_2008_2008-02-12                    0.00%    passed     99.67%
 426  A_Oklahoma_309_2006_2006-01-12                     44.82%    passed     54.25%
 427  A_Ontario_002_2010_2010-12-18                       0.00%    passed     99.56%
 428  A_Ontario_003_2010_2010-12-20                       0.00%    passed     99.96%
 429  A_Ontario_005_2010_2010-12-23                       0.00%    passed     99.98%
 430  A_Ontario_009_2010_2010-12-29                       0.00%    passed     99.90%
 431  A_Ontario_011_2011_2011-01-03                       0.00%    passed     99.44%
 432  A_Ontario_013_2011_2011-01-05                       0.00%    passed     99.83%
 433  A_Ontario_015_2011_2011-01-15                       0.00%    passed     99.83%
 434  A_Ontario_016_2011_2011-01-20                       0.00%    passed     99.98%
 435  A_Ontario_019_2011_2011-01-29                       0.00%    passed     99.88%
 436  A_Ontario_022_2011_2011-02-07                       0.00%    passed    100.00%
 437  A_Ontario_023_2011_2011-02-08                       0.00%    passed     99.99%
 438  A_Ontario_024_2011_2011-02-14                       0.00%    passed     99.91%
 439  A_Oregon_34_2009_2009-09-03                         0.00%    passed     99.71%
 440  A_Oregon_UR06_0200_2007_2007-02-06                  0.00%    passed     99.92%
 441  A_Oregon_UR06_0389_2007_2007-02-19                  0.00%    passed     99.85%
 442  A_Pennsylvania_02_2010_2010-01-07                   0.00%    passed     98.80%
 443  A_Pennsylvania_09_2010_2010-08-20                   0.06%    passed     97.58%
 444  A_Pennsylvania_4_07_2007-03-03                      0.00%    passed     99.89%
 445  A_Pennsylvania_42_2010_2010-12-07                   0.00%    passed     99.69%
 446  A_Pennsylvania_PIT20_2008_2008-01-25                0.00%    passed     99.77%
 447  A_Pennsylvania_PIT25_2008_2008-02-11                0.00%    passed     99.85%
 448  A_Quebec_RV0623_2009_2009-01-23                     0.00%    passed     99.85%
 449  A_Rhode-Island_01_2010_2010-01-26                   0.00%    passed     99.81%
 450  A_SOUTH-DAKOTA_1_2001_2001-12-11                   37.69%    passed     74.63%
 451  A_South-Carolina_01_2007_2007-02-28                 0.06%    passed     99.82%
 452  A_South_Carolina_NHRC0001_2003_2003-10-21           0.00%    passed     99.86%
 453  A_South_Carolina_NHRC0001_2005_2005-02-11           0.00%    passed     98.10%
 454  A_South_Carolina_NHRC0001_2006_2006-03-28           0.00%    passed     96.61%
 455  A_South_Carolina_NHRC0001_2011_2011-01-28           0.00%    passed     99.78%
 456  A_South_Carolina_NHRC0002_2003_2003-11-13           0.00%    passed     99.91%
 457  A_South_Carolina_NHRC0002_2005_2005-03-10           0.00%    passed     99.90%
 458  A_TEXAS_12_2001_2001-12-06                         38.57%    passed     71.47%
 459  A_TEXAS_7_2000_2000-01-19                          39.52%    passed     51.92%
 460  A_TEXAS_8_2001_2001-09-24                          39.46%    passed     72.64%
 461  A_TEXAS_9_2001_2001-10-26                          35.75%    passed     51.25%
 462  A_Tennessee_01_2008_2008-01-16                      0.00%    passed     99.34%
 463  A_Tennessee_04_2008_2008-03-21                      0.00%    passed     98.21%
 464  A_Texas_02_2009_2009-01-26                          0.00%    passed     99.85%
 465  A_Texas_03_2007_2007-01-23                          0.06%    passed     99.87%
 466  A_Texas_03_2008_2008-01-17                          0.00%    passed     97.77%
 467  A_Texas_12_2010_2010-12-06                          0.00%    passed     99.59%
 468  A_Texas_21_2010_2010-12-28                          0.06%    passed     99.04%
 469  A_Texas_23_2010_2010-12-07                          0.00%    passed     99.23%
 470  A_Texas_2999_2012_2012-03-26                       29.33%    passed     89.93%
 471  A_Texas_63_2007_2007-11-06                          0.00%    passed     99.34%
 472  A_Texas_64_2007_2007-11-05                          0.00%    passed     99.80%
 473  A_Texas_91_2007_2007-12-10                          0.06%    passed     97.66%
 474  A_Texas_NHRC0001_2002_2002-01-22                    0.00%    passed     96.37%
 475  A_Texas_NHRC0001_2005_2005-02-16                    0.00%    passed     99.82%
 476  A_Texas_NHRC0001_2006_2006-02-13                    0.00%    passed     96.95%
 477  A_Texas_NHRC0001_2011_2011-01-25                    0.00%    passed     99.57%
 478  A_Texas_NHRC0002_2005_2005-12-19                    0.00%    passed     98.68%
 479  A_Texas_NHRC0002_2006_2006-04-04                    0.00%    passed     98.19%
 480  A_USA_AF1022_2007_2007-02-05                       41.11%    passed     32.10%
 481  A_USA_AF1028_2007_2007-03-12                       41.11%    passed     36.64%
 482  A_Utah_04_2010_2010-09-12                           0.06%    passed     99.62%
 483  A_VERMONT_1_2001_2001-12-12                        35.51%    passed     53.50%
 484  A_Vermont_02_2010_2010-12-21                        0.00%    passed     99.35%
 485  A_Virginia_01_2007_2007-03-14                       0.06%    passed     99.82%
 486  A_Virginia_02_2008_2008-02-01                       0.00%    passed     98.19%
 487  A_Virginia_05_2010_2010-12-27                       0.00%    passed     99.83%
 488  A_Virginia_08_2006_2006-12-19                       5.30%    passed     98.55%
 489  A_WASHINGTON_7_2001_2001-12-11                     37.63%    passed     70.01%
 490  A_WISCONSIN_14_2001_2001-11-23                     37.69%    passed     63.86%
 491  A_WISCONSIN_17_2001_2001-12-02                     36.22%    passed     51.54%
 492  A_Washington_02_2010_2010-12-10                     0.00%    passed     99.38%
 493  A_Washington_05_2009_2009-03-03                     0.00%    passed     99.67%
 494  A_Washington_06_2009_2009-03-30                     0.00%    passed     99.73%
 495  A_Washington_09_2008_2008-12-08                     0.00%    passed     99.52%
 496  A_Washington_10_2006_2006-12-19                    34.86%    passed     72.70%
 497  A_Washington_11_2006_2006-12-18                    34.69%    passed     66.81%
 498  A_Washington_15_2009_2009-04-06                     0.00%    passed     99.67%
 499  A_Washington_2997_2012_2012-03-24                   0.00%    passed     99.59%
 500  A_Washington_2998_2012_2012-03-25                   0.00%    passed     99.63%
 501  A_Washington_3008_2012_2012-04-08                  29.33%    passed     88.26%
 502  A_Washington_3011_2012_2012-04-20                  29.33%    passed     94.75%
 503  A_Washington_3013_2012_2012-04-09                  29.33%    passed     85.62%
 504  A_Washington_54_2009_2009-05-03                     0.00%    passed     99.67%
 505  A_Washington_AF2834_2012_2012-02-07                29.33%    passed     93.10%
 506  A_Wisconsin_04_2008_2008-01-30                      0.00%    passed     98.14%
 507  A_Wisconsin_05_2009_2009-02-05                      0.00%    passed     99.67%
 508  A_Wisconsin_11_2010_2010-09-29                      0.06%    passed     99.84%
 509  A_Wisconsin_13_2008_2008-07-31                      0.00%    passed     99.34%
 510  A_Wisconsin_27_2007_2007-03-26                      0.06%    passed     99.49%
 511  A_Wisconsin_31_2010_2010-12-28                      0.00%    passed     98.80%
 512  A_Wisconsin_42_2006_2006-12-12                     34.92%    passed     68.00%
 513  A_Wisconsin_43_2006_2006-12-16                     34.39%    passed     63.68%
 514  A_Wisconsin_44_2006_2006-12-27                     34.86%    passed     83.83%
 515  A_Wisconsin_45_2006_2006-12-15                      0.06%    passed     96.39%
 516  A_Wisconsin_46_2006_2006-12-16                      2.83%    passed     97.48%
 517  A_Wyoming_02_2006_2006-02-09                        0.00%    passed     99.63%
 518  A_Wyoming_04_2007_2007-03-14                        0.00%    passed     99.95%
 519  A_Wyoming_06_2010_2010-11-28                        0.00%    passed     99.83%
 520  WA-04V-2240_2004-10-14                             41.87%    passed     29.30%
****  TOTAL                                               5.60%  0 sequences failed composition chi2 test (p-value<5%; df=3)

Reading partition pos12 (model=HKY+G+F, aln=, seq=DNA, pos=1-1698\1,1-1698\2) ...
520 sequences and 2547 sites extracted

Reading partition pos3 (model=HKY+G+F, aln=, seq=DNA, pos=1-1698\3) ...
520 sequences and 566 sites extracted
Degree of missing data: 0.000

NOTE: 39 identical sequences (see below) will be ignored for subsequent analysis
NOTE: A_Colorado_UR06_0279_2007_2007-02-14 (identical to A_Alabama_UR06_0482_2007_2007-03-01) is ignored but added at the end
NOTE: A_Kentucky_UR07_0015_2008_2008-02-14 (identical to A_Boston_38_2008_2008-02-14) is ignored but added at the end
NOTE: A_New-Jersey_07_2008_2008-01-25 (identical to A_Boston_38_2008_2008-02-14) is ignored but added at the end
NOTE: A_Wisconsin_04_2008_2008-01-30 (identical to A_Boston_38_2008_2008-02-14) is ignored but added at the end
NOTE: A_Vermont_02_2010_2010-12-21 (identical to A_Boston_DOA55_2011_2011-02-21) is ignored but added at the end
NOTE: A_Illinois_NHRC0002_2011_2011-01-19 (identical to A_Boston_DOA75_2011_2011-03-11) is ignored but added at the end
NOTE: A_Iowa_12_2010_2010-12-19 (identical to A_Boston_DOA75_2011_2011-03-11) is ignored but added at the end
NOTE: A_Texas_12_2010_2010-12-06 (identical to A_Boston_DOA75_2011_2011-03-11) is ignored but added at the end
NOTE: A_California_NHRC0008_2005_2005-12-05 (identical to A_California_NHRC0005_2005_2005-11-29) is ignored but added at the end
NOTE: A_California_NHRC0010_2005_2005-02-08 (identical to A_California_NHRC0009_2005_2005-02-07) is ignored but added at the end
NOTE: A_North-Carolina_01_2008_2008-02-11 (identical to A_California_UR07_0019_2008_2008-02-13) is ignored but added at the end
NOTE: A_California_VRDL241_2009_2009-04-29 (identical to A_California_VRDL231_2009_2009-04-30) is ignored but added at the end
NOTE: A_Ohio_UR06_0256_2007_2007-02-12 (identical to A_Delaware_11_2007_2007-03-19) is ignored but added at the end
NOTE: A_Pennsylvania_4_07_2007-03-03 (identical to A_Delaware_11_2007_2007-03-19) is ignored but added at the end
NOTE: A_New_York_121_2002_2002-02-26 (identical to A_New_York_104_2002_2002-01-17) is ignored but added at the end
NOTE: A_New_York_273_2001_2001-12-29 (identical to A_New_York_104_2002_2002-01-17) is ignored but added at the end
NOTE: A_New_York_77_2001_2001-12-26 (identical to A_New_York_109_2002_2002-01-30) is ignored but added at the end
NOTE: A_New_York_377_2004_2004-12-20 (identical to A_New_York_123_2004_2004-12-16) is ignored but added at the end
NOTE: A_New_York_20_2003_2003-12-01 (identical to A_New_York_17_2003_2003-11-16) is ignored but added at the end
NOTE: A_New_York_45_2003_2003-12-09 (identical to A_New_York_17_2003_2003-11-16) is ignored but added at the end
NOTE: A_New_York_200_2004_2004-11-22 (identical to A_New_York_191_2005_2005-01-07) is ignored but added at the end
NOTE: A_New_York_369_2005_2005-01-03 (identical to A_New_York_191_2005_2005-01-07) is ignored but added at the end
NOTE: A_New_York_203_2003_2003-05-07 (identical to A_New_York_198_2003_2003-03-08) is ignored but added at the end
NOTE: A_New_York_356_2004_2004-12-01 (identical to A_New_York_232_2004_2004-12-09) is ignored but added at the end
NOTE: A_New_York_389_2005_2005-01-04 (identical to A_New_York_232_2004_2004-12-09) is ignored but added at the end
NOTE: A_New_York_918_2005_2005-01-10 (identical to A_New_York_232_2004_2004-12-09) is ignored but added at the end
NOTE: A_New_York_368_2004_2004-11-11 (identical to A_New_York_258_2005_2005-01-18) is ignored but added at the end
NOTE: A_New_York_34_2003_2003-12-03 (identical to A_New_York_29_2003_2003-12-12) is ignored but added at the end
NOTE: A_New_York_3318_2009_2009-04-28 (identical to A_New_York_3066_2009_2009-04-28) is ignored but added at the end
NOTE: A_New_York_3494_2009_2009-05-13 (identical to A_New_York_3066_2009_2009-04-28) is ignored but added at the end
NOTE: A_New_York_3496_2009_2009-05-13 (identical to A_New_York_3066_2009_2009-04-28) is ignored but added at the end
NOTE: A_New_York_3360_2009_2009-05-06 (identical to A_New_York_3146_2009_2009-05-01) is ignored but added at the end
NOTE: A_New_York_900_2004_2004-12-22 (identical to A_New_York_372_2004_2004-12-22) is ignored but added at the end
NOTE: A_New_York_905_2004_2004-12-27 (identical to A_New_York_381_2004_2004-12-28) is ignored but added at the end
NOTE: A_New_York_80_2001_2001-12-26 (identical to A_New_York_401_2001_2001-11-21) is ignored but added at the end
NOTE: A_New_York_54_2003_2003-12-10 (identical to A_New_York_498_2004_2004-01-13) is ignored but added at the end
NOTE: A_Ontario_016_2011_2011-01-20 (identical to A_Ontario_005_2010_2010-12-23) is ignored but added at the end
NOTE: A_Washington_15_2009_2009-04-06 (identical to A_Washington_05_2009_2009-03-03) is ignored but added at the end
NOTE: A_Wisconsin_05_2009_2009-02-05 (identical to A_Washington_05_2009_2009-03-03) is ignored but added at the end

Create initial parsimony tree by phylogenetic likelihood library (PLL)... 0.135 seconds

NOTE: 59 MB RAM is required!
Estimate model parameters (epsilon = 0.100)
Initial log-likelihood: -22103.403
Current log-likelihood at step 1: -21956.774
Current log-likelihood at step 2: -21956.533
Current log-likelihood at step 3: -21956.513
Partition-specific rates:  1.055 0.753
Parameters optimization took 2 rounds (1.827 sec)

--------------------------------------------------------------------
|             INITIALIZING CANDIDATE TREE SET                      |
--------------------------------------------------------------------
Computing ML distances based on estimated model parameters... 3.492 sec
Computing BIONJ tree...
0.328 seconds
Log-likelihood of BIONJ tree: -22302.079
Generating 98 parsimony trees... 17.113 seconds 100 distinct starting trees
Computing log-likelihood of 100 initial trees ... 31.562 seconds
Optimizing top 20 initial trees with NNI...
Iteration 1 / LogL: -21867.387 / Time: 0h:0m:55s
Estimate model parameters (epsilon = 0.100)
Initial log-likelihood: -21867.386
Current log-likelihood at step 1: -21867.354
Parameters optimization took 0 rounds (0.405 sec)

BETTER TREE FOUND at iteration 1: -21867.354
Iteration 2 / LogL: -21871.938 / Time: 0h:0m:57s
Iteration 3 / LogL: -21870.019 / Time: 0h:0m:58s
Iteration 4 / LogL: -21873.580 / Time: 0h:1m:0s
Iteration 5 / LogL: -21869.225 / Time: 0h:1m:1s
Iteration 6 / LogL: -21881.089 / Time: 0h:1m:2s
Iteration 7 / LogL: -21874.354 / Time: 0h:1m:4s
Iteration 8 / LogL: -21879.175 / Time: 0h:1m:5s
Iteration 9 / LogL: -21880.632 / Time: 0h:1m:7s
Iteration 10 / LogL: -21875.474 / Time: 0h:1m:8s
Iteration 11 / LogL: -21881.929 / Time: 0h:1m:9s
Iteration 12 / LogL: -21884.726 / Time: 0h:1m:10s
Iteration 13 / LogL: -21880.275 / Time: 0h:1m:12s
Iteration 14 / LogL: -21884.338 / Time: 0h:1m:13s
Iteration 15 / LogL: -21881.043 / Time: 0h:1m:15s
Iteration 16 / LogL: -21882.692 / Time: 0h:1m:17s
Iteration 17 / LogL: -21886.402 / Time: 0h:1m:18s
Iteration 18 / LogL: -21887.682 / Time: 0h:1m:19s
Iteration 19 / LogL: -21886.318 / Time: 0h:1m:21s
Iteration 20 / LogL: -21890.120 / Time: 0h:1m:22s
Average CPU time for 1 NNI search: 2.801
Finish initializing candidate tree set. Number of distinct locally optimal trees: 20
Current best tree score: -21867.354 / CPU time: 135.664
--------------------------------------------------------------------
|               OPTIMIZING CANDIDATE TREE SET                      |
--------------------------------------------------------------------
Iteration 30 / LogL: -21970.371 / Time: 0h:1m:47s (0h:4m:20s left)
Iteration 40 / LogL: -21970.114 / Time: 0h:2m:12s (0h:3m:26s left)
Iteration 50 / LogL: -22026.584 / Time: 0h:2m:37s (0h:2m:43s left)
Iteration 60 / LogL: -22004.479 / Time: 0h:3m:3s (0h:2m:7s left)
Iteration 70 / LogL: -21987.900 / Time: 0h:3m:30s (0h:1m:34s left)
Iteration 80 / LogL: -22160.899 / Time: 0h:3m:55s (0h:1m:2s left)
Iteration 90 / LogL: -21954.161 / Time: 0h:4m:21s (0h:0m:32s left)
Estimate model parameters (epsilon = 0.010)
Initial log-likelihood: -21860.265
Current log-likelihood at step 1: -21860.258
Parameters optimization took 0 rounds (0.423 sec)

BETTER TREE FOUND at iteration 99: -21860.258
Iteration 100 / LogL: -21974.326 / Time: 0h:4m:47s (0h:4m:46s left)
Iteration 110 / LogL: -21931.822 / Time: 0h:5m:12s (0h:4m:14s left)
Iteration 120 / LogL: -21922.213 / Time: 0h:5m:38s (0h:3m:44s left)
Iteration 130 / LogL: -22001.367 / Time: 0h:6m:3s (0h:3m:13s left)
Iteration 140 / LogL: -21937.828 / Time: 0h:6m:28s (0h:2m:44s left)
Iteration 150 / LogL: -21898.879 / Time: 0h:6m:54s (0h:2m:16s left)
Iteration 160 / LogL: -22021.687 / Time: 0h:7m:19s (0h:1m:47s left)
Iteration 170 / LogL: -21895.940 / Time: 0h:7m:43s (0h:1m:19s left)
Iteration 180 / LogL: -21913.853 / Time: 0h:8m:9s (0h:0m:51s left)
Iteration 190 / LogL: -21917.794 / Time: 0h:8m:35s (0h:0m:24s left)
TREE SEARCH COMPLETED AFTER 199 ITERATIONS / Time: 0h:8m:56s

--------------------------------------------------------------------
|                    FINALIZING TREE SEARCH                        |
--------------------------------------------------------------------
Performs final model parameters optimization
Estimate model parameters (epsilon = 0.010)
Initial log-likelihood: -21860.239
Current log-likelihood at step 1: -21860.233
Partition-specific rates:  1.056 0.747
Parameters optimization took 0 rounds (0.463 sec)

BEST SCORE FOUND : -21860.233
Total tree length: 0.824

Total number of iterations: 199
CPU time used for tree search: 1029.274 sec (0h:17m:9s)
Wall-clock time used for tree search: 531.264 sec (0h:8m:51s)
Total CPU time used: 1040.474 sec (0h:17m:20s)
Total wall-clock time used: 537.384 sec (0h:8m:57s)

Analysis results written to: 
  IQ-TREE report:                USACanada.iqtree
  Maximum-likelihood tree:       USACanada.treefile
  Likelihood distances:          USACanada.mldist
  Screen log file:               USACanada.log

Date and Time: Thu Mar 31 10:27:16 2016
